Running main_process.py for CVE: CVE-2016-1000031
Versions: 1.2

[1m[Main] === Starting adaptation process for CVE-2016-1000031 ===[0m
[96m[Processor] Fetching all available Maven versions...[0m
[96m[Analyzer] Loading cached versions from: /PoCAdaptation/library/commons-fileupload_commons-fileupload.txt[0m
[96m[Analyzer] commons-fileupload:commons-fileupload has 12 versions (cached).[0m
[96m[Processor] Identifying versions with successful reproduction...[0m
[96m[Processor] Pending versions: ['1.2', '1.2.1', '1.2.2'][0m
[96m[Preparer] Pending directory already exists: /PoCAdaptation/exploit/pending/CVE-2016-1000031[0m
[92m[Main] Total affected versions: 8[0m
[92m[Main] Already reproduced versions: 7[0m
[93m[Main] Versions pending adaptation: 1[0m
[96m[Main]     -> ['1.2'][0m
[96m[Main]     -> ['1.1', '1.1.1', '1.2.1', '1.2.2', '1.3', '1.3.1', '1.3.2'][0m
[96m[Executor] Running initial exploit mvn test in /PoCAdaptation/exploit/origin/CVE-2016-1000031/exploit[0m
[91m[Executor] Initial exploit execution finished with return code 1[0m
[96m[Verifier] Verifying reproduction...[0m
[92m[Verifier] âœ“ Behavior matched: 'java.lang.AssertionError'[0m
[92m[Verifier] âœ“ Detail matched: 'org.junit.Assert.fail'[0m
[92m[Verifier] âœ“ All reproduction indicators matched.[0m
[92m[Verifier] Initial exploit behavior verified successfully.[0m
[96m[Selector] Nearest need adapatation version selected: 1.2[0m
[96m[Selector] Closest reproduced version: 1.1.1 at index 1[0m
[96m[Adapter] Trying next closest version: 1.2[0m
[93m[Preparer] No usable exploit dirs found under /PoCAdaptation/exploit/valid/CVE-2016-1000031[0m
[92m[Preparer] Copied exploit to: /PoCAdaptation/exploit/pending/CVE-2016-1000031/1.2/exploit[0m
[96m[Preparer] Updating dependency version to 1.2 in /PoCAdaptation/exploit/pending/CVE-2016-1000031/1.2/exploit/pom.xml[0m
[92m[Preparer] Updated dependency version to 1.2 in /PoCAdaptation/exploit/pending/CVE-2016-1000031/1.2/exploit/pom.xml[0m
[96m[Executor] Attempting direct exploit execution on 1.2...[0m
[96m[Executor] Executing exploit for CVE-2016-1000031 on version 1.2...[0m
[96m[Verifier] Verifying reproduction...[0m
[91m[Verifier] âœ— Behavior not found: 'java.lang.AssertionError'[0m
[91m[Executor] Reproduction result: Failure[0m
[96m[Adapter] Attempting adaptation from base version 1.1.1 to 1.2...[0m
[96m[Adapter] Start adapting exploit from 1.1.1 to 1.2"[0m
[91m[DiffManager] Diff file not found: /PoCAdaptation/library/diff/CVE-2016-1000031/1.2-1.1.1.diff[0m
[96m[Executor] Executing exploit for CVE-2016-1000031 on version 1.2...[0m
[96m[Verifier] Verifying reproduction...[0m
[91m[Verifier] âœ— Behavior not found: 'java.lang.AssertionError'[0m
[91m[Executor] Reproduction result: Failure[0m
[96m[ErrorManager] Ignoring line: [ERROR] Failed to execute goal org.apache.maven.plugins:maven-surefire-plugin:2.12.4:test (default-test) on project CVE-2016-1000031: There are test failures.[0m
[96m[ErrorManager] Ignoring line: [ERROR][0m
[96m[ErrorManager] Ignoring line: [ERROR] Please refer to /PoCAdaptation/exploit/result/CVE-2016-1000031/1.2/exploit/target/surefire-reports for the individual test results.[0m
[96m[ErrorManager] Ignoring line: [ERROR] -> [Help 1][0m
[96m[ErrorManager] Ignoring line: [ERROR][0m
[96m[ErrorManager] Ignoring line: [ERROR] To see the full stack trace of the errors, re-run Maven with the -e switch.[0m
[96m[ErrorManager] Ignoring line: [ERROR] Re-run Maven using the -X switch to enable full debug logging.[0m
[96m[ErrorManager] Ignoring line: [ERROR][0m
[96m[ErrorManager] Ignoring line: [ERROR] For more information about the errors and possible solutions, please read the following articles:[0m
[96m[ErrorManager] Ignoring line: [ERROR] [Help 1] http://cwiki.apache.org/confluence/display/MAVEN/MojoFailureException[0m
[96m[ErrorManager] Using fallback error line: [ERROR] Failed to execute goal org.apache.maven.plugins:maven-surefire-plugin:2.12.4:test (default-test) on project CVE-2016-1000031: There are test failures.[0m
[91m[ErrorManager] Failed to read file UNKNOWN: [Errno 2] No such file or directory: 'UNKNOWN'[0m
[96m[Adapter] Locating fix position in error log.[0m
[LLMClient] Tokens used: 1923 (prompt), 63 (completion), 1986 (total)
[LLMClient] Prompt: 
You are given a Java error log when executing 'mvn test' in a project with dependency version 1.2:commons-fileupload:commons-fileupload.
This test file compiles and runs successfully with version 1.1.1.

Your task is to:
1. Analyze why this issue occurs with the *1.1.1* but not with the *1.2 version*.
2. Consider how to resolve the issue **without updating this library**.
3. Determine and output the location in the project that should be modified to fix the problem.

Please return 'pom' if the fix is in the pom.xml file, or 'test' if the fix is in the test code.
Do not return any other text, just 'pom' or 'test'.

The error log is:
[INFO] Scanning for projects...
[INFO] 
[INFO] -------------------< edu.vision.se:CVE-2016-1000031 >-------------------
[INFO] Building commons-fileupload CVE-2016-1000031 1.0-SNAPSHOT
[INFO]   from pom.xml
[INFO] --------------------------------[ jar ]---------------------------------
[INFO] 
[INFO] --- maven-clean-plugin:2.5:clean (default-clean) @ CVE-2016-1000031 ---
[INFO] Deleting /PoCAdaptation/exploit/result/CVE-2016-1000031/1.2/exploit/target
[INFO] 
[INFO] --- maven-resources-plugin:2.6:resources (default-resources) @ CVE-2016-1000031 ---
[WARNING] Using platform encoding (UTF-8 actually) to copy filtered resources, i.e. build is platform dependent!
[INFO] skip non existing resourceDirectory /PoCAdaptation/exploit/result/CVE-2016-1000031/1.2/exploit/src/main/resources
[INFO] 
[INFO] --- maven-compiler-plugin:3.1:compile (default-compile) @ CVE-2016-1000031 ---
[INFO] No sources to compile
[INFO] 
[INFO] --- maven-resources-plugin:2.6:testResources (default-testResources) @ CVE-2016-1000031 ---
[WARNING] Using platform encoding (UTF-8 actually) to copy filtered resources, i.e. build is platform dependent!
[INFO] skip non existing resourceDirectory /PoCAdaptation/exploit/result/CVE-2016-1000031/1.2/exploit/src/test/resources
[INFO] 
[INFO] --- maven-compiler-plugin:3.1:testCompile (default-testCompile) @ CVE-2016-1000031 ---
[INFO] Changes detected - recompiling the module!
[WARNING] File encoding has not been set, using platform encoding UTF-8, i.e. build is platform dependent!
[INFO] Compiling 1 source file to /PoCAdaptation/exploit/result/CVE-2016-1000031/1.2/exploit/target/test-classes
[INFO] 
[INFO] --- maven-surefire-plugin:2.12.4:test (default-test) @ CVE-2016-1000031 ---
[INFO] Surefire report directory: /PoCAdaptation/exploit/result/CVE-2016-1000031/1.2/exploit/target/surefire-reports

-------------------------------------------------------
 T E S T S
-------------------------------------------------------
Running edu.vision.se.Testcase1
Tests run: 1, Failures: 0, Errors: 1, Skipped: 0, Time elapsed: 0.075 sec <<< FAILURE!
testInvalidRepositoryWithNullChar(edu.vision.se.Testcase1)  Time elapsed: 0.065 sec  <<< ERROR!
java.lang.NoClassDefFoundError: org/apache/commons/io/output/DeferredFileOutputStream
	at org.apache.commons.fileupload.disk.DiskFileItemFactory.createItem(DiskFileItemFactory.java:191)
	at edu.vision.se.Testcase1.createFileItem(Testcase1.java:31)
	at edu.vision.se.Testcase1.testInvalidRepositoryWithNullChar(Testcase1.java:74)
	at java.base/jdk.internal.reflect.NativeMethodAccessorImpl.invoke0(Native Method)
	at java.base/jdk.internal.reflect.NativeMethodAccessorImpl.invoke(NativeMethodAccessorImpl.java:62)
	at java.base/jdk.internal.reflect.DelegatingMethodAccessorImpl.invoke(DelegatingMethodAccessorImpl.java:43)
	at java.base/java.lang.reflect.Method.invoke(Method.java:566)
	at org.junit.runners.model.FrameworkMethod$1.runReflectiveCall(FrameworkMethod.java:59)
	at org.junit.internal.runners.model.ReflectiveCallable.run(ReflectiveCallable.java:12)
	at org.junit.runners.model.FrameworkMethod.invokeExplosively(FrameworkMethod.java:56)
	at org.junit.internal.runners.statements.InvokeMethod.evaluate(InvokeMethod.java:17)
	at org.junit.internal.runners.statements.FailOnTimeout$CallableStatement.call(FailOnTimeout.java:299)
	at org.junit.internal.runners.statements.FailOnTimeout$CallableStatement.call(FailOnTimeout.java:293)
	at java.base/java.util.concurrent.FutureTask.run(FutureTask.java:264)
	at java.base/java.lang.Thread.run(Thread.java:834)
Caused by: java.lang.ClassNotFoundException: org.apache.commons.io.output.DeferredFileOutputStream
	at java.base/jdk.internal.loader.BuiltinClassLoader.loadClass(BuiltinClassLoader.java:582)
	at java.base/jdk.internal.loader.ClassLoaders$AppClassLoader.loadClass(ClassLoaders.java:178)
	at java.base/java.lang.ClassLoader.loadClass(ClassLoader.java:521)
	... 15 more


Results :

Tests in error: 
  testInvalidRepositoryWithNullChar(edu.vision.se.Testcase1): org/apache/commons/io/output/DeferredFileOutputStream

Tests run: 1, Failures: 0, Errors: 1, Skipped: 0

[INFO] ------------------------------------------------------------------------
[INFO] BUILD FAILURE
[INFO] ------------------------------------------------------------------------
[INFO] Total time:  1.417 s
[INFO] Finished at: 2025-07-13T14:36:30Z
[INFO] ------------------------------------------------------------------------
[ERROR] Failed to execute goal org.apache.maven.plugins:maven-surefire-plugin:2.12.4:test (default-test) on project CVE-2016-1000031: There are test failures.
[ERROR] 
[ERROR] Please refer to /PoCAdaptation/exploit/result/CVE-2016-1000031/1.2/exploit/target/surefire-reports for the individual test results.
[ERROR] -> [Help 1]
[ERROR] 
[ERROR] To see the full stack trace of the errors, re-run Maven with the -e switch.
[ERROR] Re-run Maven using the -X switch to enable full debug logging.
[ERROR] 
[ERROR] For more information about the errors and possible solutions, please read the following articles:
[ERROR] [Help 1] http://cwiki.apache.org/confluence/display/MAVEN/MojoFailureException


current_pom file is:<?xml version='1.0' encoding='utf-8'?>
<project xmlns="http://maven.apache.org/POM/4.0.0" xmlns:xsi="http://www.w3.org/2001/XMLSchema-instance" xsi:schemaLocation="http://maven.apache.org/POM/4.0.0 https://maven.apache.org/xsd/maven-4.0.0.xsd">
  <groupId>edu.vision.se</groupId><version>1.0-SNAPSHOT</version><modelVersion>4.0.0</modelVersion>
  <artifactId>CVE-2016-1000031</artifactId>
  <name>commons-fileupload CVE-2016-1000031</name>
  <properties>
        <maven.compiler.source>11</maven.compiler.source>
        <maven.compiler.target>11</maven.compiler.target>
    </properties>
    
  <dependencies>
    <dependency>
      <groupId>commons-fileupload</groupId>
      <artifactId>commons-fileupload</artifactId>
      <version>1.2</version>
    </dependency>
  <dependency><groupId>junit</groupId><artifactId>junit</artifactId><version>4.13.2</version></dependency>
  
  </dependencies>
</project>
[LLMClient] Response: 
pom

The error occurs because version 1.2 of commons-fileupload has a dependency on commons-io (which contains DeferredFileOutputStream) that isn't being pulled in automatically. The fix is to add the commons-io dependency to the pom.xml file, without changing the commons-fileupload version.
[96m[Adapter] LLM response for fix position: pom

The error occurs because version 1.2 of commons-fileupload has a dependency on commons-io (which contains DeferredFileOutputStream) that isn't being pulled in automatically. The fix is to add the commons-io dependency to the pom.xml file, without changing the commons-fileupload version.[0m
[96m[Adapter] Fix position is in pom.xml.[0m
[LLMClient] Tokens used: 1586 (prompt), 18 (completion), 1604 (total)
[LLMClient] Prompt: 
You are given an error log when executing 'mvn test' in a project relying on a library with version 1.2: 

Error: [INFO] Scanning for projects...
[INFO] 
[INFO] -------------------< edu.vision.se:CVE-2016-1000031 >-------------------
[INFO] Building commons-fileupload CVE-2016-1000031 1.0-SNAPSHOT
[INFO]   from pom.xml
[INFO] --------------------------------[ jar ]---------------------------------
[INFO] 
[INFO] --- maven-clean-plugin:2.5:clean (default-clean) @ CVE-2016-1000031 ---
[INFO] Deleting /PoCAdaptation/exploit/result/CVE-2016-1000031/1.2/exploit/target
[INFO] 
[INFO] --- maven-resources-plugin:2.6:resources (default-resources) @ CVE-2016-1000031 ---
[WARNING] Using platform encoding (UTF-8 actually) to copy filtered resources, i.e. build is platform dependent!
[INFO] skip non existing resourceDirectory /PoCAdaptation/exploit/result/CVE-2016-1000031/1.2/exploit/src/main/resources
[INFO] 
[INFO] --- maven-compiler-plugin:3.1:compile (default-compile) @ CVE-2016-1000031 ---
[INFO] No sources to compile
[INFO] 
[INFO] --- maven-resources-plugin:2.6:testResources (default-testResources) @ CVE-2016-1000031 ---
[WARNING] Using platform encoding (UTF-8 actually) to copy filtered resources, i.e. build is platform dependent!
[INFO] skip non existing resourceDirectory /PoCAdaptation/exploit/result/CVE-2016-1000031/1.2/exploit/src/test/resources
[INFO] 
[INFO] --- maven-compiler-plugin:3.1:testCompile (default-testCompile) @ CVE-2016-1000031 ---
[INFO] Changes detected - recompiling the module!
[WARNING] File encoding has not been set, using platform encoding UTF-8, i.e. build is platform dependent!
[INFO] Compiling 1 source file to /PoCAdaptation/exploit/result/CVE-2016-1000031/1.2/exploit/target/test-classes
[INFO] 
[INFO] --- maven-surefire-plugin:2.12.4:test (default-test) @ CVE-2016-1000031 ---
[INFO] Surefire report directory: /PoCAdaptation/exploit/result/CVE-2016-1000031/1.2/exploit/target/surefire-reports

-------------------------------------------------------
 T E S T S
-------------------------------------------------------
Running edu.vision.se.Testcase1
Tests run: 1, Failures: 0, Errors: 1, Skipped: 0, Time elapsed: 0.075 sec <<< FAILURE!
testInvalidRepositoryWithNullChar(edu.vision.se.Testcase1)  Time elapsed: 0.065 sec  <<< ERROR!
java.lang.NoClassDefFoundError: org/apache/commons/io/output/DeferredFileOutputStream
	at org.apache.commons.fileupload.disk.DiskFileItemFactory.createItem(DiskFileItemFactory.java:191)
	at edu.vision.se.Testcase1.createFileItem(Testcase1.java:31)
	at edu.vision.se.Testcase1.testInvalidRepositoryWithNullChar(Testcase1.java:74)
	at java.base/jdk.internal.reflect.NativeMethodAccessorImpl.invoke0(Native Method)
	at java.base/jdk.internal.reflect.NativeMethodAccessorImpl.invoke(NativeMethodAccessorImpl.java:62)
	at java.base/jdk.internal.reflect.DelegatingMethodAccessorImpl.invoke(DelegatingMethodAccessorImpl.java:43)
	at java.base/java.lang.reflect.Method.invoke(Method.java:566)
	at org.junit.runners.model.FrameworkMethod$1.runReflectiveCall(FrameworkMethod.java:59)
	at org.junit.internal.runners.model.ReflectiveCallable.run(ReflectiveCallable.java:12)
	at org.junit.runners.model.FrameworkMethod.invokeExplosively(FrameworkMethod.java:56)
	at org.junit.internal.runners.statements.InvokeMethod.evaluate(InvokeMethod.java:17)
	at org.junit.internal.runners.statements.FailOnTimeout$CallableStatement.call(FailOnTimeout.java:299)
	at org.junit.internal.runners.statements.FailOnTimeout$CallableStatement.call(FailOnTimeout.java:293)
	at java.base/java.util.concurrent.FutureTask.run(FutureTask.java:264)
	at java.base/java.lang.Thread.run(Thread.java:834)
Caused by: java.lang.ClassNotFoundException: org.apache.commons.io.output.DeferredFileOutputStream
	at java.base/jdk.internal.loader.BuiltinClassLoader.loadClass(BuiltinClassLoader.java:582)
	at java.base/jdk.internal.loader.ClassLoaders$AppClassLoader.loadClass(ClassLoaders.java:178)
	at java.base/java.lang.ClassLoader.loadClass(ClassLoader.java:521)
	... 15 more


Results :

Tests in error: 
  testInvalidRepositoryWithNullChar(edu.vision.se.Testcase1): org/apache/commons/io/output/DeferredFileOutputStream

Tests run: 1, Failures: 0, Errors: 1, Skipped: 0

[INFO] ------------------------------------------------------------------------
[INFO] BUILD FAILURE
[INFO] ------------------------------------------------------------------------
[INFO] Total time:  1.417 s
[INFO] Finished at: 2025-07-13T14:36:30Z
[INFO] ------------------------------------------------------------------------
[ERROR] Failed to execute goal org.apache.maven.plugins:maven-surefire-plugin:2.12.4:test (default-test) on project CVE-2016-1000031: There are test failures.
[ERROR] 
[ERROR] Please refer to /PoCAdaptation/exploit/result/CVE-2016-1000031/1.2/exploit/target/surefire-reports for the individual test results.
[ERROR] -> [Help 1]
[ERROR] 
[ERROR] To see the full stack trace of the errors, re-run Maven with the -e switch.
[ERROR] Re-run Maven using the -X switch to enable full debug logging.
[ERROR] 
[ERROR] For more information about the errors and possible solutions, please read the following articles:
[ERROR] [Help 1] http://cwiki.apache.org/confluence/display/MAVEN/MojoFailureException

 

The test executes as expected in 1.1.1 but not in 1.2. 

Extract two key entities from the error log for searching related diffs. Your classname and method name should ignore package and parameter

The extracted entities should reflect code-level identifiers that are likely to appear in diffs. We prefer a simple entity

Output each node as a `;`-separated list, with no explanations. 


[LLMClient] Response: 
DiskFileItemFactory;createItem
Testcase1;testInvalidRepositoryWithNullChar
[96m[ErrorManager] Extracted key entities: ['DiskFileItemFactory', 'createItem\nTestcase1', 'testInvalidRepositoryWithNullChar'][0m
[96m[RepairModule] Start repair[0m
[96m[RepairModule] Iteration 1, temperature 1.000: Trying diff #None with score 0.00[0m
[LLMClient] Tokens used: 1881 (prompt), 169 (completion), 2050 (total)
[LLMClient] Prompt: 
You are given an error when executing test in in 1.2:commons-fileupload:commons-fileupload
This test file compiles and runs successfully in 1.1.1.

Related diff is None

You are NOT allowed to change the version of the dependency commons-fileupload:commons-fileupload.
Your task is to solve the problem by changing the pom file of the project
Current pom file is <?xml version='1.0' encoding='utf-8'?>
<project xmlns="http://maven.apache.org/POM/4.0.0" xmlns:xsi="http://www.w3.org/2001/XMLSchema-instance" xsi:schemaLocation="http://maven.apache.org/POM/4.0.0 https://maven.apache.org/xsd/maven-4.0.0.xsd">
  <groupId>edu.vision.se</groupId><version>1.0-SNAPSHOT</version><modelVersion>4.0.0</modelVersion>
  <artifactId>CVE-2016-1000031</artifactId>
  <name>commons-fileupload CVE-2016-1000031</name>
  <properties>
        <maven.compiler.source>11</maven.compiler.source>
        <maven.compiler.target>11</maven.compiler.target>
    </properties>
    
  <dependencies>
    <dependency>
      <groupId>commons-fileupload</groupId>
      <artifactId>commons-fileupload</artifactId>
      <version>1.2</version>
    </dependency>
  <dependency><groupId>junit</groupId><artifactId>junit</artifactId><version>4.13.2</version></dependency>
  
  </dependencies>
</project>
Your task is 1. Analyze the cause of the errors 2. Decide fix position of the pom file according to the cause 3. Output only the updated partion of pom.xml entries without explanation

### Compilation Errors:
[INFO] Scanning for projects...
[INFO] 
[INFO] -------------------< edu.vision.se:CVE-2016-1000031 >-------------------
[INFO] Building commons-fileupload CVE-2016-1000031 1.0-SNAPSHOT
[INFO]   from pom.xml
[INFO] --------------------------------[ jar ]---------------------------------
[INFO] 
[INFO] --- maven-clean-plugin:2.5:clean (default-clean) @ CVE-2016-1000031 ---
[INFO] Deleting /PoCAdaptation/exploit/result/CVE-2016-1000031/1.2/exploit/target
[INFO] 
[INFO] --- maven-resources-plugin:2.6:resources (default-resources) @ CVE-2016-1000031 ---
[WARNING] Using platform encoding (UTF-8 actually) to copy filtered resources, i.e. build is platform dependent!
[INFO] skip non existing resourceDirectory /PoCAdaptation/exploit/result/CVE-2016-1000031/1.2/exploit/src/main/resources
[INFO] 
[INFO] --- maven-compiler-plugin:3.1:compile (default-compile) @ CVE-2016-1000031 ---
[INFO] No sources to compile
[INFO] 
[INFO] --- maven-resources-plugin:2.6:testResources (default-testResources) @ CVE-2016-1000031 ---
[WARNING] Using platform encoding (UTF-8 actually) to copy filtered resources, i.e. build is platform dependent!
[INFO] skip non existing resourceDirectory /PoCAdaptation/exploit/result/CVE-2016-1000031/1.2/exploit/src/test/resources
[INFO] 
[INFO] --- maven-compiler-plugin:3.1:testCompile (default-testCompile) @ CVE-2016-1000031 ---
[INFO] Changes detected - recompiling the module!
[WARNING] File encoding has not been set, using platform encoding UTF-8, i.e. build is platform dependent!
[INFO] Compiling 1 source file to /PoCAdaptation/exploit/result/CVE-2016-1000031/1.2/exploit/target/test-classes
[INFO] 
[INFO] --- maven-surefire-plugin:2.12.4:test (default-test) @ CVE-2016-1000031 ---
[INFO] Surefire report directory: /PoCAdaptation/exploit/result/CVE-2016-1000031/1.2/exploit/target/surefire-reports

-------------------------------------------------------
 T E S T S
-------------------------------------------------------
Running edu.vision.se.Testcase1
Tests run: 1, Failures: 0, Errors: 1, Skipped: 0, Time elapsed: 0.075 sec <<< FAILURE!
testInvalidRepositoryWithNullChar(edu.vision.se.Testcase1)  Time elapsed: 0.065 sec  <<< ERROR!
java.lang.NoClassDefFoundError: org/apache/commons/io/output/DeferredFileOutputStream
	at org.apache.commons.fileupload.disk.DiskFileItemFactory.createItem(DiskFileItemFactory.java:191)
	at edu.vision.se.Testcase1.createFileItem(Testcase1.java:31)
	at edu.vision.se.Testcase1.testInvalidRepositoryWithNullChar(Testcase1.java:74)
	at java.base/jdk.internal.reflect.NativeMethodAccessorImpl.invoke0(Native Method)
	at java.base/jdk.internal.reflect.NativeMethodAccessorImpl.invoke(NativeMethodAccessorImpl.java:62)
	at java.base/jdk.internal.reflect.DelegatingMethodAccessorImpl.invoke(DelegatingMethodAccessorImpl.java:43)
	at java.base/java.lang.reflect.Method.invoke(Method.java:566)
	at org.junit.runners.model.FrameworkMethod$1.runReflectiveCall(FrameworkMethod.java:59)
	at org.junit.internal.runners.model.ReflectiveCallable.run(ReflectiveCallable.java:12)
	at org.junit.runners.model.FrameworkMethod.invokeExplosively(FrameworkMethod.java:56)
	at org.junit.internal.runners.statements.InvokeMethod.evaluate(InvokeMethod.java:17)
	at org.junit.internal.runners.statements.FailOnTimeout$CallableStatement.call(FailOnTimeout.java:299)
	at org.junit.internal.runners.statements.FailOnTimeout$CallableStatement.call(FailOnTimeout.java:293)
	at java.base/java.util.concurrent.FutureTask.run(FutureTask.java:264)
	at java.base/java.lang.Thread.run(Thread.java:834)
Caused by: java.lang.ClassNotFoundException: org.apache.commons.io.output.DeferredFileOutputStream
	at java.base/jdk.internal.loader.BuiltinClassLoader.loadClass(BuiltinClassLoader.java:582)
	at java.base/jdk.internal.loader.ClassLoaders$AppClassLoader.loadClass(ClassLoaders.java:178)
	at java.base/java.lang.ClassLoader.loadClass(ClassLoader.java:521)
	... 15 more


Results :

Tests in error: 
  testInvalidRepositoryWithNullChar(edu.vision.se.Testcase1): org/apache/commons/io/output/DeferredFileOutputStream

Tests run: 1, Failures: 0, Errors: 1, Skipped: 0

[INFO] ------------------------------------------------------------------------
[INFO] BUILD FAILURE
[INFO] ------------------------------------------------------------------------
[INFO] Total time:  1.417 s
[INFO] Finished at: 2025-07-13T14:36:30Z
[INFO] ------------------------------------------------------------------------
[ERROR] Failed to execute goal org.apache.maven.plugins:maven-surefire-plugin:2.12.4:test (default-test) on project CVE-2016-1000031: There are test failures.
[ERROR] 
[ERROR] Please refer to /PoCAdaptation/exploit/result/CVE-2016-1000031/1.2/exploit/target/surefire-reports for the individual test results.
[ERROR] -> [Help 1]
[ERROR] 
[ERROR] To see the full stack trace of the errors, re-run Maven with the -e switch.
[ERROR] Re-run Maven using the -X switch to enable full debug logging.
[ERROR] 
[ERROR] For more information about the errors and possible solutions, please read the following articles:
[ERROR] [Help 1] http://cwiki.apache.org/confluence/display/MAVEN/MojoFailureException


[LLMClient] Response: 
The error shows that `commons-fileupload:1.2` requires `commons-io` classes but doesn't include it as a transitive dependency. Here's the updated pom.xml portion to add the required dependency:

```xml
<dependencies>
  <dependency>
    <groupId>commons-fileupload</groupId>
    <artifactId>commons-fileupload</artifactId>
    <version>1.2</version>
  </dependency>
  <dependency>
    <groupId>commons-io</groupId>
    <artifactId>commons-io</artifactId>
    <version>2.4</version>
  </dependency>
  <dependency>
    <groupId>junit</groupId>
    <artifactId>junit</artifactId>
    <version>4.13.2</version>
  </dependency>
</dependencies>
```
[Adapter] ~ Updating version of commons-fileupload:commons-fileupload to 1.2
[Adapter] + Adding new dependency commons-io:commons-io:2.4
[Adapter] ~ Updating version of junit:junit to 4.13.2
[Adapter] âœ“ pom.xml successfully updated.
[96m[Executor] Executing exploit for CVE-2016-1000031 on version 1.2...[0m
[96m[Verifier] Verifying reproduction...[0m
[92m[Verifier] âœ“ Behavior matched: 'java.lang.AssertionError'[0m
[92m[Verifier] âœ“ Detail matched: 'org.junit.Assert.fail'[0m
[92m[Verifier] âœ“ All reproduction indicators matched.[0m
[92m[Executor] Reproduction result: Success[0m
[96m[Executor] Executing exploit for CVE-2016-1000031 on version 1.2...[0m
[96m[Verifier] Verifying reproduction...[0m
[92m[Verifier] âœ“ Behavior matched: 'java.lang.AssertionError'[0m
[92m[Verifier] âœ“ Detail matched: 'org.junit.Assert.fail'[0m
[92m[Verifier] âœ“ All reproduction indicators matched.[0m
[92m[Executor] Reproduction result: Success[0m
[Adapt] âœ“ Completed: True
[96m[Adapter] Adaptation complete. Retesting exploit on 1.2...[0m
[92m[Executor] Adaptation + reproduction successful on 1.2[0m
[96m[Adapter] Copied successful adaptation to /PoCAdaptation/exploit/valid/CVE-2016-1000031/1.2[0m

[Executor] â–¶ Summary of return codes:
  - Version 1.2: âœ“ Success (exit code 0)
