Running main_process.py for CVE: CVE-2022-34662
Versions: 1.3.9

[1m[Main] === Starting adaptation process for CVE-2022-34662 ===[0m
[96m[Processor] Fetching all available Maven versions...[0m
[96m[Analyzer] Loading cached versions from: /PoCAdaptation/library/org_apache_dolphinscheduler_dolphinscheduler-api.txt[0m
[96m[Analyzer] org.apache.dolphinscheduler:dolphinscheduler-api has 44 versions (cached).[0m
[96m[Processor] Identifying versions with successful reproduction...[0m
[96m[Processor] Pending versions: ['1.2.0', '1.2.1', '1.3.0', '1.3.1', '1.3.2', '1.3.3', '1.3.4', '1.3.5', '1.3.6', '1.3.7', '1.3.8', '1.3.9'][0m
[96m[Preparer] Pending directory already exists: /PoCAdaptation/exploit/pending/CVE-2022-34662[0m
[92m[Main] Total affected versions: 20[0m
[92m[Main] Already reproduced versions: 8[0m
[93m[Main] Versions pending adaptation: 12[0m
[96m[Main]     -> ['1.2.0', '1.2.1', '1.3.0', '1.3.1', '1.3.2', '1.3.3', '1.3.4', '1.3.5', '1.3.6', '1.3.7', '1.3.8', '1.3.9'][0m
[96m[Main]     -> ['2.0.0-alpha', '2.0.0', '2.0.1', '2.0.2', '2.0.3', '2.0.4', '2.0.5', '3.0.0-alpha'][0m
[96m[Executor] Running initial exploit mvn test in /PoCAdaptation/exploit/origin/CVE-2022-34662/exploit[0m
[91m[Executor] Initial exploit execution finished with return code 1[0m
[96m[Verifier] Verifying reproduction...[0m
[92m[Verifier] âœ“ Behavior matched: 'java.lang.AssertionError'[0m
[92m[Verifier] âœ“ Detail matched: 'org.junit.Assert.fail'[0m
[92m[Verifier] âœ“ All reproduction indicators matched.[0m
[92m[Verifier] Initial exploit behavior verified successfully.[0m
[96m[Selector] Nearest need adapatation version selected: 1.3.9[0m
[96m[Selector] Closest reproduced version: 2.0.0-alpha at index 12[0m
[96m[Adapter] Trying next closest version: 1.3.9[0m
[96m[Preparer] Using exploit from origin: /PoCAdaptation/exploit/origin/CVE-2022-34662/exploit[0m
[92m[Preparer] Copied exploit to: /PoCAdaptation/exploit/pending/CVE-2022-34662/1.3.9/exploit[0m
[96m[Preparer] Updating dependency version to 1.3.9 in /PoCAdaptation/exploit/pending/CVE-2022-34662/1.3.9/exploit/pom.xml[0m
[92m[Preparer] Updated dependency version to 1.3.9 in /PoCAdaptation/exploit/pending/CVE-2022-34662/1.3.9/exploit/pom.xml[0m
[96m[Executor] Attempting direct exploit execution on 1.3.9...[0m
[96m[Executor] Executing exploit for CVE-2022-34662 on version 1.3.9...[0m
[96m[Verifier] Verifying reproduction...[0m
[91m[Verifier] âœ— Behavior not found: 'java.lang.AssertionError'[0m
[91m[Executor] Reproduction result: Failure[0m
[96m[Adapter] Attempting adaptation from base version 2.0.0-alpha to 1.3.9...[0m
[96m[Adapter] Start adapting exploit from 2.0.0-alpha to 1.3.9"[0m
[96m[Executor] Executing exploit for CVE-2022-34662 on version 1.3.9...[0m
[96m[Verifier] Verifying reproduction...[0m
[91m[Verifier] âœ— Behavior not found: 'java.lang.AssertionError'[0m
[91m[Executor] Reproduction result: Failure[0m
[96m[ErrorManager] Ignoring line: [ERROR] Failed to execute goal org.apache.maven.plugins:maven-compiler-plugin:3.1:testCompile (default-testCompile) on project CVE-2022-34662: Compilation failure: Compilation failure:[0m
[92m[ErrorManager] Processing line: [ERROR] /PoCAdaptation/exploit/result/CVE-2022-34662/1.3.9/exploit/src/test/java/edu/vision/se/Testcase1.java:[8,52] package org.apache.dolphinscheduler.api.service.impl does not exist[0m
[92m[ErrorManager] Processing line: [ERROR] /PoCAdaptation/exploit/result/CVE-2022-34662/1.3.9/exploit/src/test/java/edu/vision/se/Testcase1.java:[10,45] package org.apache.dolphinscheduler.spi.enums does not exist[0m
[96m[ErrorManager] Ignoring line: [ERROR] -> [Help 1][0m
[96m[ErrorManager] Ignoring line: [ERROR][0m
[96m[ErrorManager] Ignoring line: [ERROR] To see the full stack trace of the errors, re-run Maven with the -e switch.[0m
[96m[ErrorManager] Ignoring line: [ERROR] Re-run Maven using the -X switch to enable full debug logging.[0m
[96m[ErrorManager] Ignoring line: [ERROR][0m
[96m[ErrorManager] Ignoring line: [ERROR] For more information about the errors and possible solutions, please read the following articles:[0m
[96m[ErrorManager] Ignoring line: [ERROR] [Help 1] http://cwiki.apache.org/confluence/display/MAVEN/MojoFailureException[0m
[96m[Adapter] Locating fix position in error log.[0m
[LLMClient] Tokens used: 1621 (prompt), 1 (completion), 1622 (total)
[LLMClient] Prompt: 
You are given a Java error log when executing 'mvn test' in a project with dependency version 1.3.9:org.apache.dolphinscheduler:dolphinscheduler-api.
This test file compiles and runs successfully with version 2.0.0-alpha.

Your task is to:
1. Analyze why this issue occurs with the *2.0.0-alpha* but not with the *1.3.9 version*.
2. Consider how to resolve the issue **without updating this library**.
3. Determine and output the location in the project that should be modified to fix the problem.

Please return 'pom' if the fix is in the pom.xml file, or 'test' if the fix is in the test code.
Do not return any other text, just 'pom' or 'test'.

The error log is:
[INFO] Scanning for projects...
[INFO] 
[INFO] --------------------< edu.vision.se:CVE-2022-34662 >--------------------
[INFO] Building CVE-2022-34662 1.0-SNAPSHOT
[INFO]   from pom.xml
[INFO] --------------------------------[ jar ]---------------------------------
Downloading from maven-default-http-blocker: http://0.0.0.0/joda-time/joda-time/maven-metadata.xml
[WARNING] Could not transfer metadata joda-time:joda-time/maven-metadata.xml from/to maven-default-http-blocker (http://0.0.0.0/): transfer failed for http://0.0.0.0/joda-time/joda-time/maven-metadata.xml
[INFO] 
[INFO] --- maven-clean-plugin:2.5:clean (default-clean) @ CVE-2022-34662 ---
[INFO] Deleting /PoCAdaptation/exploit/result/CVE-2022-34662/1.3.9/exploit/target
[INFO] 
[INFO] --- maven-resources-plugin:2.6:resources (default-resources) @ CVE-2022-34662 ---
[WARNING] Using platform encoding (UTF-8 actually) to copy filtered resources, i.e. build is platform dependent!
[INFO] skip non existing resourceDirectory /PoCAdaptation/exploit/result/CVE-2022-34662/1.3.9/exploit/src/main/resources
[INFO] 
[INFO] --- maven-compiler-plugin:3.1:compile (default-compile) @ CVE-2022-34662 ---
[INFO] No sources to compile
[INFO] 
[INFO] --- maven-resources-plugin:2.6:testResources (default-testResources) @ CVE-2022-34662 ---
[WARNING] Using platform encoding (UTF-8 actually) to copy filtered resources, i.e. build is platform dependent!
[INFO] skip non existing resourceDirectory /PoCAdaptation/exploit/result/CVE-2022-34662/1.3.9/exploit/src/test/resources
[INFO] 
[INFO] --- maven-compiler-plugin:3.1:testCompile (default-testCompile) @ CVE-2022-34662 ---
[INFO] Changes detected - recompiling the module!
[WARNING] File encoding has not been set, using platform encoding UTF-8, i.e. build is platform dependent!
[INFO] Compiling 1 source file to /PoCAdaptation/exploit/result/CVE-2022-34662/1.3.9/exploit/target/test-classes
[INFO] -------------------------------------------------------------
[ERROR] COMPILATION ERROR : 
[INFO] -------------------------------------------------------------
[ERROR] /PoCAdaptation/exploit/result/CVE-2022-34662/1.3.9/exploit/src/test/java/edu/vision/se/Testcase1.java:[8,52] package org.apache.dolphinscheduler.api.service.impl does not exist
[ERROR] /PoCAdaptation/exploit/result/CVE-2022-34662/1.3.9/exploit/src/test/java/edu/vision/se/Testcase1.java:[10,45] package org.apache.dolphinscheduler.spi.enums does not exist
[INFO] 2 errors 
[INFO] -------------------------------------------------------------
[INFO] ------------------------------------------------------------------------
[INFO] BUILD FAILURE
[INFO] ------------------------------------------------------------------------
[INFO] Total time:  2.237 s
[INFO] Finished at: 2025-07-13T16:34:53Z
[INFO] ------------------------------------------------------------------------
[ERROR] Failed to execute goal org.apache.maven.plugins:maven-compiler-plugin:3.1:testCompile (default-testCompile) on project CVE-2022-34662: Compilation failure: Compilation failure: 
[ERROR] /PoCAdaptation/exploit/result/CVE-2022-34662/1.3.9/exploit/src/test/java/edu/vision/se/Testcase1.java:[8,52] package org.apache.dolphinscheduler.api.service.impl does not exist
[ERROR] /PoCAdaptation/exploit/result/CVE-2022-34662/1.3.9/exploit/src/test/java/edu/vision/se/Testcase1.java:[10,45] package org.apache.dolphinscheduler.spi.enums does not exist
[ERROR] -> [Help 1]
[ERROR] 
[ERROR] To see the full stack trace of the errors, re-run Maven with the -e switch.
[ERROR] Re-run Maven using the -X switch to enable full debug logging.
[ERROR] 
[ERROR] For more information about the errors and possible solutions, please read the following articles:
[ERROR] [Help 1] http://cwiki.apache.org/confluence/display/MAVEN/MojoFailureException


current_pom file is:<?xml version='1.0' encoding='utf-8'?>
<project xmlns="http://maven.apache.org/POM/4.0.0" xmlns:xsi="http://www.w3.org/2001/XMLSchema-instance" xsi:schemaLocation="http://maven.apache.org/POM/4.0.0 http://maven.apache.org/xsd/maven-4.0.0.xsd">
    <modelVersion>4.0.0</modelVersion>
    <groupId>edu.vision.se</groupId>
    <artifactId>CVE-2022-34662</artifactId>
    <version>1.0-SNAPSHOT</version>

    <properties>
        <maven.compiler.source>11</maven.compiler.source>
        <maven.compiler.target>11</maven.compiler.target>
    </properties>

    <dependencies>
        
        <dependency>
            <groupId>org.apache.dolphinscheduler</groupId>
            <artifactId>dolphinscheduler-api</artifactId>
            <version>1.3.9</version>
        </dependency>
        <dependency>
            <groupId>org.projectlombok</groupId>
            <artifactId>lombok</artifactId>
            <version>1.18.28</version>
            <scope>provided</scope>
        </dependency>
        <dependency><groupId>junit</groupId><artifactId>junit</artifactId><version>4.13.2</version></dependency>
    
    </dependencies>

</project>
[LLMClient] Response: 
test
[96m[Adapter] LLM response for fix position: test[0m
[LLMClient] Tokens used: 143 (prompt), 12 (completion), 155 (total)
[LLMClient] Prompt: 
You are given an error log when executing 'mvn test' in version 1.3.9: 

Error: package org.apache.dolphinscheduler.api.service.impl does not exist, None, None 

The test executes as expected in 2.0.0-alpha 

Error code: import org.apache.dolphinscheduler.api.service.impl.ResourcesServiceImpl; 

Extract two key *entities* from the error for searching related diffs 

The extracted entities should reflect code-level identifiers that are likely to appear in source code or diffs. 

Output each node as a `;`-separated list, with no explanations. 


[LLMClient] Response: 
org.apache.dolphinscheduler.api.service.impl;ResourcesServiceImpl
[96m[ErrorManager] Extracted key entities: ['org.apache.dolphinscheduler.api.service.impl', 'ResourcesServiceImpl'][0m
[96m[Adapter] Try to solve error: {'file': '/PoCAdaptation/exploit/result/CVE-2022-34662/1.3.9/exploit/src/test/java/edu/vision/se/Testcase1.java', 'line': 8, 'column': 52, 'message': 'package org.apache.dolphinscheduler.api.service.impl does not exist', 'symbol': None, 'location': None, 'code_line': 'import org.apache.dolphinscheduler.api.service.impl.ResourcesServiceImpl;'} with cause: ['org.apache.dolphinscheduler.api.service.impl', 'ResourcesServiceImpl'][0m
[LLMClient] Tokens used: 172 (prompt), 12 (completion), 184 (total)
[LLMClient] Prompt: 
You are given an error log when executing 'mvn test' in version 1.3.9: 

Error: package org.apache.dolphinscheduler.api.service.impl does not exist, None, None 

The test executes as expected in 2.0.0-alpha 

Error code: import org.apache.dolphinscheduler.api.service.impl.ResourcesServiceImpl; 

Extract two key *entities* from the error for searching related diffs 

The extracted entities should reflect code-level identifiers that are likely to appear in source code or diffs. 

Current cause: ['org.apache.dolphinscheduler.api.service.impl', 'ResourcesServiceImpl'] 

 failed to catch, try simpler or other entities.

Output each node as a `;`-separated list, with no explanations. 


[LLMClient] Response: 
org.apache.dolphinscheduler.api.service.impl;ResourcesServiceImpl
[96m[ErrorManager] Extracted key entities: ['org.apache.dolphinscheduler.api.service.impl', 'ResourcesServiceImpl'][0m
[96m[Adapter] Related diffs for error: [(590, 10.0), (850, 10.0), (575, 5.0), (576, 5.0), (577, 5.0)][0m
[96m[Adapter] Fix position is in test code.[0m
[96m[RepairModule] Start repair for group: package org.apache.dolphinscheduler.api.service.impl does not exist | cause: ['org.apache.dolphinscheduler.api.service.impl', 'ResourcesServiceImpl'][0m
[96m[RepairModule] Trying best diff #590 with score 10.00[0m
[96m[RepairModule] Found 10 diff combinations for annealing.[0m
[96m[RepairModule] Iteration 1, temperature 1.000: Trying diff #(850, 577) with score 7.50[0m
[LLMClient] Tokens used: 1680 (prompt), 258 (completion), 1938 (total)
[LLMClient] Prompt: 
You are given a Java test file with compilation errors in version 1.3.9:org.apache.dolphinscheduler:dolphinscheduler-api.
This test file compiles and runs successfully in 2.0.0-alpha.

The diff is related to the diff.
Your task has three steps:
 1. Locate the code where the compilation error occurs.
 2. Analyze the diff from 2.0.0-alpha to 1.3.9.
 3. Fix the error in the error position only when diff is helpful. Add import statement when needed according to the diff. 

Only output the modified version of the test file according to the diff. No explanations. If mocking, access fields via reflection if they exist.
### Compilation Errors:
message: package org.apache.dolphinscheduler.api.service.impl does not exist, symble: None, location: None

### Error Position:
import org.apache.dolphinscheduler.api.service.impl.ResourcesServiceImpl;

### Related Diff:
Operation: MODIFIED, File: dolphinscheduler-api/src/test/java/org/apache/dolphinscheduler/api/service/ResourcesServiceTest.java, Hunk: @@ -14,15 +14,15 @@
  * See the License for the specific language governing permissions and
  * limitations under the License.
  */
-
 package org.apache.dolphinscheduler.api.service;

+import com.baomidou.mybatisplus.core.metadata.IPage;
+import com.baomidou.mybatisplus.extension.plugins.pagination.Page;
 import org.apache.dolphinscheduler.api.enums.Status;
-import org.apache.dolphinscheduler.api.service.impl.ResourcesServiceImpl;
 import org.apache.dolphinscheduler.api.utils.PageInfo;
 import org.apache.dolphinscheduler.api.utils.Result;
 import org.apache.dolphinscheduler.common.Constants;
+import org.apache.dolphinscheduler.common.enums.ResourceType;
-import org.apache.dolphinscheduler.spi.enums.ResourceType;
 import org.apache.dolphinscheduler.common.enums.UserType;
 import org.apache.dolphinscheduler.common.utils.CollectionUtils;
 import org.apache.dolphinscheduler.common.utils.FileUtils;
Operation: DELETED_FILE, File: dolphinscheduler-api/src/main/java/org/apache/dolphinscheduler/api/service/impl/AlertPluginInstanceServiceImpl.java, Hunk: @@ -0,0 +1,269 @@
-/*
- * Licensed to the Apache Software Foundation (ASF) under one or more
- * contributor license agreements.  See the NOTICE file distributed with
- * this work for additional information regarding copyright ownership.
- * The ASF licenses this file to You under the Apache License, Version 2.0
- * (the "License"); you may not use this file except in compliance with
- * the License.  You may obtain a copy of the License at
- *
- *    http://www.apache.org/licenses/LICENSE-2.0
- *
- * Unless required by applicable law or agreed to in writing, software
- * distributed under the License is distributed on an "AS IS" BASIS,
- * WITHOUT WARRANTIES OR CONDITIONS OF ANY KIND, either express or implied.
- * See the License for the specific language governing permissions and
- * limitations under the License.
- */
-
-package org.apache.dolphinscheduler.api.service.impl;
-
-import org.apache.dolphinscheduler.api.enums.Status;
-import org.apache.dolphinscheduler.api.service.AlertPluginInstanceService;
-import org.apache.dolphinscheduler.api.utils.PageInfo;
-import org.apache.dolphinscheduler.api.utils.Result;
-import org.apache.dolphinscheduler.api.vo.AlertPluginInstanceVO;
-import org.apache.dolphinscheduler.common.Constants;
-import org.apache.dolphinscheduler.common.utils.CollectionUtils;
-import org.apache.dolphinscheduler.common.utils.JSONUtils;
-import org.apache.dolphinscheduler.dao.entity.AlertPluginInstance;
-import org.apache.dolphinscheduler.dao.entity.PluginDefine;
-import org.apache.dolphinscheduler.dao.entity.User;
-import org.apache.dolphinscheduler.dao.mapper.AlertGroupMapper;
-import org.apache.dolphinscheduler.dao.mapper.AlertPluginInstanceMapper;
-import org.apache.dolphinscheduler.dao.mapper.PluginDefineMapper;
-import org.apache.dolphinscheduler.spi.params.PluginParamsTransfer;
-
-import java.util.ArrayList;
-import java.util.Arrays;
-import java.util.Date;
-import java.util.HashMap;
-import java.util.List;
-import java.util.Map;
-import java.util.Optional;
-import java.util.function.Function;
-import java.util.stream.Collectors;
-
-import org.springframework.beans.factory.annotation.Autowired;
-import org.springframework.context.annotation.Lazy;
-import org.springframework.stereotype.Service;
-
-import com.baomidou.mybatisplus.core.metadata.IPage;
-import com.baomidou.mybatisplus.extension.plugins.pagination.Page;
-
-/**
- * alert plugin instance service impl
- */
-@Service
-@Lazy
-public class AlertPluginInstanceServiceImpl extends BaseServiceImpl implements AlertPluginInstanceService {
-
-    @Autowired
-    private AlertPluginInstanceMapper alertPluginInstanceMapper;
-
-    @Autowired
-    private PluginDefineMapper pluginDefineMapper;
-
-    @Autowired
-    private AlertGroupMapper alertGroupMapper;
-
-    /**
-     * creat alert plugin instance
-     *
-     * @param loginUser login user
-     * @param pluginDefineId plugin define id
-     * @param instanceName instance name
-     * @param pluginInstanceParams plugin instance params
-     */
-    @Override
-    public Map<String, Object> create(User loginUser, int pluginDefineId, String instanceName, String pluginInstanceParams) {
-        AlertPluginInstance alertPluginInstance = new AlertPluginInstance();
-        String paramsMapJson = parsePluginParamsMap(pluginInstanceParams);
-        alertPluginInstance.setPluginInstanceParams(paramsMapJson);
-        alertPluginInstance.setInstanceName(instanceName);
-        alertPluginInstance.setPluginDefineId(pluginDefineId);
-
-        Map<String, Object> result = new HashMap<>();
-
-        if (alertPluginInstanceMapper.existInstanceName(alertPluginInstance.getInstanceName()) == Boolean.TRUE) {
-            putMsg(result, Status.PLUGIN_INSTANCE_ALREADY_EXIT);
-            return result;
-        }
-
-        int i = alertPluginInstanceMapper.insert(alertPluginInstance);
-
-        if (i > 0) {
-            putMsg(result, Status.SUCCESS);
-            return result;
-        }
-        putMsg(result, Status.SAVE_ERROR);
-        return result;
-    }

### Test File Content:
package edu.vision.se;

import static org.junit.Assert.assertTrue;

import java.lang.reflect.InvocationTargetException;
import java.lang.reflect.Method;

import org.apache.dolphinscheduler.api.service.impl.ResourcesServiceImpl;
import org.apache.dolphinscheduler.api.utils.Result;
import org.apache.dolphinscheduler.spi.enums.ResourceType;
import org.junit.Test;
import org.springframework.web.multipart.MultipartFile;

public class Testcase1 {
    @Test
    public void testDirectoryTraversal()
            throws IllegalAccessException, IllegalArgumentException, InvocationTargetException, NoSuchMethodException,
            SecurityException {
        ResourcesServiceImpl res = new ResourcesServiceImpl();
        Method method_verifyFile = res.getClass().getDeclaredMethod("verifyFile", String.class, ResourceType.class,
                MultipartFile.class);
        method_verifyFile.setAccessible(true);
        Object result = method_verifyFile.invoke(res, "../../abc.txt", null, null);
        validateReturnValue(result);
    }

    public void validateReturnValue(Object result) {
        assertTrue((result instanceof Result)
                && ((Result) result).getCode() == 1300009);
    }
}


[LLMClient] Response: 
Here's the modified version of the test file according to the diff:

```java
package edu.vision.se;

import static org.junit.Assert.assertTrue;

import java.lang.reflect.InvocationTargetException;
import java.lang.reflect.Method;

import org.apache.dolphinscheduler.api.service.ResourcesService;
import org.apache.dolphinscheduler.api.utils.Result;
import org.apache.dolphinscheduler.common.enums.ResourceType;
import org.junit.Test;
import org.springframework.web.multipart.MultipartFile;

public class Testcase1 {
    @Test
    public void testDirectoryTraversal()
            throws IllegalAccessException, IllegalArgumentException, InvocationTargetException, NoSuchMethodException,
            SecurityException {
        ResourcesService res = new ResourcesService();
        Method method_verifyFile = res.getClass().getDeclaredMethod("verifyFile", String.class, ResourceType.class,
                MultipartFile.class);
        method_verifyFile.setAccessible(true);
        Object result = method_verifyFile.invoke(res, "../../abc.txt", null, null);
        validateReturnValue(result);
    }

    public void validateReturnValue(Object result) {
        assertTrue((result instanceof Result)
                && ((Result) result).getCode() == 1300009);
    }
}
```
[96m[RepairModule] Wrote modified code to /PoCAdaptation/exploit/result/CVE-2022-34662/1.3.9/exploit/src/test/java/edu/vision/se/Testcase1.java[0m
[96m[Executor] Executing exploit for CVE-2022-34662 on version 1.3.9...[0m
[96m[Verifier] Verifying reproduction...[0m
[91m[Verifier] âœ— Behavior not found: 'java.lang.AssertionError'[0m
[91m[Executor] Reproduction result: Failure[0m
[96m[ErrorManager] Ignoring line: [ERROR] Failed to execute goal org.apache.maven.plugins:maven-surefire-plugin:2.12.4:test (default-test) on project CVE-2022-34662: There are test failures.[0m
[96m[ErrorManager] Ignoring line: [ERROR][0m
[96m[ErrorManager] Ignoring line: [ERROR] Please refer to /PoCAdaptation/exploit/result/CVE-2022-34662/1.3.9/exploit/target/surefire-reports for the individual test results.[0m
[96m[ErrorManager] Ignoring line: [ERROR] -> [Help 1][0m
[96m[ErrorManager] Ignoring line: [ERROR][0m
[96m[ErrorManager] Ignoring line: [ERROR] To see the full stack trace of the errors, re-run Maven with the -e switch.[0m
[96m[ErrorManager] Ignoring line: [ERROR] Re-run Maven using the -X switch to enable full debug logging.[0m
[96m[ErrorManager] Ignoring line: [ERROR][0m
[96m[ErrorManager] Ignoring line: [ERROR] For more information about the errors and possible solutions, please read the following articles:[0m
[96m[ErrorManager] Ignoring line: [ERROR] [Help 1] http://cwiki.apache.org/confluence/display/MAVEN/MojoFailureException[0m
[96m[ErrorManager] Using fallback error line: [ERROR] Failed to execute goal org.apache.maven.plugins:maven-surefire-plugin:2.12.4:test (default-test) on project CVE-2022-34662: There are test failures.[0m
[91m[ErrorManager] Failed to read file UNKNOWN: [Errno 2] No such file or directory: 'UNKNOWN'[0m
[RepairModule] Old grouped keys: {'package org.apache.dolphinscheduler.spi.enums does not exist |', 'package org.apache.dolphinscheduler.api.service.impl does not exist |'}
[RepairModule] New grouped keys: {'[ERROR] Failed to execute goal org.apache.maven.plugins:maven-surefire-plugin:2.12.4:test (default-test) on project CVE-2022-34662: There are test failures. |'}
[92m[RepairModule] Error package org.apache.dolphinscheduler.api.service.impl does not exist resolved after applying diff.[0m
[92m[RepairModule] Repair success with diff #(850, 577) at iteration 1![0m
[96m[Adapter] Test code repair attempted.[0m
[96m[Executor] Executing exploit for CVE-2022-34662 on version 1.3.9...[0m
[96m[Verifier] Verifying reproduction...[0m
[91m[Verifier] âœ— Behavior not found: 'java.lang.AssertionError'[0m
[91m[Executor] Reproduction result: Failure[0m
[96m[ErrorManager] Ignoring line: [ERROR] Failed to execute goal org.apache.maven.plugins:maven-surefire-plugin:2.12.4:test (default-test) on project CVE-2022-34662: There are test failures.[0m
[96m[ErrorManager] Ignoring line: [ERROR][0m
[96m[ErrorManager] Ignoring line: [ERROR] Please refer to /PoCAdaptation/exploit/result/CVE-2022-34662/1.3.9/exploit/target/surefire-reports for the individual test results.[0m
[96m[ErrorManager] Ignoring line: [ERROR] -> [Help 1][0m
[96m[ErrorManager] Ignoring line: [ERROR][0m
[96m[ErrorManager] Ignoring line: [ERROR] To see the full stack trace of the errors, re-run Maven with the -e switch.[0m
[96m[ErrorManager] Ignoring line: [ERROR] Re-run Maven using the -X switch to enable full debug logging.[0m
[96m[ErrorManager] Ignoring line: [ERROR][0m
[96m[ErrorManager] Ignoring line: [ERROR] For more information about the errors and possible solutions, please read the following articles:[0m
[96m[ErrorManager] Ignoring line: [ERROR] [Help 1] http://cwiki.apache.org/confluence/display/MAVEN/MojoFailureException[0m
[96m[ErrorManager] Using fallback error line: [ERROR] Failed to execute goal org.apache.maven.plugins:maven-surefire-plugin:2.12.4:test (default-test) on project CVE-2022-34662: There are test failures.[0m
[91m[ErrorManager] Failed to read file UNKNOWN: [Errno 2] No such file or directory: 'UNKNOWN'[0m
[96m[Adapter] Locating fix position in error log.[0m
[LLMClient] Tokens used: 2653 (prompt), 1 (completion), 2654 (total)
[LLMClient] Prompt: 
You are given a Java error log when executing 'mvn test' in a project with dependency version 1.3.9:org.apache.dolphinscheduler:dolphinscheduler-api.
This test file compiles and runs successfully with version 2.0.0-alpha.

Your task is to:
1. Analyze why this issue occurs with the *2.0.0-alpha* but not with the *1.3.9 version*.
2. Consider how to resolve the issue **without updating this library**.
3. Determine and output the location in the project that should be modified to fix the problem.

Please return 'pom' if the fix is in the pom.xml file, or 'test' if the fix is in the test code.
Do not return any other text, just 'pom' or 'test'.

The error log is:
[INFO] Scanning for projects...
[INFO] 
[INFO] --------------------< edu.vision.se:CVE-2022-34662 >--------------------
[INFO] Building CVE-2022-34662 1.0-SNAPSHOT
[INFO]   from pom.xml
[INFO] --------------------------------[ jar ]---------------------------------
Downloading from maven-default-http-blocker: http://0.0.0.0/joda-time/joda-time/maven-metadata.xml
[WARNING] Could not transfer metadata joda-time:joda-time/maven-metadata.xml from/to maven-default-http-blocker (http://0.0.0.0/): transfer failed for http://0.0.0.0/joda-time/joda-time/maven-metadata.xml
[INFO] 
[INFO] --- maven-clean-plugin:2.5:clean (default-clean) @ CVE-2022-34662 ---
[INFO] Deleting /PoCAdaptation/exploit/result/CVE-2022-34662/1.3.9/exploit/target
[INFO] 
[INFO] --- maven-resources-plugin:2.6:resources (default-resources) @ CVE-2022-34662 ---
[WARNING] Using platform encoding (UTF-8 actually) to copy filtered resources, i.e. build is platform dependent!
[INFO] skip non existing resourceDirectory /PoCAdaptation/exploit/result/CVE-2022-34662/1.3.9/exploit/src/main/resources
[INFO] 
[INFO] --- maven-compiler-plugin:3.1:compile (default-compile) @ CVE-2022-34662 ---
[INFO] No sources to compile
[INFO] 
[INFO] --- maven-resources-plugin:2.6:testResources (default-testResources) @ CVE-2022-34662 ---
[WARNING] Using platform encoding (UTF-8 actually) to copy filtered resources, i.e. build is platform dependent!
[INFO] skip non existing resourceDirectory /PoCAdaptation/exploit/result/CVE-2022-34662/1.3.9/exploit/src/test/resources
[INFO] 
[INFO] --- maven-compiler-plugin:3.1:testCompile (default-testCompile) @ CVE-2022-34662 ---
[INFO] Changes detected - recompiling the module!
[WARNING] File encoding has not been set, using platform encoding UTF-8, i.e. build is platform dependent!
[INFO] Compiling 1 source file to /PoCAdaptation/exploit/result/CVE-2022-34662/1.3.9/exploit/target/test-classes
[INFO] 
[INFO] --- maven-surefire-plugin:2.12.4:test (default-test) @ CVE-2022-34662 ---
[INFO] Surefire report directory: /PoCAdaptation/exploit/result/CVE-2022-34662/1.3.9/exploit/target/surefire-reports

-------------------------------------------------------
 T E S T S
-------------------------------------------------------
Running edu.vision.se.Testcase1
Tests run: 1, Failures: 0, Errors: 1, Skipped: 0, Time elapsed: 0.099 sec <<< FAILURE!
testDirectoryTraversal(edu.vision.se.Testcase1)  Time elapsed: 0.079 sec  <<< ERROR!
java.lang.NoSuchMethodException: org.apache.dolphinscheduler.api.service.ResourcesService.verifyFile(java.lang.String, org.apache.dolphinscheduler.common.enums.ResourceType, org.springframework.web.multipart.MultipartFile)
	at java.base/java.lang.Class.getDeclaredMethod(Class.java:2476)
	at edu.vision.se.Testcase1.testDirectoryTraversal(Testcase1.java:20)
	at java.base/jdk.internal.reflect.NativeMethodAccessorImpl.invoke0(Native Method)
	at java.base/jdk.internal.reflect.NativeMethodAccessorImpl.invoke(NativeMethodAccessorImpl.java:62)
	at java.base/jdk.internal.reflect.DelegatingMethodAccessorImpl.invoke(DelegatingMethodAccessorImpl.java:43)
	at java.base/java.lang.reflect.Method.invoke(Method.java:566)
	at org.junit.runners.model.FrameworkMethod$1.runReflectiveCall(FrameworkMethod.java:59)
	at org.junit.internal.runners.model.ReflectiveCallable.run(ReflectiveCallable.java:12)
	at org.junit.runners.model.FrameworkMethod.invokeExplosively(FrameworkMethod.java:56)
	at org.junit.internal.runners.statements.InvokeMethod.evaluate(InvokeMethod.java:17)
	at org.junit.runners.ParentRunner$3.evaluate(ParentRunner.java:306)
	at org.junit.runners.BlockJUnit4ClassRunner$1.evaluate(BlockJUnit4ClassRunner.java:100)
	at org.junit.runners.ParentRunner.runLeaf(ParentRunner.java:366)
	at org.junit.runners.BlockJUnit4ClassRunner.runChild(BlockJUnit4ClassRunner.java:103)
	at org.junit.runners.BlockJUnit4ClassRunner.runChild(BlockJUnit4ClassRunner.java:63)
	at org.junit.runners.ParentRunner$4.run(ParentRunner.java:331)
	at org.junit.runners.ParentRunner$1.schedule(ParentRunner.java:79)
	at org.junit.runners.ParentRunner.runChildren(ParentRunner.java:329)
	at org.junit.runners.ParentRunner.access$100(ParentRunner.java:66)
	at org.junit.runners.ParentRunner$2.evaluate(ParentRunner.java:293)
	at org.junit.runners.ParentRunner$3.evaluate(ParentRunner.java:306)
	at org.junit.runners.ParentRunner.run(ParentRunner.java:413)
	at org.apache.maven.surefire.junit4.JUnit4Provider.execute(JUnit4Provider.java:252)
	at org.apache.maven.surefire.junit4.JUnit4Provider.executeTestSet(JUnit4Provider.java:141)
	at org.apache.maven.surefire.junit4.JUnit4Provider.invoke(JUnit4Provider.java:112)
	at java.base/jdk.internal.reflect.NativeMethodAccessorImpl.invoke0(Native Method)
	at java.base/jdk.internal.reflect.NativeMethodAccessorImpl.invoke(NativeMethodAccessorImpl.java:62)
	at java.base/jdk.internal.reflect.DelegatingMethodAccessorImpl.invoke(DelegatingMethodAccessorImpl.java:43)
	at java.base/java.lang.reflect.Method.invoke(Method.java:566)
	at org.apache.maven.surefire.util.ReflectionUtils.invokeMethodWithArray(ReflectionUtils.java:189)
	at org.apache.maven.surefire.booter.ProviderFactory$ProviderProxy.invoke(ProviderFactory.java:165)
	at org.apache.maven.surefire.booter.ProviderFactory.invokeProvider(ProviderFactory.java:85)
	at org.apache.maven.surefire.booter.ForkedBooter.runSuitesInProcess(ForkedBooter.java:115)
	at org.apache.maven.surefire.booter.ForkedBooter.main(ForkedBooter.java:75)


Results :

Tests in error: 
  testDirectoryTraversal(edu.vision.se.Testcase1): org.apache.dolphinscheduler.api.service.ResourcesService.verifyFile(java.lang.String, org.apache.dolphinscheduler.common.enums.ResourceType, org.springframework.web.multipart.MultipartFile)

Tests run: 1, Failures: 0, Errors: 1, Skipped: 0

[INFO] ------------------------------------------------------------------------
[INFO] BUILD FAILURE
[INFO] ------------------------------------------------------------------------
[INFO] Total time:  2.962 s
[INFO] Finished at: 2025-07-13T16:35:32Z
[INFO] ------------------------------------------------------------------------
[ERROR] Failed to execute goal org.apache.maven.plugins:maven-surefire-plugin:2.12.4:test (default-test) on project CVE-2022-34662: There are test failures.
[ERROR] 
[ERROR] Please refer to /PoCAdaptation/exploit/result/CVE-2022-34662/1.3.9/exploit/target/surefire-reports for the individual test results.
[ERROR] -> [Help 1]
[ERROR] 
[ERROR] To see the full stack trace of the errors, re-run Maven with the -e switch.
[ERROR] Re-run Maven using the -X switch to enable full debug logging.
[ERROR] 
[ERROR] For more information about the errors and possible solutions, please read the following articles:
[ERROR] [Help 1] http://cwiki.apache.org/confluence/display/MAVEN/MojoFailureException

SLF4J: Class path contains multiple SLF4J bindings.
SLF4J: Found binding in [jar:file:/root/.m2/repository/ch/qos/logback/logback-classic/1.2.3/logback-classic-1.2.3.jar!/org/slf4j/impl/StaticLoggerBinder.class]
SLF4J: Found binding in [jar:file:/root/.m2/repository/org/slf4j/slf4j-log4j12/1.7.10/slf4j-log4j12-1.7.10.jar!/org/slf4j/impl/StaticLoggerBinder.class]
SLF4J: See http://www.slf4j.org/codes.html#multiple_bindings for an explanation.
SLF4J: Actual binding is of type [ch.qos.logback.classic.util.ContextSelectorStaticBinder]

current_pom file is:<?xml version='1.0' encoding='utf-8'?>
<project xmlns="http://maven.apache.org/POM/4.0.0" xmlns:xsi="http://www.w3.org/2001/XMLSchema-instance" xsi:schemaLocation="http://maven.apache.org/POM/4.0.0 http://maven.apache.org/xsd/maven-4.0.0.xsd">
    <modelVersion>4.0.0</modelVersion>
    <groupId>edu.vision.se</groupId>
    <artifactId>CVE-2022-34662</artifactId>
    <version>1.0-SNAPSHOT</version>

    <properties>
        <maven.compiler.source>11</maven.compiler.source>
        <maven.compiler.target>11</maven.compiler.target>
    </properties>

    <dependencies>
        
        <dependency>
            <groupId>org.apache.dolphinscheduler</groupId>
            <artifactId>dolphinscheduler-api</artifactId>
            <version>1.3.9</version>
        </dependency>
        <dependency>
            <groupId>org.projectlombok</groupId>
            <artifactId>lombok</artifactId>
            <version>1.18.28</version>
            <scope>provided</scope>
        </dependency>
        <dependency><groupId>junit</groupId><artifactId>junit</artifactId><version>4.13.2</version></dependency>
    
    </dependencies>

</project>
[LLMClient] Response: 
test
[96m[Adapter] LLM response for fix position: test[0m
[LLMClient] Tokens used: 2270 (prompt), 5 (completion), 2275 (total)
[LLMClient] Prompt: 
You are given an error log when executing 'mvn test' in a project relying on a library with version 1.3.9: 

Error: [INFO] Scanning for projects...
[INFO] 
[INFO] --------------------< edu.vision.se:CVE-2022-34662 >--------------------
[INFO] Building CVE-2022-34662 1.0-SNAPSHOT
[INFO]   from pom.xml
[INFO] --------------------------------[ jar ]---------------------------------
Downloading from maven-default-http-blocker: http://0.0.0.0/joda-time/joda-time/maven-metadata.xml
[WARNING] Could not transfer metadata joda-time:joda-time/maven-metadata.xml from/to maven-default-http-blocker (http://0.0.0.0/): transfer failed for http://0.0.0.0/joda-time/joda-time/maven-metadata.xml
[INFO] 
[INFO] --- maven-clean-plugin:2.5:clean (default-clean) @ CVE-2022-34662 ---
[INFO] Deleting /PoCAdaptation/exploit/result/CVE-2022-34662/1.3.9/exploit/target
[INFO] 
[INFO] --- maven-resources-plugin:2.6:resources (default-resources) @ CVE-2022-34662 ---
[WARNING] Using platform encoding (UTF-8 actually) to copy filtered resources, i.e. build is platform dependent!
[INFO] skip non existing resourceDirectory /PoCAdaptation/exploit/result/CVE-2022-34662/1.3.9/exploit/src/main/resources
[INFO] 
[INFO] --- maven-compiler-plugin:3.1:compile (default-compile) @ CVE-2022-34662 ---
[INFO] No sources to compile
[INFO] 
[INFO] --- maven-resources-plugin:2.6:testResources (default-testResources) @ CVE-2022-34662 ---
[WARNING] Using platform encoding (UTF-8 actually) to copy filtered resources, i.e. build is platform dependent!
[INFO] skip non existing resourceDirectory /PoCAdaptation/exploit/result/CVE-2022-34662/1.3.9/exploit/src/test/resources
[INFO] 
[INFO] --- maven-compiler-plugin:3.1:testCompile (default-testCompile) @ CVE-2022-34662 ---
[INFO] Changes detected - recompiling the module!
[WARNING] File encoding has not been set, using platform encoding UTF-8, i.e. build is platform dependent!
[INFO] Compiling 1 source file to /PoCAdaptation/exploit/result/CVE-2022-34662/1.3.9/exploit/target/test-classes
[INFO] 
[INFO] --- maven-surefire-plugin:2.12.4:test (default-test) @ CVE-2022-34662 ---
[INFO] Surefire report directory: /PoCAdaptation/exploit/result/CVE-2022-34662/1.3.9/exploit/target/surefire-reports

-------------------------------------------------------
 T E S T S
-------------------------------------------------------
Running edu.vision.se.Testcase1
Tests run: 1, Failures: 0, Errors: 1, Skipped: 0, Time elapsed: 0.099 sec <<< FAILURE!
testDirectoryTraversal(edu.vision.se.Testcase1)  Time elapsed: 0.079 sec  <<< ERROR!
java.lang.NoSuchMethodException: org.apache.dolphinscheduler.api.service.ResourcesService.verifyFile(java.lang.String, org.apache.dolphinscheduler.common.enums.ResourceType, org.springframework.web.multipart.MultipartFile)
	at java.base/java.lang.Class.getDeclaredMethod(Class.java:2476)
	at edu.vision.se.Testcase1.testDirectoryTraversal(Testcase1.java:20)
	at java.base/jdk.internal.reflect.NativeMethodAccessorImpl.invoke0(Native Method)
	at java.base/jdk.internal.reflect.NativeMethodAccessorImpl.invoke(NativeMethodAccessorImpl.java:62)
	at java.base/jdk.internal.reflect.DelegatingMethodAccessorImpl.invoke(DelegatingMethodAccessorImpl.java:43)
	at java.base/java.lang.reflect.Method.invoke(Method.java:566)
	at org.junit.runners.model.FrameworkMethod$1.runReflectiveCall(FrameworkMethod.java:59)
	at org.junit.internal.runners.model.ReflectiveCallable.run(ReflectiveCallable.java:12)
	at org.junit.runners.model.FrameworkMethod.invokeExplosively(FrameworkMethod.java:56)
	at org.junit.internal.runners.statements.InvokeMethod.evaluate(InvokeMethod.java:17)
	at org.junit.runners.ParentRunner$3.evaluate(ParentRunner.java:306)
	at org.junit.runners.BlockJUnit4ClassRunner$1.evaluate(BlockJUnit4ClassRunner.java:100)
	at org.junit.runners.ParentRunner.runLeaf(ParentRunner.java:366)
	at org.junit.runners.BlockJUnit4ClassRunner.runChild(BlockJUnit4ClassRunner.java:103)
	at org.junit.runners.BlockJUnit4ClassRunner.runChild(BlockJUnit4ClassRunner.java:63)
	at org.junit.runners.ParentRunner$4.run(ParentRunner.java:331)
	at org.junit.runners.ParentRunner$1.schedule(ParentRunner.java:79)
	at org.junit.runners.ParentRunner.runChildren(ParentRunner.java:329)
	at org.junit.runners.ParentRunner.access$100(ParentRunner.java:66)
	at org.junit.runners.ParentRunner$2.evaluate(ParentRunner.java:293)
	at org.junit.runners.ParentRunner$3.evaluate(ParentRunner.java:306)
	at org.junit.runners.ParentRunner.run(ParentRunner.java:413)
	at org.apache.maven.surefire.junit4.JUnit4Provider.execute(JUnit4Provider.java:252)
	at org.apache.maven.surefire.junit4.JUnit4Provider.executeTestSet(JUnit4Provider.java:141)
	at org.apache.maven.surefire.junit4.JUnit4Provider.invoke(JUnit4Provider.java:112)
	at java.base/jdk.internal.reflect.NativeMethodAccessorImpl.invoke0(Native Method)
	at java.base/jdk.internal.reflect.NativeMethodAccessorImpl.invoke(NativeMethodAccessorImpl.java:62)
	at java.base/jdk.internal.reflect.DelegatingMethodAccessorImpl.invoke(DelegatingMethodAccessorImpl.java:43)
	at java.base/java.lang.reflect.Method.invoke(Method.java:566)
	at org.apache.maven.surefire.util.ReflectionUtils.invokeMethodWithArray(ReflectionUtils.java:189)
	at org.apache.maven.surefire.booter.ProviderFactory$ProviderProxy.invoke(ProviderFactory.java:165)
	at org.apache.maven.surefire.booter.ProviderFactory.invokeProvider(ProviderFactory.java:85)
	at org.apache.maven.surefire.booter.ForkedBooter.runSuitesInProcess(ForkedBooter.java:115)
	at org.apache.maven.surefire.booter.ForkedBooter.main(ForkedBooter.java:75)


Results :

Tests in error: 
  testDirectoryTraversal(edu.vision.se.Testcase1): org.apache.dolphinscheduler.api.service.ResourcesService.verifyFile(java.lang.String, org.apache.dolphinscheduler.common.enums.ResourceType, org.springframework.web.multipart.MultipartFile)

Tests run: 1, Failures: 0, Errors: 1, Skipped: 0

[INFO] ------------------------------------------------------------------------
[INFO] BUILD FAILURE
[INFO] ------------------------------------------------------------------------
[INFO] Total time:  2.962 s
[INFO] Finished at: 2025-07-13T16:35:32Z
[INFO] ------------------------------------------------------------------------
[ERROR] Failed to execute goal org.apache.maven.plugins:maven-surefire-plugin:2.12.4:test (default-test) on project CVE-2022-34662: There are test failures.
[ERROR] 
[ERROR] Please refer to /PoCAdaptation/exploit/result/CVE-2022-34662/1.3.9/exploit/target/surefire-reports for the individual test results.
[ERROR] -> [Help 1]
[ERROR] 
[ERROR] To see the full stack trace of the errors, re-run Maven with the -e switch.
[ERROR] Re-run Maven using the -X switch to enable full debug logging.
[ERROR] 
[ERROR] For more information about the errors and possible solutions, please read the following articles:
[ERROR] [Help 1] http://cwiki.apache.org/confluence/display/MAVEN/MojoFailureException

SLF4J: Class path contains multiple SLF4J bindings.
SLF4J: Found binding in [jar:file:/root/.m2/repository/ch/qos/logback/logback-classic/1.2.3/logback-classic-1.2.3.jar!/org/slf4j/impl/StaticLoggerBinder.class]
SLF4J: Found binding in [jar:file:/root/.m2/repository/org/slf4j/slf4j-log4j12/1.7.10/slf4j-log4j12-1.7.10.jar!/org/slf4j/impl/StaticLoggerBinder.class]
SLF4J: See http://www.slf4j.org/codes.html#multiple_bindings for an explanation.
SLF4J: Actual binding is of type [ch.qos.logback.classic.util.ContextSelectorStaticBinder]
 

The test executes as expected in 2.0.0-alpha but not in 1.3.9. 

Extract two key entities from the error log for searching related diffs. Your classname and method name should ignore package and parameter

The extracted entities should reflect code-level identifiers that are likely to appear in diffs. We prefer a simple entity

Output each node as a `;`-separated list, with no explanations. 


[LLMClient] Response: 
ResourcesService;verifyFile
[96m[ErrorManager] Extracted key entities: ['ResourcesService', 'verifyFile'][0m
[96m[Adapter] Try to solve error: {'file': 'UNKNOWN', 'line': -1, 'column': -1, 'message': '[ERROR] Failed to execute goal org.apache.maven.plugins:maven-surefire-plugin:2.12.4:test (default-test) on project CVE-2022-34662: There are test failures.', 'symbol': None, 'location': None, 'code_line': None} with cause: ['ResourcesService', 'verifyFile'][0m
[96m[Adapter] Related diffs for error: [(520, 10.0), (522, 10.0), (523, 10.0), (2, 0.0), (5, 0.0)][0m
[96m[Adapter] Fix position is in test code.[0m
[96m[RepairModule] Start repair for group: [ERROR] Failed to execute goal org.apache.maven.plugins:maven-surefire-plugin:2.12.4:test (default-test) on project CVE-2022-34662: There are test failures. | cause: ['ResourcesService', 'verifyFile'][0m
[96m[RepairModule] Trying best diff #520 with score 10.00[0m
[96m[RepairModule] Found 10 diff combinations for annealing.[0m
[96m[RepairModule] Iteration 1, temperature 1.000: Trying diff #523 with score 10.00[0m
[LLMClient] Tokens used: 3575 (prompt), 282 (completion), 3857 (total)
[LLMClient] Prompt: 
You are given a Java test file with compilation errors in version 1.3.9:org.apache.dolphinscheduler:dolphinscheduler-api.
This test file compiles and runs successfully in 2.0.0-alpha.

The diff is related to the diff.
Your task has three steps:
 1. Locate the code where the compilation error occurs.
 2. Analyze the diff from 2.0.0-alpha to 1.3.9.
 3. Fix the error in the error position only when diff is helpful. Add import statement when needed according to the diff. If mocking, access fields via reflection if they exist. 

Only output the modified version of the test file according to the diff. No explanations. 
### Compilation Errors:
message: [INFO] Scanning for projects...
[INFO] 
[INFO] --------------------< edu.vision.se:CVE-2022-34662 >--------------------
[INFO] Building CVE-2022-34662 1.0-SNAPSHOT
[INFO]   from pom.xml
[INFO] --------------------------------[ jar ]---------------------------------
Downloading from maven-default-http-blocker: http://0.0.0.0/joda-time/joda-time/maven-metadata.xml
[WARNING] Could not transfer metadata joda-time:joda-time/maven-metadata.xml from/to maven-default-http-blocker (http://0.0.0.0/): transfer failed for http://0.0.0.0/joda-time/joda-time/maven-metadata.xml
[INFO] 
[INFO] --- maven-clean-plugin:2.5:clean (default-clean) @ CVE-2022-34662 ---
[INFO] Deleting /PoCAdaptation/exploit/result/CVE-2022-34662/1.3.9/exploit/target
[INFO] 
[INFO] --- maven-resources-plugin:2.6:resources (default-resources) @ CVE-2022-34662 ---
[WARNING] Using platform encoding (UTF-8 actually) to copy filtered resources, i.e. build is platform dependent!
[INFO] skip non existing resourceDirectory /PoCAdaptation/exploit/result/CVE-2022-34662/1.3.9/exploit/src/main/resources
[INFO] 
[INFO] --- maven-compiler-plugin:3.1:compile (default-compile) @ CVE-2022-34662 ---
[INFO] No sources to compile
[INFO] 
[INFO] --- maven-resources-plugin:2.6:testResources (default-testResources) @ CVE-2022-34662 ---
[WARNING] Using platform encoding (UTF-8 actually) to copy filtered resources, i.e. build is platform dependent!
[INFO] skip non existing resourceDirectory /PoCAdaptation/exploit/result/CVE-2022-34662/1.3.9/exploit/src/test/resources
[INFO] 
[INFO] --- maven-compiler-plugin:3.1:testCompile (default-testCompile) @ CVE-2022-34662 ---
[INFO] Changes detected - recompiling the module!
[WARNING] File encoding has not been set, using platform encoding UTF-8, i.e. build is platform dependent!
[INFO] Compiling 1 source file to /PoCAdaptation/exploit/result/CVE-2022-34662/1.3.9/exploit/target/test-classes
[INFO] 
[INFO] --- maven-surefire-plugin:2.12.4:test (default-test) @ CVE-2022-34662 ---
[INFO] Surefire report directory: /PoCAdaptation/exploit/result/CVE-2022-34662/1.3.9/exploit/target/surefire-reports

-------------------------------------------------------
 T E S T S
-------------------------------------------------------
Running edu.vision.se.Testcase1
Tests run: 1, Failures: 0, Errors: 1, Skipped: 0, Time elapsed: 0.099 sec <<< FAILURE!
testDirectoryTraversal(edu.vision.se.Testcase1)  Time elapsed: 0.079 sec  <<< ERROR!
java.lang.NoSuchMethodException: org.apache.dolphinscheduler.api.service.ResourcesService.verifyFile(java.lang.String, org.apache.dolphinscheduler.common.enums.ResourceType, org.springframework.web.multipart.MultipartFile)
	at java.base/java.lang.Class.getDeclaredMethod(Class.java:2476)
	at edu.vision.se.Testcase1.testDirectoryTraversal(Testcase1.java:20)
	at java.base/jdk.internal.reflect.NativeMethodAccessorImpl.invoke0(Native Method)
	at java.base/jdk.internal.reflect.NativeMethodAccessorImpl.invoke(NativeMethodAccessorImpl.java:62)
	at java.base/jdk.internal.reflect.DelegatingMethodAccessorImpl.invoke(DelegatingMethodAccessorImpl.java:43)
	at java.base/java.lang.reflect.Method.invoke(Method.java:566)
	at org.junit.runners.model.FrameworkMethod$1.runReflectiveCall(FrameworkMethod.java:59)
	at org.junit.internal.runners.model.ReflectiveCallable.run(ReflectiveCallable.java:12)
	at org.junit.runners.model.FrameworkMethod.invokeExplosively(FrameworkMethod.java:56)
	at org.junit.internal.runners.statements.InvokeMethod.evaluate(InvokeMethod.java:17)
	at org.junit.runners.ParentRunner$3.evaluate(ParentRunner.java:306)
	at org.junit.runners.BlockJUnit4ClassRunner$1.evaluate(BlockJUnit4ClassRunner.java:100)
	at org.junit.runners.ParentRunner.runLeaf(ParentRunner.java:366)
	at org.junit.runners.BlockJUnit4ClassRunner.runChild(BlockJUnit4ClassRunner.java:103)
	at org.junit.runners.BlockJUnit4ClassRunner.runChild(BlockJUnit4ClassRunner.java:63)
	at org.junit.runners.ParentRunner$4.run(ParentRunner.java:331)
	at org.junit.runners.ParentRunner$1.schedule(ParentRunner.java:79)
	at org.junit.runners.ParentRunner.runChildren(ParentRunner.java:329)
	at org.junit.runners.ParentRunner.access$100(ParentRunner.java:66)
	at org.junit.runners.ParentRunner$2.evaluate(ParentRunner.java:293)
	at org.junit.runners.ParentRunner$3.evaluate(ParentRunner.java:306)
	at org.junit.runners.ParentRunner.run(ParentRunner.java:413)
	at org.apache.maven.surefire.junit4.JUnit4Provider.execute(JUnit4Provider.java:252)
	at org.apache.maven.surefire.junit4.JUnit4Provider.executeTestSet(JUnit4Provider.java:141)
	at org.apache.maven.surefire.junit4.JUnit4Provider.invoke(JUnit4Provider.java:112)
	at java.base/jdk.internal.reflect.NativeMethodAccessorImpl.invoke0(Native Method)
	at java.base/jdk.internal.reflect.NativeMethodAccessorImpl.invoke(NativeMethodAccessorImpl.java:62)
	at java.base/jdk.internal.reflect.DelegatingMethodAccessorImpl.invoke(DelegatingMethodAccessorImpl.java:43)
	at java.base/java.lang.reflect.Method.invoke(Method.java:566)
	at org.apache.maven.surefire.util.ReflectionUtils.invokeMethodWithArray(ReflectionUtils.java:189)
	at org.apache.maven.surefire.booter.ProviderFactory$ProviderProxy.invoke(ProviderFactory.java:165)
	at org.apache.maven.surefire.booter.ProviderFactory.invokeProvider(ProviderFactory.java:85)
	at org.apache.maven.surefire.booter.ForkedBooter.runSuitesInProcess(ForkedBooter.java:115)
	at org.apache.maven.surefire.booter.ForkedBooter.main(ForkedBooter.java:75)


Results :

Tests in error: 
  testDirectoryTraversal(edu.vision.se.Testcase1): org.apache.dolphinscheduler.api.service.ResourcesService.verifyFile(java.lang.String, org.apache.dolphinscheduler.common.enums.ResourceType, org.springframework.web.multipart.MultipartFile)

Tests run: 1, Failures: 0, Errors: 1, Skipped: 0

[INFO] ------------------------------------------------------------------------
[INFO] BUILD FAILURE
[INFO] ------------------------------------------------------------------------
[INFO] Total time:  2.962 s
[INFO] Finished at: 2025-07-13T16:35:32Z
[INFO] ------------------------------------------------------------------------
[ERROR] Failed to execute goal org.apache.maven.plugins:maven-surefire-plugin:2.12.4:test (default-test) on project CVE-2022-34662: There are test failures.
[ERROR] 
[ERROR] Please refer to /PoCAdaptation/exploit/result/CVE-2022-34662/1.3.9/exploit/target/surefire-reports for the individual test results.
[ERROR] -> [Help 1]
[ERROR] 
[ERROR] To see the full stack trace of the errors, re-run Maven with the -e switch.
[ERROR] Re-run Maven using the -X switch to enable full debug logging.
[ERROR] 
[ERROR] For more information about the errors and possible solutions, please read the following articles:
[ERROR] [Help 1] http://cwiki.apache.org/confluence/display/MAVEN/MojoFailureException

SLF4J: Class path contains multiple SLF4J bindings.
SLF4J: Found binding in [jar:file:/root/.m2/repository/ch/qos/logback/logback-classic/1.2.3/logback-classic-1.2.3.jar!/org/slf4j/impl/StaticLoggerBinder.class]
SLF4J: Found binding in [jar:file:/root/.m2/repository/org/slf4j/slf4j-log4j12/1.7.10/slf4j-log4j12-1.7.10.jar!/org/slf4j/impl/StaticLoggerBinder.class]
SLF4J: See http://www.slf4j.org/codes.html#multiple_bindings for an explanation.
SLF4J: Actual binding is of type [ch.qos.logback.classic.util.ContextSelectorStaticBinder]
### Error Position:
None

### Related Diff:
Operation: MODIFIED, File: dolphinscheduler-api/src/main/java/org/apache/dolphinscheduler/api/service/ResourcesService.java, Hunk: @@ -292,240 +80,12 @@ private boolean checkResourceExists(String fullName, int userId, int type ){
      * @param file          resource file
      * @return  update result code
      */
+    @Transactional(rollbackFor = Exception.class)
+    public Result updateResource(User loginUser,
+                                 int resourceId,
+                                 String name,
+                                 String desc,
+                                 ResourceType type,
+                                 MultipartFile file) {
+        Result result = new Result();
+
+        // if resource upload startup
+        if (!PropertyUtils.getResUploadStartupState()){
+            logger.error("resource upload startup state: {}", PropertyUtils.getResUploadStartupState());
+            putMsg(result, Status.HDFS_NOT_STARTUP);
+            return result;
+        }
+
+        Resource resource = resourcesMapper.selectById(resourceId);
+        if (resource == null) {
+            putMsg(result, Status.RESOURCE_NOT_EXIST);
+            return result;
+        }
+        if (!hasPerm(loginUser, resource.getUserId())) {
+            putMsg(result, Status.USER_NO_OPERATION_PERM);
+            return result;
+        }
+
+        if (file == null && name.equals(resource.getAlias()) && desc.equals(resource.getDescription())) {
+            putMsg(result, Status.SUCCESS);
+            return result;
+        }
+
+        //check resource aleady exists
+        String originFullName = resource.getFullName();
+        String originResourceName = resource.getAlias();
+
+        String fullName = String.format("%s%s",originFullName.substring(0,originFullName.lastIndexOf("/")+1),name);
+        if (!originResourceName.equals(name) && checkResourceExists(fullName, 0, type.ordinal())) {
+            logger.error("resource {} already exists, can't recreate", name);
+            putMsg(result, Status.RESOURCE_EXIST);
+            return result;
+        }
+
+        if (file != null) {
+
+            // file is empty
+            if (file.isEmpty()) {
+                logger.error("file is empty: {}", file.getOriginalFilename());
+                putMsg(result, Status.RESOURCE_FILE_IS_EMPTY);
+                return result;
+            }
+
+            // file suffix
+            String fileSuffix = FileUtils.suffix(file.getOriginalFilename());
+            String nameSuffix = FileUtils.suffix(name);
+
+            // determine file suffix
+            if (!(StringUtils.isNotEmpty(fileSuffix) && fileSuffix.equalsIgnoreCase(nameSuffix))) {
+                /**
+                 * rename file suffix and original suffix must be consistent
+                 */
+                logger.error("rename file suffix and original suffix must be consistent: {}", file.getOriginalFilename());
+                putMsg(result, Status.RESOURCE_SUFFIX_FORBID_CHANGE);
+                return result;
+            }
+
+            //If resource type is UDF, only jar packages are allowed to be uploaded, and the suffix must be .jar
+            if (Constants.UDF.equals(type.name()) && !JAR.equalsIgnoreCase(FileUtils.suffix(originFullName))) {
+                logger.error(Status.UDF_RESOURCE_SUFFIX_NOT_JAR.getMsg());
+                putMsg(result, Status.UDF_RESOURCE_SUFFIX_NOT_JAR);
+                return result;
+            }
+            if (file.getSize() > Constants.MAX_FILE_SIZE) {
+                logger.error("file size is too large: {}", file.getOriginalFilename());
+                putMsg(result, Status.RESOURCE_SIZE_EXCEED_LIMIT);
+                return result;
+            }
+        }
+
+        // query tenant by user id
+        String tenantCode = getTenantCode(resource.getUserId(),result);
+        if (StringUtils.isEmpty(tenantCode)){
+            return result;
+        }
+        // verify whether the resource exists in storage
+        // get the path of origin file in storage
+        String originHdfsFileName = HadoopUtils.getHdfsFileName(resource.getType(),tenantCode,originFullName);
+        try {
+            if (!HadoopUtils.getInstance().exists(originHdfsFileName)) {
+                logger.error("{} not exist", originHdfsFileName);
+                putMsg(result,Status.RESOURCE_NOT_EXIST);
+                return result;
+            }
+        } catch (IOException e) {
+            logger.error(e.getMessage(),e);
+            throw new ServiceException(Status.HDFS_OPERATION_ERROR);
+        }
+

### Test File Content:
package edu.vision.se;

import static org.junit.Assert.assertTrue;

import java.lang.reflect.InvocationTargetException;
import java.lang.reflect.Method;

import org.apache.dolphinscheduler.api.service.ResourcesService;
import org.apache.dolphinscheduler.api.utils.Result;
import org.apache.dolphinscheduler.common.enums.ResourceType;
import org.junit.Test;
import org.springframework.web.multipart.MultipartFile;

public class Testcase1 {
    @Test
    public void testDirectoryTraversal()
            throws IllegalAccessException, IllegalArgumentException, InvocationTargetException, NoSuchMethodException,
            SecurityException {
        ResourcesService res = new ResourcesService();
        Method method_verifyFile = res.getClass().getDeclaredMethod("verifyFile", String.class, ResourceType.class,
                MultipartFile.class);
        method_verifyFile.setAccessible(true);
        Object result = method_verifyFile.invoke(res, "../../abc.txt", null, null);
        validateReturnValue(result);
    }

    public void validateReturnValue(Object result) {
        assertTrue((result instanceof Result)
                && ((Result) result).getCode() == 1300009);
    }
}



[LLMClient] Response: 
Based on the error and diff, here's the modified test file:

```java
package edu.vision.se;

import static org.junit.Assert.assertTrue;

import java.lang.reflect.InvocationTargetException;
import java.lang.reflect.Method;

import org.apache.dolphinscheduler.api.service.ResourcesService;
import org.apache.dolphinscheduler.api.utils.Result;
import org.apache.dolphinscheduler.common.enums.ResourceType;
import org.junit.Test;
import org.springframework.web.multipart.MultipartFile;
import org.springframework.transaction.annotation.Transactional;

public class Testcase1 {
    @Test
    public void testDirectoryTraversal()
            throws IllegalAccessException, IllegalArgumentException, InvocationTargetException, NoSuchMethodException,
            SecurityException {
        ResourcesService res = new ResourcesService();
        Method method_verifyFile = res.getClass().getDeclaredMethod("updateResource", User.class, int.class, String.class,
                String.class, ResourceType.class, MultipartFile.class);
        method_verifyFile.setAccessible(true);
        Object result = method_verifyFile.invoke(res, null, 0, "../../abc.txt", "", null, null);
        validateReturnValue(result);
    }

    public void validateReturnValue(Object result) {
        assertTrue((result instanceof Result)
                && ((Result) result).getCode() == 1300009);
    }
}
```
[96m[RepairModule] Wrote modified code to /PoCAdaptation/exploit/result/CVE-2022-34662/1.3.9/exploit/src/test/java/edu/vision/se/Testcase1.java[0m
[96m[Executor] Executing exploit for CVE-2022-34662 on version 1.3.9...[0m
[96m[Verifier] Verifying reproduction...[0m
[91m[Verifier] âœ— Behavior not found: 'java.lang.AssertionError'[0m
[91m[Executor] Reproduction result: Failure[0m
[96m[ErrorManager] Ignoring line: [ERROR] Failed to execute goal org.apache.maven.plugins:maven-compiler-plugin:3.1:testCompile (default-testCompile) on project CVE-2022-34662: Compilation failure[0m
[92m[ErrorManager] Processing line: [ERROR] /PoCAdaptation/exploit/result/CVE-2022-34662/1.3.9/exploit/src/test/java/edu/vision/se/Testcase1.java:[21,87] cannot find symbol[0m
[92m[ErrorManager] Processing line: [ERROR]   symbol:   class User[0m
[92m[ErrorManager] Processing line: [ERROR]   location: class edu.vision.se.Testcase1[0m
[96m[ErrorManager] Ignoring line: [ERROR][0m
[96m[ErrorManager] Ignoring line: [ERROR] -> [Help 1][0m
[96m[ErrorManager] Ignoring line: [ERROR][0m
[96m[ErrorManager] Ignoring line: [ERROR] To see the full stack trace of the errors, re-run Maven with the -e switch.[0m
[96m[ErrorManager] Ignoring line: [ERROR] Re-run Maven using the -X switch to enable full debug logging.[0m
[96m[ErrorManager] Ignoring line: [ERROR][0m
[96m[ErrorManager] Ignoring line: [ERROR] For more information about the errors and possible solutions, please read the following articles:[0m
[96m[ErrorManager] Ignoring line: [ERROR] [Help 1] http://cwiki.apache.org/confluence/display/MAVEN/MojoFailureException[0m
[RepairModule] Old grouped keys: {'[ERROR] Failed to execute goal org.apache.maven.plugins:maven-surefire-plugin:2.12.4:test (default-test) on project CVE-2022-34662: There are test failures. |'}
[RepairModule] New grouped keys: {'cannot find symbol | class User'}
[93m[RepairModule] [Analyzer] New error:
  File     : /PoCAdaptation/exploit/result/CVE-2022-34662/1.3.9/exploit/src/test/java/edu/vision/se/Testcase1.java
  Line     : 21, Column: 87
  Message  : cannot find symbol
  Symbol   : class User
  Location : class edu.vision.se.Testcase1
  Code     : Method method_verifyFile = res.getClass().getDeclaredMethod("updateResource", User.class, int.class, String.class,
  Position : after the fixing line (-1)[0m
[92m[RepairModule] Error [ERROR] Failed to execute goal org.apache.maven.plugins:maven-surefire-plugin:2.12.4:test (default-test) on project CVE-2022-34662: There are test failures. resolved after applying diff.[0m
[92m[RepairModule] Repair success with diff #523 at iteration 1![0m
[96m[Adapter] Test code repair attempted.[0m
[96m[Executor] Executing exploit for CVE-2022-34662 on version 1.3.9...[0m
[96m[Verifier] Verifying reproduction...[0m
[91m[Verifier] âœ— Behavior not found: 'java.lang.AssertionError'[0m
[91m[Executor] Reproduction result: Failure[0m
[96m[ErrorManager] Ignoring line: [ERROR] Failed to execute goal org.apache.maven.plugins:maven-compiler-plugin:3.1:testCompile (default-testCompile) on project CVE-2022-34662: Compilation failure[0m
[92m[ErrorManager] Processing line: [ERROR] /PoCAdaptation/exploit/result/CVE-2022-34662/1.3.9/exploit/src/test/java/edu/vision/se/Testcase1.java:[21,87] cannot find symbol[0m
[92m[ErrorManager] Processing line: [ERROR]   symbol:   class User[0m
[92m[ErrorManager] Processing line: [ERROR]   location: class edu.vision.se.Testcase1[0m
[96m[ErrorManager] Ignoring line: [ERROR][0m
[96m[ErrorManager] Ignoring line: [ERROR] -> [Help 1][0m
[96m[ErrorManager] Ignoring line: [ERROR][0m
[96m[ErrorManager] Ignoring line: [ERROR] To see the full stack trace of the errors, re-run Maven with the -e switch.[0m
[96m[ErrorManager] Ignoring line: [ERROR] Re-run Maven using the -X switch to enable full debug logging.[0m
[96m[ErrorManager] Ignoring line: [ERROR][0m
[96m[ErrorManager] Ignoring line: [ERROR] For more information about the errors and possible solutions, please read the following articles:[0m
[96m[ErrorManager] Ignoring line: [ERROR] [Help 1] http://cwiki.apache.org/confluence/display/MAVEN/MojoFailureException[0m
[96m[Adapter] Locating fix position in error log.[0m
[LLMClient] Tokens used: 1518 (prompt), 1 (completion), 1519 (total)
[LLMClient] Prompt: 
You are given a Java error log when executing 'mvn test' in a project with dependency version 1.3.9:org.apache.dolphinscheduler:dolphinscheduler-api.
This test file compiles and runs successfully with version 2.0.0-alpha.

Your task is to:
1. Analyze why this issue occurs with the *2.0.0-alpha* but not with the *1.3.9 version*.
2. Consider how to resolve the issue **without updating this library**.
3. Determine and output the location in the project that should be modified to fix the problem.

Please return 'pom' if the fix is in the pom.xml file, or 'test' if the fix is in the test code.
Do not return any other text, just 'pom' or 'test'.

The error log is:
[INFO] Scanning for projects...
[INFO] 
[INFO] --------------------< edu.vision.se:CVE-2022-34662 >--------------------
[INFO] Building CVE-2022-34662 1.0-SNAPSHOT
[INFO]   from pom.xml
[INFO] --------------------------------[ jar ]---------------------------------
Downloading from maven-default-http-blocker: http://0.0.0.0/joda-time/joda-time/maven-metadata.xml
[WARNING] Could not transfer metadata joda-time:joda-time/maven-metadata.xml from/to maven-default-http-blocker (http://0.0.0.0/): transfer failed for http://0.0.0.0/joda-time/joda-time/maven-metadata.xml
[INFO] 
[INFO] --- maven-clean-plugin:2.5:clean (default-clean) @ CVE-2022-34662 ---
[INFO] Deleting /PoCAdaptation/exploit/result/CVE-2022-34662/1.3.9/exploit/target
[INFO] 
[INFO] --- maven-resources-plugin:2.6:resources (default-resources) @ CVE-2022-34662 ---
[WARNING] Using platform encoding (UTF-8 actually) to copy filtered resources, i.e. build is platform dependent!
[INFO] skip non existing resourceDirectory /PoCAdaptation/exploit/result/CVE-2022-34662/1.3.9/exploit/src/main/resources
[INFO] 
[INFO] --- maven-compiler-plugin:3.1:compile (default-compile) @ CVE-2022-34662 ---
[INFO] No sources to compile
[INFO] 
[INFO] --- maven-resources-plugin:2.6:testResources (default-testResources) @ CVE-2022-34662 ---
[WARNING] Using platform encoding (UTF-8 actually) to copy filtered resources, i.e. build is platform dependent!
[INFO] skip non existing resourceDirectory /PoCAdaptation/exploit/result/CVE-2022-34662/1.3.9/exploit/src/test/resources
[INFO] 
[INFO] --- maven-compiler-plugin:3.1:testCompile (default-testCompile) @ CVE-2022-34662 ---
[INFO] Changes detected - recompiling the module!
[WARNING] File encoding has not been set, using platform encoding UTF-8, i.e. build is platform dependent!
[INFO] Compiling 1 source file to /PoCAdaptation/exploit/result/CVE-2022-34662/1.3.9/exploit/target/test-classes
[INFO] -------------------------------------------------------------
[ERROR] COMPILATION ERROR : 
[INFO] -------------------------------------------------------------
[ERROR] /PoCAdaptation/exploit/result/CVE-2022-34662/1.3.9/exploit/src/test/java/edu/vision/se/Testcase1.java:[21,87] cannot find symbol
  symbol:   class User
  location: class edu.vision.se.Testcase1
[INFO] 1 error
[INFO] -------------------------------------------------------------
[INFO] ------------------------------------------------------------------------
[INFO] BUILD FAILURE
[INFO] ------------------------------------------------------------------------
[INFO] Total time:  2.650 s
[INFO] Finished at: 2025-07-13T16:36:04Z
[INFO] ------------------------------------------------------------------------
[ERROR] Failed to execute goal org.apache.maven.plugins:maven-compiler-plugin:3.1:testCompile (default-testCompile) on project CVE-2022-34662: Compilation failure
[ERROR] /PoCAdaptation/exploit/result/CVE-2022-34662/1.3.9/exploit/src/test/java/edu/vision/se/Testcase1.java:[21,87] cannot find symbol
[ERROR]   symbol:   class User
[ERROR]   location: class edu.vision.se.Testcase1
[ERROR] 
[ERROR] -> [Help 1]
[ERROR] 
[ERROR] To see the full stack trace of the errors, re-run Maven with the -e switch.
[ERROR] Re-run Maven using the -X switch to enable full debug logging.
[ERROR] 
[ERROR] For more information about the errors and possible solutions, please read the following articles:
[ERROR] [Help 1] http://cwiki.apache.org/confluence/display/MAVEN/MojoFailureException


current_pom file is:<?xml version='1.0' encoding='utf-8'?>
<project xmlns="http://maven.apache.org/POM/4.0.0" xmlns:xsi="http://www.w3.org/2001/XMLSchema-instance" xsi:schemaLocation="http://maven.apache.org/POM/4.0.0 http://maven.apache.org/xsd/maven-4.0.0.xsd">
    <modelVersion>4.0.0</modelVersion>
    <groupId>edu.vision.se</groupId>
    <artifactId>CVE-2022-34662</artifactId>
    <version>1.0-SNAPSHOT</version>

    <properties>
        <maven.compiler.source>11</maven.compiler.source>
        <maven.compiler.target>11</maven.compiler.target>
    </properties>

    <dependencies>
        
        <dependency>
            <groupId>org.apache.dolphinscheduler</groupId>
            <artifactId>dolphinscheduler-api</artifactId>
            <version>1.3.9</version>
        </dependency>
        <dependency>
            <groupId>org.projectlombok</groupId>
            <artifactId>lombok</artifactId>
            <version>1.18.28</version>
            <scope>provided</scope>
        </dependency>
        <dependency><groupId>junit</groupId><artifactId>junit</artifactId><version>4.13.2</version></dependency>
    
    </dependencies>

</project>
[LLMClient] Response: 
test
[96m[Adapter] LLM response for fix position: test[0m
[LLMClient] Tokens used: 154 (prompt), 4 (completion), 158 (total)
[LLMClient] Prompt: 
You are given an error log when executing 'mvn test' in version 1.3.9: 

Error: cannot find symbol, class User, class edu.vision.se.Testcase1 

The test executes as expected in 2.0.0-alpha 

Error code:         Method method_verifyFile = res.getClass().getDeclaredMethod("updateResource", User.class, int.class, String.class, 

Extract two key *entities* from the error for searching related diffs 

The extracted entities should reflect code-level identifiers that are likely to appear in source code or diffs. 

Output each node as a `;`-separated list, with no explanations. 


[LLMClient] Response: 
User;updateResource
[96m[ErrorManager] Extracted key entities: ['User', 'updateResource'][0m
[96m[Adapter] Try to solve error: {'file': '/PoCAdaptation/exploit/result/CVE-2022-34662/1.3.9/exploit/src/test/java/edu/vision/se/Testcase1.java', 'line': 21, 'column': 87, 'message': 'cannot find symbol', 'symbol': 'class User', 'location': 'class edu.vision.se.Testcase1', 'code_line': '        Method method_verifyFile = res.getClass().getDeclaredMethod("updateResource", User.class, int.class, String.class,'} with cause: ['User', 'updateResource'][0m
[96m[Adapter] Related diffs for error: [(1444, 10.0), (2, 0.0), (5, 0.0), (6, 0.0), (7, 0.0)][0m
[96m[Adapter] Fix position is in test code.[0m
[96m[RepairModule] Start repair for group: cannot find symbol | class User cause: ['User', 'updateResource'][0m
[96m[RepairModule] Trying best diff #1444 with score 10.00[0m
[96m[RepairModule] Found 10 diff combinations for annealing.[0m
[96m[RepairModule] Iteration 1, temperature 1.000: Trying diff #(1444, 2) with score 5.00[0m
[LLMClient] Tokens used: 855 (prompt), 292 (completion), 1147 (total)
[LLMClient] Prompt: 
You are given a Java test file with compilation errors in version 1.3.9:org.apache.dolphinscheduler:dolphinscheduler-api.
This test file compiles and runs successfully in 2.0.0-alpha.

The diff is related to the diff.
Your task has three steps:
 1. Locate the code where the compilation error occurs.
 2. Analyze the diff from 2.0.0-alpha to 1.3.9.
 3. Fix the error in the error position only when diff is helpful. Add import statement when needed according to the diff. 

Only output the modified version of the test file according to the diff. No explanations. If mocking, access fields via reflection if they exist.
### Compilation Errors:
message: cannot find symbol, symble: class User, location: class edu.vision.se.Testcase1

### Error Position:
        Method method_verifyFile = res.getClass().getDeclaredMethod("updateResource", User.class, int.class, String.class,

### Related Diff:
Operation: MODIFIED, File: dolphinscheduler-dao/src/main/java/org/apache/dolphinscheduler/dao/entity/User.java, Hunk: @@ -17,6 +17,7 @@
 package org.apache.dolphinscheduler.dao.entity;


-import com.fasterxml.jackson.annotation.JsonFormat;
 import org.apache.dolphinscheduler.common.enums.UserType;
 import com.baomidou.mybatisplus.annotation.IdType;
 import com.baomidou.mybatisplus.annotation.TableField;
Operation: NEW_FILE, File: .github/ISSUE_TEMPLATE/bug_report.md, Hunk: @@ -1,36 +0,0 @@
----
+name: Bug report
+about: Create a report to help us improve
+title: "[BUG] bug title "
+labels: bug
+assignees: ''
+
----
+
+*For better global communication, please give priority to using English description, thx! *
+
+**Describe the bug**
+A clear and concise description of what the bug is.
+
+**To Reproduce**
+Steps to reproduce the behavior, for example:
+1. Go to '...'
+2. Click on '....'
+3. Scroll down to '....'
+4. See error
+
+**Expected behavior**
+A clear and concise description of what you expected to happen.
+
+**Screenshots**
+If applicable, add screenshots to help explain your problem.
+
+
+**Which version of Dolphin Scheduler:**
+ -[1.1.0-preview]
+
+**Additional context**
+Add any other context about the problem here.
+
+**Requirement or improvement
+- Please describe about your requirements or improvement suggestions.

### Test File Content:
package edu.vision.se;

import static org.junit.Assert.assertTrue;

import java.lang.reflect.InvocationTargetException;
import java.lang.reflect.Method;

import org.apache.dolphinscheduler.api.service.ResourcesService;
import org.apache.dolphinscheduler.api.utils.Result;
import org.apache.dolphinscheduler.common.enums.ResourceType;
import org.junit.Test;
import org.springframework.web.multipart.MultipartFile;
import org.springframework.transaction.annotation.Transactional;

public class Testcase1 {
    @Test
    public void testDirectoryTraversal()
            throws IllegalAccessException, IllegalArgumentException, InvocationTargetException, NoSuchMethodException,
            SecurityException {
        ResourcesService res = new ResourcesService();
        Method method_verifyFile = res.getClass().getDeclaredMethod("updateResource", User.class, int.class, String.class,
                String.class, ResourceType.class, MultipartFile.class);
        method_verifyFile.setAccessible(true);
        Object result = method_verifyFile.invoke(res, null, 0, "../../abc.txt", "", null, null);
        validateReturnValue(result);
    }

    public void validateReturnValue(Object result) {
        assertTrue((result instanceof Result)
                && ((Result) result).getCode() == 1300009);
    }
}



[LLMClient] Response: 
Here's the modified version of the test file with the fix:

```java
package edu.vision.se;

import static org.junit.Assert.assertTrue;

import java.lang.reflect.InvocationTargetException;
import java.lang.reflect.Method;

import org.apache.dolphinscheduler.api.service.ResourcesService;
import org.apache.dolphinscheduler.api.utils.Result;
import org.apache.dolphinscheduler.common.enums.ResourceType;
import org.apache.dolphinscheduler.dao.entity.User;
import org.junit.Test;
import org.springframework.web.multipart.MultipartFile;
import org.springframework.transaction.annotation.Transactional;

public class Testcase1 {
    @Test
    public void testDirectoryTraversal()
            throws IllegalAccessException, IllegalArgumentException, InvocationTargetException, NoSuchMethodException,
            SecurityException {
        ResourcesService res = new ResourcesService();
        Method method_verifyFile = res.getClass().getDeclaredMethod("updateResource", User.class, int.class, String.class,
                String.class, ResourceType.class, MultipartFile.class);
        method_verifyFile.setAccessible(true);
        Object result = method_verifyFile.invoke(res, null, 0, "../../abc.txt", "", null, null);
        validateReturnValue(result);
    }

    public void validateReturnValue(Object result) {
        assertTrue((result instanceof Result)
                && ((Result) result).getCode() == 1300009);
    }
}
```
[96m[RepairModule] Wrote modified code to /PoCAdaptation/exploit/result/CVE-2022-34662/1.3.9/exploit/src/test/java/edu/vision/se/Testcase1.java[0m
[96m[Executor] Executing exploit for CVE-2022-34662 on version 1.3.9...[0m
[96m[Verifier] Verifying reproduction...[0m
[92m[Verifier] âœ“ Behavior matched: 'java.lang.AssertionError'[0m
[92m[Verifier] âœ“ Detail matched: 'org.junit.Assert.fail'[0m
[92m[Verifier] âœ“ All reproduction indicators matched.[0m
[92m[Executor] Reproduction result: Success[0m
[92m[RepairModule] Repair success![0m
[92m[RepairModule] Repair success with diff #(1444, 2) at iteration 1![0m
[96m[Adapter] Test code repair attempted.[0m
[96m[Executor] Executing exploit for CVE-2022-34662 on version 1.3.9...[0m
[96m[Verifier] Verifying reproduction...[0m
[92m[Verifier] âœ“ Behavior matched: 'java.lang.AssertionError'[0m
[92m[Verifier] âœ“ Detail matched: 'org.junit.Assert.fail'[0m
[92m[Verifier] âœ“ All reproduction indicators matched.[0m
[92m[Executor] Reproduction result: Success[0m
[92m[Adapter] Adaptation from 2.0.0-alpha to 1.3.9 successful.[0m
[Adapt] âœ“ Completed: True
[96m[Adapter] Adaptation complete. Retesting exploit on 1.3.9...[0m
[92m[Executor] Adaptation + reproduction successful on 1.3.9[0m
[96m[Adapter] Copied successful adaptation to /PoCAdaptation/exploit/valid/CVE-2022-34662/1.3.9[0m

[Executor] â–¶ Summary of return codes:
  - Version 1.3.9: âœ“ Success (exit code 0)
