Running main_process.py for CVE: CVE-2022-1848
Versions: 1.42.1, 1.34.1, 1.21.1

[1m[Main] === Starting adaptation process for CVE-2022-1848 ===[0m
[96m[Processor] Fetching all available Maven versions...[0m
[96m[Analyzer] Loading cached versions from: /PoCAdaptation/library/com_erudika_para-core.txt[0m
[96m[Analyzer] com.erudika:para-core has 127 versions (cached).[0m
[96m[Processor] Identifying versions with successful reproduction...[0m
[96m[Processor] Pending versions: ['1.13', '1.14', '1.14.1', '1.15', '1.16', '1.16.1', '1.16.2', '1.17', '1.17.1', '1.18.0', '1.18.1', '1.18.2', '1.18.3', '1.18.4', '1.18.5', '1.18.6', '1.18.7', '1.18.8', '1.18.9', '1.19.0', '1.20.0', '1.21.0', '1.21.1', '1.22.0', '1.23.0', '1.23.1', '1.24.0', '1.24.1', '1.24.2', '1.24.3', '1.24.4', '1.24.5', '1.25.0', '1.25.1', '1.25.2', '1.25.3', '1.25.4', '1.25.5', '1.26.0', '1.26.1', '1.26.2', '1.27.0', '1.28.0', '1.28.1', '1.28.2', '1.28.3', '1.28.4', '1.28.5', '1.29.0', '1.29.1', '1.29.2', '1.30.0', '1.30.1', '1.30.2', '1.31.0', '1.31.1', '1.31.2', '1.31.3', '1.32.0', '1.33.0', '1.33.1', '1.34.0', '1.34.1', '1.34.2', '1.34.3', '1.35.0', '1.36.0', '1.36.1', '1.37.0', '1.37.1', '1.38.0', '1.38.1', '1.38.2', '1.38.3', '1.38.4', '1.39.0', '1.39.1', '1.40.0', '1.41.0', '1.41.1', '1.41.2', '1.41.3', '1.42.0', '1.42.1'][0m
[96m[Preparer] Pending directory already exists: /PoCAdaptation/exploit/pending/CVE-2022-1848[0m
[92m[Main] Total affected versions: 102[0m
[92m[Main] Already reproduced versions: 18[0m
[93m[Main] Versions pending adaptation: 84[0m
[96m[Main]     -> ['1.13', '1.14', '1.14.1', '1.15', '1.16', '1.16.1', '1.16.2', '1.17', '1.17.1', '1.18.0', '1.18.1', '1.18.2', '1.18.3', '1.18.4', '1.18.5', '1.18.6', '1.18.7', '1.18.8', '1.18.9', '1.19.0', '1.20.0', '1.21.0', '1.21.1', '1.22.0', '1.23.0', '1.23.1', '1.24.0', '1.24.1', '1.24.2', '1.24.3', '1.24.4', '1.24.5', '1.25.0', '1.25.1', '1.25.2', '1.25.3', '1.25.4', '1.25.5', '1.26.0', '1.26.1', '1.26.2', '1.27.0', '1.28.0', '1.28.1', '1.28.2', '1.28.3', '1.28.4', '1.28.5', '1.29.0', '1.29.1', '1.29.2', '1.30.0', '1.30.1', '1.30.2', '1.31.0', '1.31.1', '1.31.2', '1.31.3', '1.32.0', '1.33.0', '1.33.1', '1.34.0', '1.34.1', '1.34.2', '1.34.3', '1.35.0', '1.36.0', '1.36.1', '1.37.0', '1.37.1', '1.38.0', '1.38.1', '1.38.2', '1.38.3', '1.38.4', '1.39.0', '1.39.1', '1.40.0', '1.41.0', '1.41.1', '1.41.2', '1.41.3', '1.42.0', '1.42.1'][0m
[96m[Main]     -> ['1.42.2', '1.43.0', '1.43.1', '1.43.2', '1.43.3', '1.43.4', '1.44.0', '1.45.0', '1.45.1', '1.45.2', '1.45.3', '1.45.4', '1.45.5', '1.45.6', '1.45.7', '1.45.8', '1.45.9', '1.45.10'][0m
[96m[Executor] Running initial exploit mvn test in /PoCAdaptation/exploit/origin/CVE-2022-1848/exploit[0m
[91m[Executor] Initial exploit execution finished with return code 1[0m
[96m[Verifier] Verifying reproduction...[0m
[92m[Verifier] âœ“ Behavior matched: 'java.lang.AssertionError'[0m
[92m[Verifier] âœ“ Detail matched: 'org.junit.Assert.fail'[0m
[92m[Verifier] âœ“ All reproduction indicators matched.[0m
[92m[Verifier] Initial exploit behavior verified successfully.[0m
[96m[Selector] Nearest need adapatation version selected: 1.42.1[0m
[96m[Selector] Closest reproduced version: 1.42.2 at index 84[0m
[96m[Adapter] Trying next closest version: 1.42.1[0m
[93m[Preparer] No usable exploit dirs found under /PoCAdaptation/exploit/valid/CVE-2022-1848[0m
[92m[Preparer] Copied exploit to: /PoCAdaptation/exploit/pending/CVE-2022-1848/1.42.1/exploit[0m
[96m[Preparer] Updating dependency version to 1.42.1 in /PoCAdaptation/exploit/pending/CVE-2022-1848/1.42.1/exploit/pom.xml[0m
[92m[Preparer] Updated dependency version to 1.42.1 in /PoCAdaptation/exploit/pending/CVE-2022-1848/1.42.1/exploit/pom.xml[0m
[96m[Executor] Attempting direct exploit execution on 1.42.1...[0m
[96m[Executor] Executing exploit for CVE-2022-1848 on version 1.42.1...[0m
[96m[Verifier] Verifying reproduction...[0m
[91m[Verifier] âœ— Behavior not found: 'java.lang.AssertionError'[0m
[91m[Executor] Reproduction result: Failure[0m
[96m[Adapter] Attempting adaptation from base version 1.42.2 to 1.42.1...[0m
[96m[Adapter] Start adapting exploit from 1.42.2 to 1.42.1"[0m
[96m[Executor] Executing exploit for CVE-2022-1848 on version 1.42.1...[0m
[96m[Verifier] Verifying reproduction...[0m
[91m[Verifier] âœ— Behavior not found: 'java.lang.AssertionError'[0m
[91m[Executor] Reproduction result: Failure[0m
[96m[ErrorManager] Ignoring line: [ERROR] Failed to execute goal org.apache.maven.plugins:maven-compiler-plugin:3.1:testCompile (default-testCompile) on project CVE-2022-1848: Compilation failure: Compilation failure:[0m
[92m[ErrorManager] Processing line: [ERROR] /PoCAdaptation/exploit/result/CVE-2022-1848/1.42.1/exploit/src/test/java/edu/vision/se/Testcase1.java:[9,47] package com.erudika.para.core.validation does not exist[0m
[92m[ErrorManager] Processing line: [ERROR] /PoCAdaptation/exploit/result/CVE-2022-1848/1.42.1/exploit/src/test/java/edu/vision/se/Testcase1.java:[22,20] cannot find symbol[0m
[92m[ErrorManager] Processing line: [ERROR]   symbol:   method validateObject(com.erudika.para.core.User)[0m
[92m[ErrorManager] Processing line: [ERROR]   location: class edu.vision.se.Testcase1[0m
[92m[ErrorManager] Processing line: [ERROR] /PoCAdaptation/exploit/result/CVE-2022-1848/1.42.1/exploit/src/test/java/edu/vision/se/Testcase1.java:[25,21] cannot find symbol[0m
[92m[ErrorManager] Processing line: [ERROR]   symbol:   method validateObject(com.erudika.para.core.User)[0m
[92m[ErrorManager] Processing line: [ERROR]   location: class edu.vision.se.Testcase1[0m
[96m[ErrorManager] Ignoring line: [ERROR] -> [Help 1][0m
[96m[ErrorManager] Ignoring line: [ERROR][0m
[96m[ErrorManager] Ignoring line: [ERROR] To see the full stack trace of the errors, re-run Maven with the -e switch.[0m
[96m[ErrorManager] Ignoring line: [ERROR] Re-run Maven using the -X switch to enable full debug logging.[0m
[96m[ErrorManager] Ignoring line: [ERROR][0m
[96m[ErrorManager] Ignoring line: [ERROR] For more information about the errors and possible solutions, please read the following articles:[0m
[96m[ErrorManager] Ignoring line: [ERROR] [Help 1] http://cwiki.apache.org/confluence/display/MAVEN/MojoFailureException[0m
[96m[Adapter] Locating fix position in error log.[0m
[LLMClient] Tokens used: 1679 (prompt), 1 (completion), 1680 (total)
[LLMClient] Prompt: 
You are given a Java error log when executing 'mvn test' in a project with dependency version 1.42.1:com.erudika:para-core.
This test file compiles and runs successfully with version 1.42.2.

Your task is to:
1. Analyze why this issue occurs with the *1.42.2* but not with the *1.42.1 version*.
2. Consider how to resolve the issue **without updating this library**.
3. Determine and output the location in the project that should be modified to fix the problem.

Please return 'pom' if the fix is in the pom.xml file, or 'test' if the fix is in the test code.
Do not return any other text, just 'pom' or 'test'.

The error log is:
[INFO] Scanning for projects...
[INFO] 
[INFO] --------------------< edu.vision.se:CVE-2022-1848 >---------------------
[INFO] Building CVE-2022-1848 1.0-SNAPSHOT
[INFO]   from pom.xml
[INFO] --------------------------------[ jar ]---------------------------------
[INFO] 
[INFO] --- maven-clean-plugin:2.5:clean (default-clean) @ CVE-2022-1848 ---
[INFO] Deleting /PoCAdaptation/exploit/result/CVE-2022-1848/1.42.1/exploit/target
[INFO] 
[INFO] --- maven-resources-plugin:2.6:resources (default-resources) @ CVE-2022-1848 ---
[WARNING] Using platform encoding (UTF-8 actually) to copy filtered resources, i.e. build is platform dependent!
[INFO] skip non existing resourceDirectory /PoCAdaptation/exploit/result/CVE-2022-1848/1.42.1/exploit/src/main/resources
[INFO] 
[INFO] --- maven-compiler-plugin:3.1:compile (default-compile) @ CVE-2022-1848 ---
[INFO] No sources to compile
[INFO] 
[INFO] --- maven-resources-plugin:2.6:testResources (default-testResources) @ CVE-2022-1848 ---
[WARNING] Using platform encoding (UTF-8 actually) to copy filtered resources, i.e. build is platform dependent!
[INFO] skip non existing resourceDirectory /PoCAdaptation/exploit/result/CVE-2022-1848/1.42.1/exploit/src/test/resources
[INFO] 
[INFO] --- maven-compiler-plugin:3.1:testCompile (default-testCompile) @ CVE-2022-1848 ---
[INFO] Changes detected - recompiling the module!
[WARNING] File encoding has not been set, using platform encoding UTF-8, i.e. build is platform dependent!
[INFO] Compiling 1 source file to /PoCAdaptation/exploit/result/CVE-2022-1848/1.42.1/exploit/target/test-classes
[INFO] -------------------------------------------------------------
[ERROR] COMPILATION ERROR : 
[INFO] -------------------------------------------------------------
[ERROR] /PoCAdaptation/exploit/result/CVE-2022-1848/1.42.1/exploit/src/test/java/edu/vision/se/Testcase1.java:[9,47] package com.erudika.para.core.validation does not exist
[ERROR] /PoCAdaptation/exploit/result/CVE-2022-1848/1.42.1/exploit/src/test/java/edu/vision/se/Testcase1.java:[22,20] cannot find symbol
  symbol:   method validateObject(com.erudika.para.core.User)
  location: class edu.vision.se.Testcase1
[ERROR] /PoCAdaptation/exploit/result/CVE-2022-1848/1.42.1/exploit/src/test/java/edu/vision/se/Testcase1.java:[25,21] cannot find symbol
  symbol:   method validateObject(com.erudika.para.core.User)
  location: class edu.vision.se.Testcase1
[INFO] 3 errors 
[INFO] -------------------------------------------------------------
[INFO] ------------------------------------------------------------------------
[INFO] BUILD FAILURE
[INFO] ------------------------------------------------------------------------
[INFO] Total time:  1.274 s
[INFO] Finished at: 2025-07-13T12:35:29Z
[INFO] ------------------------------------------------------------------------
[ERROR] Failed to execute goal org.apache.maven.plugins:maven-compiler-plugin:3.1:testCompile (default-testCompile) on project CVE-2022-1848: Compilation failure: Compilation failure: 
[ERROR] /PoCAdaptation/exploit/result/CVE-2022-1848/1.42.1/exploit/src/test/java/edu/vision/se/Testcase1.java:[9,47] package com.erudika.para.core.validation does not exist
[ERROR] /PoCAdaptation/exploit/result/CVE-2022-1848/1.42.1/exploit/src/test/java/edu/vision/se/Testcase1.java:[22,20] cannot find symbol
[ERROR]   symbol:   method validateObject(com.erudika.para.core.User)
[ERROR]   location: class edu.vision.se.Testcase1
[ERROR] /PoCAdaptation/exploit/result/CVE-2022-1848/1.42.1/exploit/src/test/java/edu/vision/se/Testcase1.java:[25,21] cannot find symbol
[ERROR]   symbol:   method validateObject(com.erudika.para.core.User)
[ERROR]   location: class edu.vision.se.Testcase1
[ERROR] -> [Help 1]
[ERROR] 
[ERROR] To see the full stack trace of the errors, re-run Maven with the -e switch.
[ERROR] Re-run Maven using the -X switch to enable full debug logging.
[ERROR] 
[ERROR] For more information about the errors and possible solutions, please read the following articles:
[ERROR] [Help 1] http://cwiki.apache.org/confluence/display/MAVEN/MojoFailureException


current_pom file is:<?xml version='1.0' encoding='utf-8'?>
<project xmlns="http://maven.apache.org/POM/4.0.0" xmlns:xsi="http://www.w3.org/2001/XMLSchema-instance" xsi:schemaLocation="http://maven.apache.org/POM/4.0.0 http://maven.apache.org/xsd/maven-4.0.0.xsd">
    <modelVersion>4.0.0</modelVersion>
    <groupId>edu.vision.se</groupId>
    <artifactId>CVE-2022-1848</artifactId>
    <version>1.0-SNAPSHOT</version>

    <properties>
        <maven.compiler.source>11</maven.compiler.source>
        <maven.compiler.target>11</maven.compiler.target>
    </properties>

    <dependencies>
        
        <dependency>
            <groupId>com.erudika</groupId>
            <artifactId>para-core</artifactId>
            <version>1.42.1</version>
        </dependency>
    <dependency><groupId>junit</groupId><artifactId>junit</artifactId><version>4.13.2</version></dependency>
    
    </dependencies>

</project>
[LLMClient] Response: 
test
[96m[Adapter] LLM response for fix position: test[0m
[LLMClient] Tokens used: 144 (prompt), 12 (completion), 156 (total)
[LLMClient] Prompt: 
You are given an error log when executing 'mvn test' in version 1.42.1: 

Error: package com.erudika.para.core.validation does not exist, None, None 

The test executes as expected in 1.42.2 

Error code: import static com.erudika.para.core.validation.ValidationUtils.*; 

Extract two key *entities* from the error for searching related diffs 

The extracted entities should reflect code-level identifiers that are likely to appear in source code or diffs. 

Output each node as a `;`-separated list, with no explanations. 


[LLMClient] Response: 
com.erudika.para.core.validation;ValidationUtils
[96m[ErrorManager] Extracted key entities: ['com.erudika.para.core.validation', 'ValidationUtils'][0m
[96m[Adapter] Try to solve error: {'file': '/PoCAdaptation/exploit/result/CVE-2022-1848/1.42.1/exploit/src/test/java/edu/vision/se/Testcase1.java', 'line': 9, 'column': 47, 'message': 'package com.erudika.para.core.validation does not exist', 'symbol': None, 'location': None, 'code_line': 'import static com.erudika.para.core.validation.ValidationUtils.*;'} with cause: ['com.erudika.para.core.validation', 'ValidationUtils'][0m
[96m[Adapter] Related diffs for error: [(134, 14.0), (33, 8.0), (161, 8.0), (188, 8.0), (261, 8.0)][0m
[96m[Adapter] Fix position is in test code.[0m
[96m[RepairModule] Start repair for group: package com.erudika.para.core.validation does not exist | cause: ['com.erudika.para.core.validation', 'ValidationUtils'][0m
[96m[RepairModule] Trying best diff #134 with score 14.00[0m
[96m[RepairModule] Iteration 0, temperature 1.000: Trying diff #134 with score 14.00[0m
[LLMClient] Tokens used: 1145 (prompt), 219 (completion), 1364 (total)
[LLMClient] Prompt: 
You are given a Java test file with compilation errors in version 1.42.1:com.erudika:para-core.
This test file compiles and runs successfully in 1.42.2.

The diff is related to the diff.
Your task has three steps:
 1. Locate the code where the compilation error occurs.
 2. Analyze the diff from 1.42.2 to 1.42.1.
 3. Fix the error in the error position only when diff is helpful. Add import statement when needed according to the diff. 

Only output the modified version of the test file according to the diff. No explanations. If mocking, access fields via reflection if they exist.
### Compilation Errors:
message: package com.erudika.para.core.validation does not exist, symble: None, location: None

### Error Position:
import static com.erudika.para.core.validation.ValidationUtils.*;

### Related Diff:
Operation: MODIFIED, File: para-core/src/main/java/com/erudika/para/core/validation/ValidationUtils.java, Hunk: @@ -15,30 +15,30 @@
  *
  * For issues and patches go to: https://github.com/erudika
  */
+package com.erudika.para.validation;
-package com.erudika.para.core.validation;

+import com.erudika.para.annotations.Email;
-import com.erudika.para.core.annotations.Email;
 import com.erudika.para.core.App;
 import com.erudika.para.core.ParaObject;
 import com.erudika.para.core.utils.ParaObjectUtils;
 import com.erudika.para.core.Sysprop;
+import com.erudika.para.utils.Config;
+import com.erudika.para.utils.Utils;
+import static com.erudika.para.validation.Constraint.digits;
+import static com.erudika.para.validation.Constraint.email;
+import static com.erudika.para.validation.Constraint.falsy;
+import static com.erudika.para.validation.Constraint.fromAnnotation;
+import static com.erudika.para.validation.Constraint.future;
+import static com.erudika.para.validation.Constraint.isValidConstraintType;
+import static com.erudika.para.validation.Constraint.matches;
+import static com.erudika.para.validation.Constraint.max;
+import static com.erudika.para.validation.Constraint.min;
+import static com.erudika.para.validation.Constraint.past;
+import static com.erudika.para.validation.Constraint.pattern;
+import static com.erudika.para.validation.Constraint.required;
+import static com.erudika.para.validation.Constraint.size;
+import static com.erudika.para.validation.Constraint.truthy;
+import static com.erudika.para.validation.Constraint.url;
-import com.erudika.para.core.utils.Config;
-import com.erudika.para.core.utils.Utils;
-import static com.erudika.para.core.validation.Constraint.digits;
-import static com.erudika.para.core.validation.Constraint.email;
-import static com.erudika.para.core.validation.Constraint.falsy;
-import static com.erudika.para.core.validation.Constraint.fromAnnotation;
-import static com.erudika.para.core.validation.Constraint.future;
-import static com.erudika.para.core.validation.Constraint.isValidConstraintType;
-import static com.erudika.para.core.validation.Constraint.matches;
-import static com.erudika.para.core.validation.Constraint.max;
-import static com.erudika.para.core.validation.Constraint.min;
-import static com.erudika.para.core.validation.Constraint.past;
-import static com.erudika.para.core.validation.Constraint.pattern;
-import static com.erudika.para.core.validation.Constraint.required;
-import static com.erudika.para.core.validation.Constraint.size;
-import static com.erudika.para.core.validation.Constraint.truthy;
-import static com.erudika.para.core.validation.Constraint.url;
 import java.lang.annotation.Annotation;
 import java.lang.reflect.Field;
 import java.util.Collections;

### Test File Content:
package edu.vision.se;

import static org.junit.Assert.assertFalse;
import static org.junit.Assert.assertTrue;

import org.junit.Test;

import com.erudika.para.core.User;
import static com.erudika.para.core.validation.ValidationUtils.*;
import java.nio.file.Files;
import java.nio.file.Paths;
import java.nio.file.Path;


public class Testcase1 {
    @Test
    public void testPasswordConstraint() throws Exception {
        User u = new User();
        u.setName("test");
        u.setEmail("ab@cd.com");
        u.setIdentifier("ab@cd.com");
        assertTrue(validateObject(u).length == 0);
        String password = new String(Files.readAllBytes(Paths.get("/PoCAdaptation/exploit/file/CVE-2022-1848.txt")));
        u.setPassword(password.trim()); 
        assertFalse(validateObject(u).length == 0);
    }
}


[LLMClient] Response: 
Here's the modified test file with the corrected import statement based on the diff:

```java
package edu.vision.se;

import static org.junit.Assert.assertFalse;
import static org.junit.Assert.assertTrue;

import org.junit.Test;

import com.erudika.para.core.User;
import static com.erudika.para.validation.ValidationUtils.*;
import java.nio.file.Files;
import java.nio.file.Paths;
import java.nio.file.Path;


public class Testcase1 {
    @Test
    public void testPasswordConstraint() throws Exception {
        User u = new User();
        u.setName("test");
        u.setEmail("ab@cd.com");
        u.setIdentifier("ab@cd.com");
        assertTrue(validateObject(u).length == 0);
        String password = new String(Files.readAllBytes(Paths.get("/PoCAdaptation/exploit/file/CVE-2022-1848.txt")));
        u.setPassword(password.trim()); 
        assertFalse(validateObject(u).length == 0);
    }
}
```
[96m[RepairModule] Wrote modified code to /PoCAdaptation/exploit/result/CVE-2022-1848/1.42.1/exploit/src/test/java/edu/vision/se/Testcase1.java[0m
[96m[Executor] Executing exploit for CVE-2022-1848 on version 1.42.1...[0m
[96m[Verifier] Verifying reproduction...[0m
[92m[Verifier] âœ“ Behavior matched: 'java.lang.AssertionError'[0m
[92m[Verifier] âœ“ Detail matched: 'org.junit.Assert.fail'[0m
[92m[Verifier] âœ“ All reproduction indicators matched.[0m
[92m[Executor] Reproduction result: Success[0m
[92m[RepairModule] Repair success![0m
[92m[RepairModule] Repair success with diff #134 at iteration 0![0m
[96m[Adapter] Test code repair attempted.[0m
[96m[Executor] Executing exploit for CVE-2022-1848 on version 1.42.1...[0m
[96m[Verifier] Verifying reproduction...[0m
[92m[Verifier] âœ“ Behavior matched: 'java.lang.AssertionError'[0m
[92m[Verifier] âœ“ Detail matched: 'org.junit.Assert.fail'[0m
[92m[Verifier] âœ“ All reproduction indicators matched.[0m
[92m[Executor] Reproduction result: Success[0m
[92m[Adapter] Adaptation from 1.42.2 to 1.42.1 successful.[0m
[Adapt] âœ“ Completed: True
[96m[Adapter] Adaptation complete. Retesting exploit on 1.42.1...[0m
[92m[Executor] Adaptation + reproduction successful on 1.42.1[0m
[96m[Adapter] Copied successful adaptation to /PoCAdaptation/exploit/valid/CVE-2022-1848/1.42.1[0m
[1m[Main] === Starting adaptation process for CVE-2022-1848 ===[0m
[96m[Processor] Fetching all available Maven versions...[0m
[96m[Analyzer] Loading cached versions from: /PoCAdaptation/library/com_erudika_para-core.txt[0m
[96m[Analyzer] com.erudika:para-core has 127 versions (cached).[0m
[96m[Processor] Identifying versions with successful reproduction...[0m
[96m[Processor] Pending versions: ['1.13', '1.14', '1.14.1', '1.15', '1.16', '1.16.1', '1.16.2', '1.17', '1.17.1', '1.18.0', '1.18.1', '1.18.2', '1.18.3', '1.18.4', '1.18.5', '1.18.6', '1.18.7', '1.18.8', '1.18.9', '1.19.0', '1.20.0', '1.21.0', '1.21.1', '1.22.0', '1.23.0', '1.23.1', '1.24.0', '1.24.1', '1.24.2', '1.24.3', '1.24.4', '1.24.5', '1.25.0', '1.25.1', '1.25.2', '1.25.3', '1.25.4', '1.25.5', '1.26.0', '1.26.1', '1.26.2', '1.27.0', '1.28.0', '1.28.1', '1.28.2', '1.28.3', '1.28.4', '1.28.5', '1.29.0', '1.29.1', '1.29.2', '1.30.0', '1.30.1', '1.30.2', '1.31.0', '1.31.1', '1.31.2', '1.31.3', '1.32.0', '1.33.0', '1.33.1', '1.34.0', '1.34.1', '1.34.2', '1.34.3', '1.35.0', '1.36.0', '1.36.1', '1.37.0', '1.37.1', '1.38.0', '1.38.1', '1.38.2', '1.38.3', '1.38.4', '1.39.0', '1.39.1', '1.40.0', '1.41.0', '1.41.1', '1.41.2', '1.41.3', '1.42.0', '1.42.1'][0m
[96m[Preparer] Pending directory already exists: /PoCAdaptation/exploit/pending/CVE-2022-1848[0m
[92m[Main] Total affected versions: 102[0m
[92m[Main] Already reproduced versions: 39[0m
[93m[Main] Versions pending adaptation: 63[0m
[96m[Main]     -> ['1.13', '1.14', '1.14.1', '1.15', '1.16', '1.16.1', '1.16.2', '1.17', '1.17.1', '1.18.0', '1.18.1', '1.18.2', '1.18.3', '1.18.4', '1.18.5', '1.18.6', '1.18.7', '1.18.8', '1.18.9', '1.19.0', '1.20.0', '1.21.0', '1.21.1', '1.22.0', '1.23.0', '1.23.1', '1.24.0', '1.24.1', '1.24.2', '1.24.3', '1.24.4', '1.24.5', '1.25.0', '1.25.1', '1.25.2', '1.25.3', '1.25.4', '1.25.5', '1.26.0', '1.26.1', '1.26.2', '1.27.0', '1.28.0', '1.28.1', '1.28.2', '1.28.3', '1.28.4', '1.28.5', '1.29.0', '1.29.1', '1.29.2', '1.30.0', '1.30.1', '1.30.2', '1.31.0', '1.31.1', '1.31.2', '1.31.3', '1.32.0', '1.33.0', '1.33.1', '1.34.0', '1.34.1'][0m
[96m[Main]     -> ['1.34.2', '1.34.3', '1.35.0', '1.36.0', '1.36.1', '1.37.0', '1.37.1', '1.38.0', '1.38.1', '1.38.2', '1.38.3', '1.38.4', '1.39.0', '1.39.1', '1.40.0', '1.41.0', '1.41.1', '1.41.2', '1.41.3', '1.42.0', '1.42.1', '1.42.2', '1.43.0', '1.43.1', '1.43.2', '1.43.3', '1.43.4', '1.44.0', '1.45.0', '1.45.1', '1.45.2', '1.45.3', '1.45.4', '1.45.5', '1.45.6', '1.45.7', '1.45.8', '1.45.9', '1.45.10'][0m
[96m[Executor] Running initial exploit mvn test in /PoCAdaptation/exploit/origin/CVE-2022-1848/exploit[0m
[91m[Executor] Initial exploit execution finished with return code 1[0m
[96m[Verifier] Verifying reproduction...[0m
[92m[Verifier] âœ“ Behavior matched: 'java.lang.AssertionError'[0m
[92m[Verifier] âœ“ Detail matched: 'org.junit.Assert.fail'[0m
[92m[Verifier] âœ“ All reproduction indicators matched.[0m
[92m[Verifier] Initial exploit behavior verified successfully.[0m
[96m[Selector] Nearest need adapatation version selected: 1.34.1[0m
[96m[Selector] Closest reproduced version: 1.34.2 at index 63[0m
[96m[Adapter] Trying next closest version: 1.34.1[0m
[96m[Preparer] Using closest existing exploit version: /PoCAdaptation/exploit/valid/CVE-2022-1848/1.42.1/exploit[0m
[92m[Preparer] Copied exploit to: /PoCAdaptation/exploit/pending/CVE-2022-1848/1.34.1/exploit[0m
[96m[Preparer] Updating dependency version to 1.34.1 in /PoCAdaptation/exploit/pending/CVE-2022-1848/1.34.1/exploit/pom.xml[0m
[92m[Preparer] Updated dependency version to 1.34.1 in /PoCAdaptation/exploit/pending/CVE-2022-1848/1.34.1/exploit/pom.xml[0m
[96m[Executor] Attempting direct exploit execution on 1.34.1...[0m
[96m[Executor] Executing exploit for CVE-2022-1848 on version 1.34.1...[0m
[96m[Verifier] Verifying reproduction...[0m
[91m[Verifier] âœ— Behavior not found: 'java.lang.AssertionError'[0m
[91m[Executor] Reproduction result: Failure[0m
[96m[Adapter] Attempting adaptation from base version 1.34.2 to 1.34.1...[0m
[96m[Adapter] Start adapting exploit from 1.34.2 to 1.34.1"[0m
[96m[Executor] Executing exploit for CVE-2022-1848 on version 1.34.1...[0m
[96m[Verifier] Verifying reproduction...[0m
[91m[Verifier] âœ— Behavior not found: 'java.lang.AssertionError'[0m
[91m[Executor] Reproduction result: Failure[0m
[92m[ErrorManager] Processing line: [ERROR] Failed to execute goal on project CVE-2022-1848: Could not resolve dependencies for project edu.vision.se:CVE-2022-1848:jar:1.0-SNAPSHOT: Failed to collect dependencies at com.erudika:para-core:jar:1.34.1 -> org.springframework:spring-core:jar:5.2.0.RC2: Failed to read artifact descriptor for org.springframework:spring-core:jar:5.2.0.RC2: Could not transfer artifact org.springframework:spring-core:pom:5.2.0.RC2 from/to maven-default-http-blocker (http://0.0.0.0/): Blocked mirror for repositories: [spring-milestone (http://repo.spring.io/milestone, default, releases)] -> [Help 1][0m
[96m[ErrorManager] Ignoring line: [ERROR][0m
[96m[ErrorManager] Ignoring line: [ERROR] To see the full stack trace of the errors, re-run Maven with the -e switch.[0m
[96m[ErrorManager] Ignoring line: [ERROR] Re-run Maven using the -X switch to enable full debug logging.[0m
[96m[ErrorManager] Ignoring line: [ERROR][0m
[96m[ErrorManager] Ignoring line: [ERROR] For more information about the errors and possible solutions, please read the following articles:[0m
[96m[ErrorManager] Ignoring line: [ERROR] [Help 1] http://cwiki.apache.org/confluence/display/MAVEN/DependencyResolutionException[0m
[91m[ErrorManager] Failed to read file UNKNOWN: [Errno 2] No such file or directory: 'UNKNOWN'[0m
[96m[Adapter] Locating fix position in error log.[0m
[LLMClient] Tokens used: 868 (prompt), 2 (completion), 870 (total)
[LLMClient] Prompt: 
You are given a Java error log when executing 'mvn test' in a project with dependency version 1.34.1:com.erudika:para-core.
This test file compiles and runs successfully with version 1.34.2.

Your task is to:
1. Analyze why this issue occurs with the *1.34.2* but not with the *1.34.1 version*.
2. Consider how to resolve the issue **without updating this library**.
3. Determine and output the location in the project that should be modified to fix the problem.

Please return 'pom' if the fix is in the pom.xml file, or 'test' if the fix is in the test code.
Do not return any other text, just 'pom' or 'test'.

The error log is:
[INFO] Scanning for projects...
[INFO] 
[INFO] --------------------< edu.vision.se:CVE-2022-1848 >---------------------
[INFO] Building CVE-2022-1848 1.0-SNAPSHOT
[INFO]   from pom.xml
[INFO] --------------------------------[ jar ]---------------------------------
[INFO] ------------------------------------------------------------------------
[INFO] BUILD FAILURE
[INFO] ------------------------------------------------------------------------
[INFO] Total time:  0.382 s
[INFO] Finished at: 2025-07-13T12:36:03Z
[INFO] ------------------------------------------------------------------------
[ERROR] Failed to execute goal on project CVE-2022-1848: Could not resolve dependencies for project edu.vision.se:CVE-2022-1848:jar:1.0-SNAPSHOT: Failed to collect dependencies at com.erudika:para-core:jar:1.34.1 -> org.springframework:spring-core:jar:5.2.0.RC2: Failed to read artifact descriptor for org.springframework:spring-core:jar:5.2.0.RC2: Could not transfer artifact org.springframework:spring-core:pom:5.2.0.RC2 from/to maven-default-http-blocker (http://0.0.0.0/): Blocked mirror for repositories: [spring-milestone (http://repo.spring.io/milestone, default, releases)] -> [Help 1]
[ERROR] 
[ERROR] To see the full stack trace of the errors, re-run Maven with the -e switch.
[ERROR] Re-run Maven using the -X switch to enable full debug logging.
[ERROR] 
[ERROR] For more information about the errors and possible solutions, please read the following articles:
[ERROR] [Help 1] http://cwiki.apache.org/confluence/display/MAVEN/DependencyResolutionException


current_pom file is:<?xml version='1.0' encoding='utf-8'?>
<project xmlns="http://maven.apache.org/POM/4.0.0" xmlns:xsi="http://www.w3.org/2001/XMLSchema-instance" xsi:schemaLocation="http://maven.apache.org/POM/4.0.0 http://maven.apache.org/xsd/maven-4.0.0.xsd">
    <modelVersion>4.0.0</modelVersion>
    <groupId>edu.vision.se</groupId>
    <artifactId>CVE-2022-1848</artifactId>
    <version>1.0-SNAPSHOT</version>

    <properties>
        <maven.compiler.source>11</maven.compiler.source>
        <maven.compiler.target>11</maven.compiler.target>
    </properties>

    <dependencies>
        
        <dependency>
            <groupId>com.erudika</groupId>
            <artifactId>para-core</artifactId>
            <version>1.34.1</version>
        </dependency>
    <dependency><groupId>junit</groupId><artifactId>junit</artifactId><version>4.13.2</version></dependency>
    
    </dependencies>

</project>
[LLMClient] Response: 
pom
[96m[Adapter] LLM response for fix position: pom[0m
[96m[Adapter] Fix position is in pom.xml.[0m
[LLMClient] Tokens used: 294 (prompt), 33 (completion), 327 (total)
[LLMClient] Prompt: 
You are given an error log when executing 'mvn test' in version 1.34.1: 

Error: Failed to execute goal on project CVE-2022-1848: Could not resolve dependencies for project edu.vision.se:CVE-2022-1848:jar:1.0-SNAPSHOT: Failed to collect dependencies at com.erudika:para-core:jar:1.34.1 -> org.springframework:spring-core:jar:5.2.0.RC2: Failed to read artifact descriptor for org.springframework:spring-core:jar:5.2.0.RC2: Could not transfer artifact org.springframework:spring-core:pom:5.2.0.RC2 from/to maven-default-http-blocker (http://0.0.0.0/): Blocked mirror for repositories: [spring-milestone (http://repo.spring.io/milestone, default, releases)] -> [Help 1], None, None 

The test executes as expected in 1.34.2 

Error code: None 

Extract two key *entities* from the error for searching related diffs 

The extracted entities should reflect code-level identifiers that are likely to appear in source code or diffs. 

Output each node as a `;`-separated list, with no explanations. 


[LLMClient] Response: 
com.erudika:para-core:jar:1.34.1;org.springframework:spring-core:jar:5.2.0.RC2
[96m[ErrorManager] Extracted key entities: ['com.erudika:para-core:jar:1.34.1', 'org.springframework:spring-core:jar:5.2.0.RC2'][0m
[96m[RepairModule] Start repair[0m
[96m[RepairModule] Iteration 1, temperature 1.000: Trying diff #2 with score 1.00[0m
[LLMClient] Tokens used: 921 (prompt), 97 (completion), 1018 (total)
[LLMClient] Prompt: 
You are given an error when executing test in in 1.34.1:com.erudika:para-core
This test file compiles and runs successfully in 1.34.2.

Related diff is Operation: MODIFIED, File: para-client/pom.xml, Hunk: @@ -4,7 +4,7 @@
 	<parent>
 		<groupId>com.erudika</groupId>
 		<artifactId>para-parent</artifactId>
-		<version>1.34.1</version>
+		<version>1.34.2</version>
 	</parent>

 	<artifactId>para-client</artifactId>

You are NOT allowed to change the version of the dependency com.erudika:para-core.
Your task is to solve the problem by changing the pom file of the project
Current pom file is <?xml version='1.0' encoding='utf-8'?>
<project xmlns="http://maven.apache.org/POM/4.0.0" xmlns:xsi="http://www.w3.org/2001/XMLSchema-instance" xsi:schemaLocation="http://maven.apache.org/POM/4.0.0 http://maven.apache.org/xsd/maven-4.0.0.xsd">
    <modelVersion>4.0.0</modelVersion>
    <groupId>edu.vision.se</groupId>
    <artifactId>CVE-2022-1848</artifactId>
    <version>1.0-SNAPSHOT</version>

    <properties>
        <maven.compiler.source>11</maven.compiler.source>
        <maven.compiler.target>11</maven.compiler.target>
    </properties>

    <dependencies>
        
        <dependency>
            <groupId>com.erudika</groupId>
            <artifactId>para-core</artifactId>
            <version>1.34.1</version>
        </dependency>
    <dependency><groupId>junit</groupId><artifactId>junit</artifactId><version>4.13.2</version></dependency>
    
    </dependencies>

</project>
Your task is 1. Analyze the cause of the errors 2. Decide fix position of the pom file according to the cause 3. Output only the updated partion of pom.xml entries without explanation

### Compilation Errors:
[INFO] Scanning for projects...
[INFO] 
[INFO] --------------------< edu.vision.se:CVE-2022-1848 >---------------------
[INFO] Building CVE-2022-1848 1.0-SNAPSHOT
[INFO]   from pom.xml
[INFO] --------------------------------[ jar ]---------------------------------
[INFO] ------------------------------------------------------------------------
[INFO] BUILD FAILURE
[INFO] ------------------------------------------------------------------------
[INFO] Total time:  0.382 s
[INFO] Finished at: 2025-07-13T12:36:03Z
[INFO] ------------------------------------------------------------------------
[ERROR] Failed to execute goal on project CVE-2022-1848: Could not resolve dependencies for project edu.vision.se:CVE-2022-1848:jar:1.0-SNAPSHOT: Failed to collect dependencies at com.erudika:para-core:jar:1.34.1 -> org.springframework:spring-core:jar:5.2.0.RC2: Failed to read artifact descriptor for org.springframework:spring-core:jar:5.2.0.RC2: Could not transfer artifact org.springframework:spring-core:pom:5.2.0.RC2 from/to maven-default-http-blocker (http://0.0.0.0/): Blocked mirror for repositories: [spring-milestone (http://repo.spring.io/milestone, default, releases)] -> [Help 1]
[ERROR] 
[ERROR] To see the full stack trace of the errors, re-run Maven with the -e switch.
[ERROR] Re-run Maven using the -X switch to enable full debug logging.
[ERROR] 
[ERROR] For more information about the errors and possible solutions, please read the following articles:
[ERROR] [Help 1] http://cwiki.apache.org/confluence/display/MAVEN/DependencyResolutionException


[LLMClient] Response: 
The error occurs because Maven is trying to download dependencies from an HTTP repository (http://repo.spring.io/milestone) which is blocked by default in newer Maven versions. Here's the updated portion of the pom.xml to fix this:

```xml
    <repositories>
        <repository>
            <id>spring-milestone</id>
            <url>https://repo.spring.io/milestone</url>
        </repository>
    </repositories>
```
[Adapter] + Adding tag <repositories> to pom.xml
[Adapter] âœ“ pom.xml successfully updated.
[96m[Executor] Executing exploit for CVE-2022-1848 on version 1.34.1...[0m
[96m[Verifier] Verifying reproduction...[0m
[92m[Verifier] âœ“ Behavior matched: 'java.lang.AssertionError'[0m
[92m[Verifier] âœ“ Detail matched: 'org.junit.Assert.fail'[0m
[92m[Verifier] âœ“ All reproduction indicators matched.[0m
[92m[Executor] Reproduction result: Success[0m
[96m[Executor] Executing exploit for CVE-2022-1848 on version 1.34.1...[0m
[96m[Verifier] Verifying reproduction...[0m
[92m[Verifier] âœ“ Behavior matched: 'java.lang.AssertionError'[0m
[92m[Verifier] âœ“ Detail matched: 'org.junit.Assert.fail'[0m
[92m[Verifier] âœ“ All reproduction indicators matched.[0m
[92m[Executor] Reproduction result: Success[0m
[Adapt] âœ“ Completed: True
[96m[Adapter] Adaptation complete. Retesting exploit on 1.34.1...[0m
[92m[Executor] Adaptation + reproduction successful on 1.34.1[0m
[96m[Adapter] Copied successful adaptation to /PoCAdaptation/exploit/valid/CVE-2022-1848/1.34.1[0m
[1m[Main] === Starting adaptation process for CVE-2022-1848 ===[0m
[96m[Processor] Fetching all available Maven versions...[0m
[96m[Analyzer] Loading cached versions from: /PoCAdaptation/library/com_erudika_para-core.txt[0m
[96m[Analyzer] com.erudika:para-core has 127 versions (cached).[0m
[96m[Processor] Identifying versions with successful reproduction...[0m
[96m[Processor] Pending versions: ['1.13', '1.14', '1.14.1', '1.15', '1.16', '1.16.1', '1.16.2', '1.17', '1.17.1', '1.18.0', '1.18.1', '1.18.2', '1.18.3', '1.18.4', '1.18.5', '1.18.6', '1.18.7', '1.18.8', '1.18.9', '1.19.0', '1.20.0', '1.21.0', '1.21.1', '1.22.0', '1.23.0', '1.23.1', '1.24.0', '1.24.1', '1.24.2', '1.24.3', '1.24.4', '1.24.5', '1.25.0', '1.25.1', '1.25.2', '1.25.3', '1.25.4', '1.25.5', '1.26.0', '1.26.1', '1.26.2', '1.27.0', '1.28.0', '1.28.1', '1.28.2', '1.28.3', '1.28.4', '1.28.5', '1.29.0', '1.29.1', '1.29.2', '1.30.0', '1.30.1', '1.30.2', '1.31.0', '1.31.1', '1.31.2', '1.31.3', '1.32.0', '1.33.0', '1.33.1', '1.34.0', '1.34.1', '1.34.2', '1.34.3', '1.35.0', '1.36.0', '1.36.1', '1.37.0', '1.37.1', '1.38.0', '1.38.1', '1.38.2', '1.38.3', '1.38.4', '1.39.0', '1.39.1', '1.40.0', '1.41.0', '1.41.1', '1.41.2', '1.41.3', '1.42.0', '1.42.1'][0m
[96m[Preparer] Pending directory already exists: /PoCAdaptation/exploit/pending/CVE-2022-1848[0m
[92m[Main] Total affected versions: 102[0m
[92m[Main] Already reproduced versions: 79[0m
[93m[Main] Versions pending adaptation: 23[0m
[96m[Main]     -> ['1.13', '1.14', '1.14.1', '1.15', '1.16', '1.16.1', '1.16.2', '1.17', '1.17.1', '1.18.0', '1.18.1', '1.18.2', '1.18.3', '1.18.4', '1.18.5', '1.18.6', '1.18.7', '1.18.8', '1.18.9', '1.19.0', '1.20.0', '1.21.0', '1.21.1'][0m
[96m[Main]     -> ['1.22.0', '1.23.0', '1.23.1', '1.24.0', '1.24.1', '1.24.2', '1.24.3', '1.24.4', '1.24.5', '1.25.0', '1.25.1', '1.25.2', '1.25.3', '1.25.4', '1.25.5', '1.26.0', '1.26.1', '1.26.2', '1.27.0', '1.28.0', '1.28.1', '1.28.2', '1.28.3', '1.28.4', '1.28.5', '1.29.0', '1.29.1', '1.29.2', '1.30.0', '1.30.1', '1.30.2', '1.31.0', '1.31.1', '1.31.2', '1.31.3', '1.32.0', '1.33.0', '1.33.1', '1.34.0', '1.34.1', '1.34.2', '1.34.3', '1.35.0', '1.36.0', '1.36.1', '1.37.0', '1.37.1', '1.38.0', '1.38.1', '1.38.2', '1.38.3', '1.38.4', '1.39.0', '1.39.1', '1.40.0', '1.41.0', '1.41.1', '1.41.2', '1.41.3', '1.42.0', '1.42.1', '1.42.2', '1.43.0', '1.43.1', '1.43.2', '1.43.3', '1.43.4', '1.44.0', '1.45.0', '1.45.1', '1.45.2', '1.45.3', '1.45.4', '1.45.5', '1.45.6', '1.45.7', '1.45.8', '1.45.9', '1.45.10'][0m
[96m[Executor] Running initial exploit mvn test in /PoCAdaptation/exploit/origin/CVE-2022-1848/exploit[0m
[91m[Executor] Initial exploit execution finished with return code 1[0m
[96m[Verifier] Verifying reproduction...[0m
[92m[Verifier] âœ“ Behavior matched: 'java.lang.AssertionError'[0m
[92m[Verifier] âœ“ Detail matched: 'org.junit.Assert.fail'[0m
[92m[Verifier] âœ“ All reproduction indicators matched.[0m
[92m[Verifier] Initial exploit behavior verified successfully.[0m
[96m[Selector] Nearest need adapatation version selected: 1.21.1[0m
[96m[Selector] Closest reproduced version: 1.22.0 at index 23[0m
[96m[Adapter] Trying next closest version: 1.21.1[0m
[96m[Preparer] Using closest existing exploit version: /PoCAdaptation/exploit/valid/CVE-2022-1848/1.34.1/exploit[0m
[92m[Preparer] Copied exploit to: /PoCAdaptation/exploit/pending/CVE-2022-1848/1.21.1/exploit[0m
[96m[Preparer] Updating dependency version to 1.21.1 in /PoCAdaptation/exploit/pending/CVE-2022-1848/1.21.1/exploit/pom.xml[0m
[92m[Preparer] Updated dependency version to 1.21.1 in /PoCAdaptation/exploit/pending/CVE-2022-1848/1.21.1/exploit/pom.xml[0m
[96m[Executor] Attempting direct exploit execution on 1.21.1...[0m
[96m[Executor] Executing exploit for CVE-2022-1848 on version 1.21.1...[0m
[96m[Verifier] Verifying reproduction...[0m
[91m[Verifier] âœ— Behavior not found: 'java.lang.AssertionError'[0m
[91m[Executor] Reproduction result: Failure[0m
[96m[Adapter] Attempting adaptation from base version 1.22.0 to 1.21.1...[0m
[96m[Adapter] Start adapting exploit from 1.22.0 to 1.21.1"[0m
[96m[Executor] Executing exploit for CVE-2022-1848 on version 1.21.1...[0m
[96m[Verifier] Verifying reproduction...[0m
[91m[Verifier] âœ— Behavior not found: 'java.lang.AssertionError'[0m
[91m[Executor] Reproduction result: Failure[0m
[96m[ErrorManager] Ignoring line: [ERROR] Failed to execute goal org.apache.maven.plugins:maven-surefire-plugin:2.12.4:test (default-test) on project CVE-2022-1848: There are test failures.[0m
[96m[ErrorManager] Ignoring line: [ERROR][0m
[96m[ErrorManager] Ignoring line: [ERROR] Please refer to /PoCAdaptation/exploit/result/CVE-2022-1848/1.21.1/exploit/target/surefire-reports for the individual test results.[0m
[96m[ErrorManager] Ignoring line: [ERROR] -> [Help 1][0m
[96m[ErrorManager] Ignoring line: [ERROR][0m
[96m[ErrorManager] Ignoring line: [ERROR] To see the full stack trace of the errors, re-run Maven with the -e switch.[0m
[96m[ErrorManager] Ignoring line: [ERROR] Re-run Maven using the -X switch to enable full debug logging.[0m
[96m[ErrorManager] Ignoring line: [ERROR][0m
[96m[ErrorManager] Ignoring line: [ERROR] For more information about the errors and possible solutions, please read the following articles:[0m
[96m[ErrorManager] Ignoring line: [ERROR] [Help 1] http://cwiki.apache.org/confluence/display/MAVEN/MojoFailureException[0m
[96m[ErrorManager] Using fallback error line: [ERROR] Failed to execute goal org.apache.maven.plugins:maven-surefire-plugin:2.12.4:test (default-test) on project CVE-2022-1848: There are test failures.[0m
[91m[ErrorManager] Failed to read file UNKNOWN: [Errno 2] No such file or directory: 'UNKNOWN'[0m
[96m[Adapter] Locating fix position in error log.[0m
[LLMClient] Tokens used: 2705 (prompt), 186 (completion), 2891 (total)
[LLMClient] Prompt: 
You are given a Java error log when executing 'mvn test' in a project with dependency version 1.21.1:com.erudika:para-core.
This test file compiles and runs successfully with version 1.22.0.

Your task is to:
1. Analyze why this issue occurs with the *1.22.0* but not with the *1.21.1 version*.
2. Consider how to resolve the issue **without updating this library**.
3. Determine and output the location in the project that should be modified to fix the problem.

Please return 'pom' if the fix is in the pom.xml file, or 'test' if the fix is in the test code.
Do not return any other text, just 'pom' or 'test'.

The error log is:
[INFO] Scanning for projects...
[INFO] 
[INFO] --------------------< edu.vision.se:CVE-2022-1848 >---------------------
[INFO] Building CVE-2022-1848 1.0-SNAPSHOT
[INFO]   from pom.xml
[INFO] --------------------------------[ jar ]---------------------------------
[INFO] 
[INFO] --- maven-clean-plugin:2.5:clean (default-clean) @ CVE-2022-1848 ---
[INFO] Deleting /PoCAdaptation/exploit/result/CVE-2022-1848/1.21.1/exploit/target
[INFO] 
[INFO] --- maven-resources-plugin:2.6:resources (default-resources) @ CVE-2022-1848 ---
[WARNING] Using platform encoding (UTF-8 actually) to copy filtered resources, i.e. build is platform dependent!
[INFO] skip non existing resourceDirectory /PoCAdaptation/exploit/result/CVE-2022-1848/1.21.1/exploit/src/main/resources
[INFO] 
[INFO] --- maven-compiler-plugin:3.1:compile (default-compile) @ CVE-2022-1848 ---
[INFO] No sources to compile
[INFO] 
[INFO] --- maven-resources-plugin:2.6:testResources (default-testResources) @ CVE-2022-1848 ---
[WARNING] Using platform encoding (UTF-8 actually) to copy filtered resources, i.e. build is platform dependent!
[INFO] skip non existing resourceDirectory /PoCAdaptation/exploit/result/CVE-2022-1848/1.21.1/exploit/src/test/resources
[INFO] 
[INFO] --- maven-compiler-plugin:3.1:testCompile (default-testCompile) @ CVE-2022-1848 ---
[INFO] Changes detected - recompiling the module!
[WARNING] File encoding has not been set, using platform encoding UTF-8, i.e. build is platform dependent!
[INFO] Compiling 1 source file to /PoCAdaptation/exploit/result/CVE-2022-1848/1.21.1/exploit/target/test-classes
[INFO] 
[INFO] --- maven-surefire-plugin:2.12.4:test (default-test) @ CVE-2022-1848 ---
[INFO] Surefire report directory: /PoCAdaptation/exploit/result/CVE-2022-1848/1.21.1/exploit/target/surefire-reports

-------------------------------------------------------
 T E S T S
-------------------------------------------------------
Running edu.vision.se.Testcase1
Tests run: 1, Failures: 0, Errors: 1, Skipped: 0, Time elapsed: 0.222 sec <<< FAILURE!
testPasswordConstraint(edu.vision.se.Testcase1)  Time elapsed: 0.209 sec  <<< ERROR!
java.lang.NoClassDefFoundError: javax/xml/bind/ValidationException
	at java.base/java.lang.ClassLoader.defineClass1(Native Method)
	at java.base/java.lang.ClassLoader.defineClass(ClassLoader.java:1016)
	at java.base/java.security.SecureClassLoader.defineClass(SecureClassLoader.java:174)
	at java.base/jdk.internal.loader.BuiltinClassLoader.defineClass(BuiltinClassLoader.java:801)
	at java.base/jdk.internal.loader.BuiltinClassLoader.findClassOnClassPathOrNull(BuiltinClassLoader.java:699)
	at java.base/jdk.internal.loader.BuiltinClassLoader.loadClassOrNull(BuiltinClassLoader.java:622)
	at java.base/jdk.internal.loader.BuiltinClassLoader.loadClass(BuiltinClassLoader.java:580)
	at java.base/jdk.internal.loader.ClassLoaders$AppClassLoader.loadClass(ClassLoaders.java:178)
	at java.base/java.lang.ClassLoader.loadClass(ClassLoader.java:521)
	at org.hibernate.validator.internal.engine.ConfigurationImpl.<init>(ConfigurationImpl.java:129)
	at org.hibernate.validator.internal.engine.ConfigurationImpl.<init>(ConfigurationImpl.java:96)
	at org.hibernate.validator.HibernateValidator.createGenericConfiguration(HibernateValidator.java:31)
	at javax.validation.Validation$GenericBootstrapImpl.configure(Validation.java:276)
	at javax.validation.Validation.buildDefaultValidatorFactory(Validation.java:110)
	at com.erudika.para.validation.ValidationUtils.getValidator(ValidationUtils.java:88)
	at com.erudika.para.validation.ValidationUtils.validateObject(ValidationUtils.java:123)
	at edu.vision.se.Testcase1.testPasswordConstraint(Testcase1.java:22)
	at java.base/jdk.internal.reflect.NativeMethodAccessorImpl.invoke0(Native Method)
	at java.base/jdk.internal.reflect.NativeMethodAccessorImpl.invoke(NativeMethodAccessorImpl.java:62)
	at java.base/jdk.internal.reflect.DelegatingMethodAccessorImpl.invoke(DelegatingMethodAccessorImpl.java:43)
	at java.base/java.lang.reflect.Method.invoke(Method.java:566)
	at org.junit.runners.model.FrameworkMethod$1.runReflectiveCall(FrameworkMethod.java:59)
	at org.junit.internal.runners.model.ReflectiveCallable.run(ReflectiveCallable.java:12)
	at org.junit.runners.model.FrameworkMethod.invokeExplosively(FrameworkMethod.java:56)
	at org.junit.internal.runners.statements.InvokeMethod.evaluate(InvokeMethod.java:17)
	at org.junit.runners.ParentRunner$3.evaluate(ParentRunner.java:306)
	at org.junit.runners.BlockJUnit4ClassRunner$1.evaluate(BlockJUnit4ClassRunner.java:100)
	at org.junit.runners.ParentRunner.runLeaf(ParentRunner.java:366)
	at org.junit.runners.BlockJUnit4ClassRunner.runChild(BlockJUnit4ClassRunner.java:103)
	at org.junit.runners.BlockJUnit4ClassRunner.runChild(BlockJUnit4ClassRunner.java:63)
	at org.junit.runners.ParentRunner$4.run(ParentRunner.java:331)
	at org.junit.runners.ParentRunner$1.schedule(ParentRunner.java:79)
	at org.junit.runners.ParentRunner.runChildren(ParentRunner.java:329)
	at org.junit.runners.ParentRunner.access$100(ParentRunner.java:66)
	at org.junit.runners.ParentRunner$2.evaluate(ParentRunner.java:293)
	at org.junit.runners.ParentRunner$3.evaluate(ParentRunner.java:306)
	at org.junit.runners.ParentRunner.run(ParentRunner.java:413)
	at org.apache.maven.surefire.junit4.JUnit4Provider.execute(JUnit4Provider.java:252)
	at org.apache.maven.surefire.junit4.JUnit4Provider.executeTestSet(JUnit4Provider.java:141)
	at org.apache.maven.surefire.junit4.JUnit4Provider.invoke(JUnit4Provider.java:112)
	at java.base/jdk.internal.reflect.NativeMethodAccessorImpl.invoke0(Native Method)
	at java.base/jdk.internal.reflect.NativeMethodAccessorImpl.invoke(NativeMethodAccessorImpl.java:62)
	at java.base/jdk.internal.reflect.DelegatingMethodAccessorImpl.invoke(DelegatingMethodAccessorImpl.java:43)
	at java.base/java.lang.reflect.Method.invoke(Method.java:566)
	at org.apache.maven.surefire.util.ReflectionUtils.invokeMethodWithArray(ReflectionUtils.java:189)
	at org.apache.maven.surefire.booter.ProviderFactory$ProviderProxy.invoke(ProviderFactory.java:165)
	at org.apache.maven.surefire.booter.ProviderFactory.invokeProvider(ProviderFactory.java:85)
	at org.apache.maven.surefire.booter.ForkedBooter.runSuitesInProcess(ForkedBooter.java:115)
	at org.apache.maven.surefire.booter.ForkedBooter.main(ForkedBooter.java:75)
Caused by: java.lang.ClassNotFoundException: javax.xml.bind.ValidationException
	at java.base/jdk.internal.loader.BuiltinClassLoader.loadClass(BuiltinClassLoader.java:582)
	at java.base/jdk.internal.loader.ClassLoaders$AppClassLoader.loadClass(ClassLoaders.java:178)
	at java.base/java.lang.ClassLoader.loadClass(ClassLoader.java:521)
	... 49 more


Results :

Tests in error: 
  testPasswordConstraint(edu.vision.se.Testcase1): javax/xml/bind/ValidationException

Tests run: 1, Failures: 0, Errors: 1, Skipped: 0

[INFO] ------------------------------------------------------------------------
[INFO] BUILD FAILURE
[INFO] ------------------------------------------------------------------------
[INFO] Total time:  1.849 s
[INFO] Finished at: 2025-07-13T12:36:36Z
[INFO] ------------------------------------------------------------------------
[ERROR] Failed to execute goal org.apache.maven.plugins:maven-surefire-plugin:2.12.4:test (default-test) on project CVE-2022-1848: There are test failures.
[ERROR] 
[ERROR] Please refer to /PoCAdaptation/exploit/result/CVE-2022-1848/1.21.1/exploit/target/surefire-reports for the individual test results.
[ERROR] -> [Help 1]
[ERROR] 
[ERROR] To see the full stack trace of the errors, re-run Maven with the -e switch.
[ERROR] Re-run Maven using the -X switch to enable full debug logging.
[ERROR] 
[ERROR] For more information about the errors and possible solutions, please read the following articles:
[ERROR] [Help 1] http://cwiki.apache.org/confluence/display/MAVEN/MojoFailureException


current_pom file is:<?xml version='1.0' encoding='utf-8'?>
<project xmlns="http://maven.apache.org/POM/4.0.0" xmlns:xsi="http://www.w3.org/2001/XMLSchema-instance" xsi:schemaLocation="http://maven.apache.org/POM/4.0.0 http://maven.apache.org/xsd/maven-4.0.0.xsd">
    <modelVersion>4.0.0</modelVersion>
    <groupId>edu.vision.se</groupId>
    <artifactId>CVE-2022-1848</artifactId>
    <version>1.0-SNAPSHOT</version>

    <properties>
        <maven.compiler.source>11</maven.compiler.source>
        <maven.compiler.target>11</maven.compiler.target>
    </properties>

    <dependencies>
        
        <dependency>
            <groupId>com.erudika</groupId>
            <artifactId>para-core</artifactId>
            <version>1.21.1</version>
        </dependency>
    <dependency><groupId>junit</groupId><artifactId>junit</artifactId><version>4.13.2</version></dependency>
    
    </dependencies>

<repositories>
        <repository>
            <id>spring-milestone</id>
            <url>https://repo.spring.io/milestone</url>
        </repository>
    </repositories></project>
[LLMClient] Response: 
pom

The error occurs because Java 11 removed JAXB (Java Architecture for XML Binding) classes from the core JDK, which were previously available in Java 8. The error `java.lang.NoClassDefFoundError: javax/xml/bind/ValidationException` indicates that the para-core 1.21.1 library is trying to use JAXB classes that are no longer available in Java 11.

To fix this without updating the para-core library, you need to add JAXB as an explicit dependency in the pom.xml file. This will provide the missing classes at runtime. The fix belongs in the pom.xml because it's a dependency issue, not a test code issue.

The solution would be to add JAXB API dependencies to the pom.xml, but since you asked only to indicate where the fix should be (not to provide the actual fix), the answer is 'pom'.
[96m[Adapter] LLM response for fix position: pom

The error occurs because Java 11 removed JAXB (Java Architecture for XML Binding) classes from the core JDK, which were previously available in Java 8. The error `java.lang.NoClassDefFoundError: javax/xml/bind/ValidationException` indicates that the para-core 1.21.1 library is trying to use JAXB classes that are no longer available in Java 11.

To fix this without updating the para-core library, you need to add JAXB as an explicit dependency in the pom.xml file. This will provide the missing classes at runtime. The fix belongs in the pom.xml because it's a dependency issue, not a test code issue.

The solution would be to add JAXB API dependencies to the pom.xml, but since you asked only to indicate where the fix should be (not to provide the actual fix), the answer is 'pom'.[0m
[96m[Adapter] Fix position is in pom.xml.[0m
[LLMClient] Tokens used: 2338 (prompt), 7 (completion), 2345 (total)
[LLMClient] Prompt: 
You are given an error log when executing 'mvn test' in a project relying on a library with version 1.21.1: 

Error: [INFO] Scanning for projects...
[INFO] 
[INFO] --------------------< edu.vision.se:CVE-2022-1848 >---------------------
[INFO] Building CVE-2022-1848 1.0-SNAPSHOT
[INFO]   from pom.xml
[INFO] --------------------------------[ jar ]---------------------------------
[INFO] 
[INFO] --- maven-clean-plugin:2.5:clean (default-clean) @ CVE-2022-1848 ---
[INFO] Deleting /PoCAdaptation/exploit/result/CVE-2022-1848/1.21.1/exploit/target
[INFO] 
[INFO] --- maven-resources-plugin:2.6:resources (default-resources) @ CVE-2022-1848 ---
[WARNING] Using platform encoding (UTF-8 actually) to copy filtered resources, i.e. build is platform dependent!
[INFO] skip non existing resourceDirectory /PoCAdaptation/exploit/result/CVE-2022-1848/1.21.1/exploit/src/main/resources
[INFO] 
[INFO] --- maven-compiler-plugin:3.1:compile (default-compile) @ CVE-2022-1848 ---
[INFO] No sources to compile
[INFO] 
[INFO] --- maven-resources-plugin:2.6:testResources (default-testResources) @ CVE-2022-1848 ---
[WARNING] Using platform encoding (UTF-8 actually) to copy filtered resources, i.e. build is platform dependent!
[INFO] skip non existing resourceDirectory /PoCAdaptation/exploit/result/CVE-2022-1848/1.21.1/exploit/src/test/resources
[INFO] 
[INFO] --- maven-compiler-plugin:3.1:testCompile (default-testCompile) @ CVE-2022-1848 ---
[INFO] Changes detected - recompiling the module!
[WARNING] File encoding has not been set, using platform encoding UTF-8, i.e. build is platform dependent!
[INFO] Compiling 1 source file to /PoCAdaptation/exploit/result/CVE-2022-1848/1.21.1/exploit/target/test-classes
[INFO] 
[INFO] --- maven-surefire-plugin:2.12.4:test (default-test) @ CVE-2022-1848 ---
[INFO] Surefire report directory: /PoCAdaptation/exploit/result/CVE-2022-1848/1.21.1/exploit/target/surefire-reports

-------------------------------------------------------
 T E S T S
-------------------------------------------------------
Running edu.vision.se.Testcase1
Tests run: 1, Failures: 0, Errors: 1, Skipped: 0, Time elapsed: 0.222 sec <<< FAILURE!
testPasswordConstraint(edu.vision.se.Testcase1)  Time elapsed: 0.209 sec  <<< ERROR!
java.lang.NoClassDefFoundError: javax/xml/bind/ValidationException
	at java.base/java.lang.ClassLoader.defineClass1(Native Method)
	at java.base/java.lang.ClassLoader.defineClass(ClassLoader.java:1016)
	at java.base/java.security.SecureClassLoader.defineClass(SecureClassLoader.java:174)
	at java.base/jdk.internal.loader.BuiltinClassLoader.defineClass(BuiltinClassLoader.java:801)
	at java.base/jdk.internal.loader.BuiltinClassLoader.findClassOnClassPathOrNull(BuiltinClassLoader.java:699)
	at java.base/jdk.internal.loader.BuiltinClassLoader.loadClassOrNull(BuiltinClassLoader.java:622)
	at java.base/jdk.internal.loader.BuiltinClassLoader.loadClass(BuiltinClassLoader.java:580)
	at java.base/jdk.internal.loader.ClassLoaders$AppClassLoader.loadClass(ClassLoaders.java:178)
	at java.base/java.lang.ClassLoader.loadClass(ClassLoader.java:521)
	at org.hibernate.validator.internal.engine.ConfigurationImpl.<init>(ConfigurationImpl.java:129)
	at org.hibernate.validator.internal.engine.ConfigurationImpl.<init>(ConfigurationImpl.java:96)
	at org.hibernate.validator.HibernateValidator.createGenericConfiguration(HibernateValidator.java:31)
	at javax.validation.Validation$GenericBootstrapImpl.configure(Validation.java:276)
	at javax.validation.Validation.buildDefaultValidatorFactory(Validation.java:110)
	at com.erudika.para.validation.ValidationUtils.getValidator(ValidationUtils.java:88)
	at com.erudika.para.validation.ValidationUtils.validateObject(ValidationUtils.java:123)
	at edu.vision.se.Testcase1.testPasswordConstraint(Testcase1.java:22)
	at java.base/jdk.internal.reflect.NativeMethodAccessorImpl.invoke0(Native Method)
	at java.base/jdk.internal.reflect.NativeMethodAccessorImpl.invoke(NativeMethodAccessorImpl.java:62)
	at java.base/jdk.internal.reflect.DelegatingMethodAccessorImpl.invoke(DelegatingMethodAccessorImpl.java:43)
	at java.base/java.lang.reflect.Method.invoke(Method.java:566)
	at org.junit.runners.model.FrameworkMethod$1.runReflectiveCall(FrameworkMethod.java:59)
	at org.junit.internal.runners.model.ReflectiveCallable.run(ReflectiveCallable.java:12)
	at org.junit.runners.model.FrameworkMethod.invokeExplosively(FrameworkMethod.java:56)
	at org.junit.internal.runners.statements.InvokeMethod.evaluate(InvokeMethod.java:17)
	at org.junit.runners.ParentRunner$3.evaluate(ParentRunner.java:306)
	at org.junit.runners.BlockJUnit4ClassRunner$1.evaluate(BlockJUnit4ClassRunner.java:100)
	at org.junit.runners.ParentRunner.runLeaf(ParentRunner.java:366)
	at org.junit.runners.BlockJUnit4ClassRunner.runChild(BlockJUnit4ClassRunner.java:103)
	at org.junit.runners.BlockJUnit4ClassRunner.runChild(BlockJUnit4ClassRunner.java:63)
	at org.junit.runners.ParentRunner$4.run(ParentRunner.java:331)
	at org.junit.runners.ParentRunner$1.schedule(ParentRunner.java:79)
	at org.junit.runners.ParentRunner.runChildren(ParentRunner.java:329)
	at org.junit.runners.ParentRunner.access$100(ParentRunner.java:66)
	at org.junit.runners.ParentRunner$2.evaluate(ParentRunner.java:293)
	at org.junit.runners.ParentRunner$3.evaluate(ParentRunner.java:306)
	at org.junit.runners.ParentRunner.run(ParentRunner.java:413)
	at org.apache.maven.surefire.junit4.JUnit4Provider.execute(JUnit4Provider.java:252)
	at org.apache.maven.surefire.junit4.JUnit4Provider.executeTestSet(JUnit4Provider.java:141)
	at org.apache.maven.surefire.junit4.JUnit4Provider.invoke(JUnit4Provider.java:112)
	at java.base/jdk.internal.reflect.NativeMethodAccessorImpl.invoke0(Native Method)
	at java.base/jdk.internal.reflect.NativeMethodAccessorImpl.invoke(NativeMethodAccessorImpl.java:62)
	at java.base/jdk.internal.reflect.DelegatingMethodAccessorImpl.invoke(DelegatingMethodAccessorImpl.java:43)
	at java.base/java.lang.reflect.Method.invoke(Method.java:566)
	at org.apache.maven.surefire.util.ReflectionUtils.invokeMethodWithArray(ReflectionUtils.java:189)
	at org.apache.maven.surefire.booter.ProviderFactory$ProviderProxy.invoke(ProviderFactory.java:165)
	at org.apache.maven.surefire.booter.ProviderFactory.invokeProvider(ProviderFactory.java:85)
	at org.apache.maven.surefire.booter.ForkedBooter.runSuitesInProcess(ForkedBooter.java:115)
	at org.apache.maven.surefire.booter.ForkedBooter.main(ForkedBooter.java:75)
Caused by: java.lang.ClassNotFoundException: javax.xml.bind.ValidationException
	at java.base/jdk.internal.loader.BuiltinClassLoader.loadClass(BuiltinClassLoader.java:582)
	at java.base/jdk.internal.loader.ClassLoaders$AppClassLoader.loadClass(ClassLoaders.java:178)
	at java.base/java.lang.ClassLoader.loadClass(ClassLoader.java:521)
	... 49 more


Results :

Tests in error: 
  testPasswordConstraint(edu.vision.se.Testcase1): javax/xml/bind/ValidationException

Tests run: 1, Failures: 0, Errors: 1, Skipped: 0

[INFO] ------------------------------------------------------------------------
[INFO] BUILD FAILURE
[INFO] ------------------------------------------------------------------------
[INFO] Total time:  1.849 s
[INFO] Finished at: 2025-07-13T12:36:36Z
[INFO] ------------------------------------------------------------------------
[ERROR] Failed to execute goal org.apache.maven.plugins:maven-surefire-plugin:2.12.4:test (default-test) on project CVE-2022-1848: There are test failures.
[ERROR] 
[ERROR] Please refer to /PoCAdaptation/exploit/result/CVE-2022-1848/1.21.1/exploit/target/surefire-reports for the individual test results.
[ERROR] -> [Help 1]
[ERROR] 
[ERROR] To see the full stack trace of the errors, re-run Maven with the -e switch.
[ERROR] Re-run Maven using the -X switch to enable full debug logging.
[ERROR] 
[ERROR] For more information about the errors and possible solutions, please read the following articles:
[ERROR] [Help 1] http://cwiki.apache.org/confluence/display/MAVEN/MojoFailureException

 

The test executes as expected in 1.22.0 but not in 1.21.1. 

Extract two key entities from the error log for searching related diffs. Your classname and method name should ignore package and parameter

The extracted entities should reflect code-level identifiers that are likely to appear in diffs. We prefer a simple entity

Output each node as a `;`-separated list, with no explanations. 


[LLMClient] Response: 
Testcase1;testPasswordConstraint
[96m[ErrorManager] Extracted key entities: ['Testcase1', 'testPasswordConstraint'][0m
[96m[RepairModule] Start repair[0m
[96m[RepairModule] Iteration 1, temperature 1.000: Trying diff #2 with score 1.00[0m
[LLMClient] Tokens used: 2758 (prompt), 224 (completion), 2982 (total)
[LLMClient] Prompt: 
You are given an error when executing test in in 1.21.1:com.erudika:para-core
This test file compiles and runs successfully in 1.22.0.

Related diff is Operation: MODIFIED, File: para-client/pom.xml, Hunk: @@ -4,7 +4,7 @@
 	<parent>
 		<groupId>com.erudika</groupId>
 		<artifactId>para-parent</artifactId>
-		<version>1.34.1</version>
+		<version>1.34.2</version>
 	</parent>

 	<artifactId>para-client</artifactId>

You are NOT allowed to change the version of the dependency com.erudika:para-core.
Your task is to solve the problem by changing the pom file of the project
Current pom file is <?xml version='1.0' encoding='utf-8'?>
<project xmlns="http://maven.apache.org/POM/4.0.0" xmlns:xsi="http://www.w3.org/2001/XMLSchema-instance" xsi:schemaLocation="http://maven.apache.org/POM/4.0.0 http://maven.apache.org/xsd/maven-4.0.0.xsd">
    <modelVersion>4.0.0</modelVersion>
    <groupId>edu.vision.se</groupId>
    <artifactId>CVE-2022-1848</artifactId>
    <version>1.0-SNAPSHOT</version>

    <properties>
        <maven.compiler.source>11</maven.compiler.source>
        <maven.compiler.target>11</maven.compiler.target>
    </properties>

    <dependencies>
        
        <dependency>
            <groupId>com.erudika</groupId>
            <artifactId>para-core</artifactId>
            <version>1.21.1</version>
        </dependency>
    <dependency><groupId>junit</groupId><artifactId>junit</artifactId><version>4.13.2</version></dependency>
    
    </dependencies>

<repositories>
        <repository>
            <id>spring-milestone</id>
            <url>https://repo.spring.io/milestone</url>
        </repository>
    </repositories></project>
Your task is 1. Analyze the cause of the errors 2. Decide fix position of the pom file according to the cause 3. Output only the updated partion of pom.xml entries without explanation

### Compilation Errors:
[INFO] Scanning for projects...
[INFO] 
[INFO] --------------------< edu.vision.se:CVE-2022-1848 >---------------------
[INFO] Building CVE-2022-1848 1.0-SNAPSHOT
[INFO]   from pom.xml
[INFO] --------------------------------[ jar ]---------------------------------
[INFO] 
[INFO] --- maven-clean-plugin:2.5:clean (default-clean) @ CVE-2022-1848 ---
[INFO] Deleting /PoCAdaptation/exploit/result/CVE-2022-1848/1.21.1/exploit/target
[INFO] 
[INFO] --- maven-resources-plugin:2.6:resources (default-resources) @ CVE-2022-1848 ---
[WARNING] Using platform encoding (UTF-8 actually) to copy filtered resources, i.e. build is platform dependent!
[INFO] skip non existing resourceDirectory /PoCAdaptation/exploit/result/CVE-2022-1848/1.21.1/exploit/src/main/resources
[INFO] 
[INFO] --- maven-compiler-plugin:3.1:compile (default-compile) @ CVE-2022-1848 ---
[INFO] No sources to compile
[INFO] 
[INFO] --- maven-resources-plugin:2.6:testResources (default-testResources) @ CVE-2022-1848 ---
[WARNING] Using platform encoding (UTF-8 actually) to copy filtered resources, i.e. build is platform dependent!
[INFO] skip non existing resourceDirectory /PoCAdaptation/exploit/result/CVE-2022-1848/1.21.1/exploit/src/test/resources
[INFO] 
[INFO] --- maven-compiler-plugin:3.1:testCompile (default-testCompile) @ CVE-2022-1848 ---
[INFO] Changes detected - recompiling the module!
[WARNING] File encoding has not been set, using platform encoding UTF-8, i.e. build is platform dependent!
[INFO] Compiling 1 source file to /PoCAdaptation/exploit/result/CVE-2022-1848/1.21.1/exploit/target/test-classes
[INFO] 
[INFO] --- maven-surefire-plugin:2.12.4:test (default-test) @ CVE-2022-1848 ---
[INFO] Surefire report directory: /PoCAdaptation/exploit/result/CVE-2022-1848/1.21.1/exploit/target/surefire-reports

-------------------------------------------------------
 T E S T S
-------------------------------------------------------
Running edu.vision.se.Testcase1
Tests run: 1, Failures: 0, Errors: 1, Skipped: 0, Time elapsed: 0.222 sec <<< FAILURE!
testPasswordConstraint(edu.vision.se.Testcase1)  Time elapsed: 0.209 sec  <<< ERROR!
java.lang.NoClassDefFoundError: javax/xml/bind/ValidationException
	at java.base/java.lang.ClassLoader.defineClass1(Native Method)
	at java.base/java.lang.ClassLoader.defineClass(ClassLoader.java:1016)
	at java.base/java.security.SecureClassLoader.defineClass(SecureClassLoader.java:174)
	at java.base/jdk.internal.loader.BuiltinClassLoader.defineClass(BuiltinClassLoader.java:801)
	at java.base/jdk.internal.loader.BuiltinClassLoader.findClassOnClassPathOrNull(BuiltinClassLoader.java:699)
	at java.base/jdk.internal.loader.BuiltinClassLoader.loadClassOrNull(BuiltinClassLoader.java:622)
	at java.base/jdk.internal.loader.BuiltinClassLoader.loadClass(BuiltinClassLoader.java:580)
	at java.base/jdk.internal.loader.ClassLoaders$AppClassLoader.loadClass(ClassLoaders.java:178)
	at java.base/java.lang.ClassLoader.loadClass(ClassLoader.java:521)
	at org.hibernate.validator.internal.engine.ConfigurationImpl.<init>(ConfigurationImpl.java:129)
	at org.hibernate.validator.internal.engine.ConfigurationImpl.<init>(ConfigurationImpl.java:96)
	at org.hibernate.validator.HibernateValidator.createGenericConfiguration(HibernateValidator.java:31)
	at javax.validation.Validation$GenericBootstrapImpl.configure(Validation.java:276)
	at javax.validation.Validation.buildDefaultValidatorFactory(Validation.java:110)
	at com.erudika.para.validation.ValidationUtils.getValidator(ValidationUtils.java:88)
	at com.erudika.para.validation.ValidationUtils.validateObject(ValidationUtils.java:123)
	at edu.vision.se.Testcase1.testPasswordConstraint(Testcase1.java:22)
	at java.base/jdk.internal.reflect.NativeMethodAccessorImpl.invoke0(Native Method)
	at java.base/jdk.internal.reflect.NativeMethodAccessorImpl.invoke(NativeMethodAccessorImpl.java:62)
	at java.base/jdk.internal.reflect.DelegatingMethodAccessorImpl.invoke(DelegatingMethodAccessorImpl.java:43)
	at java.base/java.lang.reflect.Method.invoke(Method.java:566)
	at org.junit.runners.model.FrameworkMethod$1.runReflectiveCall(FrameworkMethod.java:59)
	at org.junit.internal.runners.model.ReflectiveCallable.run(ReflectiveCallable.java:12)
	at org.junit.runners.model.FrameworkMethod.invokeExplosively(FrameworkMethod.java:56)
	at org.junit.internal.runners.statements.InvokeMethod.evaluate(InvokeMethod.java:17)
	at org.junit.runners.ParentRunner$3.evaluate(ParentRunner.java:306)
	at org.junit.runners.BlockJUnit4ClassRunner$1.evaluate(BlockJUnit4ClassRunner.java:100)
	at org.junit.runners.ParentRunner.runLeaf(ParentRunner.java:366)
	at org.junit.runners.BlockJUnit4ClassRunner.runChild(BlockJUnit4ClassRunner.java:103)
	at org.junit.runners.BlockJUnit4ClassRunner.runChild(BlockJUnit4ClassRunner.java:63)
	at org.junit.runners.ParentRunner$4.run(ParentRunner.java:331)
	at org.junit.runners.ParentRunner$1.schedule(ParentRunner.java:79)
	at org.junit.runners.ParentRunner.runChildren(ParentRunner.java:329)
	at org.junit.runners.ParentRunner.access$100(ParentRunner.java:66)
	at org.junit.runners.ParentRunner$2.evaluate(ParentRunner.java:293)
	at org.junit.runners.ParentRunner$3.evaluate(ParentRunner.java:306)
	at org.junit.runners.ParentRunner.run(ParentRunner.java:413)
	at org.apache.maven.surefire.junit4.JUnit4Provider.execute(JUnit4Provider.java:252)
	at org.apache.maven.surefire.junit4.JUnit4Provider.executeTestSet(JUnit4Provider.java:141)
	at org.apache.maven.surefire.junit4.JUnit4Provider.invoke(JUnit4Provider.java:112)
	at java.base/jdk.internal.reflect.NativeMethodAccessorImpl.invoke0(Native Method)
	at java.base/jdk.internal.reflect.NativeMethodAccessorImpl.invoke(NativeMethodAccessorImpl.java:62)
	at java.base/jdk.internal.reflect.DelegatingMethodAccessorImpl.invoke(DelegatingMethodAccessorImpl.java:43)
	at java.base/java.lang.reflect.Method.invoke(Method.java:566)
	at org.apache.maven.surefire.util.ReflectionUtils.invokeMethodWithArray(ReflectionUtils.java:189)
	at org.apache.maven.surefire.booter.ProviderFactory$ProviderProxy.invoke(ProviderFactory.java:165)
	at org.apache.maven.surefire.booter.ProviderFactory.invokeProvider(ProviderFactory.java:85)
	at org.apache.maven.surefire.booter.ForkedBooter.runSuitesInProcess(ForkedBooter.java:115)
	at org.apache.maven.surefire.booter.ForkedBooter.main(ForkedBooter.java:75)
Caused by: java.lang.ClassNotFoundException: javax.xml.bind.ValidationException
	at java.base/jdk.internal.loader.BuiltinClassLoader.loadClass(BuiltinClassLoader.java:582)
	at java.base/jdk.internal.loader.ClassLoaders$AppClassLoader.loadClass(ClassLoaders.java:178)
	at java.base/java.lang.ClassLoader.loadClass(ClassLoader.java:521)
	... 49 more


Results :

Tests in error: 
  testPasswordConstraint(edu.vision.se.Testcase1): javax/xml/bind/ValidationException

Tests run: 1, Failures: 0, Errors: 1, Skipped: 0

[INFO] ------------------------------------------------------------------------
[INFO] BUILD FAILURE
[INFO] ------------------------------------------------------------------------
[INFO] Total time:  1.849 s
[INFO] Finished at: 2025-07-13T12:36:36Z
[INFO] ------------------------------------------------------------------------
[ERROR] Failed to execute goal org.apache.maven.plugins:maven-surefire-plugin:2.12.4:test (default-test) on project CVE-2022-1848: There are test failures.
[ERROR] 
[ERROR] Please refer to /PoCAdaptation/exploit/result/CVE-2022-1848/1.21.1/exploit/target/surefire-reports for the individual test results.
[ERROR] -> [Help 1]
[ERROR] 
[ERROR] To see the full stack trace of the errors, re-run Maven with the -e switch.
[ERROR] Re-run Maven using the -X switch to enable full debug logging.
[ERROR] 
[ERROR] For more information about the errors and possible solutions, please read the following articles:
[ERROR] [Help 1] http://cwiki.apache.org/confluence/display/MAVEN/MojoFailureException


[LLMClient] Response: 
The error indicates a missing dependency for `javax.xml.bind` classes which were removed in Java 9+ as part of JEP 320. Here's the updated portion of the pom.xml to add the required dependencies:

```xml
<dependencies>
    <dependency>
        <groupId>com.erudika</groupId>
        <artifactId>para-core</artifactId>
        <version>1.21.1</version>
    </dependency>
    <dependency>
        <groupId>junit</groupId>
        <artifactId>junit</artifactId>
        <version>4.13.2</version>
    </dependency>
    <dependency>
        <groupId>javax.xml.bind</groupId>
        <artifactId>jaxb-api</artifactId>
        <version>2.3.1</version>
    </dependency>
    <dependency>
        <groupId>org.glassfish.jaxb</groupId>
        <artifactId>jaxb-runtime</artifactId>
        <version>2.3.1</version>
    </dependency>
</dependencies>
```
[Adapter] ~ Updating version of com.erudika:para-core to 1.21.1
[Adapter] ~ Updating version of junit:junit to 4.13.2
[Adapter] + Adding new dependency javax.xml.bind:jaxb-api:2.3.1
[Adapter] + Adding new dependency org.glassfish.jaxb:jaxb-runtime:2.3.1
[Adapter] âœ“ pom.xml successfully updated.
[96m[Executor] Executing exploit for CVE-2022-1848 on version 1.21.1...[0m
[96m[Verifier] Verifying reproduction...[0m
[92m[Verifier] âœ“ Behavior matched: 'java.lang.AssertionError'[0m
[92m[Verifier] âœ“ Detail matched: 'org.junit.Assert.fail'[0m
[92m[Verifier] âœ“ All reproduction indicators matched.[0m
[92m[Executor] Reproduction result: Success[0m
[96m[Executor] Executing exploit for CVE-2022-1848 on version 1.21.1...[0m
[96m[Verifier] Verifying reproduction...[0m
[92m[Verifier] âœ“ Behavior matched: 'java.lang.AssertionError'[0m
[92m[Verifier] âœ“ Detail matched: 'org.junit.Assert.fail'[0m
[92m[Verifier] âœ“ All reproduction indicators matched.[0m
[92m[Executor] Reproduction result: Success[0m
[Adapt] âœ“ Completed: True
[96m[Adapter] Adaptation complete. Retesting exploit on 1.21.1...[0m
[92m[Executor] Adaptation + reproduction successful on 1.21.1[0m
[96m[Adapter] Copied successful adaptation to /PoCAdaptation/exploit/valid/CVE-2022-1848/1.21.1[0m

[Executor] â–¶ Summary of return codes:
  - Version 1.42.1: âœ“ Success (exit code 0)
  - Version 1.34.1: âœ“ Success (exit code 0)
  - Version 1.21.1: âœ“ Success (exit code 0)
