Running main_process.py for CVE: CVE-2017-1000487
Versions: 1.4.2

[1m[Main] === Starting adaptation process for CVE-2017-1000487 ===[0m
[96m[Processor] Fetching all available Maven versions...[0m
[96m[Analyzer] Loading cached versions from: /PoCAdaptation/library/org_codehaus_plexus_plexus-utils.txt[0m
[96m[Analyzer] org.codehaus.plexus:plexus-utils has 81 versions (cached).[0m
[96m[Processor] Identifying versions with successful reproduction...[0m
[96m[Processor] Pending versions: ['1.4.1', '1.4.2'][0m
[96m[Preparer] Pending directory already exists: /PoCAdaptation/exploit/pending/CVE-2017-1000487[0m
[92m[Main] Total affected versions: 50[0m
[92m[Main] Already reproduced versions: 48[0m
[93m[Main] Versions pending adaptation: 2[0m
[96m[Main]     -> ['1.4.1', '1.4.2'][0m
[96m[Main]     -> ['1.4.3', '1.4.4', '1.4.5', '1.4.6', '1.4.7', '1.4.8', '1.4.9', '1.5', '1.5.1', '1.5.2', '1.5.3', '1.5.4', '1.5.5', '1.5.6', '1.5.7', '1.5.8', '1.5.9', '1.5.10', '1.5.11', '1.5.12', '1.5.13', '1.5.14', '1.5.15', '2.0.0', '2.0.1', '2.0.2', '2.0.3', '2.0.4', '2.0.5', '2.0.6', '2.0.7', '2.1', '3.0', '3.0.1', '3.0.2', '3.0.3', '3.0.4', '3.0.5', '3.0.6', '3.0.7', '3.0.8', '3.0.9', '3.0.10', '3.0.11', '3.0.12', '3.0.13', '3.0.14', '3.0.15'][0m
[96m[Executor] Running initial exploit mvn test in /PoCAdaptation/exploit/origin/CVE-2017-1000487/exploit[0m
[91m[Executor] Initial exploit execution finished with return code 1[0m
[INFO] Scanning for projects...
[INFO] 
[INFO] -------------------< edu.vision.se:CVE-2017-1000487 >-------------------
[INFO] Building CVE-2017-1000487 1.0-SNAPSHOT
[INFO]   from pom.xml
[INFO] --------------------------------[ jar ]---------------------------------
[INFO] 
[INFO] --- maven-clean-plugin:2.5:clean (default-clean) @ CVE-2017-1000487 ---
[INFO] Deleting /PoCAdaptation/exploit/origin/CVE-2017-1000487/exploit/target
[INFO] 
[INFO] --- maven-resources-plugin:2.6:resources (default-resources) @ CVE-2017-1000487 ---
[INFO] Using 'UTF-8' encoding to copy filtered resources.
[INFO] skip non existing resourceDirectory /PoCAdaptation/exploit/origin/CVE-2017-1000487/exploit/src/main/resources
[INFO] 
[INFO] --- maven-compiler-plugin:3.1:compile (default-compile) @ CVE-2017-1000487 ---
[INFO] No sources to compile
[INFO] 
[INFO] --- maven-resources-plugin:2.6:testResources (default-testResources) @ CVE-2017-1000487 ---
[INFO] Using 'UTF-8' encoding to copy filtered resources.
[INFO] skip non existing resourceDirectory /PoCAdaptation/exploit/origin/CVE-2017-1000487/exploit/src/test/resources
[INFO] 
[INFO] --- maven-compiler-plugin:3.1:testCompile (default-testCompile) @ CVE-2017-1000487 ---
[INFO] Changes detected - recompiling the module!
[INFO] Compiling 1 source file to /PoCAdaptation/exploit/origin/CVE-2017-1000487/exploit/target/test-classes
[INFO] 
[INFO] --- maven-surefire-plugin:2.12.4:test (default-test) @ CVE-2017-1000487 ---
[INFO] Surefire report directory: /PoCAdaptation/exploit/origin/CVE-2017-1000487/exploit/target/surefire-reports

-------------------------------------------------------
 T E S T S
-------------------------------------------------------
Running edu.vision.se.Testcase1
Tests run: 1, Failures: 1, Errors: 0, Skipped: 0, Time elapsed: 0.044 sec <<< FAILURE!
testGetShellCommandLineBash_WithWorkingDirectory(edu.vision.se.Testcase1)  Time elapsed: 0.028 sec  <<< FAILURE!
org.junit.ComparisonFailure: expected:<cd ['/path with spaces' && '/bin/echo'] 'hello world'> but was:<cd ["/path with spaces" && /bin/echo] 'hello world'>
	at org.junit.Assert.assertEquals(Assert.java:117)
	at org.junit.Assert.assertEquals(Assert.java:146)
	at edu.vision.se.Testcase1.testGetShellCommandLineBash_WithWorkingDirectory(Testcase1.java:43)
	at java.base/jdk.internal.reflect.NativeMethodAccessorImpl.invoke0(Native Method)
	at java.base/jdk.internal.reflect.NativeMethodAccessorImpl.invoke(NativeMethodAccessorImpl.java:62)
	at java.base/jdk.internal.reflect.DelegatingMethodAccessorImpl.invoke(DelegatingMethodAccessorImpl.java:43)
	at java.base/java.lang.reflect.Method.invoke(Method.java:566)
	at org.junit.runners.model.FrameworkMethod$1.runReflectiveCall(FrameworkMethod.java:59)
	at org.junit.internal.runners.model.ReflectiveCallable.run(ReflectiveCallable.java:12)
	at org.junit.runners.model.FrameworkMethod.invokeExplosively(FrameworkMethod.java:56)
	at org.junit.internal.runners.statements.InvokeMethod.evaluate(InvokeMethod.java:17)
	at org.junit.runners.ParentRunner$3.evaluate(ParentRunner.java:306)
	at org.junit.runners.BlockJUnit4ClassRunner$1.evaluate(BlockJUnit4ClassRunner.java:100)
	at org.junit.runners.ParentRunner.runLeaf(ParentRunner.java:366)
	at org.junit.runners.BlockJUnit4ClassRunner.runChild(BlockJUnit4ClassRunner.java:103)
	at org.junit.runners.BlockJUnit4ClassRunner.runChild(BlockJUnit4ClassRunner.java:63)
	at org.junit.runners.ParentRunner$4.run(ParentRunner.java:331)
	at org.junit.runners.ParentRunner$1.schedule(ParentRunner.java:79)
	at org.junit.runners.ParentRunner.runChildren(ParentRunner.java:329)
	at org.junit.runners.ParentRunner.access$100(ParentRunner.java:66)
	at org.junit.runners.ParentRunner$2.evaluate(ParentRunner.java:293)
	at org.junit.runners.ParentRunner$3.evaluate(ParentRunner.java:306)
	at org.junit.runners.ParentRunner.run(ParentRunner.java:413)
	at org.apache.maven.surefire.junit4.JUnit4Provider.execute(JUnit4Provider.java:252)
	at org.apache.maven.surefire.junit4.JUnit4Provider.executeTestSet(JUnit4Provider.java:141)
	at org.apache.maven.surefire.junit4.JUnit4Provider.invoke(JUnit4Provider.java:112)
	at java.base/jdk.internal.reflect.NativeMethodAccessorImpl.invoke0(Native Method)
	at java.base/jdk.internal.reflect.NativeMethodAccessorImpl.invoke(NativeMethodAccessorImpl.java:62)
	at java.base/jdk.internal.reflect.DelegatingMethodAccessorImpl.invoke(DelegatingMethodAccessorImpl.java:43)
	at java.base/java.lang.reflect.Method.invoke(Method.java:566)
	at org.apache.maven.surefire.util.ReflectionUtils.invokeMethodWithArray(ReflectionUtils.java:189)
	at org.apache.maven.surefire.booter.ProviderFactory$ProviderProxy.invoke(ProviderFactory.java:165)
	at org.apache.maven.surefire.booter.ProviderFactory.invokeProvider(ProviderFactory.java:85)
	at org.apache.maven.surefire.booter.ForkedBooter.runSuitesInProcess(ForkedBooter.java:115)
	at org.apache.maven.surefire.booter.ForkedBooter.main(ForkedBooter.java:75)


Results :

Failed tests:   testGetShellCommandLineBash_WithWorkingDirectory(edu.vision.se.Testcase1): expected:<cd ['/path with spaces' && '/bin/echo'] 'hello world'> but was:<cd ["/path with spaces" && /bin/echo] 'hello world'>

Tests run: 1, Failures: 1, Errors: 0, Skipped: 0

[INFO] ------------------------------------------------------------------------
[INFO] BUILD FAILURE
[INFO] ------------------------------------------------------------------------
[INFO] Total time:  1.447 s
[INFO] Finished at: 2025-07-13T18:21:30Z
[INFO] ------------------------------------------------------------------------
[ERROR] Failed to execute goal org.apache.maven.plugins:maven-surefire-plugin:2.12.4:test (default-test) on project CVE-2017-1000487: There are test failures.
[ERROR] 
[ERROR] Please refer to /PoCAdaptation/exploit/origin/CVE-2017-1000487/exploit/target/surefire-reports for the individual test results.
[ERROR] -> [Help 1]
[ERROR] 
[ERROR] To see the full stack trace of the errors, re-run Maven with the -e switch.
[ERROR] Re-run Maven using the -X switch to enable full debug logging.
[ERROR] 
[ERROR] For more information about the errors and possible solutions, please read the following articles:
[ERROR] [Help 1] http://cwiki.apache.org/confluence/display/MAVEN/MojoFailureException


[96m[Verifier] Verifying reproduction...[0m
[92m[Verifier] âœ“ Behavior matched: 'org.junit.ComparisonFailure'[0m
[92m[Verifier] âœ“ Detail matched: 'hello world'[0m
[92m[Verifier] âœ“ All reproduction indicators matched.[0m
[92m[Verifier] Initial exploit behavior verified successfully.[0m
[96m[Selector] Nearest need adapatation version selected: 1.4.2[0m
[96m[Selector] Closest reproduced version: 1.4.3 at index 9[0m
[96m[Adapter] Trying next closest version: 1.4.2[0m
[]
[93m[Preparer] No usable exploit dirs found under /PoCAdaptation/exploit/valid/CVE-2017-1000487, use source[0m
[92m[Preparer] Copied exploit to: /PoCAdaptation/exploit/pending/CVE-2017-1000487/1.4.2/exploit[0m
[96m[Preparer] Updating dependency version to 1.4.2 in /PoCAdaptation/exploit/pending/CVE-2017-1000487/1.4.2/exploit/pom.xml[0m
[92m[Preparer] Updated dependency version to 1.4.2 in /PoCAdaptation/exploit/pending/CVE-2017-1000487/1.4.2/exploit/pom.xml[0m
[96m[Executor] Attempting direct exploit execution on 1.4.2...[0m
[96m[Executor] Executing exploit for CVE-2017-1000487 on version 1.4.2...[0m
[INFO] Scanning for projects...
[INFO] 
[INFO] -------------------< edu.vision.se:CVE-2017-1000487 >-------------------
[INFO] Building CVE-2017-1000487 1.0-SNAPSHOT
[INFO]   from pom.xml
[INFO] --------------------------------[ jar ]---------------------------------
[INFO] 
[INFO] --- maven-clean-plugin:2.5:clean (default-clean) @ CVE-2017-1000487 ---
[INFO] Deleting /PoCAdaptation/exploit/pending/CVE-2017-1000487/1.4.2/exploit/target
[INFO] 
[INFO] --- maven-resources-plugin:2.6:resources (default-resources) @ CVE-2017-1000487 ---
[INFO] Using 'UTF-8' encoding to copy filtered resources.
[INFO] skip non existing resourceDirectory /PoCAdaptation/exploit/pending/CVE-2017-1000487/1.4.2/exploit/src/main/resources
[INFO] 
[INFO] --- maven-compiler-plugin:3.1:compile (default-compile) @ CVE-2017-1000487 ---
[INFO] No sources to compile
[INFO] 
[INFO] --- maven-resources-plugin:2.6:testResources (default-testResources) @ CVE-2017-1000487 ---
[INFO] Using 'UTF-8' encoding to copy filtered resources.
[INFO] skip non existing resourceDirectory /PoCAdaptation/exploit/pending/CVE-2017-1000487/1.4.2/exploit/src/test/resources
[INFO] 
[INFO] --- maven-compiler-plugin:3.1:testCompile (default-testCompile) @ CVE-2017-1000487 ---
[INFO] Changes detected - recompiling the module!
[INFO] Compiling 1 source file to /PoCAdaptation/exploit/pending/CVE-2017-1000487/1.4.2/exploit/target/test-classes
[INFO] -------------------------------------------------------------
[ERROR] COMPILATION ERROR : 
[INFO] -------------------------------------------------------------
[ERROR] /PoCAdaptation/exploit/pending/CVE-2017-1000487/1.4.2/exploit/src/test/java/edu/vision/se/Testcase1.java:[39,27] cannot find symbol
  symbol:   variable FAMILY_WINDOWS
  location: class org.codehaus.plexus.util.Os
[INFO] 1 error
[INFO] -------------------------------------------------------------
[INFO] ------------------------------------------------------------------------
[INFO] BUILD FAILURE
[INFO] ------------------------------------------------------------------------
[INFO] Total time:  0.848 s
[INFO] Finished at: 2025-07-13T18:21:34Z
[INFO] ------------------------------------------------------------------------
[ERROR] Failed to execute goal org.apache.maven.plugins:maven-compiler-plugin:3.1:testCompile (default-testCompile) on project CVE-2017-1000487: Compilation failure
[ERROR] /PoCAdaptation/exploit/pending/CVE-2017-1000487/1.4.2/exploit/src/test/java/edu/vision/se/Testcase1.java:[39,27] cannot find symbol
[ERROR]   symbol:   variable FAMILY_WINDOWS
[ERROR]   location: class org.codehaus.plexus.util.Os
[ERROR] 
[ERROR] -> [Help 1]
[ERROR] 
[ERROR] To see the full stack trace of the errors, re-run Maven with the -e switch.
[ERROR] Re-run Maven using the -X switch to enable full debug logging.
[ERROR] 
[ERROR] For more information about the errors and possible solutions, please read the following articles:
[ERROR] [Help 1] http://cwiki.apache.org/confluence/display/MAVEN/MojoFailureException


[96m[Verifier] Verifying reproduction...[0m
[91m[Verifier] âœ— Behavior not found: 'org.junit.ComparisonFailure'[0m
[91m[Executor] Reproduction result: Failure[0m
[96m[Adapter] Attempting adaptation from base version 1.4.3 to 1.4.2...[0m
[96m[Adapter] Start adapting exploit from 1.4.3 to 1.4.2"[0m
[96m[Executor] Executing exploit for CVE-2017-1000487 on version 1.4.2...[0m
[INFO] Scanning for projects...
[INFO] 
[INFO] -------------------< edu.vision.se:CVE-2017-1000487 >-------------------
[INFO] Building CVE-2017-1000487 1.0-SNAPSHOT
[INFO]   from pom.xml
[INFO] --------------------------------[ jar ]---------------------------------
[INFO] 
[INFO] --- maven-clean-plugin:2.5:clean (default-clean) @ CVE-2017-1000487 ---
[INFO] Deleting /PoCAdaptation/exploit/result/CVE-2017-1000487/1.4.2/exploit/target
[INFO] 
[INFO] --- maven-resources-plugin:2.6:resources (default-resources) @ CVE-2017-1000487 ---
[INFO] Using 'UTF-8' encoding to copy filtered resources.
[INFO] skip non existing resourceDirectory /PoCAdaptation/exploit/result/CVE-2017-1000487/1.4.2/exploit/src/main/resources
[INFO] 
[INFO] --- maven-compiler-plugin:3.1:compile (default-compile) @ CVE-2017-1000487 ---
[INFO] No sources to compile
[INFO] 
[INFO] --- maven-resources-plugin:2.6:testResources (default-testResources) @ CVE-2017-1000487 ---
[INFO] Using 'UTF-8' encoding to copy filtered resources.
[INFO] skip non existing resourceDirectory /PoCAdaptation/exploit/result/CVE-2017-1000487/1.4.2/exploit/src/test/resources
[INFO] 
[INFO] --- maven-compiler-plugin:3.1:testCompile (default-testCompile) @ CVE-2017-1000487 ---
[INFO] Changes detected - recompiling the module!
[INFO] Compiling 1 source file to /PoCAdaptation/exploit/result/CVE-2017-1000487/1.4.2/exploit/target/test-classes
[INFO] -------------------------------------------------------------
[ERROR] COMPILATION ERROR : 
[INFO] -------------------------------------------------------------
[ERROR] /PoCAdaptation/exploit/result/CVE-2017-1000487/1.4.2/exploit/src/test/java/edu/vision/se/Testcase1.java:[39,27] cannot find symbol
  symbol:   variable FAMILY_WINDOWS
  location: class org.codehaus.plexus.util.Os
[INFO] 1 error
[INFO] -------------------------------------------------------------
[INFO] ------------------------------------------------------------------------
[INFO] BUILD FAILURE
[INFO] ------------------------------------------------------------------------
[INFO] Total time:  0.979 s
[INFO] Finished at: 2025-07-13T18:21:36Z
[INFO] ------------------------------------------------------------------------
[ERROR] Failed to execute goal org.apache.maven.plugins:maven-compiler-plugin:3.1:testCompile (default-testCompile) on project CVE-2017-1000487: Compilation failure
[ERROR] /PoCAdaptation/exploit/result/CVE-2017-1000487/1.4.2/exploit/src/test/java/edu/vision/se/Testcase1.java:[39,27] cannot find symbol
[ERROR]   symbol:   variable FAMILY_WINDOWS
[ERROR]   location: class org.codehaus.plexus.util.Os
[ERROR] 
[ERROR] -> [Help 1]
[ERROR] 
[ERROR] To see the full stack trace of the errors, re-run Maven with the -e switch.
[ERROR] Re-run Maven using the -X switch to enable full debug logging.
[ERROR] 
[ERROR] For more information about the errors and possible solutions, please read the following articles:
[ERROR] [Help 1] http://cwiki.apache.org/confluence/display/MAVEN/MojoFailureException


[96m[Verifier] Verifying reproduction...[0m
[91m[Verifier] âœ— Behavior not found: 'org.junit.ComparisonFailure'[0m
[91m[Executor] Reproduction result: Failure[0m
[96m[ErrorManager] Ignoring line: [ERROR] Failed to execute goal org.apache.maven.plugins:maven-compiler-plugin:3.1:testCompile (default-testCompile) on project CVE-2017-1000487: Compilation failure[0m
[92m[ErrorManager] Processing line: [ERROR] /PoCAdaptation/exploit/result/CVE-2017-1000487/1.4.2/exploit/src/test/java/edu/vision/se/Testcase1.java:[39,27] cannot find symbol[0m
[92m[ErrorManager] Processing line: [ERROR]   symbol:   variable FAMILY_WINDOWS[0m
[92m[ErrorManager] Processing line: [ERROR]   location: class org.codehaus.plexus.util.Os[0m
[96m[ErrorManager] Ignoring line: [ERROR][0m
[96m[ErrorManager] Ignoring line: [ERROR] -> [Help 1][0m
[96m[ErrorManager] Ignoring line: [ERROR][0m
[96m[ErrorManager] Ignoring line: [ERROR] To see the full stack trace of the errors, re-run Maven with the -e switch.[0m
[96m[ErrorManager] Ignoring line: [ERROR] Re-run Maven using the -X switch to enable full debug logging.[0m
[96m[ErrorManager] Ignoring line: [ERROR][0m
[96m[ErrorManager] Ignoring line: [ERROR] For more information about the errors and possible solutions, please read the following articles:[0m
[96m[ErrorManager] Ignoring line: [ERROR] [Help 1] http://cwiki.apache.org/confluence/display/MAVEN/MojoFailureException[0m
[96m[Adapter] Locating fix position in error log.[0m
---------
[LLMClient] Asking: You are given a Java error log when executing 'mvn test' in a project with dependency version 1.4.2:org.codehaus.plexus:plexus-utils.
This test file compiles and runs successfully with version 1.4.3.

Your task is to:
output the location in the project that should be modified to fix the problem **without updating this library**.

Please return 'pom' if the fix is in the pom.xml file, or 'test' if the fix is in the test code.
Do not return any other text, just 'pom' or 'test'.

The error log is:
[INFO] Scanning for projects...
[INFO] 
[INFO] -------------------< edu.vision.se:CVE-2017-1000487 >-------------------
[INFO] Building CVE-2017-1000487 1.0-SNAPSHOT
[INFO]   from pom.xml
[INFO] --------------------------------[ jar ]---------------------------------
[INFO] 
[INFO] --- maven-clean-plugin:2.5:clean (default-clean) @ CVE-2017-1000487 ---
[INFO] Deleting /PoCAdaptation/exploit/result/CVE-2017-1000487/1.4.2/exploit/target
[INFO] 
[INFO] --- maven-resources-plugin:2.6:resources (default-resources) @ CVE-2017-1000487 ---
[INFO] Using 'UTF-8' encoding to copy filtered resources.
[INFO] skip non existing resourceDirectory /PoCAdaptation/exploit/result/CVE-2017-1000487/1.4.2/exploit/src/main/resources
[INFO] 
[INFO] --- maven-compiler-plugin:3.1:compile (default-compile) @ CVE-2017-1000487 ---
[INFO] No sources to compile
[INFO] 
[INFO] --- maven-resources-plugin:2.6:testResources (default-testResources) @ CVE-2017-1000487 ---
[INFO] Using 'UTF-8' encoding to copy filtered resources.
[INFO] skip non existing resourceDirectory /PoCAdaptation/exploit/result/CVE-2017-1000487/1.4.2/exploit/src/test/resources
[INFO] 
[INFO] --- maven-compiler-plugin:3.1:testCompile (default-testCompile) @ CVE-2017-1000487 ---
[INFO] Changes detected - recompiling the module!
[INFO] Compiling 1 source file to /PoCAdaptation/exploit/result/CVE-2017-1000487/1.4.2/exploit/target/test-classes
[INFO] -------------------------------------------------------------
[ERROR] COMPILATION ERROR : 
[INFO] -------------------------------------------------------------
[ERROR] /PoCAdaptation/exploit/result/CVE-2017-1000487/1.4.2/exploit/src/test/java/edu/vision/se/Testcase1.java:[39,27] cannot find symbol
  symbol:   variable FAMILY_WINDOWS
  location: class org.codehaus.plexus.util.Os
[INFO] 1 error
[INFO] -------------------------------------------------------------
[INFO] ------------------------------------------------------------------------
[INFO] BUILD FAILURE
[INFO] ------------------------------------------------------------------------
[INFO] Total time:  0.979 s
[INFO] Finished at: 2025-07-13T18:21:36Z
[INFO] ------------------------------------------------------------------------
[ERROR] Failed to execute goal org.apache.maven.plugins:maven-compiler-plugin:3.1:testCompile (default-testCompile) on project CVE-2017-1000487: Compilation failure
[ERROR] /PoCAdaptation/exploit/result/CVE-2017-1000487/1.4.2/exploit/src/test/java/edu/vision/se/Testcase1.java:[39,27] cannot find symbol
[ERROR]   symbol:   variable FAMILY_WINDOWS
[ERROR]   location: class org.codehaus.plexus.util.Os
[ERROR] 
[ERROR] -> [Help 1]
[ERROR] 
[ERROR] To see the full stack trace of the errors, re-run Maven with the -e switch.
[ERROR] Re-run Maven using the -X switch to enable full debug logging.
[ERROR] 
[ERROR] For more information about the errors and possible solutions, please read the following articles:
[ERROR] [Help 1] http://cwiki.apache.org/confluence/display/MAVEN/MojoFailureException


current_pom file is:<?xml version='1.0' encoding='utf-8'?>
<project xmlns="http://maven.apache.org/POM/4.0.0" xmlns:xsi="http://www.w3.org/2001/XMLSchema-instance" xsi:schemaLocation="http://maven.apache.org/POM/4.0.0 https://maven.apache.org/xsd/maven-4.0.0.xsd">
  <groupId>edu.vision.se</groupId><version>1.0-SNAPSHOT</version><modelVersion>4.0.0</modelVersion>
  <artifactId>CVE-2017-1000487</artifactId>
  <properties>
    <maven.compiler.target>11</maven.compiler.target>
    <maven.compiler.source>11</maven.compiler.source>
    <project.build.sourceEncoding>UTF-8</project.build.sourceEncoding>
  </properties>
  <dependencies>
    <dependency>
      <groupId>org.codehaus.plexus</groupId>
      <artifactId>plexus-utils</artifactId>
      <version>1.4.2</version>
    </dependency>
  <dependency><groupId>junit</groupId><artifactId>junit</artifactId><version>4.13.2</version></dependency>
  
  </dependencies>
</project>
---------
---------
[LLMClient] Response: test
---------
[96m[Adapter] LLM response for fix position: test[0m
[96m[Adapter] Fix position is in test code.[0m
---------
[LLMClient] Asking: You are given an error when executing exploit in in 1.4.2:org.codehaus.plexus:plexus-utils
This exploit file compiles and reproduced successfully in 1.4.3 with an assertion error.

Your task is fix the error.

Only output the modified version of the test file. No explanations. 
### Compilation Errors:
[INFO] Scanning for projects...
[INFO] 
[INFO] -------------------< edu.vision.se:CVE-2017-1000487 >-------------------
[INFO] Building CVE-2017-1000487 1.0-SNAPSHOT
[INFO]   from pom.xml
[INFO] --------------------------------[ jar ]---------------------------------
[INFO] 
[INFO] --- maven-clean-plugin:2.5:clean (default-clean) @ CVE-2017-1000487 ---
[INFO] Deleting /PoCAdaptation/exploit/result/CVE-2017-1000487/1.4.2/exploit/target
[INFO] 
[INFO] --- maven-resources-plugin:2.6:resources (default-resources) @ CVE-2017-1000487 ---
[INFO] Using 'UTF-8' encoding to copy filtered resources.
[INFO] skip non existing resourceDirectory /PoCAdaptation/exploit/result/CVE-2017-1000487/1.4.2/exploit/src/main/resources
[INFO] 
[INFO] --- maven-compiler-plugin:3.1:compile (default-compile) @ CVE-2017-1000487 ---
[INFO] No sources to compile
[INFO] 
[INFO] --- maven-resources-plugin:2.6:testResources (default-testResources) @ CVE-2017-1000487 ---
[INFO] Using 'UTF-8' encoding to copy filtered resources.
[INFO] skip non existing resourceDirectory /PoCAdaptation/exploit/result/CVE-2017-1000487/1.4.2/exploit/src/test/resources
[INFO] 
[INFO] --- maven-compiler-plugin:3.1:testCompile (default-testCompile) @ CVE-2017-1000487 ---
[INFO] Changes detected - recompiling the module!
[INFO] Compiling 1 source file to /PoCAdaptation/exploit/result/CVE-2017-1000487/1.4.2/exploit/target/test-classes
[INFO] -------------------------------------------------------------
[ERROR] COMPILATION ERROR : 
[INFO] -------------------------------------------------------------
[ERROR] /PoCAdaptation/exploit/result/CVE-2017-1000487/1.4.2/exploit/src/test/java/edu/vision/se/Testcase1.java:[39,27] cannot find symbol
  symbol:   variable FAMILY_WINDOWS
  location: class org.codehaus.plexus.util.Os
[INFO] 1 error
[INFO] -------------------------------------------------------------
[INFO] ------------------------------------------------------------------------
[INFO] BUILD FAILURE
[INFO] ------------------------------------------------------------------------
[INFO] Total time:  0.979 s
[INFO] Finished at: 2025-07-13T18:21:36Z
[INFO] ------------------------------------------------------------------------
[ERROR] Failed to execute goal org.apache.maven.plugins:maven-compiler-plugin:3.1:testCompile (default-testCompile) on project CVE-2017-1000487: Compilation failure
[ERROR] /PoCAdaptation/exploit/result/CVE-2017-1000487/1.4.2/exploit/src/test/java/edu/vision/se/Testcase1.java:[39,27] cannot find symbol
[ERROR]   symbol:   variable FAMILY_WINDOWS
[ERROR]   location: class org.codehaus.plexus.util.Os
[ERROR] 
[ERROR] -> [Help 1]
[ERROR] 
[ERROR] To see the full stack trace of the errors, re-run Maven with the -e switch.
[ERROR] Re-run Maven using the -X switch to enable full debug logging.
[ERROR] 
[ERROR] For more information about the errors and possible solutions, please read the following articles:
[ERROR] [Help 1] http://cwiki.apache.org/confluence/display/MAVEN/MojoFailureException

### Test File Content:
package edu.vision.se;

import org.codehaus.plexus.util.Os;
import org.codehaus.plexus.util.cli.Commandline;
import org.codehaus.plexus.util.cli.shell.BourneShell;
import org.junit.Test;

import java.io.File;

import static org.junit.Assert.assertEquals;

public class Testcase1 {

    /**
     * Test the command line generated for the bash shell
     *
     * @throws Exception
     */
    @Test
    public void testGetShellCommandLineBash_WithWorkingDirectory()
            throws Exception {
        Commandline cmd = new Commandline(new BourneShell());
        cmd.setExecutable("/bin/echo");
        cmd.addArguments(new String[]{
                "hello world"
        });
        File root = File.listRoots()[0];
        File workingDirectory = new File(root, "path with spaces");
        cmd.setWorkingDirectory(workingDirectory);

        String[] shellCommandline = cmd.getShellCommandline();

        assertEquals("Command line size", 3, shellCommandline.length);

        // assertEquals("/bin/sh", shellCommandline[0]);
        assertEquals("-c", shellCommandline[1]);
        String expectedShellCmd = "cd '" + root.getAbsolutePath()
                + "path with spaces' && '/bin/echo' 'hello world'";
        if (Os.isFamily(Os.FAMILY_WINDOWS)) {
            expectedShellCmd = "cd '" + root.getAbsolutePath()
                    + "path with spaces' && '\\bin\\echo' 'hello world'";
        }
        assertEquals(expectedShellCmd, shellCommandline[2]);
    }
}



---------
---------
[LLMClient] Response: Here's the modified version of the test file:

```java
package edu.vision.se;

import org.codehaus.plexus.util.Os;
import org.codehaus.plexus.util.cli.Commandline;
import org.codehaus.plexus.util.cli.shell.BourneShell;
import org.junit.Test;

import java.io.File;

import static org.junit.Assert.assertEquals;

public class Testcase1 {

    /**
     * Test the command line generated for the bash shell
     *
     * @throws Exception
     */
    @Test
    public void testGetShellCommandLineBash_WithWorkingDirectory()
            throws Exception {
        Commandline cmd = new Commandline(new BourneShell());
        cmd.setExecutable("/bin/echo");
        cmd.addArguments(new String[]{
                "hello world"
        });
        File root = File.listRoots()[0];
        File workingDirectory = new File(root, "path with spaces");
        cmd.setWorkingDirectory(workingDirectory);

        String[] shellCommandline = cmd.getShellCommandline();

        assertEquals("Command line size", 3, shellCommandline.length);

        // assertEquals("/bin/sh", shellCommandline[0]);
        assertEquals("-c", shellCommandline[1]);
        String expectedShellCmd = "cd '" + root.getAbsolutePath()
                + "path with spaces' && '/bin/echo' 'hello world'";
        if (Os.isFamily("windows")) {
            expectedShellCmd = "cd '" + root.getAbsolutePath()
                    + "path with spaces' && '\\bin\\echo' 'hello world'";
        }
        assertEquals(expectedShellCmd, shellCommandline[2]);
    }
}
```
---------
[96m[RepairModule] Wrote modified code to /PoCAdaptation/exploit/result/CVE-2017-1000487/1.4.2/exploit/src/test/java/edu/vision/se/Testcase1.java[0m
[96m[Executor] Executing exploit for CVE-2017-1000487 on version 1.4.2...[0m
[INFO] Scanning for projects...
[INFO] 
[INFO] -------------------< edu.vision.se:CVE-2017-1000487 >-------------------
[INFO] Building CVE-2017-1000487 1.0-SNAPSHOT
[INFO]   from pom.xml
[INFO] --------------------------------[ jar ]---------------------------------
[INFO] 
[INFO] --- maven-clean-plugin:2.5:clean (default-clean) @ CVE-2017-1000487 ---
[INFO] Deleting /PoCAdaptation/exploit/result/CVE-2017-1000487/1.4.2/exploit/target
[INFO] 
[INFO] --- maven-resources-plugin:2.6:resources (default-resources) @ CVE-2017-1000487 ---
[INFO] Using 'UTF-8' encoding to copy filtered resources.
[INFO] skip non existing resourceDirectory /PoCAdaptation/exploit/result/CVE-2017-1000487/1.4.2/exploit/src/main/resources
[INFO] 
[INFO] --- maven-compiler-plugin:3.1:compile (default-compile) @ CVE-2017-1000487 ---
[INFO] No sources to compile
[INFO] 
[INFO] --- maven-resources-plugin:2.6:testResources (default-testResources) @ CVE-2017-1000487 ---
[INFO] Using 'UTF-8' encoding to copy filtered resources.
[INFO] skip non existing resourceDirectory /PoCAdaptation/exploit/result/CVE-2017-1000487/1.4.2/exploit/src/test/resources
[INFO] 
[INFO] --- maven-compiler-plugin:3.1:testCompile (default-testCompile) @ CVE-2017-1000487 ---
[INFO] Changes detected - recompiling the module!
[INFO] Compiling 1 source file to /PoCAdaptation/exploit/result/CVE-2017-1000487/1.4.2/exploit/target/test-classes
[INFO] 
[INFO] --- maven-surefire-plugin:2.12.4:test (default-test) @ CVE-2017-1000487 ---
[INFO] Surefire report directory: /PoCAdaptation/exploit/result/CVE-2017-1000487/1.4.2/exploit/target/surefire-reports

-------------------------------------------------------
 T E S T S
-------------------------------------------------------
Running edu.vision.se.Testcase1
Tests run: 1, Failures: 1, Errors: 0, Skipped: 0, Time elapsed: 0.038 sec <<< FAILURE!
testGetShellCommandLineBash_WithWorkingDirectory(edu.vision.se.Testcase1)  Time elapsed: 0.026 sec  <<< FAILURE!
org.junit.ComparisonFailure: expected:<cd ['/path with spaces' && '/bin/echo' 'hello world']> but was:<cd [/path with spaces && /bin/echo "hello world"]>
	at org.junit.Assert.assertEquals(Assert.java:117)
	at org.junit.Assert.assertEquals(Assert.java:146)
	at edu.vision.se.Testcase1.testGetShellCommandLineBash_WithWorkingDirectory(Testcase1.java:43)
	at java.base/jdk.internal.reflect.NativeMethodAccessorImpl.invoke0(Native Method)
	at java.base/jdk.internal.reflect.NativeMethodAccessorImpl.invoke(NativeMethodAccessorImpl.java:62)
	at java.base/jdk.internal.reflect.DelegatingMethodAccessorImpl.invoke(DelegatingMethodAccessorImpl.java:43)
	at java.base/java.lang.reflect.Method.invoke(Method.java:566)
	at org.junit.runners.model.FrameworkMethod$1.runReflectiveCall(FrameworkMethod.java:59)
	at org.junit.internal.runners.model.ReflectiveCallable.run(ReflectiveCallable.java:12)
	at org.junit.runners.model.FrameworkMethod.invokeExplosively(FrameworkMethod.java:56)
	at org.junit.internal.runners.statements.InvokeMethod.evaluate(InvokeMethod.java:17)
	at org.junit.runners.ParentRunner$3.evaluate(ParentRunner.java:306)
	at org.junit.runners.BlockJUnit4ClassRunner$1.evaluate(BlockJUnit4ClassRunner.java:100)
	at org.junit.runners.ParentRunner.runLeaf(ParentRunner.java:366)
	at org.junit.runners.BlockJUnit4ClassRunner.runChild(BlockJUnit4ClassRunner.java:103)
	at org.junit.runners.BlockJUnit4ClassRunner.runChild(BlockJUnit4ClassRunner.java:63)
	at org.junit.runners.ParentRunner$4.run(ParentRunner.java:331)
	at org.junit.runners.ParentRunner$1.schedule(ParentRunner.java:79)
	at org.junit.runners.ParentRunner.runChildren(ParentRunner.java:329)
	at org.junit.runners.ParentRunner.access$100(ParentRunner.java:66)
	at org.junit.runners.ParentRunner$2.evaluate(ParentRunner.java:293)
	at org.junit.runners.ParentRunner$3.evaluate(ParentRunner.java:306)
	at org.junit.runners.ParentRunner.run(ParentRunner.java:413)
	at org.apache.maven.surefire.junit4.JUnit4Provider.execute(JUnit4Provider.java:252)
	at org.apache.maven.surefire.junit4.JUnit4Provider.executeTestSet(JUnit4Provider.java:141)
	at org.apache.maven.surefire.junit4.JUnit4Provider.invoke(JUnit4Provider.java:112)
	at java.base/jdk.internal.reflect.NativeMethodAccessorImpl.invoke0(Native Method)
	at java.base/jdk.internal.reflect.NativeMethodAccessorImpl.invoke(NativeMethodAccessorImpl.java:62)
	at java.base/jdk.internal.reflect.DelegatingMethodAccessorImpl.invoke(DelegatingMethodAccessorImpl.java:43)
	at java.base/java.lang.reflect.Method.invoke(Method.java:566)
	at org.apache.maven.surefire.util.ReflectionUtils.invokeMethodWithArray(ReflectionUtils.java:189)
	at org.apache.maven.surefire.booter.ProviderFactory$ProviderProxy.invoke(ProviderFactory.java:165)
	at org.apache.maven.surefire.booter.ProviderFactory.invokeProvider(ProviderFactory.java:85)
	at org.apache.maven.surefire.booter.ForkedBooter.runSuitesInProcess(ForkedBooter.java:115)
	at org.apache.maven.surefire.booter.ForkedBooter.main(ForkedBooter.java:75)


Results :

Failed tests:   testGetShellCommandLineBash_WithWorkingDirectory(edu.vision.se.Testcase1): expected:<cd ['/path with spaces' && '/bin/echo' 'hello world']> but was:<cd [/path with spaces && /bin/echo "hello world"]>

Tests run: 1, Failures: 1, Errors: 0, Skipped: 0

[INFO] ------------------------------------------------------------------------
[INFO] BUILD FAILURE
[INFO] ------------------------------------------------------------------------
[INFO] Total time:  1.378 s
[INFO] Finished at: 2025-07-13T18:22:04Z
[INFO] ------------------------------------------------------------------------
[ERROR] Failed to execute goal org.apache.maven.plugins:maven-surefire-plugin:2.12.4:test (default-test) on project CVE-2017-1000487: There are test failures.
[ERROR] 
[ERROR] Please refer to /PoCAdaptation/exploit/result/CVE-2017-1000487/1.4.2/exploit/target/surefire-reports for the individual test results.
[ERROR] -> [Help 1]
[ERROR] 
[ERROR] To see the full stack trace of the errors, re-run Maven with the -e switch.
[ERROR] Re-run Maven using the -X switch to enable full debug logging.
[ERROR] 
[ERROR] For more information about the errors and possible solutions, please read the following articles:
[ERROR] [Help 1] http://cwiki.apache.org/confluence/display/MAVEN/MojoFailureException


[96m[Verifier] Verifying reproduction...[0m
[92m[Verifier] âœ“ Behavior matched: 'org.junit.ComparisonFailure'[0m
[92m[Verifier] âœ“ Detail matched: 'hello world'[0m
[92m[Verifier] âœ“ All reproduction indicators matched.[0m
[92m[Executor] Reproduction result: Success[0m
[92m[RepairModule] Test repair success with diff[0m
[96m[Adapter] Test code repair attempted.[0m
[96m[Executor] Executing exploit for CVE-2017-1000487 on version 1.4.2...[0m
[INFO] Scanning for projects...
[INFO] 
[INFO] -------------------< edu.vision.se:CVE-2017-1000487 >-------------------
[INFO] Building CVE-2017-1000487 1.0-SNAPSHOT
[INFO]   from pom.xml
[INFO] --------------------------------[ jar ]---------------------------------
[INFO] 
[INFO] --- maven-clean-plugin:2.5:clean (default-clean) @ CVE-2017-1000487 ---
[INFO] Deleting /PoCAdaptation/exploit/result/CVE-2017-1000487/1.4.2/exploit/target
[INFO] 
[INFO] --- maven-resources-plugin:2.6:resources (default-resources) @ CVE-2017-1000487 ---
[INFO] Using 'UTF-8' encoding to copy filtered resources.
[INFO] skip non existing resourceDirectory /PoCAdaptation/exploit/result/CVE-2017-1000487/1.4.2/exploit/src/main/resources
[INFO] 
[INFO] --- maven-compiler-plugin:3.1:compile (default-compile) @ CVE-2017-1000487 ---
[INFO] No sources to compile
[INFO] 
[INFO] --- maven-resources-plugin:2.6:testResources (default-testResources) @ CVE-2017-1000487 ---
[INFO] Using 'UTF-8' encoding to copy filtered resources.
[INFO] skip non existing resourceDirectory /PoCAdaptation/exploit/result/CVE-2017-1000487/1.4.2/exploit/src/test/resources
[INFO] 
[INFO] --- maven-compiler-plugin:3.1:testCompile (default-testCompile) @ CVE-2017-1000487 ---
[INFO] Changes detected - recompiling the module!
[INFO] Compiling 1 source file to /PoCAdaptation/exploit/result/CVE-2017-1000487/1.4.2/exploit/target/test-classes
[INFO] 
[INFO] --- maven-surefire-plugin:2.12.4:test (default-test) @ CVE-2017-1000487 ---
[INFO] Surefire report directory: /PoCAdaptation/exploit/result/CVE-2017-1000487/1.4.2/exploit/target/surefire-reports

-------------------------------------------------------
 T E S T S
-------------------------------------------------------
Running edu.vision.se.Testcase1
Tests run: 1, Failures: 1, Errors: 0, Skipped: 0, Time elapsed: 0.039 sec <<< FAILURE!
testGetShellCommandLineBash_WithWorkingDirectory(edu.vision.se.Testcase1)  Time elapsed: 0.025 sec  <<< FAILURE!
org.junit.ComparisonFailure: expected:<cd ['/path with spaces' && '/bin/echo' 'hello world']> but was:<cd [/path with spaces && /bin/echo "hello world"]>
	at org.junit.Assert.assertEquals(Assert.java:117)
	at org.junit.Assert.assertEquals(Assert.java:146)
	at edu.vision.se.Testcase1.testGetShellCommandLineBash_WithWorkingDirectory(Testcase1.java:43)
	at java.base/jdk.internal.reflect.NativeMethodAccessorImpl.invoke0(Native Method)
	at java.base/jdk.internal.reflect.NativeMethodAccessorImpl.invoke(NativeMethodAccessorImpl.java:62)
	at java.base/jdk.internal.reflect.DelegatingMethodAccessorImpl.invoke(DelegatingMethodAccessorImpl.java:43)
	at java.base/java.lang.reflect.Method.invoke(Method.java:566)
	at org.junit.runners.model.FrameworkMethod$1.runReflectiveCall(FrameworkMethod.java:59)
	at org.junit.internal.runners.model.ReflectiveCallable.run(ReflectiveCallable.java:12)
	at org.junit.runners.model.FrameworkMethod.invokeExplosively(FrameworkMethod.java:56)
	at org.junit.internal.runners.statements.InvokeMethod.evaluate(InvokeMethod.java:17)
	at org.junit.runners.ParentRunner$3.evaluate(ParentRunner.java:306)
	at org.junit.runners.BlockJUnit4ClassRunner$1.evaluate(BlockJUnit4ClassRunner.java:100)
	at org.junit.runners.ParentRunner.runLeaf(ParentRunner.java:366)
	at org.junit.runners.BlockJUnit4ClassRunner.runChild(BlockJUnit4ClassRunner.java:103)
	at org.junit.runners.BlockJUnit4ClassRunner.runChild(BlockJUnit4ClassRunner.java:63)
	at org.junit.runners.ParentRunner$4.run(ParentRunner.java:331)
	at org.junit.runners.ParentRunner$1.schedule(ParentRunner.java:79)
	at org.junit.runners.ParentRunner.runChildren(ParentRunner.java:329)
	at org.junit.runners.ParentRunner.access$100(ParentRunner.java:66)
	at org.junit.runners.ParentRunner$2.evaluate(ParentRunner.java:293)
	at org.junit.runners.ParentRunner$3.evaluate(ParentRunner.java:306)
	at org.junit.runners.ParentRunner.run(ParentRunner.java:413)
	at org.apache.maven.surefire.junit4.JUnit4Provider.execute(JUnit4Provider.java:252)
	at org.apache.maven.surefire.junit4.JUnit4Provider.executeTestSet(JUnit4Provider.java:141)
	at org.apache.maven.surefire.junit4.JUnit4Provider.invoke(JUnit4Provider.java:112)
	at java.base/jdk.internal.reflect.NativeMethodAccessorImpl.invoke0(Native Method)
	at java.base/jdk.internal.reflect.NativeMethodAccessorImpl.invoke(NativeMethodAccessorImpl.java:62)
	at java.base/jdk.internal.reflect.DelegatingMethodAccessorImpl.invoke(DelegatingMethodAccessorImpl.java:43)
	at java.base/java.lang.reflect.Method.invoke(Method.java:566)
	at org.apache.maven.surefire.util.ReflectionUtils.invokeMethodWithArray(ReflectionUtils.java:189)
	at org.apache.maven.surefire.booter.ProviderFactory$ProviderProxy.invoke(ProviderFactory.java:165)
	at org.apache.maven.surefire.booter.ProviderFactory.invokeProvider(ProviderFactory.java:85)
	at org.apache.maven.surefire.booter.ForkedBooter.runSuitesInProcess(ForkedBooter.java:115)
	at org.apache.maven.surefire.booter.ForkedBooter.main(ForkedBooter.java:75)


Results :

Failed tests:   testGetShellCommandLineBash_WithWorkingDirectory(edu.vision.se.Testcase1): expected:<cd ['/path with spaces' && '/bin/echo' 'hello world']> but was:<cd [/path with spaces && /bin/echo "hello world"]>

Tests run: 1, Failures: 1, Errors: 0, Skipped: 0

[INFO] ------------------------------------------------------------------------
[INFO] BUILD FAILURE
[INFO] ------------------------------------------------------------------------
[INFO] Total time:  1.248 s
[INFO] Finished at: 2025-07-13T18:22:06Z
[INFO] ------------------------------------------------------------------------
[ERROR] Failed to execute goal org.apache.maven.plugins:maven-surefire-plugin:2.12.4:test (default-test) on project CVE-2017-1000487: There are test failures.
[ERROR] 
[ERROR] Please refer to /PoCAdaptation/exploit/result/CVE-2017-1000487/1.4.2/exploit/target/surefire-reports for the individual test results.
[ERROR] -> [Help 1]
[ERROR] 
[ERROR] To see the full stack trace of the errors, re-run Maven with the -e switch.
[ERROR] Re-run Maven using the -X switch to enable full debug logging.
[ERROR] 
[ERROR] For more information about the errors and possible solutions, please read the following articles:
[ERROR] [Help 1] http://cwiki.apache.org/confluence/display/MAVEN/MojoFailureException


[96m[Verifier] Verifying reproduction...[0m
[92m[Verifier] âœ“ Behavior matched: 'org.junit.ComparisonFailure'[0m
[92m[Verifier] âœ“ Detail matched: 'hello world'[0m
[92m[Verifier] âœ“ All reproduction indicators matched.[0m
[92m[Executor] Reproduction result: Success[0m
[92m[Adapter] Adaptation from 1.4.3 to 1.4.2 successful.[0m
[Adapt] âœ“ Completed: True
[96m[Adapter] Adaptation complete. Retesting exploit on 1.4.2...[0m
[92m[Executor] Adaptation + reproduction successful on 1.4.2[0m
[96m[Adapter] Copied successful adaptation to /PoCAdaptation/exploit/valid/CVE-2017-1000487/1.4.2[0m

[Executor] â–¶ Summary of return codes:
  - Version 1.4.2: âœ“ Success (exit code 0)
