Running main_process.py for CVE: CVE-2017-8045
Versions: 2.1.1.RELEASE

[1m[Main] === Starting adaptation process for CVE-2017-8045 ===[0m
[96m[Processor] Fetching all available Maven versions...[0m
[96m[Analyzer] Loading cached versions from: /PoCAdaptation/library/org_springframework_amqp_spring-amqp.txt[0m
[96m[Analyzer] org.springframework.amqp:spring-amqp has 190 versions (cached).[0m
[96m[Processor] Identifying versions with successful reproduction...[0m
[96m[Processor] Pending versions: ['2.1.1.RELEASE', '2.1.9.RELEASE'][0m
[96m[Preparer] Pending directory already exists: /PoCAdaptation/exploit/pending/CVE-2017-8045[0m
[92m[Main] Total affected versions: 49[0m
[92m[Main] Already reproduced versions: 48[0m
[93m[Main] Versions pending adaptation: 1[0m
[96m[Main]     -> ['2.1.1.RELEASE'][0m
[96m[Main]     -> ['2.1.0.RELEASE', '2.1.2.RELEASE', '2.1.3.RELEASE', '2.1.4.RELEASE', '2.1.5.RELEASE', '2.1.6.RELEASE', '2.1.7.RELEASE', '2.1.8.RELEASE', '2.1.9.RELEASE', '2.1.10.RELEASE', '2.1.11.RELEASE', '2.1.12.RELEASE', '2.1.13.RELEASE', '2.1.14.RELEASE', '2.1.15.RELEASE', '2.1.16.RELEASE', '2.1.17.RELEASE', '2.1.18.RELEASE', '2.2.0.RELEASE', '2.2.1.RELEASE', '2.2.2.RELEASE', '2.2.3.RELEASE', '2.2.4.RELEASE', '2.2.5.RELEASE', '2.2.6.RELEASE', '2.2.7.RELEASE', '2.2.8.RELEASE', '2.2.9.RELEASE', '2.2.10.RELEASE', '2.2.11.RELEASE', '2.2.12.RELEASE', '2.2.13.RELEASE', '2.2.14.RELEASE', '2.2.15.RELEASE', '2.2.16.RELEASE', '2.2.17.RELEASE', '2.2.18.RELEASE', '2.3.0', '2.3.1', '2.3.2', '2.3.3', '2.3.4', '2.3.5', '2.3.6', '2.3.7', '2.3.8', '2.3.9', '2.3.10'][0m
[96m[Executor] Running initial exploit mvn test in /PoCAdaptation/exploit/origin/CVE-2017-8045/exploit[0m
[91m[Executor] Initial exploit execution finished with return code 1[0m
[INFO] Scanning for projects...
[INFO] 
[INFO] --------------------< edu.vision.se:CVE-2017-8045 >---------------------
[INFO] Building CVE-2017-8045 1.0-SNAPSHOT
[INFO]   from pom.xml
[INFO] --------------------------------[ jar ]---------------------------------
[INFO] 
[INFO] --- maven-clean-plugin:2.5:clean (default-clean) @ CVE-2017-8045 ---
[INFO] Deleting /PoCAdaptation/exploit/origin/CVE-2017-8045/exploit/target
[INFO] 
[INFO] --- maven-resources-plugin:2.6:resources (default-resources) @ CVE-2017-8045 ---
[WARNING] Using platform encoding (UTF-8 actually) to copy filtered resources, i.e. build is platform dependent!
[INFO] skip non existing resourceDirectory /PoCAdaptation/exploit/origin/CVE-2017-8045/exploit/src/main/resources
[INFO] 
[INFO] --- maven-compiler-plugin:3.1:compile (default-compile) @ CVE-2017-8045 ---
[INFO] No sources to compile
[INFO] 
[INFO] --- maven-resources-plugin:2.6:testResources (default-testResources) @ CVE-2017-8045 ---
[WARNING] Using platform encoding (UTF-8 actually) to copy filtered resources, i.e. build is platform dependent!
[INFO] skip non existing resourceDirectory /PoCAdaptation/exploit/origin/CVE-2017-8045/exploit/src/test/resources
[INFO] 
[INFO] --- maven-compiler-plugin:3.1:testCompile (default-testCompile) @ CVE-2017-8045 ---
[INFO] Changes detected - recompiling the module!
[WARNING] File encoding has not been set, using platform encoding UTF-8, i.e. build is platform dependent!
[INFO] Compiling 1 source file to /PoCAdaptation/exploit/origin/CVE-2017-8045/exploit/target/test-classes
[INFO] 
[INFO] --- maven-surefire-plugin:2.12.4:test (default-test) @ CVE-2017-8045 ---
[INFO] Surefire report directory: /PoCAdaptation/exploit/origin/CVE-2017-8045/exploit/target/surefire-reports

-------------------------------------------------------
 T E S T S
-------------------------------------------------------
Running edu.vision.se.Testcase1
Tests run: 1, Failures: 1, Errors: 0, Skipped: 0, Time elapsed: 0.098 sec <<< FAILURE!
fooNotDeserialized(edu.vision.se.Testcase1)  Time elapsed: 0.086 sec  <<< FAILURE!
java.lang.AssertionError: 
Expecting actual:
  "(Body:'aFoo'; ID:null; Content:application/x-java-serialized-object; Headers:{}; Exchange:null; RoutingKey:null; Reply:null; DeliveryMode:PERSISTENT; DeliveryTag:0)"
to contain:
  "[serialized object]" 
	at edu.vision.se.Testcase1.fooNotDeserialized(Testcase1.java:21)
	at java.base/jdk.internal.reflect.NativeMethodAccessorImpl.invoke0(Native Method)
	at java.base/jdk.internal.reflect.NativeMethodAccessorImpl.invoke(NativeMethodAccessorImpl.java:62)
	at java.base/jdk.internal.reflect.DelegatingMethodAccessorImpl.invoke(DelegatingMethodAccessorImpl.java:43)
	at java.base/java.lang.reflect.Method.invoke(Method.java:566)
	at org.junit.runners.model.FrameworkMethod$1.runReflectiveCall(FrameworkMethod.java:59)
	at org.junit.internal.runners.model.ReflectiveCallable.run(ReflectiveCallable.java:12)
	at org.junit.runners.model.FrameworkMethod.invokeExplosively(FrameworkMethod.java:56)
	at org.junit.internal.runners.statements.InvokeMethod.evaluate(InvokeMethod.java:17)
	at org.junit.runners.ParentRunner$3.evaluate(ParentRunner.java:306)
	at org.junit.runners.BlockJUnit4ClassRunner$1.evaluate(BlockJUnit4ClassRunner.java:100)
	at org.junit.runners.ParentRunner.runLeaf(ParentRunner.java:366)
	at org.junit.runners.BlockJUnit4ClassRunner.runChild(BlockJUnit4ClassRunner.java:103)
	at org.junit.runners.BlockJUnit4ClassRunner.runChild(BlockJUnit4ClassRunner.java:63)
	at org.junit.runners.ParentRunner$4.run(ParentRunner.java:331)
	at org.junit.runners.ParentRunner$1.schedule(ParentRunner.java:79)
	at org.junit.runners.ParentRunner.runChildren(ParentRunner.java:329)
	at org.junit.runners.ParentRunner.access$100(ParentRunner.java:66)
	at org.junit.runners.ParentRunner$2.evaluate(ParentRunner.java:293)
	at org.junit.runners.ParentRunner$3.evaluate(ParentRunner.java:306)
	at org.junit.runners.ParentRunner.run(ParentRunner.java:413)
	at org.apache.maven.surefire.junit4.JUnit4Provider.execute(JUnit4Provider.java:252)
	at org.apache.maven.surefire.junit4.JUnit4Provider.executeTestSet(JUnit4Provider.java:141)
	at org.apache.maven.surefire.junit4.JUnit4Provider.invoke(JUnit4Provider.java:112)
	at java.base/jdk.internal.reflect.NativeMethodAccessorImpl.invoke0(Native Method)
	at java.base/jdk.internal.reflect.NativeMethodAccessorImpl.invoke(NativeMethodAccessorImpl.java:62)
	at java.base/jdk.internal.reflect.DelegatingMethodAccessorImpl.invoke(DelegatingMethodAccessorImpl.java:43)
	at java.base/java.lang.reflect.Method.invoke(Method.java:566)
	at org.apache.maven.surefire.util.ReflectionUtils.invokeMethodWithArray(ReflectionUtils.java:189)
	at org.apache.maven.surefire.booter.ProviderFactory$ProviderProxy.invoke(ProviderFactory.java:165)
	at org.apache.maven.surefire.booter.ProviderFactory.invokeProvider(ProviderFactory.java:85)
	at org.apache.maven.surefire.booter.ForkedBooter.runSuitesInProcess(ForkedBooter.java:115)
	at org.apache.maven.surefire.booter.ForkedBooter.main(ForkedBooter.java:75)


Results :

Failed tests:   fooNotDeserialized(edu.vision.se.Testcase1): (..)

Tests run: 1, Failures: 1, Errors: 0, Skipped: 0

[INFO] ------------------------------------------------------------------------
[INFO] BUILD FAILURE
[INFO] ------------------------------------------------------------------------
[INFO] Total time:  1.588 s
[INFO] Finished at: 2025-07-14T07:31:31Z
[INFO] ------------------------------------------------------------------------
[ERROR] Failed to execute goal org.apache.maven.plugins:maven-surefire-plugin:2.12.4:test (default-test) on project CVE-2017-8045: There are test failures.
[ERROR] 
[ERROR] Please refer to /PoCAdaptation/exploit/origin/CVE-2017-8045/exploit/target/surefire-reports for the individual test results.
[ERROR] -> [Help 1]
[ERROR] 
[ERROR] To see the full stack trace of the errors, re-run Maven with the -e switch.
[ERROR] Re-run Maven using the -X switch to enable full debug logging.
[ERROR] 
[ERROR] For more information about the errors and possible solutions, please read the following articles:
[ERROR] [Help 1] http://cwiki.apache.org/confluence/display/MAVEN/MojoFailureException


[96m[Verifier] Verifying reproduction...[0m
[92m[Verifier] âœ“ Behavior matched: 'java.lang.AssertionError'[0m
[92m[Verifier] âœ“ Detail matched: 'serialized object'[0m
[92m[Verifier] âœ“ All reproduction indicators matched.[0m
[92m[Verifier] Initial exploit behavior verified successfully.[0m
[96m[Selector] Nearest need adapatation version selected: 2.1.1.RELEASE[0m
[96m[Selector] Closest reproduced version: 2.1.0.RELEASE at index 77[0m
[96m[Adapter] Trying next closest version: 2.1.1.RELEASE[0m
[]
[93m[Preparer] No usable exploit dirs found under /PoCAdaptation/exploit/valid/CVE-2017-8045, use source[0m
[92m[Preparer] Copied exploit to: /PoCAdaptation/exploit/pending/CVE-2017-8045/2.1.1.RELEASE/exploit[0m
[96m[Preparer] Updating dependency version to 2.1.1.RELEASE in /PoCAdaptation/exploit/pending/CVE-2017-8045/2.1.1.RELEASE/exploit/pom.xml[0m
[92m[Preparer] Updated dependency version to 2.1.1.RELEASE in /PoCAdaptation/exploit/pending/CVE-2017-8045/2.1.1.RELEASE/exploit/pom.xml[0m
[96m[Executor] Attempting direct exploit execution on 2.1.1.RELEASE...[0m
[96m[Executor] Executing exploit for CVE-2017-8045 on version 2.1.1.RELEASE...[0m
[INFO] Scanning for projects...
[INFO] 
[INFO] --------------------< edu.vision.se:CVE-2017-8045 >---------------------
[INFO] Building CVE-2017-8045 1.0-SNAPSHOT
[INFO]   from pom.xml
[INFO] --------------------------------[ jar ]---------------------------------
[WARNING] The POM for org.springframework:spring-core:jar:5.1.2.BUILD-SNAPSHOT is missing, no dependency information available
[INFO] ------------------------------------------------------------------------
[INFO] BUILD FAILURE
[INFO] ------------------------------------------------------------------------
[INFO] Total time:  0.229 s
[INFO] Finished at: 2025-07-14T07:31:34Z
[INFO] ------------------------------------------------------------------------
[ERROR] Failed to execute goal on project CVE-2017-8045: Could not resolve dependencies for project edu.vision.se:CVE-2017-8045:jar:1.0-SNAPSHOT: Could not find artifact org.springframework:spring-core:jar:5.1.2.BUILD-SNAPSHOT -> [Help 1]
[ERROR] 
[ERROR] To see the full stack trace of the errors, re-run Maven with the -e switch.
[ERROR] Re-run Maven using the -X switch to enable full debug logging.
[ERROR] 
[ERROR] For more information about the errors and possible solutions, please read the following articles:
[ERROR] [Help 1] http://cwiki.apache.org/confluence/display/MAVEN/DependencyResolutionException


[96m[Verifier] Verifying reproduction...[0m
[91m[Verifier] âœ— Behavior not found: 'java.lang.AssertionError'[0m
[91m[Executor] Reproduction result: Failure[0m
[96m[Adapter] Attempting adaptation from base version 2.1.0.RELEASE to 2.1.1.RELEASE...[0m
[96m[Adapter] Start adapting exploit from 2.1.0.RELEASE to 2.1.1.RELEASE"[0m
[96m[Executor] Executing exploit for CVE-2017-8045 on version 2.1.1.RELEASE...[0m
[INFO] Scanning for projects...
[INFO] 
[INFO] --------------------< edu.vision.se:CVE-2017-8045 >---------------------
[INFO] Building CVE-2017-8045 1.0-SNAPSHOT
[INFO]   from pom.xml
[INFO] --------------------------------[ jar ]---------------------------------
[WARNING] The POM for org.springframework:spring-core:jar:5.1.2.BUILD-SNAPSHOT is missing, no dependency information available
[INFO] ------------------------------------------------------------------------
[INFO] BUILD FAILURE
[INFO] ------------------------------------------------------------------------
[INFO] Total time:  0.245 s
[INFO] Finished at: 2025-07-14T07:31:35Z
[INFO] ------------------------------------------------------------------------
[ERROR] Failed to execute goal on project CVE-2017-8045: Could not resolve dependencies for project edu.vision.se:CVE-2017-8045:jar:1.0-SNAPSHOT: Could not find artifact org.springframework:spring-core:jar:5.1.2.BUILD-SNAPSHOT -> [Help 1]
[ERROR] 
[ERROR] To see the full stack trace of the errors, re-run Maven with the -e switch.
[ERROR] Re-run Maven using the -X switch to enable full debug logging.
[ERROR] 
[ERROR] For more information about the errors and possible solutions, please read the following articles:
[ERROR] [Help 1] http://cwiki.apache.org/confluence/display/MAVEN/DependencyResolutionException


[96m[Verifier] Verifying reproduction...[0m
[91m[Verifier] âœ— Behavior not found: 'java.lang.AssertionError'[0m
[91m[Executor] Reproduction result: Failure[0m
[92m[ErrorManager] Processing line: [ERROR] Failed to execute goal on project CVE-2017-8045: Could not resolve dependencies for project edu.vision.se:CVE-2017-8045:jar:1.0-SNAPSHOT: Could not find artifact org.springframework:spring-core:jar:5.1.2.BUILD-SNAPSHOT -> [Help 1][0m
[96m[ErrorManager] Ignoring line: [ERROR][0m
[96m[ErrorManager] Ignoring line: [ERROR] To see the full stack trace of the errors, re-run Maven with the -e switch.[0m
[96m[ErrorManager] Ignoring line: [ERROR] Re-run Maven using the -X switch to enable full debug logging.[0m
[96m[ErrorManager] Ignoring line: [ERROR][0m
[96m[ErrorManager] Ignoring line: [ERROR] For more information about the errors and possible solutions, please read the following articles:[0m
[96m[ErrorManager] Ignoring line: [ERROR] [Help 1] http://cwiki.apache.org/confluence/display/MAVEN/DependencyResolutionException[0m
[91m[ErrorManager] Failed to read file UNKNOWN: [Errno 2] No such file or directory: 'UNKNOWN'[0m
[96m[Adapter] Locating fix position in error log.[0m
---------
[LLMClient] Asking: You are given a Java error log when executing 'mvn test' in a project with dependency version 2.1.1.RELEASE:org.springframework.amqp:spring-amqp.
This test file compiles and runs successfully with version 2.1.0.RELEASE.

Your task is to:
output the location in the project that should be modified to fix the problem **without updating this library**.

Please return 'pom' if the fix is in the pom.xml file, or 'test' if the fix is in the test code.
Do not return any other text, just 'pom' or 'test'.

The error log is:
[INFO] Scanning for projects...
[INFO] 
[INFO] --------------------< edu.vision.se:CVE-2017-8045 >---------------------
[INFO] Building CVE-2017-8045 1.0-SNAPSHOT
[INFO]   from pom.xml
[INFO] --------------------------------[ jar ]---------------------------------
[WARNING] The POM for org.springframework:spring-core:jar:5.1.2.BUILD-SNAPSHOT is missing, no dependency information available
[INFO] ------------------------------------------------------------------------
[INFO] BUILD FAILURE
[INFO] ------------------------------------------------------------------------
[INFO] Total time:  0.245 s
[INFO] Finished at: 2025-07-14T07:31:35Z
[INFO] ------------------------------------------------------------------------
[ERROR] Failed to execute goal on project CVE-2017-8045: Could not resolve dependencies for project edu.vision.se:CVE-2017-8045:jar:1.0-SNAPSHOT: Could not find artifact org.springframework:spring-core:jar:5.1.2.BUILD-SNAPSHOT -> [Help 1]
[ERROR] 
[ERROR] To see the full stack trace of the errors, re-run Maven with the -e switch.
[ERROR] Re-run Maven using the -X switch to enable full debug logging.
[ERROR] 
[ERROR] For more information about the errors and possible solutions, please read the following articles:
[ERROR] [Help 1] http://cwiki.apache.org/confluence/display/MAVEN/DependencyResolutionException


current_pom file is:<?xml version='1.0' encoding='utf-8'?>
<project xmlns="http://maven.apache.org/POM/4.0.0" xmlns:xsi="http://www.w3.org/2001/XMLSchema-instance" xsi:schemaLocation="http://maven.apache.org/POM/4.0.0 http://maven.apache.org/xsd/maven-4.0.0.xsd">
    <modelVersion>4.0.0</modelVersion>
    <groupId>edu.vision.se</groupId>
    <artifactId>CVE-2017-8045</artifactId>
    <version>1.0-SNAPSHOT</version>

    <properties>
        <maven.compiler.source>11</maven.compiler.source>
        <maven.compiler.target>11</maven.compiler.target>
    </properties>

    <dependencies>
        
        <dependency>
            <groupId>org.springframework.amqp</groupId>
            <artifactId>spring-amqp</artifactId>
            <version>2.1.1.RELEASE</version>
        </dependency>
        
        <dependency>
            <groupId>org.assertj</groupId>
            <artifactId>assertj-core</artifactId>
            <version>3.24.0</version>
        </dependency>
        
        <dependency>
            <groupId>org.springframework</groupId>
            <artifactId>spring-beans</artifactId>
            <version>3.2.3.RELEASE</version>
        </dependency>
        
        <dependency>
            <groupId>org.springframework</groupId>
            <artifactId>spring-remoting</artifactId>
            <version>2.0.8</version>
        </dependency>

        <dependency><groupId>junit</groupId><artifactId>junit</artifactId><version>4.13.2</version></dependency>
    
    </dependencies>

</project>
---------
---------
[LLMClient] Response: pom
---------
[96m[Adapter] LLM response for fix position: pom[0m
[96m[Adapter] Fix position is in pom.xml.[0m
[96m[RepairModule] Start repair[0m
---------
[LLMClient] Asking: You are given an error when executing exploit in in 2.1.1.RELEASE:org.springframework.amqp:spring-amqp
This exploit file compiles and reproduced successfully in 2.1.0.RELEASE with an assertion error.

Your task is fix the error.

Current pom file is <?xml version='1.0' encoding='utf-8'?>
<project xmlns="http://maven.apache.org/POM/4.0.0" xmlns:xsi="http://www.w3.org/2001/XMLSchema-instance" xsi:schemaLocation="http://maven.apache.org/POM/4.0.0 http://maven.apache.org/xsd/maven-4.0.0.xsd">
    <modelVersion>4.0.0</modelVersion>
    <groupId>edu.vision.se</groupId>
    <artifactId>CVE-2017-8045</artifactId>
    <version>1.0-SNAPSHOT</version>

    <properties>
        <maven.compiler.source>11</maven.compiler.source>
        <maven.compiler.target>11</maven.compiler.target>
    </properties>

    <dependencies>
        
        <dependency>
            <groupId>org.springframework.amqp</groupId>
            <artifactId>spring-amqp</artifactId>
            <version>2.1.1.RELEASE</version>
        </dependency>
        
        <dependency>
            <groupId>org.assertj</groupId>
            <artifactId>assertj-core</artifactId>
            <version>3.24.0</version>
        </dependency>
        
        <dependency>
            <groupId>org.springframework</groupId>
            <artifactId>spring-beans</artifactId>
            <version>3.2.3.RELEASE</version>
        </dependency>
        
        <dependency>
            <groupId>org.springframework</groupId>
            <artifactId>spring-remoting</artifactId>
            <version>2.0.8</version>
        </dependency>

        <dependency><groupId>junit</groupId><artifactId>junit</artifactId><version>4.13.2</version></dependency>
    
    </dependencies>

</project>
Output only the updated partion of pom.xml entries without explanation or irrlevant tags like <project>

### Compilation Errors:
[INFO] Scanning for projects...
[INFO] 
[INFO] --------------------< edu.vision.se:CVE-2017-8045 >---------------------
[INFO] Building CVE-2017-8045 1.0-SNAPSHOT
[INFO]   from pom.xml
[INFO] --------------------------------[ jar ]---------------------------------
[WARNING] The POM for org.springframework:spring-core:jar:5.1.2.BUILD-SNAPSHOT is missing, no dependency information available
[INFO] ------------------------------------------------------------------------
[INFO] BUILD FAILURE
[INFO] ------------------------------------------------------------------------
[INFO] Total time:  0.245 s
[INFO] Finished at: 2025-07-14T07:31:35Z
[INFO] ------------------------------------------------------------------------
[ERROR] Failed to execute goal on project CVE-2017-8045: Could not resolve dependencies for project edu.vision.se:CVE-2017-8045:jar:1.0-SNAPSHOT: Could not find artifact org.springframework:spring-core:jar:5.1.2.BUILD-SNAPSHOT -> [Help 1]
[ERROR] 
[ERROR] To see the full stack trace of the errors, re-run Maven with the -e switch.
[ERROR] Re-run Maven using the -X switch to enable full debug logging.
[ERROR] 
[ERROR] For more information about the errors and possible solutions, please read the following articles:
[ERROR] [Help 1] http://cwiki.apache.org/confluence/display/MAVEN/DependencyResolutionException


---------
---------
[LLMClient] Response: ```xml
<dependency>
    <groupId>org.springframework</groupId>
    <artifactId>spring-core</artifactId>
    <version>5.1.2.RELEASE</version>
</dependency>
```
---------
[Adapter] + Adding new dependency org.springframework:spring-core:5.1.2.RELEASE
[Adapter] âœ“ pom.xml successfully updated.
[96m[Executor] Executing exploit for CVE-2017-8045 on version 2.1.1.RELEASE...[0m
[INFO] Scanning for projects...
[INFO] 
[INFO] --------------------< edu.vision.se:CVE-2017-8045 >---------------------
[INFO] Building CVE-2017-8045 1.0-SNAPSHOT
[INFO]   from pom.xml
[INFO] --------------------------------[ jar ]---------------------------------
[WARNING] The POM for org.springframework:spring-core:jar:5.1.2.BUILD-SNAPSHOT is missing, no dependency information available
[INFO] 
[INFO] --- maven-clean-plugin:2.5:clean (default-clean) @ CVE-2017-8045 ---
[INFO] Deleting /PoCAdaptation/exploit/result/CVE-2017-8045/2.1.1.RELEASE/exploit/target
[INFO] 
[INFO] --- maven-resources-plugin:2.6:resources (default-resources) @ CVE-2017-8045 ---
[WARNING] Using platform encoding (UTF-8 actually) to copy filtered resources, i.e. build is platform dependent!
[INFO] skip non existing resourceDirectory /PoCAdaptation/exploit/result/CVE-2017-8045/2.1.1.RELEASE/exploit/src/main/resources
[INFO] 
[INFO] --- maven-compiler-plugin:3.1:compile (default-compile) @ CVE-2017-8045 ---
[INFO] No sources to compile
[INFO] 
[INFO] --- maven-resources-plugin:2.6:testResources (default-testResources) @ CVE-2017-8045 ---
[WARNING] Using platform encoding (UTF-8 actually) to copy filtered resources, i.e. build is platform dependent!
[INFO] skip non existing resourceDirectory /PoCAdaptation/exploit/result/CVE-2017-8045/2.1.1.RELEASE/exploit/src/test/resources
[INFO] 
[INFO] --- maven-compiler-plugin:3.1:testCompile (default-testCompile) @ CVE-2017-8045 ---
[INFO] Changes detected - recompiling the module!
[WARNING] File encoding has not been set, using platform encoding UTF-8, i.e. build is platform dependent!
[INFO] Compiling 1 source file to /PoCAdaptation/exploit/result/CVE-2017-8045/2.1.1.RELEASE/exploit/target/test-classes
[INFO] 
[INFO] --- maven-surefire-plugin:2.12.4:test (default-test) @ CVE-2017-8045 ---
[INFO] Surefire report directory: /PoCAdaptation/exploit/result/CVE-2017-8045/2.1.1.RELEASE/exploit/target/surefire-reports

-------------------------------------------------------
 T E S T S
-------------------------------------------------------
Running edu.vision.se.Testcase1
Tests run: 1, Failures: 1, Errors: 0, Skipped: 0, Time elapsed: 0.1 sec <<< FAILURE!
fooNotDeserialized(edu.vision.se.Testcase1)  Time elapsed: 0.086 sec  <<< FAILURE!
java.lang.AssertionError: 
Expecting actual:
  "(Body:'[B@7fad8c79(byte[48])' MessageProperties [headers={}, contentType=application/x-java-serialized-object, contentLength=48, deliveryMode=PERSISTENT, priority=0, deliveryTag=0])"
to contain:
  "[serialized object]" 
	at edu.vision.se.Testcase1.fooNotDeserialized(Testcase1.java:21)
	at java.base/jdk.internal.reflect.NativeMethodAccessorImpl.invoke0(Native Method)
	at java.base/jdk.internal.reflect.NativeMethodAccessorImpl.invoke(NativeMethodAccessorImpl.java:62)
	at java.base/jdk.internal.reflect.DelegatingMethodAccessorImpl.invoke(DelegatingMethodAccessorImpl.java:43)
	at java.base/java.lang.reflect.Method.invoke(Method.java:566)
	at org.junit.runners.model.FrameworkMethod$1.runReflectiveCall(FrameworkMethod.java:59)
	at org.junit.internal.runners.model.ReflectiveCallable.run(ReflectiveCallable.java:12)
	at org.junit.runners.model.FrameworkMethod.invokeExplosively(FrameworkMethod.java:56)
	at org.junit.internal.runners.statements.InvokeMethod.evaluate(InvokeMethod.java:17)
	at org.junit.runners.ParentRunner$3.evaluate(ParentRunner.java:306)
	at org.junit.runners.BlockJUnit4ClassRunner$1.evaluate(BlockJUnit4ClassRunner.java:100)
	at org.junit.runners.ParentRunner.runLeaf(ParentRunner.java:366)
	at org.junit.runners.BlockJUnit4ClassRunner.runChild(BlockJUnit4ClassRunner.java:103)
	at org.junit.runners.BlockJUnit4ClassRunner.runChild(BlockJUnit4ClassRunner.java:63)
	at org.junit.runners.ParentRunner$4.run(ParentRunner.java:331)
	at org.junit.runners.ParentRunner$1.schedule(ParentRunner.java:79)
	at org.junit.runners.ParentRunner.runChildren(ParentRunner.java:329)
	at org.junit.runners.ParentRunner.access$100(ParentRunner.java:66)
	at org.junit.runners.ParentRunner$2.evaluate(ParentRunner.java:293)
	at org.junit.runners.ParentRunner$3.evaluate(ParentRunner.java:306)
	at org.junit.runners.ParentRunner.run(ParentRunner.java:413)
	at org.apache.maven.surefire.junit4.JUnit4Provider.execute(JUnit4Provider.java:252)
	at org.apache.maven.surefire.junit4.JUnit4Provider.executeTestSet(JUnit4Provider.java:141)
	at org.apache.maven.surefire.junit4.JUnit4Provider.invoke(JUnit4Provider.java:112)
	at java.base/jdk.internal.reflect.NativeMethodAccessorImpl.invoke0(Native Method)
	at java.base/jdk.internal.reflect.NativeMethodAccessorImpl.invoke(NativeMethodAccessorImpl.java:62)
	at java.base/jdk.internal.reflect.DelegatingMethodAccessorImpl.invoke(DelegatingMethodAccessorImpl.java:43)
	at java.base/java.lang.reflect.Method.invoke(Method.java:566)
	at org.apache.maven.surefire.util.ReflectionUtils.invokeMethodWithArray(ReflectionUtils.java:189)
	at org.apache.maven.surefire.booter.ProviderFactory$ProviderProxy.invoke(ProviderFactory.java:165)
	at org.apache.maven.surefire.booter.ProviderFactory.invokeProvider(ProviderFactory.java:85)
	at org.apache.maven.surefire.booter.ForkedBooter.runSuitesInProcess(ForkedBooter.java:115)
	at org.apache.maven.surefire.booter.ForkedBooter.main(ForkedBooter.java:75)


Results :

Failed tests:   fooNotDeserialized(edu.vision.se.Testcase1): (..)

Tests run: 1, Failures: 1, Errors: 0, Skipped: 0

[INFO] ------------------------------------------------------------------------
[INFO] BUILD FAILURE
[INFO] ------------------------------------------------------------------------
[INFO] Total time:  1.752 s
[INFO] Finished at: 2025-07-14T07:32:23Z
[INFO] ------------------------------------------------------------------------
[ERROR] Failed to execute goal org.apache.maven.plugins:maven-surefire-plugin:2.12.4:test (default-test) on project CVE-2017-8045: There are test failures.
[ERROR] 
[ERROR] Please refer to /PoCAdaptation/exploit/result/CVE-2017-8045/2.1.1.RELEASE/exploit/target/surefire-reports for the individual test results.
[ERROR] -> [Help 1]
[ERROR] 
[ERROR] To see the full stack trace of the errors, re-run Maven with the -e switch.
[ERROR] Re-run Maven using the -X switch to enable full debug logging.
[ERROR] 
[ERROR] For more information about the errors and possible solutions, please read the following articles:
[ERROR] [Help 1] http://cwiki.apache.org/confluence/display/MAVEN/MojoFailureException


[96m[Verifier] Verifying reproduction...[0m
[92m[Verifier] âœ“ Behavior matched: 'java.lang.AssertionError'[0m
[92m[Verifier] âœ“ Detail matched: 'serialized object'[0m
[92m[Verifier] âœ“ All reproduction indicators matched.[0m
[92m[Executor] Reproduction result: Success[0m
[96m[Executor] Executing exploit for CVE-2017-8045 on version 2.1.1.RELEASE...[0m
[INFO] Scanning for projects...
[INFO] 
[INFO] --------------------< edu.vision.se:CVE-2017-8045 >---------------------
[INFO] Building CVE-2017-8045 1.0-SNAPSHOT
[INFO]   from pom.xml
[INFO] --------------------------------[ jar ]---------------------------------
[WARNING] The POM for org.springframework:spring-core:jar:5.1.2.BUILD-SNAPSHOT is missing, no dependency information available
[INFO] 
[INFO] --- maven-clean-plugin:2.5:clean (default-clean) @ CVE-2017-8045 ---
[INFO] Deleting /PoCAdaptation/exploit/result/CVE-2017-8045/2.1.1.RELEASE/exploit/target
[INFO] 
[INFO] --- maven-resources-plugin:2.6:resources (default-resources) @ CVE-2017-8045 ---
[WARNING] Using platform encoding (UTF-8 actually) to copy filtered resources, i.e. build is platform dependent!
[INFO] skip non existing resourceDirectory /PoCAdaptation/exploit/result/CVE-2017-8045/2.1.1.RELEASE/exploit/src/main/resources
[INFO] 
[INFO] --- maven-compiler-plugin:3.1:compile (default-compile) @ CVE-2017-8045 ---
[INFO] No sources to compile
[INFO] 
[INFO] --- maven-resources-plugin:2.6:testResources (default-testResources) @ CVE-2017-8045 ---
[WARNING] Using platform encoding (UTF-8 actually) to copy filtered resources, i.e. build is platform dependent!
[INFO] skip non existing resourceDirectory /PoCAdaptation/exploit/result/CVE-2017-8045/2.1.1.RELEASE/exploit/src/test/resources
[INFO] 
[INFO] --- maven-compiler-plugin:3.1:testCompile (default-testCompile) @ CVE-2017-8045 ---
[INFO] Changes detected - recompiling the module!
[WARNING] File encoding has not been set, using platform encoding UTF-8, i.e. build is platform dependent!
[INFO] Compiling 1 source file to /PoCAdaptation/exploit/result/CVE-2017-8045/2.1.1.RELEASE/exploit/target/test-classes
[INFO] 
[INFO] --- maven-surefire-plugin:2.12.4:test (default-test) @ CVE-2017-8045 ---
[INFO] Surefire report directory: /PoCAdaptation/exploit/result/CVE-2017-8045/2.1.1.RELEASE/exploit/target/surefire-reports

-------------------------------------------------------
 T E S T S
-------------------------------------------------------
Running edu.vision.se.Testcase1
Tests run: 1, Failures: 1, Errors: 0, Skipped: 0, Time elapsed: 0.093 sec <<< FAILURE!
fooNotDeserialized(edu.vision.se.Testcase1)  Time elapsed: 0.084 sec  <<< FAILURE!
java.lang.AssertionError: 
Expecting actual:
  "(Body:'[B@7fad8c79(byte[48])' MessageProperties [headers={}, contentType=application/x-java-serialized-object, contentLength=48, deliveryMode=PERSISTENT, priority=0, deliveryTag=0])"
to contain:
  "[serialized object]" 
	at edu.vision.se.Testcase1.fooNotDeserialized(Testcase1.java:21)
	at java.base/jdk.internal.reflect.NativeMethodAccessorImpl.invoke0(Native Method)
	at java.base/jdk.internal.reflect.NativeMethodAccessorImpl.invoke(NativeMethodAccessorImpl.java:62)
	at java.base/jdk.internal.reflect.DelegatingMethodAccessorImpl.invoke(DelegatingMethodAccessorImpl.java:43)
	at java.base/java.lang.reflect.Method.invoke(Method.java:566)
	at org.junit.runners.model.FrameworkMethod$1.runReflectiveCall(FrameworkMethod.java:59)
	at org.junit.internal.runners.model.ReflectiveCallable.run(ReflectiveCallable.java:12)
	at org.junit.runners.model.FrameworkMethod.invokeExplosively(FrameworkMethod.java:56)
	at org.junit.internal.runners.statements.InvokeMethod.evaluate(InvokeMethod.java:17)
	at org.junit.runners.ParentRunner$3.evaluate(ParentRunner.java:306)
	at org.junit.runners.BlockJUnit4ClassRunner$1.evaluate(BlockJUnit4ClassRunner.java:100)
	at org.junit.runners.ParentRunner.runLeaf(ParentRunner.java:366)
	at org.junit.runners.BlockJUnit4ClassRunner.runChild(BlockJUnit4ClassRunner.java:103)
	at org.junit.runners.BlockJUnit4ClassRunner.runChild(BlockJUnit4ClassRunner.java:63)
	at org.junit.runners.ParentRunner$4.run(ParentRunner.java:331)
	at org.junit.runners.ParentRunner$1.schedule(ParentRunner.java:79)
	at org.junit.runners.ParentRunner.runChildren(ParentRunner.java:329)
	at org.junit.runners.ParentRunner.access$100(ParentRunner.java:66)
	at org.junit.runners.ParentRunner$2.evaluate(ParentRunner.java:293)
	at org.junit.runners.ParentRunner$3.evaluate(ParentRunner.java:306)
	at org.junit.runners.ParentRunner.run(ParentRunner.java:413)
	at org.apache.maven.surefire.junit4.JUnit4Provider.execute(JUnit4Provider.java:252)
	at org.apache.maven.surefire.junit4.JUnit4Provider.executeTestSet(JUnit4Provider.java:141)
	at org.apache.maven.surefire.junit4.JUnit4Provider.invoke(JUnit4Provider.java:112)
	at java.base/jdk.internal.reflect.NativeMethodAccessorImpl.invoke0(Native Method)
	at java.base/jdk.internal.reflect.NativeMethodAccessorImpl.invoke(NativeMethodAccessorImpl.java:62)
	at java.base/jdk.internal.reflect.DelegatingMethodAccessorImpl.invoke(DelegatingMethodAccessorImpl.java:43)
	at java.base/java.lang.reflect.Method.invoke(Method.java:566)
	at org.apache.maven.surefire.util.ReflectionUtils.invokeMethodWithArray(ReflectionUtils.java:189)
	at org.apache.maven.surefire.booter.ProviderFactory$ProviderProxy.invoke(ProviderFactory.java:165)
	at org.apache.maven.surefire.booter.ProviderFactory.invokeProvider(ProviderFactory.java:85)
	at org.apache.maven.surefire.booter.ForkedBooter.runSuitesInProcess(ForkedBooter.java:115)
	at org.apache.maven.surefire.booter.ForkedBooter.main(ForkedBooter.java:75)


Results :

Failed tests:   fooNotDeserialized(edu.vision.se.Testcase1): (..)

Tests run: 1, Failures: 1, Errors: 0, Skipped: 0

[INFO] ------------------------------------------------------------------------
[INFO] BUILD FAILURE
[INFO] ------------------------------------------------------------------------
[INFO] Total time:  1.575 s
[INFO] Finished at: 2025-07-14T07:32:26Z
[INFO] ------------------------------------------------------------------------
[ERROR] Failed to execute goal org.apache.maven.plugins:maven-surefire-plugin:2.12.4:test (default-test) on project CVE-2017-8045: There are test failures.
[ERROR] 
[ERROR] Please refer to /PoCAdaptation/exploit/result/CVE-2017-8045/2.1.1.RELEASE/exploit/target/surefire-reports for the individual test results.
[ERROR] -> [Help 1]
[ERROR] 
[ERROR] To see the full stack trace of the errors, re-run Maven with the -e switch.
[ERROR] Re-run Maven using the -X switch to enable full debug logging.
[ERROR] 
[ERROR] For more information about the errors and possible solutions, please read the following articles:
[ERROR] [Help 1] http://cwiki.apache.org/confluence/display/MAVEN/MojoFailureException


[96m[Verifier] Verifying reproduction...[0m
[92m[Verifier] âœ“ Behavior matched: 'java.lang.AssertionError'[0m
[92m[Verifier] âœ“ Detail matched: 'serialized object'[0m
[92m[Verifier] âœ“ All reproduction indicators matched.[0m
[92m[Executor] Reproduction result: Success[0m
[Adapt] âœ“ Completed: True
[96m[Adapter] Adaptation complete. Retesting exploit on 2.1.1.RELEASE...[0m
[92m[Executor] Adaptation + reproduction successful on 2.1.1.RELEASE[0m
[96m[Adapter] Copied successful adaptation to /PoCAdaptation/exploit/valid/CVE-2017-8045/2.1.1.RELEASE[0m

[Executor] â–¶ Summary of return codes:
  - Version 2.1.1.RELEASE: âœ“ Success (exit code 0)
