Running main_process.py for CVE: CVE-2020-5421
Versions: 3.2.2.RELEASE

[1m[Main] === Starting adaptation process for CVE-2020-5421 ===[0m
[96m[Processor] Fetching all available Maven versions...[0m
[96m[Analyzer] Loading cached versions from: /PoCAdaptation/library/org_springframework_spring-web.txt[0m
[96m[Analyzer] org.springframework:spring-web has 306 versions (cached).[0m
[96m[Processor] Identifying versions with successful reproduction...[0m
[96m[Processor] Pending versions: ['3.2.2.RELEASE', '3.2.3.RELEASE', '3.2.4.RELEASE', '3.2.5.RELEASE', '3.2.6.RELEASE', '3.2.7.RELEASE', '3.2.8.RELEASE', '3.2.9.RELEASE', '3.2.10.RELEASE', '3.2.11.RELEASE', '3.2.12.RELEASE', '3.2.13.RELEASE', '3.2.14.RELEASE', '3.2.15.RELEASE', '3.2.16.RELEASE', '3.2.17.RELEASE', '3.2.18.RELEASE', '4.0.0.RELEASE', '4.0.1.RELEASE', '4.0.2.RELEASE', '4.0.3.RELEASE', '4.0.4.RELEASE', '4.0.5.RELEASE', '4.0.6.RELEASE', '4.0.7.RELEASE', '4.0.8.RELEASE', '4.0.9.RELEASE', '4.1.0.RELEASE', '4.1.1.RELEASE', '4.1.2.RELEASE', '4.1.3.RELEASE', '4.1.4.RELEASE', '4.1.5.RELEASE', '4.1.6.RELEASE', '4.1.7.RELEASE', '4.1.8.RELEASE', '4.1.9.RELEASE', '4.2.0.RELEASE', '4.2.1.RELEASE'][0m
[96m[Preparer] Pending directory already exists: /PoCAdaptation/exploit/pending/CVE-2020-5421[0m
[92m[Main] Total affected versions: 124[0m
[92m[Main] Already reproduced versions: 123[0m
[93m[Main] Versions pending adaptation: 1[0m
[96m[Main]     -> ['3.2.2.RELEASE'][0m
[96m[Main]     -> ['3.2.0.RELEASE', '3.2.1.RELEASE', '3.2.3.RELEASE', '3.2.4.RELEASE', '3.2.5.RELEASE', '3.2.6.RELEASE', '3.2.7.RELEASE', '3.2.8.RELEASE', '3.2.9.RELEASE', '3.2.10.RELEASE', '3.2.11.RELEASE', '3.2.12.RELEASE', '3.2.13.RELEASE', '3.2.14.RELEASE', '3.2.15.RELEASE', '3.2.16.RELEASE', '3.2.17.RELEASE', '3.2.18.RELEASE', '4.0.0.RELEASE', '4.0.1.RELEASE', '4.0.2.RELEASE', '4.0.3.RELEASE', '4.0.4.RELEASE', '4.0.5.RELEASE', '4.0.6.RELEASE', '4.0.7.RELEASE', '4.0.8.RELEASE', '4.0.9.RELEASE', '4.1.0.RELEASE', '4.1.1.RELEASE', '4.1.2.RELEASE', '4.1.3.RELEASE', '4.1.4.RELEASE', '4.1.5.RELEASE', '4.1.6.RELEASE', '4.1.7.RELEASE', '4.1.8.RELEASE', '4.1.9.RELEASE', '4.2.0.RELEASE', '4.2.1.RELEASE', '4.2.2.RELEASE', '4.2.3.RELEASE', '4.2.4.RELEASE', '4.2.5.RELEASE', '4.2.6.RELEASE', '4.2.7.RELEASE', '4.2.8.RELEASE', '4.2.9.RELEASE', '4.3.0.RELEASE', '4.3.1.RELEASE', '4.3.2.RELEASE', '4.3.3.RELEASE', '4.3.4.RELEASE', '4.3.5.RELEASE', '4.3.6.RELEASE', '4.3.7.RELEASE', '4.3.8.RELEASE', '4.3.9.RELEASE', '4.3.10.RELEASE', '4.3.11.RELEASE', '4.3.12.RELEASE', '4.3.13.RELEASE', '4.3.14.RELEASE', '4.3.15.RELEASE', '4.3.16.RELEASE', '4.3.17.RELEASE', '4.3.18.RELEASE', '4.3.19.RELEASE', '4.3.20.RELEASE', '4.3.21.RELEASE', '4.3.22.RELEASE', '4.3.23.RELEASE', '4.3.24.RELEASE', '4.3.25.RELEASE', '4.3.26.RELEASE', '4.3.27.RELEASE', '4.3.28.RELEASE', '5.0.0.RELEASE', '5.0.1.RELEASE', '5.0.2.RELEASE', '5.0.3.RELEASE', '5.0.4.RELEASE', '5.0.5.RELEASE', '5.0.6.RELEASE', '5.0.7.RELEASE', '5.0.8.RELEASE', '5.0.9.RELEASE', '5.0.10.RELEASE', '5.0.11.RELEASE', '5.0.12.RELEASE', '5.0.13.RELEASE', '5.0.14.RELEASE', '5.0.15.RELEASE', '5.0.16.RELEASE', '5.0.17.RELEASE', '5.0.18.RELEASE', '5.1.0.RELEASE', '5.1.1.RELEASE', '5.1.2.RELEASE', '5.1.3.RELEASE', '5.1.4.RELEASE', '5.1.5.RELEASE', '5.1.6.RELEASE', '5.1.7.RELEASE', '5.1.8.RELEASE', '5.1.9.RELEASE', '5.1.10.RELEASE', '5.1.11.RELEASE', '5.1.12.RELEASE', '5.1.13.RELEASE', '5.1.14.RELEASE', '5.1.15.RELEASE', '5.1.16.RELEASE', '5.1.17.RELEASE', '5.2.0.RELEASE', '5.2.1.RELEASE', '5.2.2.RELEASE', '5.2.3.RELEASE', '5.2.4.RELEASE', '5.2.5.RELEASE', '5.2.6.RELEASE', '5.2.7.RELEASE', '5.2.8.RELEASE'][0m
[96m[Executor] Running initial exploit mvn test in /PoCAdaptation/exploit/origin/CVE-2020-5421/exploit[0m
[91m[Executor] Initial exploit execution finished with return code 1[0m
[INFO] Scanning for projects...
[WARNING] 
[WARNING] Some problems were encountered while building the effective model for edu.vision.se:CVE-2020-5421:jar:1.0-SNAPSHOT
[WARNING] 'dependencies.dependency.(groupId:artifactId:type:classifier)' must be unique: junit:junit:jar -> duplicate declaration of version 4.13.2 @ line 37, column 121
[WARNING] 'dependencies.dependency.(groupId:artifactId:type:classifier)' must be unique: junit:junit:jar -> duplicate declaration of version 4.13.2 @ line 37, column 225
[WARNING] 
[WARNING] It is highly recommended to fix these problems because they threaten the stability of your build.
[WARNING] 
[WARNING] For this reason, future Maven versions might no longer support building such malformed projects.
[WARNING] 
[INFO] 
[INFO] --------------------< edu.vision.se:CVE-2020-5421 >---------------------
[INFO] Building CVE-2020-5421 1.0-SNAPSHOT
[INFO]   from pom.xml
[INFO] --------------------------------[ jar ]---------------------------------
[INFO] 
[INFO] --- maven-clean-plugin:2.5:clean (default-clean) @ CVE-2020-5421 ---
[INFO] Deleting /PoCAdaptation/exploit/origin/CVE-2020-5421/exploit/target
[INFO] 
[INFO] --- maven-resources-plugin:2.6:resources (default-resources) @ CVE-2020-5421 ---
[WARNING] Using platform encoding (UTF-8 actually) to copy filtered resources, i.e. build is platform dependent!
[INFO] skip non existing resourceDirectory /PoCAdaptation/exploit/origin/CVE-2020-5421/exploit/src/main/resources
[INFO] 
[INFO] --- maven-compiler-plugin:3.1:compile (default-compile) @ CVE-2020-5421 ---
[INFO] No sources to compile
[INFO] 
[INFO] --- maven-resources-plugin:2.6:testResources (default-testResources) @ CVE-2020-5421 ---
[WARNING] Using platform encoding (UTF-8 actually) to copy filtered resources, i.e. build is platform dependent!
[INFO] Copying 1 resource
[INFO] 
[INFO] --- maven-compiler-plugin:3.1:testCompile (default-testCompile) @ CVE-2020-5421 ---
[INFO] Changes detected - recompiling the module!
[WARNING] File encoding has not been set, using platform encoding UTF-8, i.e. build is platform dependent!
[INFO] Compiling 1 source file to /PoCAdaptation/exploit/origin/CVE-2020-5421/exploit/target/test-classes
[INFO] 
[INFO] --- maven-surefire-plugin:2.12.4:test (default-test) @ CVE-2020-5421 ---
[INFO] Surefire report directory: /PoCAdaptation/exploit/origin/CVE-2020-5421/exploit/target/surefire-reports

-------------------------------------------------------
 T E S T S
-------------------------------------------------------
Running edu.vision.se.Testcase1
Tests run: 1, Failures: 1, Errors: 0, Skipped: 0, Time elapsed: 0.077 sec <<< FAILURE!
getRequestKeepSemicolonContent(edu.vision.se.Testcase1)  Time elapsed: 0.054 sec  <<< FAILURE!
org.junit.ComparisonFailure: expected:</foo[;jsessionid=c0o7fszeb1]> but was:</foo[]>
	at org.junit.Assert.assertEquals(Assert.java:117)
	at org.junit.Assert.assertEquals(Assert.java:146)
	at edu.vision.se.Testcase1.getRequestKeepSemicolonContent(Testcase1.java:18)
	at java.base/jdk.internal.reflect.NativeMethodAccessorImpl.invoke0(Native Method)
	at java.base/jdk.internal.reflect.NativeMethodAccessorImpl.invoke(NativeMethodAccessorImpl.java:62)
	at java.base/jdk.internal.reflect.DelegatingMethodAccessorImpl.invoke(DelegatingMethodAccessorImpl.java:43)
	at java.base/java.lang.reflect.Method.invoke(Method.java:566)
	at org.junit.runners.model.FrameworkMethod$1.runReflectiveCall(FrameworkMethod.java:59)
	at org.junit.internal.runners.model.ReflectiveCallable.run(ReflectiveCallable.java:12)
	at org.junit.runners.model.FrameworkMethod.invokeExplosively(FrameworkMethod.java:56)
	at org.junit.internal.runners.statements.InvokeMethod.evaluate(InvokeMethod.java:17)
	at org.junit.runners.ParentRunner$3.evaluate(ParentRunner.java:306)
	at org.junit.runners.BlockJUnit4ClassRunner$1.evaluate(BlockJUnit4ClassRunner.java:100)
	at org.junit.runners.ParentRunner.runLeaf(ParentRunner.java:366)
	at org.junit.runners.BlockJUnit4ClassRunner.runChild(BlockJUnit4ClassRunner.java:103)
	at org.junit.runners.BlockJUnit4ClassRunner.runChild(BlockJUnit4ClassRunner.java:63)
	at org.junit.runners.ParentRunner$4.run(ParentRunner.java:331)
	at org.junit.runners.ParentRunner$1.schedule(ParentRunner.java:79)
	at org.junit.runners.ParentRunner.runChildren(ParentRunner.java:329)
	at org.junit.runners.ParentRunner.access$100(ParentRunner.java:66)
	at org.junit.runners.ParentRunner$2.evaluate(ParentRunner.java:293)
	at org.junit.runners.ParentRunner$3.evaluate(ParentRunner.java:306)
	at org.junit.runners.ParentRunner.run(ParentRunner.java:413)
	at org.apache.maven.surefire.junit4.JUnit4Provider.execute(JUnit4Provider.java:252)
	at org.apache.maven.surefire.junit4.JUnit4Provider.executeTestSet(JUnit4Provider.java:141)
	at org.apache.maven.surefire.junit4.JUnit4Provider.invoke(JUnit4Provider.java:112)
	at java.base/jdk.internal.reflect.NativeMethodAccessorImpl.invoke0(Native Method)
	at java.base/jdk.internal.reflect.NativeMethodAccessorImpl.invoke(NativeMethodAccessorImpl.java:62)
	at java.base/jdk.internal.reflect.DelegatingMethodAccessorImpl.invoke(DelegatingMethodAccessorImpl.java:43)
	at java.base/java.lang.reflect.Method.invoke(Method.java:566)
	at org.apache.maven.surefire.util.ReflectionUtils.invokeMethodWithArray(ReflectionUtils.java:189)
	at org.apache.maven.surefire.booter.ProviderFactory$ProviderProxy.invoke(ProviderFactory.java:165)
	at org.apache.maven.surefire.booter.ProviderFactory.invokeProvider(ProviderFactory.java:85)
	at org.apache.maven.surefire.booter.ForkedBooter.runSuitesInProcess(ForkedBooter.java:115)
	at org.apache.maven.surefire.booter.ForkedBooter.main(ForkedBooter.java:75)


Results :

Failed tests:   getRequestKeepSemicolonContent(edu.vision.se.Testcase1): expected:</foo[;jsessionid=c0o7fszeb1]> but was:</foo[]>

Tests run: 1, Failures: 1, Errors: 0, Skipped: 0

[INFO] ------------------------------------------------------------------------
[INFO] BUILD FAILURE
[INFO] ------------------------------------------------------------------------
[INFO] Total time:  1.335 s
[INFO] Finished at: 2025-07-14T06:09:13Z
[INFO] ------------------------------------------------------------------------
[ERROR] Failed to execute goal org.apache.maven.plugins:maven-surefire-plugin:2.12.4:test (default-test) on project CVE-2020-5421: There are test failures.
[ERROR] 
[ERROR] Please refer to /PoCAdaptation/exploit/origin/CVE-2020-5421/exploit/target/surefire-reports for the individual test results.
[ERROR] -> [Help 1]
[ERROR] 
[ERROR] To see the full stack trace of the errors, re-run Maven with the -e switch.
[ERROR] Re-run Maven using the -X switch to enable full debug logging.
[ERROR] 
[ERROR] For more information about the errors and possible solutions, please read the following articles:
[ERROR] [Help 1] http://cwiki.apache.org/confluence/display/MAVEN/MojoFailureException


[96m[Verifier] Verifying reproduction...[0m
[92m[Verifier] âœ“ Behavior matched: 'org.junit.ComparisonFailure'[0m
[92m[Verifier] âœ“ Detail matched: '</foo[]>'[0m
[92m[Verifier] âœ“ All reproduction indicators matched.[0m
[92m[Verifier] Initial exploit behavior verified successfully.[0m
[96m[Selector] Nearest need adapatation version selected: 3.2.2.RELEASE[0m
[96m[Selector] Closest reproduced version: 3.2.1.RELEASE at index 58[0m
[96m[Adapter] Trying next closest version: 3.2.2.RELEASE[0m
[]
[93m[Preparer] No usable exploit dirs found under /PoCAdaptation/exploit/valid/CVE-2020-5421, use source[0m
[92m[Preparer] Copied exploit to: /PoCAdaptation/exploit/pending/CVE-2020-5421/3.2.2.RELEASE/exploit[0m
[96m[Preparer] Updating dependency version to 3.2.2.RELEASE in /PoCAdaptation/exploit/pending/CVE-2020-5421/3.2.2.RELEASE/exploit/pom.xml[0m
[92m[Preparer] Updated dependency version to 3.2.2.RELEASE in /PoCAdaptation/exploit/pending/CVE-2020-5421/3.2.2.RELEASE/exploit/pom.xml[0m
[96m[Executor] Attempting direct exploit execution on 3.2.2.RELEASE...[0m
[96m[Executor] Executing exploit for CVE-2020-5421 on version 3.2.2.RELEASE...[0m
[INFO] Scanning for projects...
[WARNING] 
[WARNING] Some problems were encountered while building the effective model for edu.vision.se:CVE-2020-5421:jar:1.0-SNAPSHOT
[WARNING] 'dependencies.dependency.(groupId:artifactId:type:classifier)' must be unique: junit:junit:jar -> duplicate declaration of version 4.13.2 @ line 37, column 121
[WARNING] 'dependencies.dependency.(groupId:artifactId:type:classifier)' must be unique: junit:junit:jar -> duplicate declaration of version 4.13.2 @ line 37, column 225
[WARNING] 
[WARNING] It is highly recommended to fix these problems because they threaten the stability of your build.
[WARNING] 
[WARNING] For this reason, future Maven versions might no longer support building such malformed projects.
[WARNING] 
[INFO] 
[INFO] --------------------< edu.vision.se:CVE-2020-5421 >---------------------
[INFO] Building CVE-2020-5421 1.0-SNAPSHOT
[INFO]   from pom.xml
[INFO] --------------------------------[ jar ]---------------------------------
[INFO] 
[INFO] --- maven-clean-plugin:2.5:clean (default-clean) @ CVE-2020-5421 ---
[INFO] Deleting /PoCAdaptation/exploit/pending/CVE-2020-5421/3.2.2.RELEASE/exploit/target
[INFO] 
[INFO] --- maven-resources-plugin:2.6:resources (default-resources) @ CVE-2020-5421 ---
[WARNING] Using platform encoding (UTF-8 actually) to copy filtered resources, i.e. build is platform dependent!
[INFO] skip non existing resourceDirectory /PoCAdaptation/exploit/pending/CVE-2020-5421/3.2.2.RELEASE/exploit/src/main/resources
[INFO] 
[INFO] --- maven-compiler-plugin:3.1:compile (default-compile) @ CVE-2020-5421 ---
[INFO] No sources to compile
[INFO] 
[INFO] --- maven-resources-plugin:2.6:testResources (default-testResources) @ CVE-2020-5421 ---
[WARNING] Using platform encoding (UTF-8 actually) to copy filtered resources, i.e. build is platform dependent!
[INFO] Copying 1 resource
[INFO] 
[INFO] --- maven-compiler-plugin:3.1:testCompile (default-testCompile) @ CVE-2020-5421 ---
[INFO] Changes detected - recompiling the module!
[WARNING] File encoding has not been set, using platform encoding UTF-8, i.e. build is platform dependent!
[INFO] Compiling 1 source file to /PoCAdaptation/exploit/pending/CVE-2020-5421/3.2.2.RELEASE/exploit/target/test-classes
[INFO] 
[INFO] --- maven-surefire-plugin:2.12.4:test (default-test) @ CVE-2020-5421 ---
[INFO] Surefire report directory: /PoCAdaptation/exploit/pending/CVE-2020-5421/3.2.2.RELEASE/exploit/target/surefire-reports

-------------------------------------------------------
 T E S T S
-------------------------------------------------------
Running edu.vision.se.Testcase1
Tests run: 1, Failures: 0, Errors: 1, Skipped: 0, Time elapsed: 0.066 sec <<< FAILURE!
getRequestKeepSemicolonContent(edu.vision.se.Testcase1)  Time elapsed: 0.049 sec  <<< ERROR!
java.lang.NoSuchMethodError: org.springframework.util.StreamUtils.emptyInput()Ljava/io/InputStream;
	at org.springframework.mock.web.MockHttpServletRequest.<clinit>(MockHttpServletRequest.java:101)
	at edu.vision.se.Testcase1.<init>(Testcase1.java:10)
	at java.base/jdk.internal.reflect.NativeConstructorAccessorImpl.newInstance0(Native Method)
	at java.base/jdk.internal.reflect.NativeConstructorAccessorImpl.newInstance(NativeConstructorAccessorImpl.java:62)
	at java.base/jdk.internal.reflect.DelegatingConstructorAccessorImpl.newInstance(DelegatingConstructorAccessorImpl.java:45)
	at java.base/java.lang.reflect.Constructor.newInstance(Constructor.java:490)
	at org.junit.runners.BlockJUnit4ClassRunner.createTest(BlockJUnit4ClassRunner.java:250)
	at org.junit.runners.BlockJUnit4ClassRunner.createTest(BlockJUnit4ClassRunner.java:260)
	at org.junit.runners.BlockJUnit4ClassRunner$2.runReflectiveCall(BlockJUnit4ClassRunner.java:309)
	at org.junit.internal.runners.model.ReflectiveCallable.run(ReflectiveCallable.java:12)
	at org.junit.runners.BlockJUnit4ClassRunner.methodBlock(BlockJUnit4ClassRunner.java:306)
	at org.junit.runners.BlockJUnit4ClassRunner$1.evaluate(BlockJUnit4ClassRunner.java:100)
	at org.junit.runners.ParentRunner.runLeaf(ParentRunner.java:366)
	at org.junit.runners.BlockJUnit4ClassRunner.runChild(BlockJUnit4ClassRunner.java:103)
	at org.junit.runners.BlockJUnit4ClassRunner.runChild(BlockJUnit4ClassRunner.java:63)
	at org.junit.runners.ParentRunner$4.run(ParentRunner.java:331)
	at org.junit.runners.ParentRunner$1.schedule(ParentRunner.java:79)
	at org.junit.runners.ParentRunner.runChildren(ParentRunner.java:329)
	at org.junit.runners.ParentRunner.access$100(ParentRunner.java:66)
	at org.junit.runners.ParentRunner$2.evaluate(ParentRunner.java:293)
	at org.junit.runners.ParentRunner$3.evaluate(ParentRunner.java:306)
	at org.junit.runners.ParentRunner.run(ParentRunner.java:413)
	at org.apache.maven.surefire.junit4.JUnit4Provider.execute(JUnit4Provider.java:252)
	at org.apache.maven.surefire.junit4.JUnit4Provider.executeTestSet(JUnit4Provider.java:141)
	at org.apache.maven.surefire.junit4.JUnit4Provider.invoke(JUnit4Provider.java:112)
	at java.base/jdk.internal.reflect.NativeMethodAccessorImpl.invoke0(Native Method)
	at java.base/jdk.internal.reflect.NativeMethodAccessorImpl.invoke(NativeMethodAccessorImpl.java:62)
	at java.base/jdk.internal.reflect.DelegatingMethodAccessorImpl.invoke(DelegatingMethodAccessorImpl.java:43)
	at java.base/java.lang.reflect.Method.invoke(Method.java:566)
	at org.apache.maven.surefire.util.ReflectionUtils.invokeMethodWithArray(ReflectionUtils.java:189)
	at org.apache.maven.surefire.booter.ProviderFactory$ProviderProxy.invoke(ProviderFactory.java:165)
	at org.apache.maven.surefire.booter.ProviderFactory.invokeProvider(ProviderFactory.java:85)
	at org.apache.maven.surefire.booter.ForkedBooter.runSuitesInProcess(ForkedBooter.java:115)
	at org.apache.maven.surefire.booter.ForkedBooter.main(ForkedBooter.java:75)


Results :

Tests in error: 
  getRequestKeepSemicolonContent(edu.vision.se.Testcase1): org.springframework.util.StreamUtils.emptyInput()Ljava/io/InputStream;

Tests run: 1, Failures: 0, Errors: 1, Skipped: 0

[INFO] ------------------------------------------------------------------------
[INFO] BUILD FAILURE
[INFO] ------------------------------------------------------------------------
[INFO] Total time:  1.464 s
[INFO] Finished at: 2025-07-14T06:09:17Z
[INFO] ------------------------------------------------------------------------
[ERROR] Failed to execute goal org.apache.maven.plugins:maven-surefire-plugin:2.12.4:test (default-test) on project CVE-2020-5421: There are test failures.
[ERROR] 
[ERROR] Please refer to /PoCAdaptation/exploit/pending/CVE-2020-5421/3.2.2.RELEASE/exploit/target/surefire-reports for the individual test results.
[ERROR] -> [Help 1]
[ERROR] 
[ERROR] To see the full stack trace of the errors, re-run Maven with the -e switch.
[ERROR] Re-run Maven using the -X switch to enable full debug logging.
[ERROR] 
[ERROR] For more information about the errors and possible solutions, please read the following articles:
[ERROR] [Help 1] http://cwiki.apache.org/confluence/display/MAVEN/MojoFailureException


[96m[Verifier] Verifying reproduction...[0m
[91m[Verifier] âœ— Behavior not found: 'org.junit.ComparisonFailure'[0m
[91m[Executor] Reproduction result: Failure[0m
[96m[Adapter] Attempting adaptation from base version 3.2.1.RELEASE to 3.2.2.RELEASE...[0m
[96m[Adapter] Start adapting exploit from 3.2.1.RELEASE to 3.2.2.RELEASE"[0m
[96m[Executor] Executing exploit for CVE-2020-5421 on version 3.2.2.RELEASE...[0m
[INFO] Scanning for projects...
[WARNING] 
[WARNING] Some problems were encountered while building the effective model for edu.vision.se:CVE-2020-5421:jar:1.0-SNAPSHOT
[WARNING] 'dependencies.dependency.(groupId:artifactId:type:classifier)' must be unique: junit:junit:jar -> duplicate declaration of version 4.13.2 @ line 37, column 121
[WARNING] 'dependencies.dependency.(groupId:artifactId:type:classifier)' must be unique: junit:junit:jar -> duplicate declaration of version 4.13.2 @ line 37, column 225
[WARNING] 
[WARNING] It is highly recommended to fix these problems because they threaten the stability of your build.
[WARNING] 
[WARNING] For this reason, future Maven versions might no longer support building such malformed projects.
[WARNING] 
[INFO] 
[INFO] --------------------< edu.vision.se:CVE-2020-5421 >---------------------
[INFO] Building CVE-2020-5421 1.0-SNAPSHOT
[INFO]   from pom.xml
[INFO] --------------------------------[ jar ]---------------------------------
[INFO] 
[INFO] --- maven-clean-plugin:2.5:clean (default-clean) @ CVE-2020-5421 ---
[INFO] Deleting /PoCAdaptation/exploit/result/CVE-2020-5421/3.2.2.RELEASE/exploit/target
[INFO] 
[INFO] --- maven-resources-plugin:2.6:resources (default-resources) @ CVE-2020-5421 ---
[WARNING] Using platform encoding (UTF-8 actually) to copy filtered resources, i.e. build is platform dependent!
[INFO] skip non existing resourceDirectory /PoCAdaptation/exploit/result/CVE-2020-5421/3.2.2.RELEASE/exploit/src/main/resources
[INFO] 
[INFO] --- maven-compiler-plugin:3.1:compile (default-compile) @ CVE-2020-5421 ---
[INFO] No sources to compile
[INFO] 
[INFO] --- maven-resources-plugin:2.6:testResources (default-testResources) @ CVE-2020-5421 ---
[WARNING] Using platform encoding (UTF-8 actually) to copy filtered resources, i.e. build is platform dependent!
[INFO] Copying 1 resource
[INFO] 
[INFO] --- maven-compiler-plugin:3.1:testCompile (default-testCompile) @ CVE-2020-5421 ---
[INFO] Changes detected - recompiling the module!
[WARNING] File encoding has not been set, using platform encoding UTF-8, i.e. build is platform dependent!
[INFO] Compiling 1 source file to /PoCAdaptation/exploit/result/CVE-2020-5421/3.2.2.RELEASE/exploit/target/test-classes
[INFO] 
[INFO] --- maven-surefire-plugin:2.12.4:test (default-test) @ CVE-2020-5421 ---
[INFO] Surefire report directory: /PoCAdaptation/exploit/result/CVE-2020-5421/3.2.2.RELEASE/exploit/target/surefire-reports

-------------------------------------------------------
 T E S T S
-------------------------------------------------------
Running edu.vision.se.Testcase1
Tests run: 1, Failures: 0, Errors: 1, Skipped: 0, Time elapsed: 0.064 sec <<< FAILURE!
getRequestKeepSemicolonContent(edu.vision.se.Testcase1)  Time elapsed: 0.048 sec  <<< ERROR!
java.lang.NoSuchMethodError: org.springframework.util.StreamUtils.emptyInput()Ljava/io/InputStream;
	at org.springframework.mock.web.MockHttpServletRequest.<clinit>(MockHttpServletRequest.java:101)
	at edu.vision.se.Testcase1.<init>(Testcase1.java:10)
	at java.base/jdk.internal.reflect.NativeConstructorAccessorImpl.newInstance0(Native Method)
	at java.base/jdk.internal.reflect.NativeConstructorAccessorImpl.newInstance(NativeConstructorAccessorImpl.java:62)
	at java.base/jdk.internal.reflect.DelegatingConstructorAccessorImpl.newInstance(DelegatingConstructorAccessorImpl.java:45)
	at java.base/java.lang.reflect.Constructor.newInstance(Constructor.java:490)
	at org.junit.runners.BlockJUnit4ClassRunner.createTest(BlockJUnit4ClassRunner.java:250)
	at org.junit.runners.BlockJUnit4ClassRunner.createTest(BlockJUnit4ClassRunner.java:260)
	at org.junit.runners.BlockJUnit4ClassRunner$2.runReflectiveCall(BlockJUnit4ClassRunner.java:309)
	at org.junit.internal.runners.model.ReflectiveCallable.run(ReflectiveCallable.java:12)
	at org.junit.runners.BlockJUnit4ClassRunner.methodBlock(BlockJUnit4ClassRunner.java:306)
	at org.junit.runners.BlockJUnit4ClassRunner$1.evaluate(BlockJUnit4ClassRunner.java:100)
	at org.junit.runners.ParentRunner.runLeaf(ParentRunner.java:366)
	at org.junit.runners.BlockJUnit4ClassRunner.runChild(BlockJUnit4ClassRunner.java:103)
	at org.junit.runners.BlockJUnit4ClassRunner.runChild(BlockJUnit4ClassRunner.java:63)
	at org.junit.runners.ParentRunner$4.run(ParentRunner.java:331)
	at org.junit.runners.ParentRunner$1.schedule(ParentRunner.java:79)
	at org.junit.runners.ParentRunner.runChildren(ParentRunner.java:329)
	at org.junit.runners.ParentRunner.access$100(ParentRunner.java:66)
	at org.junit.runners.ParentRunner$2.evaluate(ParentRunner.java:293)
	at org.junit.runners.ParentRunner$3.evaluate(ParentRunner.java:306)
	at org.junit.runners.ParentRunner.run(ParentRunner.java:413)
	at org.apache.maven.surefire.junit4.JUnit4Provider.execute(JUnit4Provider.java:252)
	at org.apache.maven.surefire.junit4.JUnit4Provider.executeTestSet(JUnit4Provider.java:141)
	at org.apache.maven.surefire.junit4.JUnit4Provider.invoke(JUnit4Provider.java:112)
	at java.base/jdk.internal.reflect.NativeMethodAccessorImpl.invoke0(Native Method)
	at java.base/jdk.internal.reflect.NativeMethodAccessorImpl.invoke(NativeMethodAccessorImpl.java:62)
	at java.base/jdk.internal.reflect.DelegatingMethodAccessorImpl.invoke(DelegatingMethodAccessorImpl.java:43)
	at java.base/java.lang.reflect.Method.invoke(Method.java:566)
	at org.apache.maven.surefire.util.ReflectionUtils.invokeMethodWithArray(ReflectionUtils.java:189)
	at org.apache.maven.surefire.booter.ProviderFactory$ProviderProxy.invoke(ProviderFactory.java:165)
	at org.apache.maven.surefire.booter.ProviderFactory.invokeProvider(ProviderFactory.java:85)
	at org.apache.maven.surefire.booter.ForkedBooter.runSuitesInProcess(ForkedBooter.java:115)
	at org.apache.maven.surefire.booter.ForkedBooter.main(ForkedBooter.java:75)


Results :

Tests in error: 
  getRequestKeepSemicolonContent(edu.vision.se.Testcase1): org.springframework.util.StreamUtils.emptyInput()Ljava/io/InputStream;

Tests run: 1, Failures: 0, Errors: 1, Skipped: 0

[INFO] ------------------------------------------------------------------------
[INFO] BUILD FAILURE
[INFO] ------------------------------------------------------------------------
[INFO] Total time:  1.557 s
[INFO] Finished at: 2025-07-14T06:09:20Z
[INFO] ------------------------------------------------------------------------
[ERROR] Failed to execute goal org.apache.maven.plugins:maven-surefire-plugin:2.12.4:test (default-test) on project CVE-2020-5421: There are test failures.
[ERROR] 
[ERROR] Please refer to /PoCAdaptation/exploit/result/CVE-2020-5421/3.2.2.RELEASE/exploit/target/surefire-reports for the individual test results.
[ERROR] -> [Help 1]
[ERROR] 
[ERROR] To see the full stack trace of the errors, re-run Maven with the -e switch.
[ERROR] Re-run Maven using the -X switch to enable full debug logging.
[ERROR] 
[ERROR] For more information about the errors and possible solutions, please read the following articles:
[ERROR] [Help 1] http://cwiki.apache.org/confluence/display/MAVEN/MojoFailureException


[96m[Verifier] Verifying reproduction...[0m
[91m[Verifier] âœ— Behavior not found: 'org.junit.ComparisonFailure'[0m
[91m[Executor] Reproduction result: Failure[0m
[96m[ErrorManager] Ignoring line: [ERROR] Failed to execute goal org.apache.maven.plugins:maven-surefire-plugin:2.12.4:test (default-test) on project CVE-2020-5421: There are test failures.[0m
[96m[ErrorManager] Ignoring line: [ERROR][0m
[96m[ErrorManager] Ignoring line: [ERROR] Please refer to /PoCAdaptation/exploit/result/CVE-2020-5421/3.2.2.RELEASE/exploit/target/surefire-reports for the individual test results.[0m
[96m[ErrorManager] Ignoring line: [ERROR] -> [Help 1][0m
[96m[ErrorManager] Ignoring line: [ERROR][0m
[96m[ErrorManager] Ignoring line: [ERROR] To see the full stack trace of the errors, re-run Maven with the -e switch.[0m
[96m[ErrorManager] Ignoring line: [ERROR] Re-run Maven using the -X switch to enable full debug logging.[0m
[96m[ErrorManager] Ignoring line: [ERROR][0m
[96m[ErrorManager] Ignoring line: [ERROR] For more information about the errors and possible solutions, please read the following articles:[0m
[96m[ErrorManager] Ignoring line: [ERROR] [Help 1] http://cwiki.apache.org/confluence/display/MAVEN/MojoFailureException[0m
[96m[ErrorManager] Using fallback error line: [ERROR] Failed to execute goal org.apache.maven.plugins:maven-surefire-plugin:2.12.4:test (default-test) on project CVE-2020-5421: There are test failures.[0m
[91m[ErrorManager] Failed to read file UNKNOWN: [Errno 2] No such file or directory: 'UNKNOWN'[0m
[96m[Adapter] Locating fix position in error log.[0m
---------
[LLMClient] Asking: You are given a Java error log when executing 'mvn test' in a project with dependency version 3.2.2.RELEASE:org.springframework:spring-web.
This test file compiles and runs successfully with version 3.2.1.RELEASE.

Your task is to:
output the location in the project that should be modified to fix the problem **without updating this library**.

Please return 'pom' if the fix is in the pom.xml file, or 'test' if the fix is in the test code.
Do not return any other text, just 'pom' or 'test'.

The error log is:
[INFO] Scanning for projects...
[WARNING] 
[WARNING] Some problems were encountered while building the effective model for edu.vision.se:CVE-2020-5421:jar:1.0-SNAPSHOT
[WARNING] 'dependencies.dependency.(groupId:artifactId:type:classifier)' must be unique: junit:junit:jar -> duplicate declaration of version 4.13.2 @ line 37, column 121
[WARNING] 'dependencies.dependency.(groupId:artifactId:type:classifier)' must be unique: junit:junit:jar -> duplicate declaration of version 4.13.2 @ line 37, column 225
[WARNING] 
[WARNING] It is highly recommended to fix these problems because they threaten the stability of your build.
[WARNING] 
[WARNING] For this reason, future Maven versions might no longer support building such malformed projects.
[WARNING] 
[INFO] 
[INFO] --------------------< edu.vision.se:CVE-2020-5421 >---------------------
[INFO] Building CVE-2020-5421 1.0-SNAPSHOT
[INFO]   from pom.xml
[INFO] --------------------------------[ jar ]---------------------------------
[INFO] 
[INFO] --- maven-clean-plugin:2.5:clean (default-clean) @ CVE-2020-5421 ---
[INFO] Deleting /PoCAdaptation/exploit/result/CVE-2020-5421/3.2.2.RELEASE/exploit/target
[INFO] 
[INFO] --- maven-resources-plugin:2.6:resources (default-resources) @ CVE-2020-5421 ---
[WARNING] Using platform encoding (UTF-8 actually) to copy filtered resources, i.e. build is platform dependent!
[INFO] skip non existing resourceDirectory /PoCAdaptation/exploit/result/CVE-2020-5421/3.2.2.RELEASE/exploit/src/main/resources
[INFO] 
[INFO] --- maven-compiler-plugin:3.1:compile (default-compile) @ CVE-2020-5421 ---
[INFO] No sources to compile
[INFO] 
[INFO] --- maven-resources-plugin:2.6:testResources (default-testResources) @ CVE-2020-5421 ---
[WARNING] Using platform encoding (UTF-8 actually) to copy filtered resources, i.e. build is platform dependent!
[INFO] Copying 1 resource
[INFO] 
[INFO] --- maven-compiler-plugin:3.1:testCompile (default-testCompile) @ CVE-2020-5421 ---
[INFO] Changes detected - recompiling the module!
[WARNING] File encoding has not been set, using platform encoding UTF-8, i.e. build is platform dependent!
[INFO] Compiling 1 source file to /PoCAdaptation/exploit/result/CVE-2020-5421/3.2.2.RELEASE/exploit/target/test-classes
[INFO] 
[INFO] --- maven-surefire-plugin:2.12.4:test (default-test) @ CVE-2020-5421 ---
[INFO] Surefire report directory: /PoCAdaptation/exploit/result/CVE-2020-5421/3.2.2.RELEASE/exploit/target/surefire-reports

-------------------------------------------------------
 T E S T S
-------------------------------------------------------
Running edu.vision.se.Testcase1
Tests run: 1, Failures: 0, Errors: 1, Skipped: 0, Time elapsed: 0.064 sec <<< FAILURE!
getRequestKeepSemicolonContent(edu.vision.se.Testcase1)  Time elapsed: 0.048 sec  <<< ERROR!
java.lang.NoSuchMethodError: org.springframework.util.StreamUtils.emptyInput()Ljava/io/InputStream;
	at org.springframework.mock.web.MockHttpServletRequest.<clinit>(MockHttpServletRequest.java:101)
	at edu.vision.se.Testcase1.<init>(Testcase1.java:10)
	at java.base/jdk.internal.reflect.NativeConstructorAccessorImpl.newInstance0(Native Method)
	at java.base/jdk.internal.reflect.NativeConstructorAccessorImpl.newInstance(NativeConstructorAccessorImpl.java:62)
	at java.base/jdk.internal.reflect.DelegatingConstructorAccessorImpl.newInstance(DelegatingConstructorAccessorImpl.java:45)
	at java.base/java.lang.reflect.Constructor.newInstance(Constructor.java:490)
	at org.junit.runners.BlockJUnit4ClassRunner.createTest(BlockJUnit4ClassRunner.java:250)
	at org.junit.runners.BlockJUnit4ClassRunner.createTest(BlockJUnit4ClassRunner.java:260)
	at org.junit.runners.BlockJUnit4ClassRunner$2.runReflectiveCall(BlockJUnit4ClassRunner.java:309)
	at org.junit.internal.runners.model.ReflectiveCallable.run(ReflectiveCallable.java:12)
	at org.junit.runners.BlockJUnit4ClassRunner.methodBlock(BlockJUnit4ClassRunner.java:306)
	at org.junit.runners.BlockJUnit4ClassRunner$1.evaluate(BlockJUnit4ClassRunner.java:100)
	at org.junit.runners.ParentRunner.runLeaf(ParentRunner.java:366)
	at org.junit.runners.BlockJUnit4ClassRunner.runChild(BlockJUnit4ClassRunner.java:103)
	at org.junit.runners.BlockJUnit4ClassRunner.runChild(BlockJUnit4ClassRunner.java:63)
	at org.junit.runners.ParentRunner$4.run(ParentRunner.java:331)
	at org.junit.runners.ParentRunner$1.schedule(ParentRunner.java:79)
	at org.junit.runners.ParentRunner.runChildren(ParentRunner.java:329)
	at org.junit.runners.ParentRunner.access$100(ParentRunner.java:66)
	at org.junit.runners.ParentRunner$2.evaluate(ParentRunner.java:293)
	at org.junit.runners.ParentRunner$3.evaluate(ParentRunner.java:306)
	at org.junit.runners.ParentRunner.run(ParentRunner.java:413)
	at org.apache.maven.surefire.junit4.JUnit4Provider.execute(JUnit4Provider.java:252)
	at org.apache.maven.surefire.junit4.JUnit4Provider.executeTestSet(JUnit4Provider.java:141)
	at org.apache.maven.surefire.junit4.JUnit4Provider.invoke(JUnit4Provider.java:112)
	at java.base/jdk.internal.reflect.NativeMethodAccessorImpl.invoke0(Native Method)
	at java.base/jdk.internal.reflect.NativeMethodAccessorImpl.invoke(NativeMethodAccessorImpl.java:62)
	at java.base/jdk.internal.reflect.DelegatingMethodAccessorImpl.invoke(DelegatingMethodAccessorImpl.java:43)
	at java.base/java.lang.reflect.Method.invoke(Method.java:566)
	at org.apache.maven.surefire.util.ReflectionUtils.invokeMethodWithArray(ReflectionUtils.java:189)
	at org.apache.maven.surefire.booter.ProviderFactory$ProviderProxy.invoke(ProviderFactory.java:165)
	at org.apache.maven.surefire.booter.ProviderFactory.invokeProvider(ProviderFactory.java:85)
	at org.apache.maven.surefire.booter.ForkedBooter.runSuitesInProcess(ForkedBooter.java:115)
	at org.apache.maven.surefire.booter.ForkedBooter.main(ForkedBooter.java:75)


Results :

Tests in error: 
  getRequestKeepSemicolonContent(edu.vision.se.Testcase1): org.springframework.util.StreamUtils.emptyInput()Ljava/io/InputStream;

Tests run: 1, Failures: 0, Errors: 1, Skipped: 0

[INFO] ------------------------------------------------------------------------
[INFO] BUILD FAILURE
[INFO] ------------------------------------------------------------------------
[INFO] Total time:  1.557 s
[INFO] Finished at: 2025-07-14T06:09:20Z
[INFO] ------------------------------------------------------------------------
[ERROR] Failed to execute goal org.apache.maven.plugins:maven-surefire-plugin:2.12.4:test (default-test) on project CVE-2020-5421: There are test failures.
[ERROR] 
[ERROR] Please refer to /PoCAdaptation/exploit/result/CVE-2020-5421/3.2.2.RELEASE/exploit/target/surefire-reports for the individual test results.
[ERROR] -> [Help 1]
[ERROR] 
[ERROR] To see the full stack trace of the errors, re-run Maven with the -e switch.
[ERROR] Re-run Maven using the -X switch to enable full debug logging.
[ERROR] 
[ERROR] For more information about the errors and possible solutions, please read the following articles:
[ERROR] [Help 1] http://cwiki.apache.org/confluence/display/MAVEN/MojoFailureException


current_pom file is:<?xml version='1.0' encoding='utf-8'?>
<project xmlns="http://maven.apache.org/POM/4.0.0" xmlns:xsi="http://www.w3.org/2001/XMLSchema-instance" xsi:schemaLocation="http://maven.apache.org/POM/4.0.0 http://maven.apache.org/xsd/maven-4.0.0.xsd">
    <modelVersion>4.0.0</modelVersion>
    <groupId>edu.vision.se</groupId>
    <artifactId>CVE-2020-5421</artifactId>
    <version>1.0-SNAPSHOT</version>

    <properties>
        <maven.compiler.source>11</maven.compiler.source>
        <maven.compiler.target>11</maven.compiler.target>
    </properties>

    <dependencies>
        
        <dependency>
            <groupId>org.springframework</groupId>
            <artifactId>spring-web</artifactId>
            <version>3.2.2.RELEASE</version>
        </dependency>

        <dependency>
            <groupId>org.springframework</groupId>
            <artifactId>spring-test</artifactId>
            <version>5.1.9.RELEASE</version>
        </dependency>

        <dependency>
            <groupId>org.apache.tomcat</groupId>
            <artifactId>tomcat-jsp-api</artifactId>
            <version>9.0.82</version>
        </dependency>
        <dependency>
            <groupId>io.quarkus</groupId>
            <artifactId>quarkus-spring-core-api</artifactId>
            <version>5.2.SP7</version>
          </dependency>
    <dependency><groupId>junit</groupId><artifactId>junit</artifactId><version>4.13.2</version></dependency><dependency><groupId>junit</groupId><artifactId>junit</artifactId><version>4.13.2</version></dependency><dependency><groupId>junit</groupId><artifactId>junit</artifactId><version>4.13.2</version></dependency></dependencies>

</project>
---------
---------
[LLMClient] Response: pom
---------
[96m[Adapter] LLM response for fix position: pom[0m
[96m[Adapter] Fix position is in pom.xml.[0m
[96m[RepairModule] Start repair[0m
---------
[LLMClient] Asking: You are given an error when executing exploit in in 3.2.2.RELEASE:org.springframework:spring-web
This exploit file compiles and reproduced successfully in 3.2.1.RELEASE with an assertion error.

Your task is fix the error.

Current pom file is <?xml version='1.0' encoding='utf-8'?>
<project xmlns="http://maven.apache.org/POM/4.0.0" xmlns:xsi="http://www.w3.org/2001/XMLSchema-instance" xsi:schemaLocation="http://maven.apache.org/POM/4.0.0 http://maven.apache.org/xsd/maven-4.0.0.xsd">
    <modelVersion>4.0.0</modelVersion>
    <groupId>edu.vision.se</groupId>
    <artifactId>CVE-2020-5421</artifactId>
    <version>1.0-SNAPSHOT</version>

    <properties>
        <maven.compiler.source>11</maven.compiler.source>
        <maven.compiler.target>11</maven.compiler.target>
    </properties>

    <dependencies>
        
        <dependency>
            <groupId>org.springframework</groupId>
            <artifactId>spring-web</artifactId>
            <version>3.2.2.RELEASE</version>
        </dependency>

        <dependency>
            <groupId>org.springframework</groupId>
            <artifactId>spring-test</artifactId>
            <version>5.1.9.RELEASE</version>
        </dependency>

        <dependency>
            <groupId>org.apache.tomcat</groupId>
            <artifactId>tomcat-jsp-api</artifactId>
            <version>9.0.82</version>
        </dependency>
        <dependency>
            <groupId>io.quarkus</groupId>
            <artifactId>quarkus-spring-core-api</artifactId>
            <version>5.2.SP7</version>
          </dependency>
    <dependency><groupId>junit</groupId><artifactId>junit</artifactId><version>4.13.2</version></dependency><dependency><groupId>junit</groupId><artifactId>junit</artifactId><version>4.13.2</version></dependency><dependency><groupId>junit</groupId><artifactId>junit</artifactId><version>4.13.2</version></dependency></dependencies>

</project>
Output only the updated partion of pom.xml entries without explanation or irrlevant tags like <project>

### Compilation Errors:
[INFO] Scanning for projects...
[WARNING] 
[WARNING] Some problems were encountered while building the effective model for edu.vision.se:CVE-2020-5421:jar:1.0-SNAPSHOT
[WARNING] 'dependencies.dependency.(groupId:artifactId:type:classifier)' must be unique: junit:junit:jar -> duplicate declaration of version 4.13.2 @ line 37, column 121
[WARNING] 'dependencies.dependency.(groupId:artifactId:type:classifier)' must be unique: junit:junit:jar -> duplicate declaration of version 4.13.2 @ line 37, column 225
[WARNING] 
[WARNING] It is highly recommended to fix these problems because they threaten the stability of your build.
[WARNING] 
[WARNING] For this reason, future Maven versions might no longer support building such malformed projects.
[WARNING] 
[INFO] 
[INFO] --------------------< edu.vision.se:CVE-2020-5421 >---------------------
[INFO] Building CVE-2020-5421 1.0-SNAPSHOT
[INFO]   from pom.xml
[INFO] --------------------------------[ jar ]---------------------------------
[INFO] 
[INFO] --- maven-clean-plugin:2.5:clean (default-clean) @ CVE-2020-5421 ---
[INFO] Deleting /PoCAdaptation/exploit/result/CVE-2020-5421/3.2.2.RELEASE/exploit/target
[INFO] 
[INFO] --- maven-resources-plugin:2.6:resources (default-resources) @ CVE-2020-5421 ---
[WARNING] Using platform encoding (UTF-8 actually) to copy filtered resources, i.e. build is platform dependent!
[INFO] skip non existing resourceDirectory /PoCAdaptation/exploit/result/CVE-2020-5421/3.2.2.RELEASE/exploit/src/main/resources
[INFO] 
[INFO] --- maven-compiler-plugin:3.1:compile (default-compile) @ CVE-2020-5421 ---
[INFO] No sources to compile
[INFO] 
[INFO] --- maven-resources-plugin:2.6:testResources (default-testResources) @ CVE-2020-5421 ---
[WARNING] Using platform encoding (UTF-8 actually) to copy filtered resources, i.e. build is platform dependent!
[INFO] Copying 1 resource
[INFO] 
[INFO] --- maven-compiler-plugin:3.1:testCompile (default-testCompile) @ CVE-2020-5421 ---
[INFO] Changes detected - recompiling the module!
[WARNING] File encoding has not been set, using platform encoding UTF-8, i.e. build is platform dependent!
[INFO] Compiling 1 source file to /PoCAdaptation/exploit/result/CVE-2020-5421/3.2.2.RELEASE/exploit/target/test-classes
[INFO] 
[INFO] --- maven-surefire-plugin:2.12.4:test (default-test) @ CVE-2020-5421 ---
[INFO] Surefire report directory: /PoCAdaptation/exploit/result/CVE-2020-5421/3.2.2.RELEASE/exploit/target/surefire-reports

-------------------------------------------------------
 T E S T S
-------------------------------------------------------
Running edu.vision.se.Testcase1
Tests run: 1, Failures: 0, Errors: 1, Skipped: 0, Time elapsed: 0.064 sec <<< FAILURE!
getRequestKeepSemicolonContent(edu.vision.se.Testcase1)  Time elapsed: 0.048 sec  <<< ERROR!
java.lang.NoSuchMethodError: org.springframework.util.StreamUtils.emptyInput()Ljava/io/InputStream;
	at org.springframework.mock.web.MockHttpServletRequest.<clinit>(MockHttpServletRequest.java:101)
	at edu.vision.se.Testcase1.<init>(Testcase1.java:10)
	at java.base/jdk.internal.reflect.NativeConstructorAccessorImpl.newInstance0(Native Method)
	at java.base/jdk.internal.reflect.NativeConstructorAccessorImpl.newInstance(NativeConstructorAccessorImpl.java:62)
	at java.base/jdk.internal.reflect.DelegatingConstructorAccessorImpl.newInstance(DelegatingConstructorAccessorImpl.java:45)
	at java.base/java.lang.reflect.Constructor.newInstance(Constructor.java:490)
	at org.junit.runners.BlockJUnit4ClassRunner.createTest(BlockJUnit4ClassRunner.java:250)
	at org.junit.runners.BlockJUnit4ClassRunner.createTest(BlockJUnit4ClassRunner.java:260)
	at org.junit.runners.BlockJUnit4ClassRunner$2.runReflectiveCall(BlockJUnit4ClassRunner.java:309)
	at org.junit.internal.runners.model.ReflectiveCallable.run(ReflectiveCallable.java:12)
	at org.junit.runners.BlockJUnit4ClassRunner.methodBlock(BlockJUnit4ClassRunner.java:306)
	at org.junit.runners.BlockJUnit4ClassRunner$1.evaluate(BlockJUnit4ClassRunner.java:100)
	at org.junit.runners.ParentRunner.runLeaf(ParentRunner.java:366)
	at org.junit.runners.BlockJUnit4ClassRunner.runChild(BlockJUnit4ClassRunner.java:103)
	at org.junit.runners.BlockJUnit4ClassRunner.runChild(BlockJUnit4ClassRunner.java:63)
	at org.junit.runners.ParentRunner$4.run(ParentRunner.java:331)
	at org.junit.runners.ParentRunner$1.schedule(ParentRunner.java:79)
	at org.junit.runners.ParentRunner.runChildren(ParentRunner.java:329)
	at org.junit.runners.ParentRunner.access$100(ParentRunner.java:66)
	at org.junit.runners.ParentRunner$2.evaluate(ParentRunner.java:293)
	at org.junit.runners.ParentRunner$3.evaluate(ParentRunner.java:306)
	at org.junit.runners.ParentRunner.run(ParentRunner.java:413)
	at org.apache.maven.surefire.junit4.JUnit4Provider.execute(JUnit4Provider.java:252)
	at org.apache.maven.surefire.junit4.JUnit4Provider.executeTestSet(JUnit4Provider.java:141)
	at org.apache.maven.surefire.junit4.JUnit4Provider.invoke(JUnit4Provider.java:112)
	at java.base/jdk.internal.reflect.NativeMethodAccessorImpl.invoke0(Native Method)
	at java.base/jdk.internal.reflect.NativeMethodAccessorImpl.invoke(NativeMethodAccessorImpl.java:62)
	at java.base/jdk.internal.reflect.DelegatingMethodAccessorImpl.invoke(DelegatingMethodAccessorImpl.java:43)
	at java.base/java.lang.reflect.Method.invoke(Method.java:566)
	at org.apache.maven.surefire.util.ReflectionUtils.invokeMethodWithArray(ReflectionUtils.java:189)
	at org.apache.maven.surefire.booter.ProviderFactory$ProviderProxy.invoke(ProviderFactory.java:165)
	at org.apache.maven.surefire.booter.ProviderFactory.invokeProvider(ProviderFactory.java:85)
	at org.apache.maven.surefire.booter.ForkedBooter.runSuitesInProcess(ForkedBooter.java:115)
	at org.apache.maven.surefire.booter.ForkedBooter.main(ForkedBooter.java:75)


Results :

Tests in error: 
  getRequestKeepSemicolonContent(edu.vision.se.Testcase1): org.springframework.util.StreamUtils.emptyInput()Ljava/io/InputStream;

Tests run: 1, Failures: 0, Errors: 1, Skipped: 0

[INFO] ------------------------------------------------------------------------
[INFO] BUILD FAILURE
[INFO] ------------------------------------------------------------------------
[INFO] Total time:  1.557 s
[INFO] Finished at: 2025-07-14T06:09:20Z
[INFO] ------------------------------------------------------------------------
[ERROR] Failed to execute goal org.apache.maven.plugins:maven-surefire-plugin:2.12.4:test (default-test) on project CVE-2020-5421: There are test failures.
[ERROR] 
[ERROR] Please refer to /PoCAdaptation/exploit/result/CVE-2020-5421/3.2.2.RELEASE/exploit/target/surefire-reports for the individual test results.
[ERROR] -> [Help 1]
[ERROR] 
[ERROR] To see the full stack trace of the errors, re-run Maven with the -e switch.
[ERROR] Re-run Maven using the -X switch to enable full debug logging.
[ERROR] 
[ERROR] For more information about the errors and possible solutions, please read the following articles:
[ERROR] [Help 1] http://cwiki.apache.org/confluence/display/MAVEN/MojoFailureException


---------
---------
[LLMClient] Response: ```xml
<dependencies>
    
    <dependency>
        <groupId>org.springframework</groupId>
        <artifactId>spring-web</artifactId>
        <version>3.2.2.RELEASE</version>
    </dependency>

    <dependency>
        <groupId>org.springframework</groupId>
        <artifactId>spring-test</artifactId>
        <version>3.2.2.RELEASE</version>
    </dependency>

    <dependency>
        <groupId>org.apache.tomcat</groupId>
        <artifactId>tomcat-jsp-api</artifactId>
        <version>9.0.82</version>
    </dependency>

    <dependency>
        <groupId>io.quarkus</groupId>
        <artifactId>quarkus-spring-core-api</artifactId>
        <version>5.2.SP7</version>
    </dependency>
    
    <dependency>
        <groupId>junit</groupId>
        <artifactId>junit</artifactId>
        <version>4.13.2</version>
    </dependency>

</dependencies>
```
---------
[Adapter] âš  Skipped updating avoided dependency: org.springframework:spring-web
[Adapter] ~ Updating version of org.springframework:spring-test to 3.2.2.RELEASE
[Adapter] ~ Updating version of org.apache.tomcat:tomcat-jsp-api to 9.0.82
[Adapter] ~ Updating version of io.quarkus:quarkus-spring-core-api to 5.2.SP7
[Adapter] ~ Updating version of junit:junit to 4.13.2
[Adapter] âœ“ pom.xml successfully updated.
[96m[Executor] Executing exploit for CVE-2020-5421 on version 3.2.2.RELEASE...[0m
[INFO] Scanning for projects...
[WARNING] 
[WARNING] Some problems were encountered while building the effective model for edu.vision.se:CVE-2020-5421:jar:1.0-SNAPSHOT
[WARNING] 'dependencies.dependency.(groupId:artifactId:type:classifier)' must be unique: junit:junit:jar -> duplicate declaration of version 4.13.2 @ line 37, column 121
[WARNING] 'dependencies.dependency.(groupId:artifactId:type:classifier)' must be unique: junit:junit:jar -> duplicate declaration of version 4.13.2 @ line 37, column 225
[WARNING] 
[WARNING] It is highly recommended to fix these problems because they threaten the stability of your build.
[WARNING] 
[WARNING] For this reason, future Maven versions might no longer support building such malformed projects.
[WARNING] 
[INFO] 
[INFO] --------------------< edu.vision.se:CVE-2020-5421 >---------------------
[INFO] Building CVE-2020-5421 1.0-SNAPSHOT
[INFO]   from pom.xml
[INFO] --------------------------------[ jar ]---------------------------------
[INFO] 
[INFO] --- maven-clean-plugin:2.5:clean (default-clean) @ CVE-2020-5421 ---
[INFO] Deleting /PoCAdaptation/exploit/result/CVE-2020-5421/3.2.2.RELEASE/exploit/target
[INFO] 
[INFO] --- maven-resources-plugin:2.6:resources (default-resources) @ CVE-2020-5421 ---
[WARNING] Using platform encoding (UTF-8 actually) to copy filtered resources, i.e. build is platform dependent!
[INFO] skip non existing resourceDirectory /PoCAdaptation/exploit/result/CVE-2020-5421/3.2.2.RELEASE/exploit/src/main/resources
[INFO] 
[INFO] --- maven-compiler-plugin:3.1:compile (default-compile) @ CVE-2020-5421 ---
[INFO] No sources to compile
[INFO] 
[INFO] --- maven-resources-plugin:2.6:testResources (default-testResources) @ CVE-2020-5421 ---
[WARNING] Using platform encoding (UTF-8 actually) to copy filtered resources, i.e. build is platform dependent!
[INFO] Copying 1 resource
[INFO] 
[INFO] --- maven-compiler-plugin:3.1:testCompile (default-testCompile) @ CVE-2020-5421 ---
[INFO] Changes detected - recompiling the module!
[WARNING] File encoding has not been set, using platform encoding UTF-8, i.e. build is platform dependent!
[INFO] Compiling 1 source file to /PoCAdaptation/exploit/result/CVE-2020-5421/3.2.2.RELEASE/exploit/target/test-classes
[INFO] 
[INFO] --- maven-surefire-plugin:2.12.4:test (default-test) @ CVE-2020-5421 ---
[INFO] Surefire report directory: /PoCAdaptation/exploit/result/CVE-2020-5421/3.2.2.RELEASE/exploit/target/surefire-reports

-------------------------------------------------------
 T E S T S
-------------------------------------------------------
Running edu.vision.se.Testcase1
Tests run: 1, Failures: 1, Errors: 0, Skipped: 0, Time elapsed: 0.111 sec <<< FAILURE!
getRequestKeepSemicolonContent(edu.vision.se.Testcase1)  Time elapsed: 0.081 sec  <<< FAILURE!
org.junit.ComparisonFailure: expected:</foo[;jsessionid=c0o7fszeb1]> but was:</foo[]>
	at org.junit.Assert.assertEquals(Assert.java:117)
	at org.junit.Assert.assertEquals(Assert.java:146)
	at edu.vision.se.Testcase1.getRequestKeepSemicolonContent(Testcase1.java:18)
	at java.base/jdk.internal.reflect.NativeMethodAccessorImpl.invoke0(Native Method)
	at java.base/jdk.internal.reflect.NativeMethodAccessorImpl.invoke(NativeMethodAccessorImpl.java:62)
	at java.base/jdk.internal.reflect.DelegatingMethodAccessorImpl.invoke(DelegatingMethodAccessorImpl.java:43)
	at java.base/java.lang.reflect.Method.invoke(Method.java:566)
	at org.junit.runners.model.FrameworkMethod$1.runReflectiveCall(FrameworkMethod.java:59)
	at org.junit.internal.runners.model.ReflectiveCallable.run(ReflectiveCallable.java:12)
	at org.junit.runners.model.FrameworkMethod.invokeExplosively(FrameworkMethod.java:56)
	at org.junit.internal.runners.statements.InvokeMethod.evaluate(InvokeMethod.java:17)
	at org.junit.runners.ParentRunner$3.evaluate(ParentRunner.java:306)
	at org.junit.runners.BlockJUnit4ClassRunner$1.evaluate(BlockJUnit4ClassRunner.java:100)
	at org.junit.runners.ParentRunner.runLeaf(ParentRunner.java:366)
	at org.junit.runners.BlockJUnit4ClassRunner.runChild(BlockJUnit4ClassRunner.java:103)
	at org.junit.runners.BlockJUnit4ClassRunner.runChild(BlockJUnit4ClassRunner.java:63)
	at org.junit.runners.ParentRunner$4.run(ParentRunner.java:331)
	at org.junit.runners.ParentRunner$1.schedule(ParentRunner.java:79)
	at org.junit.runners.ParentRunner.runChildren(ParentRunner.java:329)
	at org.junit.runners.ParentRunner.access$100(ParentRunner.java:66)
	at org.junit.runners.ParentRunner$2.evaluate(ParentRunner.java:293)
	at org.junit.runners.ParentRunner$3.evaluate(ParentRunner.java:306)
	at org.junit.runners.ParentRunner.run(ParentRunner.java:413)
	at org.apache.maven.surefire.junit4.JUnit4Provider.execute(JUnit4Provider.java:252)
	at org.apache.maven.surefire.junit4.JUnit4Provider.executeTestSet(JUnit4Provider.java:141)
	at org.apache.maven.surefire.junit4.JUnit4Provider.invoke(JUnit4Provider.java:112)
	at java.base/jdk.internal.reflect.NativeMethodAccessorImpl.invoke0(Native Method)
	at java.base/jdk.internal.reflect.NativeMethodAccessorImpl.invoke(NativeMethodAccessorImpl.java:62)
	at java.base/jdk.internal.reflect.DelegatingMethodAccessorImpl.invoke(DelegatingMethodAccessorImpl.java:43)
	at java.base/java.lang.reflect.Method.invoke(Method.java:566)
	at org.apache.maven.surefire.util.ReflectionUtils.invokeMethodWithArray(ReflectionUtils.java:189)
	at org.apache.maven.surefire.booter.ProviderFactory$ProviderProxy.invoke(ProviderFactory.java:165)
	at org.apache.maven.surefire.booter.ProviderFactory.invokeProvider(ProviderFactory.java:85)
	at org.apache.maven.surefire.booter.ForkedBooter.runSuitesInProcess(ForkedBooter.java:115)
	at org.apache.maven.surefire.booter.ForkedBooter.main(ForkedBooter.java:75)


Results :

Failed tests:   getRequestKeepSemicolonContent(edu.vision.se.Testcase1): expected:</foo[;jsessionid=c0o7fszeb1]> but was:</foo[]>

Tests run: 1, Failures: 1, Errors: 0, Skipped: 0

[INFO] ------------------------------------------------------------------------
[INFO] BUILD FAILURE
[INFO] ------------------------------------------------------------------------
[INFO] Total time:  1.294 s
[INFO] Finished at: 2025-07-14T06:09:31Z
[INFO] ------------------------------------------------------------------------
[ERROR] Failed to execute goal org.apache.maven.plugins:maven-surefire-plugin:2.12.4:test (default-test) on project CVE-2020-5421: There are test failures.
[ERROR] 
[ERROR] Please refer to /PoCAdaptation/exploit/result/CVE-2020-5421/3.2.2.RELEASE/exploit/target/surefire-reports for the individual test results.
[ERROR] -> [Help 1]
[ERROR] 
[ERROR] To see the full stack trace of the errors, re-run Maven with the -e switch.
[ERROR] Re-run Maven using the -X switch to enable full debug logging.
[ERROR] 
[ERROR] For more information about the errors and possible solutions, please read the following articles:
[ERROR] [Help 1] http://cwiki.apache.org/confluence/display/MAVEN/MojoFailureException


[96m[Verifier] Verifying reproduction...[0m
[92m[Verifier] âœ“ Behavior matched: 'org.junit.ComparisonFailure'[0m
[92m[Verifier] âœ“ Detail matched: '</foo[]>'[0m
[92m[Verifier] âœ“ All reproduction indicators matched.[0m
[92m[Executor] Reproduction result: Success[0m
[96m[Executor] Executing exploit for CVE-2020-5421 on version 3.2.2.RELEASE...[0m
[INFO] Scanning for projects...
[WARNING] 
[WARNING] Some problems were encountered while building the effective model for edu.vision.se:CVE-2020-5421:jar:1.0-SNAPSHOT
[WARNING] 'dependencies.dependency.(groupId:artifactId:type:classifier)' must be unique: junit:junit:jar -> duplicate declaration of version 4.13.2 @ line 37, column 121
[WARNING] 'dependencies.dependency.(groupId:artifactId:type:classifier)' must be unique: junit:junit:jar -> duplicate declaration of version 4.13.2 @ line 37, column 225
[WARNING] 
[WARNING] It is highly recommended to fix these problems because they threaten the stability of your build.
[WARNING] 
[WARNING] For this reason, future Maven versions might no longer support building such malformed projects.
[WARNING] 
[INFO] 
[INFO] --------------------< edu.vision.se:CVE-2020-5421 >---------------------
[INFO] Building CVE-2020-5421 1.0-SNAPSHOT
[INFO]   from pom.xml
[INFO] --------------------------------[ jar ]---------------------------------
[INFO] 
[INFO] --- maven-clean-plugin:2.5:clean (default-clean) @ CVE-2020-5421 ---
[INFO] Deleting /PoCAdaptation/exploit/result/CVE-2020-5421/3.2.2.RELEASE/exploit/target
[INFO] 
[INFO] --- maven-resources-plugin:2.6:resources (default-resources) @ CVE-2020-5421 ---
[WARNING] Using platform encoding (UTF-8 actually) to copy filtered resources, i.e. build is platform dependent!
[INFO] skip non existing resourceDirectory /PoCAdaptation/exploit/result/CVE-2020-5421/3.2.2.RELEASE/exploit/src/main/resources
[INFO] 
[INFO] --- maven-compiler-plugin:3.1:compile (default-compile) @ CVE-2020-5421 ---
[INFO] No sources to compile
[INFO] 
[INFO] --- maven-resources-plugin:2.6:testResources (default-testResources) @ CVE-2020-5421 ---
[WARNING] Using platform encoding (UTF-8 actually) to copy filtered resources, i.e. build is platform dependent!
[INFO] Copying 1 resource
[INFO] 
[INFO] --- maven-compiler-plugin:3.1:testCompile (default-testCompile) @ CVE-2020-5421 ---
[INFO] Changes detected - recompiling the module!
[WARNING] File encoding has not been set, using platform encoding UTF-8, i.e. build is platform dependent!
[INFO] Compiling 1 source file to /PoCAdaptation/exploit/result/CVE-2020-5421/3.2.2.RELEASE/exploit/target/test-classes
[INFO] 
[INFO] --- maven-surefire-plugin:2.12.4:test (default-test) @ CVE-2020-5421 ---
[INFO] Surefire report directory: /PoCAdaptation/exploit/result/CVE-2020-5421/3.2.2.RELEASE/exploit/target/surefire-reports

-------------------------------------------------------
 T E S T S
-------------------------------------------------------
Running edu.vision.se.Testcase1
Tests run: 1, Failures: 1, Errors: 0, Skipped: 0, Time elapsed: 0.057 sec <<< FAILURE!
getRequestKeepSemicolonContent(edu.vision.se.Testcase1)  Time elapsed: 0.051 sec  <<< FAILURE!
org.junit.ComparisonFailure: expected:</foo[;jsessionid=c0o7fszeb1]> but was:</foo[]>
	at org.junit.Assert.assertEquals(Assert.java:117)
	at org.junit.Assert.assertEquals(Assert.java:146)
	at edu.vision.se.Testcase1.getRequestKeepSemicolonContent(Testcase1.java:18)
	at java.base/jdk.internal.reflect.NativeMethodAccessorImpl.invoke0(Native Method)
	at java.base/jdk.internal.reflect.NativeMethodAccessorImpl.invoke(NativeMethodAccessorImpl.java:62)
	at java.base/jdk.internal.reflect.DelegatingMethodAccessorImpl.invoke(DelegatingMethodAccessorImpl.java:43)
	at java.base/java.lang.reflect.Method.invoke(Method.java:566)
	at org.junit.runners.model.FrameworkMethod$1.runReflectiveCall(FrameworkMethod.java:59)
	at org.junit.internal.runners.model.ReflectiveCallable.run(ReflectiveCallable.java:12)
	at org.junit.runners.model.FrameworkMethod.invokeExplosively(FrameworkMethod.java:56)
	at org.junit.internal.runners.statements.InvokeMethod.evaluate(InvokeMethod.java:17)
	at org.junit.runners.ParentRunner$3.evaluate(ParentRunner.java:306)
	at org.junit.runners.BlockJUnit4ClassRunner$1.evaluate(BlockJUnit4ClassRunner.java:100)
	at org.junit.runners.ParentRunner.runLeaf(ParentRunner.java:366)
	at org.junit.runners.BlockJUnit4ClassRunner.runChild(BlockJUnit4ClassRunner.java:103)
	at org.junit.runners.BlockJUnit4ClassRunner.runChild(BlockJUnit4ClassRunner.java:63)
	at org.junit.runners.ParentRunner$4.run(ParentRunner.java:331)
	at org.junit.runners.ParentRunner$1.schedule(ParentRunner.java:79)
	at org.junit.runners.ParentRunner.runChildren(ParentRunner.java:329)
	at org.junit.runners.ParentRunner.access$100(ParentRunner.java:66)
	at org.junit.runners.ParentRunner$2.evaluate(ParentRunner.java:293)
	at org.junit.runners.ParentRunner$3.evaluate(ParentRunner.java:306)
	at org.junit.runners.ParentRunner.run(ParentRunner.java:413)
	at org.apache.maven.surefire.junit4.JUnit4Provider.execute(JUnit4Provider.java:252)
	at org.apache.maven.surefire.junit4.JUnit4Provider.executeTestSet(JUnit4Provider.java:141)
	at org.apache.maven.surefire.junit4.JUnit4Provider.invoke(JUnit4Provider.java:112)
	at java.base/jdk.internal.reflect.NativeMethodAccessorImpl.invoke0(Native Method)
	at java.base/jdk.internal.reflect.NativeMethodAccessorImpl.invoke(NativeMethodAccessorImpl.java:62)
	at java.base/jdk.internal.reflect.DelegatingMethodAccessorImpl.invoke(DelegatingMethodAccessorImpl.java:43)
	at java.base/java.lang.reflect.Method.invoke(Method.java:566)
	at org.apache.maven.surefire.util.ReflectionUtils.invokeMethodWithArray(ReflectionUtils.java:189)
	at org.apache.maven.surefire.booter.ProviderFactory$ProviderProxy.invoke(ProviderFactory.java:165)
	at org.apache.maven.surefire.booter.ProviderFactory.invokeProvider(ProviderFactory.java:85)
	at org.apache.maven.surefire.booter.ForkedBooter.runSuitesInProcess(ForkedBooter.java:115)
	at org.apache.maven.surefire.booter.ForkedBooter.main(ForkedBooter.java:75)


Results :

Failed tests:   getRequestKeepSemicolonContent(edu.vision.se.Testcase1): expected:</foo[;jsessionid=c0o7fszeb1]> but was:</foo[]>

Tests run: 1, Failures: 1, Errors: 0, Skipped: 0

[INFO] ------------------------------------------------------------------------
[INFO] BUILD FAILURE
[INFO] ------------------------------------------------------------------------
[INFO] Total time:  1.471 s
[INFO] Finished at: 2025-07-14T06:09:33Z
[INFO] ------------------------------------------------------------------------
[ERROR] Failed to execute goal org.apache.maven.plugins:maven-surefire-plugin:2.12.4:test (default-test) on project CVE-2020-5421: There are test failures.
[ERROR] 
[ERROR] Please refer to /PoCAdaptation/exploit/result/CVE-2020-5421/3.2.2.RELEASE/exploit/target/surefire-reports for the individual test results.
[ERROR] -> [Help 1]
[ERROR] 
[ERROR] To see the full stack trace of the errors, re-run Maven with the -e switch.
[ERROR] Re-run Maven using the -X switch to enable full debug logging.
[ERROR] 
[ERROR] For more information about the errors and possible solutions, please read the following articles:
[ERROR] [Help 1] http://cwiki.apache.org/confluence/display/MAVEN/MojoFailureException


[96m[Verifier] Verifying reproduction...[0m
[92m[Verifier] âœ“ Behavior matched: 'org.junit.ComparisonFailure'[0m
[92m[Verifier] âœ“ Detail matched: '</foo[]>'[0m
[92m[Verifier] âœ“ All reproduction indicators matched.[0m
[92m[Executor] Reproduction result: Success[0m
[Adapt] âœ“ Completed: True
[96m[Adapter] Adaptation complete. Retesting exploit on 3.2.2.RELEASE...[0m
[92m[Executor] Adaptation + reproduction successful on 3.2.2.RELEASE[0m
[96m[Adapter] Copied successful adaptation to /PoCAdaptation/exploit/valid/CVE-2020-5421/3.2.2.RELEASE[0m

[Executor] â–¶ Summary of return codes:
  - Version 3.2.2.RELEASE: âœ“ Success (exit code 0)
