Running main_process.py for CVE: CVE-2014-3625
Versions: 3.2.1.RELEASE

[1m[Main] === Starting adaptation process for CVE-2014-3625 ===[0m
[96m[Processor] Fetching all available Maven versions...[0m
[96m[Analyzer] Loading cached versions from: /PoCAdaptation/library/org_springframework_spring-webmvc.txt[0m
[96m[Analyzer] org.springframework:spring-webmvc has 306 versions (cached).[0m
[96m[Processor] Identifying versions with successful reproduction...[0m
[96m[Processor] Pending versions: ['3.2.1.RELEASE'][0m
[96m[Preparer] Pending directory already exists: /PoCAdaptation/exploit/pending/CVE-2014-3625[0m
[92m[Main] Total affected versions: 30[0m
[92m[Main] Already reproduced versions: 29[0m
[93m[Main] Versions pending adaptation: 1[0m
[96m[Main]     -> ['3.2.1.RELEASE'][0m
[96m[Main]     -> ['3.0.5.RELEASE', '3.0.6.RELEASE', '3.0.7.RELEASE', '3.1.0.RELEASE', '3.1.1.RELEASE', '3.1.2.RELEASE', '3.1.3.RELEASE', '3.1.4.RELEASE', '3.2.0.RELEASE', '3.2.2.RELEASE', '3.2.3.RELEASE', '3.2.4.RELEASE', '3.2.5.RELEASE', '3.2.6.RELEASE', '3.2.7.RELEASE', '3.2.8.RELEASE', '3.2.9.RELEASE', '3.2.10.RELEASE', '3.2.11.RELEASE', '4.0.0.RELEASE', '4.0.1.RELEASE', '4.0.2.RELEASE', '4.0.3.RELEASE', '4.0.4.RELEASE', '4.0.5.RELEASE', '4.0.6.RELEASE', '4.0.7.RELEASE', '4.1.0.RELEASE', '4.1.1.RELEASE'][0m
[96m[Executor] Running initial exploit mvn test in /PoCAdaptation/exploit/origin/CVE-2014-3625/exploit[0m
[91m[Executor] Initial exploit execution finished with return code 1[0m
[INFO] Scanning for projects...
[WARNING] 
[WARNING] Some problems were encountered while building the effective model for edu.vision.se:CVE-2014-3625:jar:1.0-SNAPSHOT
[WARNING] 'dependencies.dependency.(groupId:artifactId:type:classifier)' must be unique: junit:junit:jar -> duplicate declaration of version 4.13.2 @ line 39, column 121
[WARNING] 'dependencies.dependency.(groupId:artifactId:type:classifier)' must be unique: junit:junit:jar -> duplicate declaration of version 4.13.2 @ line 39, column 225
[WARNING] 
[WARNING] It is highly recommended to fix these problems because they threaten the stability of your build.
[WARNING] 
[WARNING] For this reason, future Maven versions might no longer support building such malformed projects.
[WARNING] 
[INFO] 
[INFO] --------------------< edu.vision.se:CVE-2014-3625 >---------------------
[INFO] Building CVE-2014-3625 1.0-SNAPSHOT
[INFO]   from pom.xml
[INFO] --------------------------------[ jar ]---------------------------------
[INFO] 
[INFO] --- maven-clean-plugin:2.5:clean (default-clean) @ CVE-2014-3625 ---
[INFO] Deleting /PoCAdaptation/exploit/origin/CVE-2014-3625/exploit/target
[INFO] 
[INFO] --- maven-resources-plugin:2.6:resources (default-resources) @ CVE-2014-3625 ---
[WARNING] Using platform encoding (UTF-8 actually) to copy filtered resources, i.e. build is platform dependent!
[INFO] skip non existing resourceDirectory /PoCAdaptation/exploit/origin/CVE-2014-3625/exploit/src/main/resources
[INFO] 
[INFO] --- maven-compiler-plugin:3.1:compile (default-compile) @ CVE-2014-3625 ---
[INFO] No sources to compile
[INFO] 
[INFO] --- maven-resources-plugin:2.6:testResources (default-testResources) @ CVE-2014-3625 ---
[WARNING] Using platform encoding (UTF-8 actually) to copy filtered resources, i.e. build is platform dependent!
[INFO] Copying 13 resources
[INFO] 
[INFO] --- maven-compiler-plugin:3.1:testCompile (default-testCompile) @ CVE-2014-3625 ---
[INFO] Changes detected - recompiling the module!
[WARNING] File encoding has not been set, using platform encoding UTF-8, i.e. build is platform dependent!
[INFO] Compiling 1 source file to /PoCAdaptation/exploit/origin/CVE-2014-3625/exploit/target/test-classes
[INFO] 
[INFO] --- maven-surefire-plugin:2.12.4:test (default-test) @ CVE-2014-3625 ---
[INFO] Surefire report directory: /PoCAdaptation/exploit/origin/CVE-2014-3625/exploit/target/surefire-reports

-------------------------------------------------------
 T E S T S
-------------------------------------------------------
Running edu.vision.se.Testcase1
Tests run: 1, Failures: 1, Errors: 0, Skipped: 0, Time elapsed: 0.078 sec <<< FAILURE!
invalidPath(edu.vision.se.Testcase1)  Time elapsed: 0.073 sec  <<< FAILURE!
java.lang.AssertionError: expected:<404> but was:<200>
	at org.junit.Assert.fail(Assert.java:89)
	at org.junit.Assert.failNotEquals(Assert.java:835)
	at org.junit.Assert.assertEquals(Assert.java:647)
	at org.junit.Assert.assertEquals(Assert.java:633)
	at edu.vision.se.Testcase1.testInvalidPath(Testcase1.java:74)
	at edu.vision.se.Testcase1.invalidPath(Testcase1.java:45)
	at java.base/jdk.internal.reflect.NativeMethodAccessorImpl.invoke0(Native Method)
	at java.base/jdk.internal.reflect.NativeMethodAccessorImpl.invoke(NativeMethodAccessorImpl.java:62)
	at java.base/jdk.internal.reflect.DelegatingMethodAccessorImpl.invoke(DelegatingMethodAccessorImpl.java:43)
	at java.base/java.lang.reflect.Method.invoke(Method.java:566)
	at org.junit.runners.model.FrameworkMethod$1.runReflectiveCall(FrameworkMethod.java:59)
	at org.junit.internal.runners.model.ReflectiveCallable.run(ReflectiveCallable.java:12)
	at org.junit.runners.model.FrameworkMethod.invokeExplosively(FrameworkMethod.java:56)
	at org.junit.internal.runners.statements.InvokeMethod.evaluate(InvokeMethod.java:17)
	at org.junit.internal.runners.statements.RunBefores.evaluate(RunBefores.java:26)
	at org.junit.runners.ParentRunner$3.evaluate(ParentRunner.java:306)
	at org.junit.runners.BlockJUnit4ClassRunner$1.evaluate(BlockJUnit4ClassRunner.java:100)
	at org.junit.runners.ParentRunner.runLeaf(ParentRunner.java:366)
	at org.junit.runners.BlockJUnit4ClassRunner.runChild(BlockJUnit4ClassRunner.java:103)
	at org.junit.runners.BlockJUnit4ClassRunner.runChild(BlockJUnit4ClassRunner.java:63)
	at org.junit.runners.ParentRunner$4.run(ParentRunner.java:331)
	at org.junit.runners.ParentRunner$1.schedule(ParentRunner.java:79)
	at org.junit.runners.ParentRunner.runChildren(ParentRunner.java:329)
	at org.junit.runners.ParentRunner.access$100(ParentRunner.java:66)
	at org.junit.runners.ParentRunner$2.evaluate(ParentRunner.java:293)
	at org.junit.runners.ParentRunner$3.evaluate(ParentRunner.java:306)
	at org.junit.runners.ParentRunner.run(ParentRunner.java:413)
	at org.apache.maven.surefire.junit4.JUnit4Provider.execute(JUnit4Provider.java:252)
	at org.apache.maven.surefire.junit4.JUnit4Provider.executeTestSet(JUnit4Provider.java:141)
	at org.apache.maven.surefire.junit4.JUnit4Provider.invoke(JUnit4Provider.java:112)
	at java.base/jdk.internal.reflect.NativeMethodAccessorImpl.invoke0(Native Method)
	at java.base/jdk.internal.reflect.NativeMethodAccessorImpl.invoke(NativeMethodAccessorImpl.java:62)
	at java.base/jdk.internal.reflect.DelegatingMethodAccessorImpl.invoke(DelegatingMethodAccessorImpl.java:43)
	at java.base/java.lang.reflect.Method.invoke(Method.java:566)
	at org.apache.maven.surefire.util.ReflectionUtils.invokeMethodWithArray(ReflectionUtils.java:189)
	at org.apache.maven.surefire.booter.ProviderFactory$ProviderProxy.invoke(ProviderFactory.java:165)
	at org.apache.maven.surefire.booter.ProviderFactory.invokeProvider(ProviderFactory.java:85)
	at org.apache.maven.surefire.booter.ForkedBooter.runSuitesInProcess(ForkedBooter.java:115)
	at org.apache.maven.surefire.booter.ForkedBooter.main(ForkedBooter.java:75)


Results :

Failed tests:   invalidPath(edu.vision.se.Testcase1): expected:<404> but was:<200>

Tests run: 1, Failures: 1, Errors: 0, Skipped: 0

[INFO] ------------------------------------------------------------------------
[INFO] BUILD FAILURE
[INFO] ------------------------------------------------------------------------
[INFO] Total time:  1.624 s
[INFO] Finished at: 2025-07-14T07:53:55Z
[INFO] ------------------------------------------------------------------------
[ERROR] Failed to execute goal org.apache.maven.plugins:maven-surefire-plugin:2.12.4:test (default-test) on project CVE-2014-3625: There are test failures.
[ERROR] 
[ERROR] Please refer to /PoCAdaptation/exploit/origin/CVE-2014-3625/exploit/target/surefire-reports for the individual test results.
[ERROR] -> [Help 1]
[ERROR] 
[ERROR] To see the full stack trace of the errors, re-run Maven with the -e switch.
[ERROR] Re-run Maven using the -X switch to enable full debug logging.
[ERROR] 
[ERROR] For more information about the errors and possible solutions, please read the following articles:
[ERROR] [Help 1] http://cwiki.apache.org/confluence/display/MAVEN/MojoFailureException


[96m[Verifier] Verifying reproduction...[0m
[92m[Verifier] âœ“ Behavior matched: 'java.lang.AssertionError'[0m
[92m[Verifier] âœ“ Detail matched: '200'[0m
[92m[Verifier] âœ“ All reproduction indicators matched.[0m
[92m[Verifier] Initial exploit behavior verified successfully.[0m
[96m[Selector] Nearest need adapatation version selected: 3.2.1.RELEASE[0m
[96m[Selector] Closest reproduced version: 3.2.0.RELEASE at index 57[0m
[96m[Adapter] Trying next closest version: 3.2.1.RELEASE[0m
[]
[93m[Preparer] No usable exploit dirs found under /PoCAdaptation/exploit/valid/CVE-2014-3625, use source[0m
[92m[Preparer] Copied exploit to: /PoCAdaptation/exploit/pending/CVE-2014-3625/3.2.1.RELEASE/exploit[0m
[96m[Preparer] Updating dependency version to 3.2.1.RELEASE in /PoCAdaptation/exploit/pending/CVE-2014-3625/3.2.1.RELEASE/exploit/pom.xml[0m
[92m[Preparer] Updated dependency version to 3.2.1.RELEASE in /PoCAdaptation/exploit/pending/CVE-2014-3625/3.2.1.RELEASE/exploit/pom.xml[0m
[96m[Executor] Attempting direct exploit execution on 3.2.1.RELEASE...[0m
[96m[Executor] Executing exploit for CVE-2014-3625 on version 3.2.1.RELEASE...[0m
[INFO] Scanning for projects...
[WARNING] 
[WARNING] Some problems were encountered while building the effective model for edu.vision.se:CVE-2014-3625:jar:1.0-SNAPSHOT
[WARNING] 'dependencies.dependency.(groupId:artifactId:type:classifier)' must be unique: junit:junit:jar -> duplicate declaration of version 4.13.2 @ line 39, column 121
[WARNING] 'dependencies.dependency.(groupId:artifactId:type:classifier)' must be unique: junit:junit:jar -> duplicate declaration of version 4.13.2 @ line 39, column 225
[WARNING] 
[WARNING] It is highly recommended to fix these problems because they threaten the stability of your build.
[WARNING] 
[WARNING] For this reason, future Maven versions might no longer support building such malformed projects.
[WARNING] 
[INFO] 
[INFO] --------------------< edu.vision.se:CVE-2014-3625 >---------------------
[INFO] Building CVE-2014-3625 1.0-SNAPSHOT
[INFO]   from pom.xml
[INFO] --------------------------------[ jar ]---------------------------------
[INFO] 
[INFO] --- maven-clean-plugin:2.5:clean (default-clean) @ CVE-2014-3625 ---
[INFO] Deleting /PoCAdaptation/exploit/pending/CVE-2014-3625/3.2.1.RELEASE/exploit/target
[INFO] 
[INFO] --- maven-resources-plugin:2.6:resources (default-resources) @ CVE-2014-3625 ---
[WARNING] Using platform encoding (UTF-8 actually) to copy filtered resources, i.e. build is platform dependent!
[INFO] skip non existing resourceDirectory /PoCAdaptation/exploit/pending/CVE-2014-3625/3.2.1.RELEASE/exploit/src/main/resources
[INFO] 
[INFO] --- maven-compiler-plugin:3.1:compile (default-compile) @ CVE-2014-3625 ---
[INFO] No sources to compile
[INFO] 
[INFO] --- maven-resources-plugin:2.6:testResources (default-testResources) @ CVE-2014-3625 ---
[WARNING] Using platform encoding (UTF-8 actually) to copy filtered resources, i.e. build is platform dependent!
[INFO] Copying 13 resources
[INFO] 
[INFO] --- maven-compiler-plugin:3.1:testCompile (default-testCompile) @ CVE-2014-3625 ---
[INFO] Changes detected - recompiling the module!
[WARNING] File encoding has not been set, using platform encoding UTF-8, i.e. build is platform dependent!
[INFO] Compiling 1 source file to /PoCAdaptation/exploit/pending/CVE-2014-3625/3.2.1.RELEASE/exploit/target/test-classes
[INFO] -------------------------------------------------------------
[ERROR] COMPILATION ERROR : 
[INFO] -------------------------------------------------------------
[ERROR] /PoCAdaptation/exploit/pending/CVE-2014-3625/3.2.1.RELEASE/exploit/src/test/java/edu/vision/se/Testcase1.java:[30,16] cannot access org.springframework.web.HttpRequestHandler
  class file for org.springframework.web.HttpRequestHandler not found
[ERROR] /PoCAdaptation/exploit/pending/CVE-2014-3625/3.2.1.RELEASE/exploit/src/test/java/edu/vision/se/Testcase1.java:[31,16] cannot access org.springframework.web.context.support.WebApplicationObjectSupport
  class file for org.springframework.web.context.support.WebApplicationObjectSupport not found
[ERROR] /PoCAdaptation/exploit/pending/CVE-2014-3625/3.2.1.RELEASE/exploit/src/test/java/edu/vision/se/Testcase1.java:[32,16] cannot find symbol
  symbol:   method setServletContext(edu.vision.se.Testcase1.TestServletContext)
  location: variable handler of type org.springframework.web.servlet.resource.ResourceHttpRequestHandler
[INFO] 3 errors 
[INFO] -------------------------------------------------------------
[INFO] ------------------------------------------------------------------------
[INFO] BUILD FAILURE
[INFO] ------------------------------------------------------------------------
[INFO] Total time:  1.119 s
[INFO] Finished at: 2025-07-14T07:53:59Z
[INFO] ------------------------------------------------------------------------
[ERROR] Failed to execute goal org.apache.maven.plugins:maven-compiler-plugin:3.1:testCompile (default-testCompile) on project CVE-2014-3625: Compilation failure: Compilation failure: 
[ERROR] /PoCAdaptation/exploit/pending/CVE-2014-3625/3.2.1.RELEASE/exploit/src/test/java/edu/vision/se/Testcase1.java:[30,16] cannot access org.springframework.web.HttpRequestHandler
[ERROR]   class file for org.springframework.web.HttpRequestHandler not found
[ERROR] /PoCAdaptation/exploit/pending/CVE-2014-3625/3.2.1.RELEASE/exploit/src/test/java/edu/vision/se/Testcase1.java:[31,16] cannot access org.springframework.web.context.support.WebApplicationObjectSupport
[ERROR]   class file for org.springframework.web.context.support.WebApplicationObjectSupport not found
[ERROR] /PoCAdaptation/exploit/pending/CVE-2014-3625/3.2.1.RELEASE/exploit/src/test/java/edu/vision/se/Testcase1.java:[32,16] cannot find symbol
[ERROR]   symbol:   method setServletContext(edu.vision.se.Testcase1.TestServletContext)
[ERROR]   location: variable handler of type org.springframework.web.servlet.resource.ResourceHttpRequestHandler
[ERROR] -> [Help 1]
[ERROR] 
[ERROR] To see the full stack trace of the errors, re-run Maven with the -e switch.
[ERROR] Re-run Maven using the -X switch to enable full debug logging.
[ERROR] 
[ERROR] For more information about the errors and possible solutions, please read the following articles:
[ERROR] [Help 1] http://cwiki.apache.org/confluence/display/MAVEN/MojoFailureException


[96m[Verifier] Verifying reproduction...[0m
[91m[Verifier] âœ— Behavior not found: 'java.lang.AssertionError'[0m
[91m[Executor] Reproduction result: Failure[0m
[96m[Adapter] Attempting adaptation from base version 3.2.0.RELEASE to 3.2.1.RELEASE...[0m
[96m[Adapter] Start adapting exploit from 3.2.0.RELEASE to 3.2.1.RELEASE"[0m
[96m[Executor] Executing exploit for CVE-2014-3625 on version 3.2.1.RELEASE...[0m
[INFO] Scanning for projects...
[WARNING] 
[WARNING] Some problems were encountered while building the effective model for edu.vision.se:CVE-2014-3625:jar:1.0-SNAPSHOT
[WARNING] 'dependencies.dependency.(groupId:artifactId:type:classifier)' must be unique: junit:junit:jar -> duplicate declaration of version 4.13.2 @ line 39, column 121
[WARNING] 'dependencies.dependency.(groupId:artifactId:type:classifier)' must be unique: junit:junit:jar -> duplicate declaration of version 4.13.2 @ line 39, column 225
[WARNING] 
[WARNING] It is highly recommended to fix these problems because they threaten the stability of your build.
[WARNING] 
[WARNING] For this reason, future Maven versions might no longer support building such malformed projects.
[WARNING] 
[INFO] 
[INFO] --------------------< edu.vision.se:CVE-2014-3625 >---------------------
[INFO] Building CVE-2014-3625 1.0-SNAPSHOT
[INFO]   from pom.xml
[INFO] --------------------------------[ jar ]---------------------------------
[INFO] 
[INFO] --- maven-clean-plugin:2.5:clean (default-clean) @ CVE-2014-3625 ---
[INFO] Deleting /PoCAdaptation/exploit/result/CVE-2014-3625/3.2.1.RELEASE/exploit/target
[INFO] 
[INFO] --- maven-resources-plugin:2.6:resources (default-resources) @ CVE-2014-3625 ---
[WARNING] Using platform encoding (UTF-8 actually) to copy filtered resources, i.e. build is platform dependent!
[INFO] skip non existing resourceDirectory /PoCAdaptation/exploit/result/CVE-2014-3625/3.2.1.RELEASE/exploit/src/main/resources
[INFO] 
[INFO] --- maven-compiler-plugin:3.1:compile (default-compile) @ CVE-2014-3625 ---
[INFO] No sources to compile
[INFO] 
[INFO] --- maven-resources-plugin:2.6:testResources (default-testResources) @ CVE-2014-3625 ---
[WARNING] Using platform encoding (UTF-8 actually) to copy filtered resources, i.e. build is platform dependent!
[INFO] Copying 13 resources
[INFO] 
[INFO] --- maven-compiler-plugin:3.1:testCompile (default-testCompile) @ CVE-2014-3625 ---
[INFO] Changes detected - recompiling the module!
[WARNING] File encoding has not been set, using platform encoding UTF-8, i.e. build is platform dependent!
[INFO] Compiling 1 source file to /PoCAdaptation/exploit/result/CVE-2014-3625/3.2.1.RELEASE/exploit/target/test-classes
[INFO] -------------------------------------------------------------
[ERROR] COMPILATION ERROR : 
[INFO] -------------------------------------------------------------
[ERROR] /PoCAdaptation/exploit/result/CVE-2014-3625/3.2.1.RELEASE/exploit/src/test/java/edu/vision/se/Testcase1.java:[30,16] cannot access org.springframework.web.HttpRequestHandler
  class file for org.springframework.web.HttpRequestHandler not found
[ERROR] /PoCAdaptation/exploit/result/CVE-2014-3625/3.2.1.RELEASE/exploit/src/test/java/edu/vision/se/Testcase1.java:[31,16] cannot access org.springframework.web.context.support.WebApplicationObjectSupport
  class file for org.springframework.web.context.support.WebApplicationObjectSupport not found
[ERROR] /PoCAdaptation/exploit/result/CVE-2014-3625/3.2.1.RELEASE/exploit/src/test/java/edu/vision/se/Testcase1.java:[32,16] cannot find symbol
  symbol:   method setServletContext(edu.vision.se.Testcase1.TestServletContext)
  location: variable handler of type org.springframework.web.servlet.resource.ResourceHttpRequestHandler
[INFO] 3 errors 
[INFO] -------------------------------------------------------------
[INFO] ------------------------------------------------------------------------
[INFO] BUILD FAILURE
[INFO] ------------------------------------------------------------------------
[INFO] Total time:  0.975 s
[INFO] Finished at: 2025-07-14T07:54:01Z
[INFO] ------------------------------------------------------------------------
[ERROR] Failed to execute goal org.apache.maven.plugins:maven-compiler-plugin:3.1:testCompile (default-testCompile) on project CVE-2014-3625: Compilation failure: Compilation failure: 
[ERROR] /PoCAdaptation/exploit/result/CVE-2014-3625/3.2.1.RELEASE/exploit/src/test/java/edu/vision/se/Testcase1.java:[30,16] cannot access org.springframework.web.HttpRequestHandler
[ERROR]   class file for org.springframework.web.HttpRequestHandler not found
[ERROR] /PoCAdaptation/exploit/result/CVE-2014-3625/3.2.1.RELEASE/exploit/src/test/java/edu/vision/se/Testcase1.java:[31,16] cannot access org.springframework.web.context.support.WebApplicationObjectSupport
[ERROR]   class file for org.springframework.web.context.support.WebApplicationObjectSupport not found
[ERROR] /PoCAdaptation/exploit/result/CVE-2014-3625/3.2.1.RELEASE/exploit/src/test/java/edu/vision/se/Testcase1.java:[32,16] cannot find symbol
[ERROR]   symbol:   method setServletContext(edu.vision.se.Testcase1.TestServletContext)
[ERROR]   location: variable handler of type org.springframework.web.servlet.resource.ResourceHttpRequestHandler
[ERROR] -> [Help 1]
[ERROR] 
[ERROR] To see the full stack trace of the errors, re-run Maven with the -e switch.
[ERROR] Re-run Maven using the -X switch to enable full debug logging.
[ERROR] 
[ERROR] For more information about the errors and possible solutions, please read the following articles:
[ERROR] [Help 1] http://cwiki.apache.org/confluence/display/MAVEN/MojoFailureException


[96m[Verifier] Verifying reproduction...[0m
[91m[Verifier] âœ— Behavior not found: 'java.lang.AssertionError'[0m
[91m[Executor] Reproduction result: Failure[0m
[96m[ErrorManager] Ignoring line: [ERROR] Failed to execute goal org.apache.maven.plugins:maven-compiler-plugin:3.1:testCompile (default-testCompile) on project CVE-2014-3625: Compilation failure: Compilation failure:[0m
[92m[ErrorManager] Processing line: [ERROR] /PoCAdaptation/exploit/result/CVE-2014-3625/3.2.1.RELEASE/exploit/src/test/java/edu/vision/se/Testcase1.java:[30,16] cannot access org.springframework.web.HttpRequestHandler[0m
[92m[ErrorManager] Processing line: [ERROR]   class file for org.springframework.web.HttpRequestHandler not found[0m
[92m[ErrorManager] Processing line: [ERROR] /PoCAdaptation/exploit/result/CVE-2014-3625/3.2.1.RELEASE/exploit/src/test/java/edu/vision/se/Testcase1.java:[31,16] cannot access org.springframework.web.context.support.WebApplicationObjectSupport[0m
[92m[ErrorManager] Processing line: [ERROR]   class file for org.springframework.web.context.support.WebApplicationObjectSupport not found[0m
[92m[ErrorManager] Processing line: [ERROR] /PoCAdaptation/exploit/result/CVE-2014-3625/3.2.1.RELEASE/exploit/src/test/java/edu/vision/se/Testcase1.java:[32,16] cannot find symbol[0m
[92m[ErrorManager] Processing line: [ERROR]   symbol:   method setServletContext(edu.vision.se.Testcase1.TestServletContext)[0m
[92m[ErrorManager] Processing line: [ERROR]   location: variable handler of type org.springframework.web.servlet.resource.ResourceHttpRequestHandler[0m
[96m[ErrorManager] Ignoring line: [ERROR] -> [Help 1][0m
[96m[ErrorManager] Ignoring line: [ERROR][0m
[96m[ErrorManager] Ignoring line: [ERROR] To see the full stack trace of the errors, re-run Maven with the -e switch.[0m
[96m[ErrorManager] Ignoring line: [ERROR] Re-run Maven using the -X switch to enable full debug logging.[0m
[96m[ErrorManager] Ignoring line: [ERROR][0m
[96m[ErrorManager] Ignoring line: [ERROR] For more information about the errors and possible solutions, please read the following articles:[0m
[96m[ErrorManager] Ignoring line: [ERROR] [Help 1] http://cwiki.apache.org/confluence/display/MAVEN/MojoFailureException[0m
[96m[Adapter] Locating fix position in error log.[0m
---------
[LLMClient] Asking: You are given a Java error log when executing 'mvn test' in a project with dependency version 3.2.1.RELEASE:org.springframework:spring-webmvc.
This test file compiles and runs successfully with version 3.2.0.RELEASE.

Your task is to:
output the location in the project that should be modified to fix the problem **without updating this library**.

Please return 'pom' if the fix is in the pom.xml file, or 'test' if the fix is in the test code.
Do not return any other text, just 'pom' or 'test'.

The error log is:
[INFO] Scanning for projects...
[WARNING] 
[WARNING] Some problems were encountered while building the effective model for edu.vision.se:CVE-2014-3625:jar:1.0-SNAPSHOT
[WARNING] 'dependencies.dependency.(groupId:artifactId:type:classifier)' must be unique: junit:junit:jar -> duplicate declaration of version 4.13.2 @ line 39, column 121
[WARNING] 'dependencies.dependency.(groupId:artifactId:type:classifier)' must be unique: junit:junit:jar -> duplicate declaration of version 4.13.2 @ line 39, column 225
[WARNING] 
[WARNING] It is highly recommended to fix these problems because they threaten the stability of your build.
[WARNING] 
[WARNING] For this reason, future Maven versions might no longer support building such malformed projects.
[WARNING] 
[INFO] 
[INFO] --------------------< edu.vision.se:CVE-2014-3625 >---------------------
[INFO] Building CVE-2014-3625 1.0-SNAPSHOT
[INFO]   from pom.xml
[INFO] --------------------------------[ jar ]---------------------------------
[INFO] 
[INFO] --- maven-clean-plugin:2.5:clean (default-clean) @ CVE-2014-3625 ---
[INFO] Deleting /PoCAdaptation/exploit/result/CVE-2014-3625/3.2.1.RELEASE/exploit/target
[INFO] 
[INFO] --- maven-resources-plugin:2.6:resources (default-resources) @ CVE-2014-3625 ---
[WARNING] Using platform encoding (UTF-8 actually) to copy filtered resources, i.e. build is platform dependent!
[INFO] skip non existing resourceDirectory /PoCAdaptation/exploit/result/CVE-2014-3625/3.2.1.RELEASE/exploit/src/main/resources
[INFO] 
[INFO] --- maven-compiler-plugin:3.1:compile (default-compile) @ CVE-2014-3625 ---
[INFO] No sources to compile
[INFO] 
[INFO] --- maven-resources-plugin:2.6:testResources (default-testResources) @ CVE-2014-3625 ---
[WARNING] Using platform encoding (UTF-8 actually) to copy filtered resources, i.e. build is platform dependent!
[INFO] Copying 13 resources
[INFO] 
[INFO] --- maven-compiler-plugin:3.1:testCompile (default-testCompile) @ CVE-2014-3625 ---
[INFO] Changes detected - recompiling the module!
[WARNING] File encoding has not been set, using platform encoding UTF-8, i.e. build is platform dependent!
[INFO] Compiling 1 source file to /PoCAdaptation/exploit/result/CVE-2014-3625/3.2.1.RELEASE/exploit/target/test-classes
[INFO] -------------------------------------------------------------
[ERROR] COMPILATION ERROR : 
[INFO] -------------------------------------------------------------
[ERROR] /PoCAdaptation/exploit/result/CVE-2014-3625/3.2.1.RELEASE/exploit/src/test/java/edu/vision/se/Testcase1.java:[30,16] cannot access org.springframework.web.HttpRequestHandler
  class file for org.springframework.web.HttpRequestHandler not found
[ERROR] /PoCAdaptation/exploit/result/CVE-2014-3625/3.2.1.RELEASE/exploit/src/test/java/edu/vision/se/Testcase1.java:[31,16] cannot access org.springframework.web.context.support.WebApplicationObjectSupport
  class file for org.springframework.web.context.support.WebApplicationObjectSupport not found
[ERROR] /PoCAdaptation/exploit/result/CVE-2014-3625/3.2.1.RELEASE/exploit/src/test/java/edu/vision/se/Testcase1.java:[32,16] cannot find symbol
  symbol:   method setServletContext(edu.vision.se.Testcase1.TestServletContext)
  location: variable handler of type org.springframework.web.servlet.resource.ResourceHttpRequestHandler
[INFO] 3 errors 
[INFO] -------------------------------------------------------------
[INFO] ------------------------------------------------------------------------
[INFO] BUILD FAILURE
[INFO] ------------------------------------------------------------------------
[INFO] Total time:  0.975 s
[INFO] Finished at: 2025-07-14T07:54:01Z
[INFO] ------------------------------------------------------------------------
[ERROR] Failed to execute goal org.apache.maven.plugins:maven-compiler-plugin:3.1:testCompile (default-testCompile) on project CVE-2014-3625: Compilation failure: Compilation failure: 
[ERROR] /PoCAdaptation/exploit/result/CVE-2014-3625/3.2.1.RELEASE/exploit/src/test/java/edu/vision/se/Testcase1.java:[30,16] cannot access org.springframework.web.HttpRequestHandler
[ERROR]   class file for org.springframework.web.HttpRequestHandler not found
[ERROR] /PoCAdaptation/exploit/result/CVE-2014-3625/3.2.1.RELEASE/exploit/src/test/java/edu/vision/se/Testcase1.java:[31,16] cannot access org.springframework.web.context.support.WebApplicationObjectSupport
[ERROR]   class file for org.springframework.web.context.support.WebApplicationObjectSupport not found
[ERROR] /PoCAdaptation/exploit/result/CVE-2014-3625/3.2.1.RELEASE/exploit/src/test/java/edu/vision/se/Testcase1.java:[32,16] cannot find symbol
[ERROR]   symbol:   method setServletContext(edu.vision.se.Testcase1.TestServletContext)
[ERROR]   location: variable handler of type org.springframework.web.servlet.resource.ResourceHttpRequestHandler
[ERROR] -> [Help 1]
[ERROR] 
[ERROR] To see the full stack trace of the errors, re-run Maven with the -e switch.
[ERROR] Re-run Maven using the -X switch to enable full debug logging.
[ERROR] 
[ERROR] For more information about the errors and possible solutions, please read the following articles:
[ERROR] [Help 1] http://cwiki.apache.org/confluence/display/MAVEN/MojoFailureException


current_pom file is:<?xml version='1.0' encoding='utf-8'?>
<project xmlns="http://maven.apache.org/POM/4.0.0" xmlns:xsi="http://www.w3.org/2001/XMLSchema-instance" xsi:schemaLocation="http://maven.apache.org/POM/4.0.0 http://maven.apache.org/xsd/maven-4.0.0.xsd">
    <modelVersion>4.0.0</modelVersion>
    <groupId>edu.vision.se</groupId>
    <artifactId>CVE-2014-3625</artifactId>
    <version>1.0-SNAPSHOT</version>

    <properties>
        <maven.compiler.source>11</maven.compiler.source>
        <maven.compiler.target>11</maven.compiler.target>
    </properties>

    <dependencies>
        
        <dependency>
            <groupId>org.springframework</groupId>
            <artifactId>spring-webmvc</artifactId>
            <version>3.2.1.RELEASE</version>
        </dependency>

        <dependency>
            <groupId>org.springframework</groupId>
            <artifactId>spring-test</artifactId>
            <version>3.2.11.RELEASE</version>
        </dependency>

        
        <dependency>
            <groupId>javax.servlet</groupId>
            <artifactId>javax.servlet-api</artifactId>
            <version>4.0.1</version>
        </dependency>

        <dependency>
            <groupId>javax.activation</groupId>
            <artifactId>activation</artifactId>
            <version>1.1</version>
        </dependency>
    <dependency><groupId>junit</groupId><artifactId>junit</artifactId><version>4.13.2</version></dependency><dependency><groupId>junit</groupId><artifactId>junit</artifactId><version>4.13.2</version></dependency><dependency><groupId>junit</groupId><artifactId>junit</artifactId><version>4.13.2</version></dependency></dependencies>

</project>
---------
---------
[LLMClient] Response: test
---------
[96m[Adapter] LLM response for fix position: test[0m
[96m[Adapter] Fix position is in test code.[0m
---------
[LLMClient] Asking: You are given an error when executing exploit in in 3.2.1.RELEASE:org.springframework:spring-webmvc
This exploit file compiles and reproduced successfully in 3.2.0.RELEASE with an assertion error.

Your task is fix the error.

Only output the modified version of the test file. No explanations. 
### Compilation Errors:
[INFO] Scanning for projects...
[WARNING] 
[WARNING] Some problems were encountered while building the effective model for edu.vision.se:CVE-2014-3625:jar:1.0-SNAPSHOT
[WARNING] 'dependencies.dependency.(groupId:artifactId:type:classifier)' must be unique: junit:junit:jar -> duplicate declaration of version 4.13.2 @ line 39, column 121
[WARNING] 'dependencies.dependency.(groupId:artifactId:type:classifier)' must be unique: junit:junit:jar -> duplicate declaration of version 4.13.2 @ line 39, column 225
[WARNING] 
[WARNING] It is highly recommended to fix these problems because they threaten the stability of your build.
[WARNING] 
[WARNING] For this reason, future Maven versions might no longer support building such malformed projects.
[WARNING] 
[INFO] 
[INFO] --------------------< edu.vision.se:CVE-2014-3625 >---------------------
[INFO] Building CVE-2014-3625 1.0-SNAPSHOT
[INFO]   from pom.xml
[INFO] --------------------------------[ jar ]---------------------------------
[INFO] 
[INFO] --- maven-clean-plugin:2.5:clean (default-clean) @ CVE-2014-3625 ---
[INFO] Deleting /PoCAdaptation/exploit/result/CVE-2014-3625/3.2.1.RELEASE/exploit/target
[INFO] 
[INFO] --- maven-resources-plugin:2.6:resources (default-resources) @ CVE-2014-3625 ---
[WARNING] Using platform encoding (UTF-8 actually) to copy filtered resources, i.e. build is platform dependent!
[INFO] skip non existing resourceDirectory /PoCAdaptation/exploit/result/CVE-2014-3625/3.2.1.RELEASE/exploit/src/main/resources
[INFO] 
[INFO] --- maven-compiler-plugin:3.1:compile (default-compile) @ CVE-2014-3625 ---
[INFO] No sources to compile
[INFO] 
[INFO] --- maven-resources-plugin:2.6:testResources (default-testResources) @ CVE-2014-3625 ---
[WARNING] Using platform encoding (UTF-8 actually) to copy filtered resources, i.e. build is platform dependent!
[INFO] Copying 13 resources
[INFO] 
[INFO] --- maven-compiler-plugin:3.1:testCompile (default-testCompile) @ CVE-2014-3625 ---
[INFO] Changes detected - recompiling the module!
[WARNING] File encoding has not been set, using platform encoding UTF-8, i.e. build is platform dependent!
[INFO] Compiling 1 source file to /PoCAdaptation/exploit/result/CVE-2014-3625/3.2.1.RELEASE/exploit/target/test-classes
[INFO] -------------------------------------------------------------
[ERROR] COMPILATION ERROR : 
[INFO] -------------------------------------------------------------
[ERROR] /PoCAdaptation/exploit/result/CVE-2014-3625/3.2.1.RELEASE/exploit/src/test/java/edu/vision/se/Testcase1.java:[30,16] cannot access org.springframework.web.HttpRequestHandler
  class file for org.springframework.web.HttpRequestHandler not found
[ERROR] /PoCAdaptation/exploit/result/CVE-2014-3625/3.2.1.RELEASE/exploit/src/test/java/edu/vision/se/Testcase1.java:[31,16] cannot access org.springframework.web.context.support.WebApplicationObjectSupport
  class file for org.springframework.web.context.support.WebApplicationObjectSupport not found
[ERROR] /PoCAdaptation/exploit/result/CVE-2014-3625/3.2.1.RELEASE/exploit/src/test/java/edu/vision/se/Testcase1.java:[32,16] cannot find symbol
  symbol:   method setServletContext(edu.vision.se.Testcase1.TestServletContext)
  location: variable handler of type org.springframework.web.servlet.resource.ResourceHttpRequestHandler
[INFO] 3 errors 
[INFO] -------------------------------------------------------------
[INFO] ------------------------------------------------------------------------
[INFO] BUILD FAILURE
[INFO] ------------------------------------------------------------------------
[INFO] Total time:  0.975 s
[INFO] Finished at: 2025-07-14T07:54:01Z
[INFO] ------------------------------------------------------------------------
[ERROR] Failed to execute goal org.apache.maven.plugins:maven-compiler-plugin:3.1:testCompile (default-testCompile) on project CVE-2014-3625: Compilation failure: Compilation failure: 
[ERROR] /PoCAdaptation/exploit/result/CVE-2014-3625/3.2.1.RELEASE/exploit/src/test/java/edu/vision/se/Testcase1.java:[30,16] cannot access org.springframework.web.HttpRequestHandler
[ERROR]   class file for org.springframework.web.HttpRequestHandler not found
[ERROR] /PoCAdaptation/exploit/result/CVE-2014-3625/3.2.1.RELEASE/exploit/src/test/java/edu/vision/se/Testcase1.java:[31,16] cannot access org.springframework.web.context.support.WebApplicationObjectSupport
[ERROR]   class file for org.springframework.web.context.support.WebApplicationObjectSupport not found
[ERROR] /PoCAdaptation/exploit/result/CVE-2014-3625/3.2.1.RELEASE/exploit/src/test/java/edu/vision/se/Testcase1.java:[32,16] cannot find symbol
[ERROR]   symbol:   method setServletContext(edu.vision.se.Testcase1.TestServletContext)
[ERROR]   location: variable handler of type org.springframework.web.servlet.resource.ResourceHttpRequestHandler
[ERROR] -> [Help 1]
[ERROR] 
[ERROR] To see the full stack trace of the errors, re-run Maven with the -e switch.
[ERROR] Re-run Maven using the -X switch to enable full debug logging.
[ERROR] 
[ERROR] For more information about the errors and possible solutions, please read the following articles:
[ERROR] [Help 1] http://cwiki.apache.org/confluence/display/MAVEN/MojoFailureException

### Test File Content:
package edu.vision.se;

import static org.junit.Assert.assertEquals;
import static org.junit.Assert.assertTrue;

import java.util.ArrayList;
import java.util.Arrays;
import java.util.List;

import org.junit.Before;
import org.junit.Test;
import org.springframework.core.io.ClassPathResource;
import org.springframework.core.io.Resource;
import org.springframework.core.io.UrlResource;
import org.springframework.mock.web.MockHttpServletRequest;
import org.springframework.mock.web.MockHttpServletResponse;
import org.springframework.mock.web.MockServletContext;
import org.springframework.web.servlet.HandlerMapping;
import org.springframework.web.servlet.resource.ResourceHttpRequestHandler;

public class Testcase1 {
    private ResourceHttpRequestHandler handler;

    @Before
    public void setUp() {
        List<Resource> resourcePaths = new ArrayList<Resource>();
        resourcePaths.add(new ClassPathResource("test/", getClass()));
        resourcePaths.add(new ClassPathResource("testalternatepath/", getClass()));
        handler = new ResourceHttpRequestHandler();
        handler.setLocations(resourcePaths);
        handler.setCacheSeconds(3600);
        handler.setServletContext(new TestServletContext());
    }

    @Test
    public void invalidPath() throws Exception {
        MockHttpServletRequest request = new MockHttpServletRequest();
        request.setMethod("GET");

        MockHttpServletResponse response = new MockHttpServletResponse();

        Resource location = new ClassPathResource("test/", getClass());
        this.handler.setLocations(Arrays.asList(location));

        testInvalidPath(location, "../testsecret/secret.txt", request, response);
        testInvalidPath(location, "test/../../testsecret/secret.txt", request, response);
        testInvalidPath(location, ":/../../testsecret/secret.txt", request, response);

        location = new UrlResource(getClass().getResource("./test/"));
        this.handler.setLocations(Arrays.asList(location));
        Resource secretResource = new UrlResource(getClass().getResource("testsecret/secret.txt"));
        String secretPath = secretResource.getURL().getPath();

        testInvalidPath(location, "file:" + secretPath, request, response);
        testInvalidPath(location, "/file:" + secretPath, request, response);
        testInvalidPath(location, "url:" + secretPath, request, response);
        testInvalidPath(location, "/url:" + secretPath, request, response);
        testInvalidPath(location, "/" + secretPath, request, response);
        testInvalidPath(location, "////../.." + secretPath, request, response);
        testInvalidPath(location, "/%2E%2E/testsecret/secret.txt", request, response);
        testInvalidPath(location, "/%2e%2e/testsecret/secret.txt", request, response);
        testInvalidPath(location, " " + secretPath, request, response);
        testInvalidPath(location, "/  " + secretPath, request, response);
        testInvalidPath(location, "url:" + secretPath, request, response);
    }

    private void testInvalidPath(Resource location, String requestPath,
            MockHttpServletRequest request, MockHttpServletResponse response) throws Exception {

        request.setAttribute(HandlerMapping.PATH_WITHIN_HANDLER_MAPPING_ATTRIBUTE, requestPath);
        response = new MockHttpServletResponse();
        this.handler.handleRequest(request, response);
        assertTrue(location.createRelative(requestPath).exists());
        assertEquals(404, response.getStatus());
    }

    private static class TestServletContext extends MockServletContext {
        @Override
        public String getMimeType(String filePath) {
            if (filePath.endsWith(".css")) {
                return "text/css";
            } else if (filePath.endsWith(".js")) {
                return "text/javascript";
            } else {
                return super.getMimeType(filePath);
            }
        }
    }
}


---------
---------
[LLMClient] Response: ```java
package edu.vision.se;

import static org.junit.Assert.assertEquals;
import static org.junit.Assert.assertTrue;

import java.util.ArrayList;
import java.util.Arrays;
import java.util.List;

import org.junit.Before;
import org.junit.Test;
import org.springframework.core.io.ClassPathResource;
import org.springframework.core.io.Resource;
import org.springframework.core.io.UrlResource;
import org.springframework.mock.web.MockHttpServletRequest;
import org.springframework.mock.web.MockHttpServletResponse;
import org.springframework.mock.web.MockServletContext;
import org.springframework.web.servlet.HandlerMapping;
import org.springframework.web.servlet.resource.ResourceHttpRequestHandler;

public class Testcase1 {
    private ResourceHttpRequestHandler handler;

    @Before
    public void setUp() {
        List<Resource> resourcePaths = new ArrayList<Resource>();
        resourcePaths.add(new ClassPathResource("test/", getClass()));
        resourcePaths.add(new ClassPathResource("testalternatepath/", getClass()));
        handler = new ResourceHttpRequestHandler();
        handler.setLocations(resourcePaths);
        handler.setCacheSeconds(3600);
        handler.setServletContext(new MockServletContext());
    }

    @Test
    public void invalidPath() throws Exception {
        MockHttpServletRequest request = new MockHttpServletRequest();
        request.setMethod("GET");

        MockHttpServletResponse response = new MockHttpServletResponse();

        Resource location = new ClassPathResource("test/", getClass());
        this.handler.setLocations(Arrays.asList(location));

        testInvalidPath(location, "../testsecret/secret.txt", request, response);
        testInvalidPath(location, "test/../../testsecret/secret.txt", request, response);
        testInvalidPath(location, ":/../../testsecret/secret.txt", request, response);

        location = new UrlResource(getClass().getResource("./test/"));
        this.handler.setLocations(Arrays.asList(location));
        Resource secretResource = new UrlResource(getClass().getResource("testsecret/secret.txt"));
        String secretPath = secretResource.getURL().getPath();

        testInvalidPath(location, "file:" + secretPath, request, response);
        testInvalidPath(location, "/file:" + secretPath, request, response);
        testInvalidPath(location, "url:" + secretPath, request, response);
        testInvalidPath(location, "/url:" + secretPath, request, response);
        testInvalidPath(location, "/" + secretPath, request, response);
        testInvalidPath(location, "////../.." + secretPath, request, response);
        testInvalidPath(location, "/%2E%2E/testsecret/secret.txt", request, response);
        testInvalidPath(location, "/%2e%2e/testsecret/secret.txt", request, response);
        testInvalidPath(location, " " + secretPath, request, response);
        testInvalidPath(location, "/  " + secretPath, request, response);
        testInvalidPath(location, "url:" + secretPath, request, response);
    }

    private void testInvalidPath(Resource location, String requestPath,
            MockHttpServletRequest request, MockHttpServletResponse response) throws Exception {

        request.setAttribute(HandlerMapping.PATH_WITHIN_HANDLER_MAPPING_ATTRIBUTE, requestPath);
        response = new MockHttpServletResponse();
        this.handler.handleRequest(request, response);
        assertTrue(location.createRelative(requestPath).exists());
        assertEquals(404, response.getStatus());
    }
}
```
---------
[96m[RepairModule] Wrote modified code to /PoCAdaptation/exploit/result/CVE-2014-3625/3.2.1.RELEASE/exploit/src/test/java/edu/vision/se/Testcase1.java[0m
[96m[Executor] Executing exploit for CVE-2014-3625 on version 3.2.1.RELEASE...[0m
[INFO] Scanning for projects...
[WARNING] 
[WARNING] Some problems were encountered while building the effective model for edu.vision.se:CVE-2014-3625:jar:1.0-SNAPSHOT
[WARNING] 'dependencies.dependency.(groupId:artifactId:type:classifier)' must be unique: junit:junit:jar -> duplicate declaration of version 4.13.2 @ line 39, column 121
[WARNING] 'dependencies.dependency.(groupId:artifactId:type:classifier)' must be unique: junit:junit:jar -> duplicate declaration of version 4.13.2 @ line 39, column 225
[WARNING] 
[WARNING] It is highly recommended to fix these problems because they threaten the stability of your build.
[WARNING] 
[WARNING] For this reason, future Maven versions might no longer support building such malformed projects.
[WARNING] 
[INFO] 
[INFO] --------------------< edu.vision.se:CVE-2014-3625 >---------------------
[INFO] Building CVE-2014-3625 1.0-SNAPSHOT
[INFO]   from pom.xml
[INFO] --------------------------------[ jar ]---------------------------------
[INFO] 
[INFO] --- maven-clean-plugin:2.5:clean (default-clean) @ CVE-2014-3625 ---
[INFO] Deleting /PoCAdaptation/exploit/result/CVE-2014-3625/3.2.1.RELEASE/exploit/target
[INFO] 
[INFO] --- maven-resources-plugin:2.6:resources (default-resources) @ CVE-2014-3625 ---
[WARNING] Using platform encoding (UTF-8 actually) to copy filtered resources, i.e. build is platform dependent!
[INFO] skip non existing resourceDirectory /PoCAdaptation/exploit/result/CVE-2014-3625/3.2.1.RELEASE/exploit/src/main/resources
[INFO] 
[INFO] --- maven-compiler-plugin:3.1:compile (default-compile) @ CVE-2014-3625 ---
[INFO] No sources to compile
[INFO] 
[INFO] --- maven-resources-plugin:2.6:testResources (default-testResources) @ CVE-2014-3625 ---
[WARNING] Using platform encoding (UTF-8 actually) to copy filtered resources, i.e. build is platform dependent!
[INFO] Copying 13 resources
[INFO] 
[INFO] --- maven-compiler-plugin:3.1:testCompile (default-testCompile) @ CVE-2014-3625 ---
[INFO] Changes detected - recompiling the module!
[WARNING] File encoding has not been set, using platform encoding UTF-8, i.e. build is platform dependent!
[INFO] Compiling 1 source file to /PoCAdaptation/exploit/result/CVE-2014-3625/3.2.1.RELEASE/exploit/target/test-classes
[INFO] -------------------------------------------------------------
[ERROR] COMPILATION ERROR : 
[INFO] -------------------------------------------------------------
[ERROR] /PoCAdaptation/exploit/result/CVE-2014-3625/3.2.1.RELEASE/exploit/src/test/java/edu/vision/se/Testcase1.java:[30,16] cannot access org.springframework.web.HttpRequestHandler
  class file for org.springframework.web.HttpRequestHandler not found
[ERROR] /PoCAdaptation/exploit/result/CVE-2014-3625/3.2.1.RELEASE/exploit/src/test/java/edu/vision/se/Testcase1.java:[31,16] cannot access org.springframework.web.context.support.WebApplicationObjectSupport
  class file for org.springframework.web.context.support.WebApplicationObjectSupport not found
[ERROR] /PoCAdaptation/exploit/result/CVE-2014-3625/3.2.1.RELEASE/exploit/src/test/java/edu/vision/se/Testcase1.java:[32,16] cannot find symbol
  symbol:   method setServletContext(org.springframework.mock.web.MockServletContext)
  location: variable handler of type org.springframework.web.servlet.resource.ResourceHttpRequestHandler
[INFO] 3 errors 
[INFO] -------------------------------------------------------------
[INFO] ------------------------------------------------------------------------
[INFO] BUILD FAILURE
[INFO] ------------------------------------------------------------------------
[INFO] Total time:  0.911 s
[INFO] Finished at: 2025-07-14T07:54:31Z
[INFO] ------------------------------------------------------------------------
[ERROR] Failed to execute goal org.apache.maven.plugins:maven-compiler-plugin:3.1:testCompile (default-testCompile) on project CVE-2014-3625: Compilation failure: Compilation failure: 
[ERROR] /PoCAdaptation/exploit/result/CVE-2014-3625/3.2.1.RELEASE/exploit/src/test/java/edu/vision/se/Testcase1.java:[30,16] cannot access org.springframework.web.HttpRequestHandler
[ERROR]   class file for org.springframework.web.HttpRequestHandler not found
[ERROR] /PoCAdaptation/exploit/result/CVE-2014-3625/3.2.1.RELEASE/exploit/src/test/java/edu/vision/se/Testcase1.java:[31,16] cannot access org.springframework.web.context.support.WebApplicationObjectSupport
[ERROR]   class file for org.springframework.web.context.support.WebApplicationObjectSupport not found
[ERROR] /PoCAdaptation/exploit/result/CVE-2014-3625/3.2.1.RELEASE/exploit/src/test/java/edu/vision/se/Testcase1.java:[32,16] cannot find symbol
[ERROR]   symbol:   method setServletContext(org.springframework.mock.web.MockServletContext)
[ERROR]   location: variable handler of type org.springframework.web.servlet.resource.ResourceHttpRequestHandler
[ERROR] -> [Help 1]
[ERROR] 
[ERROR] To see the full stack trace of the errors, re-run Maven with the -e switch.
[ERROR] Re-run Maven using the -X switch to enable full debug logging.
[ERROR] 
[ERROR] For more information about the errors and possible solutions, please read the following articles:
[ERROR] [Help 1] http://cwiki.apache.org/confluence/display/MAVEN/MojoFailureException


[96m[Verifier] Verifying reproduction...[0m
[91m[Verifier] âœ— Behavior not found: 'java.lang.AssertionError'[0m
[91m[Executor] Reproduction result: Failure[0m
[91m[RepairModule] Repair failed after simulated annealing.[0m
[96m[Adapter] Test code repair attempted.[0m
[96m[Executor] Executing exploit for CVE-2014-3625 on version 3.2.1.RELEASE...[0m
[INFO] Scanning for projects...
[WARNING] 
[WARNING] Some problems were encountered while building the effective model for edu.vision.se:CVE-2014-3625:jar:1.0-SNAPSHOT
[WARNING] 'dependencies.dependency.(groupId:artifactId:type:classifier)' must be unique: junit:junit:jar -> duplicate declaration of version 4.13.2 @ line 39, column 121
[WARNING] 'dependencies.dependency.(groupId:artifactId:type:classifier)' must be unique: junit:junit:jar -> duplicate declaration of version 4.13.2 @ line 39, column 225
[WARNING] 
[WARNING] It is highly recommended to fix these problems because they threaten the stability of your build.
[WARNING] 
[WARNING] For this reason, future Maven versions might no longer support building such malformed projects.
[WARNING] 
[INFO] 
[INFO] --------------------< edu.vision.se:CVE-2014-3625 >---------------------
[INFO] Building CVE-2014-3625 1.0-SNAPSHOT
[INFO]   from pom.xml
[INFO] --------------------------------[ jar ]---------------------------------
[INFO] 
[INFO] --- maven-clean-plugin:2.5:clean (default-clean) @ CVE-2014-3625 ---
[INFO] Deleting /PoCAdaptation/exploit/result/CVE-2014-3625/3.2.1.RELEASE/exploit/target
[INFO] 
[INFO] --- maven-resources-plugin:2.6:resources (default-resources) @ CVE-2014-3625 ---
[WARNING] Using platform encoding (UTF-8 actually) to copy filtered resources, i.e. build is platform dependent!
[INFO] skip non existing resourceDirectory /PoCAdaptation/exploit/result/CVE-2014-3625/3.2.1.RELEASE/exploit/src/main/resources
[INFO] 
[INFO] --- maven-compiler-plugin:3.1:compile (default-compile) @ CVE-2014-3625 ---
[INFO] No sources to compile
[INFO] 
[INFO] --- maven-resources-plugin:2.6:testResources (default-testResources) @ CVE-2014-3625 ---
[WARNING] Using platform encoding (UTF-8 actually) to copy filtered resources, i.e. build is platform dependent!
[INFO] Copying 13 resources
[INFO] 
[INFO] --- maven-compiler-plugin:3.1:testCompile (default-testCompile) @ CVE-2014-3625 ---
[INFO] Changes detected - recompiling the module!
[WARNING] File encoding has not been set, using platform encoding UTF-8, i.e. build is platform dependent!
[INFO] Compiling 1 source file to /PoCAdaptation/exploit/result/CVE-2014-3625/3.2.1.RELEASE/exploit/target/test-classes
[INFO] -------------------------------------------------------------
[ERROR] COMPILATION ERROR : 
[INFO] -------------------------------------------------------------
[ERROR] /PoCAdaptation/exploit/result/CVE-2014-3625/3.2.1.RELEASE/exploit/src/test/java/edu/vision/se/Testcase1.java:[30,16] cannot access org.springframework.web.HttpRequestHandler
  class file for org.springframework.web.HttpRequestHandler not found
[ERROR] /PoCAdaptation/exploit/result/CVE-2014-3625/3.2.1.RELEASE/exploit/src/test/java/edu/vision/se/Testcase1.java:[31,16] cannot access org.springframework.web.context.support.WebApplicationObjectSupport
  class file for org.springframework.web.context.support.WebApplicationObjectSupport not found
[ERROR] /PoCAdaptation/exploit/result/CVE-2014-3625/3.2.1.RELEASE/exploit/src/test/java/edu/vision/se/Testcase1.java:[32,16] cannot find symbol
  symbol:   method setServletContext(edu.vision.se.Testcase1.TestServletContext)
  location: variable handler of type org.springframework.web.servlet.resource.ResourceHttpRequestHandler
[INFO] 3 errors 
[INFO] -------------------------------------------------------------
[INFO] ------------------------------------------------------------------------
[INFO] BUILD FAILURE
[INFO] ------------------------------------------------------------------------
[INFO] Total time:  0.953 s
[INFO] Finished at: 2025-07-14T07:54:33Z
[INFO] ------------------------------------------------------------------------
[ERROR] Failed to execute goal org.apache.maven.plugins:maven-compiler-plugin:3.1:testCompile (default-testCompile) on project CVE-2014-3625: Compilation failure: Compilation failure: 
[ERROR] /PoCAdaptation/exploit/result/CVE-2014-3625/3.2.1.RELEASE/exploit/src/test/java/edu/vision/se/Testcase1.java:[30,16] cannot access org.springframework.web.HttpRequestHandler
[ERROR]   class file for org.springframework.web.HttpRequestHandler not found
[ERROR] /PoCAdaptation/exploit/result/CVE-2014-3625/3.2.1.RELEASE/exploit/src/test/java/edu/vision/se/Testcase1.java:[31,16] cannot access org.springframework.web.context.support.WebApplicationObjectSupport
[ERROR]   class file for org.springframework.web.context.support.WebApplicationObjectSupport not found
[ERROR] /PoCAdaptation/exploit/result/CVE-2014-3625/3.2.1.RELEASE/exploit/src/test/java/edu/vision/se/Testcase1.java:[32,16] cannot find symbol
[ERROR]   symbol:   method setServletContext(edu.vision.se.Testcase1.TestServletContext)
[ERROR]   location: variable handler of type org.springframework.web.servlet.resource.ResourceHttpRequestHandler
[ERROR] -> [Help 1]
[ERROR] 
[ERROR] To see the full stack trace of the errors, re-run Maven with the -e switch.
[ERROR] Re-run Maven using the -X switch to enable full debug logging.
[ERROR] 
[ERROR] For more information about the errors and possible solutions, please read the following articles:
[ERROR] [Help 1] http://cwiki.apache.org/confluence/display/MAVEN/MojoFailureException


[96m[Verifier] Verifying reproduction...[0m
[91m[Verifier] âœ— Behavior not found: 'java.lang.AssertionError'[0m
[91m[Executor] Reproduction result: Failure[0m
[91m[Adapter] Adaptation from 3.2.0.RELEASE to 3.2.1.RELEASE failed.[0m
[96m[Executor] Executing exploit for CVE-2014-3625 on version 3.2.1.RELEASE...[0m
[INFO] Scanning for projects...
[WARNING] 
[WARNING] Some problems were encountered while building the effective model for edu.vision.se:CVE-2014-3625:jar:1.0-SNAPSHOT
[WARNING] 'dependencies.dependency.(groupId:artifactId:type:classifier)' must be unique: junit:junit:jar -> duplicate declaration of version 4.13.2 @ line 39, column 121
[WARNING] 'dependencies.dependency.(groupId:artifactId:type:classifier)' must be unique: junit:junit:jar -> duplicate declaration of version 4.13.2 @ line 39, column 225
[WARNING] 
[WARNING] It is highly recommended to fix these problems because they threaten the stability of your build.
[WARNING] 
[WARNING] For this reason, future Maven versions might no longer support building such malformed projects.
[WARNING] 
[INFO] 
[INFO] --------------------< edu.vision.se:CVE-2014-3625 >---------------------
[INFO] Building CVE-2014-3625 1.0-SNAPSHOT
[INFO]   from pom.xml
[INFO] --------------------------------[ jar ]---------------------------------
[INFO] 
[INFO] --- maven-clean-plugin:2.5:clean (default-clean) @ CVE-2014-3625 ---
[INFO] Deleting /PoCAdaptation/exploit/result/CVE-2014-3625/3.2.1.RELEASE/exploit/target
[INFO] 
[INFO] --- maven-resources-plugin:2.6:resources (default-resources) @ CVE-2014-3625 ---
[WARNING] Using platform encoding (UTF-8 actually) to copy filtered resources, i.e. build is platform dependent!
[INFO] skip non existing resourceDirectory /PoCAdaptation/exploit/result/CVE-2014-3625/3.2.1.RELEASE/exploit/src/main/resources
[INFO] 
[INFO] --- maven-compiler-plugin:3.1:compile (default-compile) @ CVE-2014-3625 ---
[INFO] No sources to compile
[INFO] 
[INFO] --- maven-resources-plugin:2.6:testResources (default-testResources) @ CVE-2014-3625 ---
[WARNING] Using platform encoding (UTF-8 actually) to copy filtered resources, i.e. build is platform dependent!
[INFO] Copying 13 resources
[INFO] 
[INFO] --- maven-compiler-plugin:3.1:testCompile (default-testCompile) @ CVE-2014-3625 ---
[INFO] Changes detected - recompiling the module!
[WARNING] File encoding has not been set, using platform encoding UTF-8, i.e. build is platform dependent!
[INFO] Compiling 1 source file to /PoCAdaptation/exploit/result/CVE-2014-3625/3.2.1.RELEASE/exploit/target/test-classes
[INFO] -------------------------------------------------------------
[ERROR] COMPILATION ERROR : 
[INFO] -------------------------------------------------------------
[ERROR] /PoCAdaptation/exploit/result/CVE-2014-3625/3.2.1.RELEASE/exploit/src/test/java/edu/vision/se/Testcase1.java:[30,16] cannot access org.springframework.web.HttpRequestHandler
  class file for org.springframework.web.HttpRequestHandler not found
[ERROR] /PoCAdaptation/exploit/result/CVE-2014-3625/3.2.1.RELEASE/exploit/src/test/java/edu/vision/se/Testcase1.java:[31,16] cannot access org.springframework.web.context.support.WebApplicationObjectSupport
  class file for org.springframework.web.context.support.WebApplicationObjectSupport not found
[ERROR] /PoCAdaptation/exploit/result/CVE-2014-3625/3.2.1.RELEASE/exploit/src/test/java/edu/vision/se/Testcase1.java:[32,16] cannot find symbol
  symbol:   method setServletContext(edu.vision.se.Testcase1.TestServletContext)
  location: variable handler of type org.springframework.web.servlet.resource.ResourceHttpRequestHandler
[INFO] 3 errors 
[INFO] -------------------------------------------------------------
[INFO] ------------------------------------------------------------------------
[INFO] BUILD FAILURE
[INFO] ------------------------------------------------------------------------
[INFO] Total time:  0.926 s
[INFO] Finished at: 2025-07-14T07:54:35Z
[INFO] ------------------------------------------------------------------------
[ERROR] Failed to execute goal org.apache.maven.plugins:maven-compiler-plugin:3.1:testCompile (default-testCompile) on project CVE-2014-3625: Compilation failure: Compilation failure: 
[ERROR] /PoCAdaptation/exploit/result/CVE-2014-3625/3.2.1.RELEASE/exploit/src/test/java/edu/vision/se/Testcase1.java:[30,16] cannot access org.springframework.web.HttpRequestHandler
[ERROR]   class file for org.springframework.web.HttpRequestHandler not found
[ERROR] /PoCAdaptation/exploit/result/CVE-2014-3625/3.2.1.RELEASE/exploit/src/test/java/edu/vision/se/Testcase1.java:[31,16] cannot access org.springframework.web.context.support.WebApplicationObjectSupport
[ERROR]   class file for org.springframework.web.context.support.WebApplicationObjectSupport not found
[ERROR] /PoCAdaptation/exploit/result/CVE-2014-3625/3.2.1.RELEASE/exploit/src/test/java/edu/vision/se/Testcase1.java:[32,16] cannot find symbol
[ERROR]   symbol:   method setServletContext(edu.vision.se.Testcase1.TestServletContext)
[ERROR]   location: variable handler of type org.springframework.web.servlet.resource.ResourceHttpRequestHandler
[ERROR] -> [Help 1]
[ERROR] 
[ERROR] To see the full stack trace of the errors, re-run Maven with the -e switch.
[ERROR] Re-run Maven using the -X switch to enable full debug logging.
[ERROR] 
[ERROR] For more information about the errors and possible solutions, please read the following articles:
[ERROR] [Help 1] http://cwiki.apache.org/confluence/display/MAVEN/MojoFailureException


[96m[Verifier] Verifying reproduction...[0m
[91m[Verifier] âœ— Behavior not found: 'java.lang.AssertionError'[0m
[91m[Executor] Reproduction result: Failure[0m
[96m[ErrorManager] Ignoring line: [ERROR] Failed to execute goal org.apache.maven.plugins:maven-compiler-plugin:3.1:testCompile (default-testCompile) on project CVE-2014-3625: Compilation failure: Compilation failure:[0m
[92m[ErrorManager] Processing line: [ERROR] /PoCAdaptation/exploit/result/CVE-2014-3625/3.2.1.RELEASE/exploit/src/test/java/edu/vision/se/Testcase1.java:[30,16] cannot access org.springframework.web.HttpRequestHandler[0m
[92m[ErrorManager] Processing line: [ERROR]   class file for org.springframework.web.HttpRequestHandler not found[0m
[92m[ErrorManager] Processing line: [ERROR] /PoCAdaptation/exploit/result/CVE-2014-3625/3.2.1.RELEASE/exploit/src/test/java/edu/vision/se/Testcase1.java:[31,16] cannot access org.springframework.web.context.support.WebApplicationObjectSupport[0m
[92m[ErrorManager] Processing line: [ERROR]   class file for org.springframework.web.context.support.WebApplicationObjectSupport not found[0m
[92m[ErrorManager] Processing line: [ERROR] /PoCAdaptation/exploit/result/CVE-2014-3625/3.2.1.RELEASE/exploit/src/test/java/edu/vision/se/Testcase1.java:[32,16] cannot find symbol[0m
[92m[ErrorManager] Processing line: [ERROR]   symbol:   method setServletContext(edu.vision.se.Testcase1.TestServletContext)[0m
[92m[ErrorManager] Processing line: [ERROR]   location: variable handler of type org.springframework.web.servlet.resource.ResourceHttpRequestHandler[0m
[96m[ErrorManager] Ignoring line: [ERROR] -> [Help 1][0m
[96m[ErrorManager] Ignoring line: [ERROR][0m
[96m[ErrorManager] Ignoring line: [ERROR] To see the full stack trace of the errors, re-run Maven with the -e switch.[0m
[96m[ErrorManager] Ignoring line: [ERROR] Re-run Maven using the -X switch to enable full debug logging.[0m
[96m[ErrorManager] Ignoring line: [ERROR][0m
[96m[ErrorManager] Ignoring line: [ERROR] For more information about the errors and possible solutions, please read the following articles:[0m
[96m[ErrorManager] Ignoring line: [ERROR] [Help 1] http://cwiki.apache.org/confluence/display/MAVEN/MojoFailureException[0m
[96m[Adapter] Locating fix position in error log.[0m
---------
[LLMClient] Asking: You are given a Java error log when executing 'mvn test' in a project with dependency version 3.2.1.RELEASE:org.springframework:spring-webmvc.
This test file compiles and runs successfully with version 3.2.0.RELEASE.

Your task is to:
output the location in the project that should be modified to fix the problem **without updating this library**.

Please return 'pom' if the fix is in the pom.xml file, or 'test' if the fix is in the test code.
Do not return any other text, just 'pom' or 'test'.

The error log is:
[INFO] Scanning for projects...
[WARNING] 
[WARNING] Some problems were encountered while building the effective model for edu.vision.se:CVE-2014-3625:jar:1.0-SNAPSHOT
[WARNING] 'dependencies.dependency.(groupId:artifactId:type:classifier)' must be unique: junit:junit:jar -> duplicate declaration of version 4.13.2 @ line 39, column 121
[WARNING] 'dependencies.dependency.(groupId:artifactId:type:classifier)' must be unique: junit:junit:jar -> duplicate declaration of version 4.13.2 @ line 39, column 225
[WARNING] 
[WARNING] It is highly recommended to fix these problems because they threaten the stability of your build.
[WARNING] 
[WARNING] For this reason, future Maven versions might no longer support building such malformed projects.
[WARNING] 
[INFO] 
[INFO] --------------------< edu.vision.se:CVE-2014-3625 >---------------------
[INFO] Building CVE-2014-3625 1.0-SNAPSHOT
[INFO]   from pom.xml
[INFO] --------------------------------[ jar ]---------------------------------
[INFO] 
[INFO] --- maven-clean-plugin:2.5:clean (default-clean) @ CVE-2014-3625 ---
[INFO] Deleting /PoCAdaptation/exploit/result/CVE-2014-3625/3.2.1.RELEASE/exploit/target
[INFO] 
[INFO] --- maven-resources-plugin:2.6:resources (default-resources) @ CVE-2014-3625 ---
[WARNING] Using platform encoding (UTF-8 actually) to copy filtered resources, i.e. build is platform dependent!
[INFO] skip non existing resourceDirectory /PoCAdaptation/exploit/result/CVE-2014-3625/3.2.1.RELEASE/exploit/src/main/resources
[INFO] 
[INFO] --- maven-compiler-plugin:3.1:compile (default-compile) @ CVE-2014-3625 ---
[INFO] No sources to compile
[INFO] 
[INFO] --- maven-resources-plugin:2.6:testResources (default-testResources) @ CVE-2014-3625 ---
[WARNING] Using platform encoding (UTF-8 actually) to copy filtered resources, i.e. build is platform dependent!
[INFO] Copying 13 resources
[INFO] 
[INFO] --- maven-compiler-plugin:3.1:testCompile (default-testCompile) @ CVE-2014-3625 ---
[INFO] Changes detected - recompiling the module!
[WARNING] File encoding has not been set, using platform encoding UTF-8, i.e. build is platform dependent!
[INFO] Compiling 1 source file to /PoCAdaptation/exploit/result/CVE-2014-3625/3.2.1.RELEASE/exploit/target/test-classes
[INFO] -------------------------------------------------------------
[ERROR] COMPILATION ERROR : 
[INFO] -------------------------------------------------------------
[ERROR] /PoCAdaptation/exploit/result/CVE-2014-3625/3.2.1.RELEASE/exploit/src/test/java/edu/vision/se/Testcase1.java:[30,16] cannot access org.springframework.web.HttpRequestHandler
  class file for org.springframework.web.HttpRequestHandler not found
[ERROR] /PoCAdaptation/exploit/result/CVE-2014-3625/3.2.1.RELEASE/exploit/src/test/java/edu/vision/se/Testcase1.java:[31,16] cannot access org.springframework.web.context.support.WebApplicationObjectSupport
  class file for org.springframework.web.context.support.WebApplicationObjectSupport not found
[ERROR] /PoCAdaptation/exploit/result/CVE-2014-3625/3.2.1.RELEASE/exploit/src/test/java/edu/vision/se/Testcase1.java:[32,16] cannot find symbol
  symbol:   method setServletContext(edu.vision.se.Testcase1.TestServletContext)
  location: variable handler of type org.springframework.web.servlet.resource.ResourceHttpRequestHandler
[INFO] 3 errors 
[INFO] -------------------------------------------------------------
[INFO] ------------------------------------------------------------------------
[INFO] BUILD FAILURE
[INFO] ------------------------------------------------------------------------
[INFO] Total time:  0.926 s
[INFO] Finished at: 2025-07-14T07:54:35Z
[INFO] ------------------------------------------------------------------------
[ERROR] Failed to execute goal org.apache.maven.plugins:maven-compiler-plugin:3.1:testCompile (default-testCompile) on project CVE-2014-3625: Compilation failure: Compilation failure: 
[ERROR] /PoCAdaptation/exploit/result/CVE-2014-3625/3.2.1.RELEASE/exploit/src/test/java/edu/vision/se/Testcase1.java:[30,16] cannot access org.springframework.web.HttpRequestHandler
[ERROR]   class file for org.springframework.web.HttpRequestHandler not found
[ERROR] /PoCAdaptation/exploit/result/CVE-2014-3625/3.2.1.RELEASE/exploit/src/test/java/edu/vision/se/Testcase1.java:[31,16] cannot access org.springframework.web.context.support.WebApplicationObjectSupport
[ERROR]   class file for org.springframework.web.context.support.WebApplicationObjectSupport not found
[ERROR] /PoCAdaptation/exploit/result/CVE-2014-3625/3.2.1.RELEASE/exploit/src/test/java/edu/vision/se/Testcase1.java:[32,16] cannot find symbol
[ERROR]   symbol:   method setServletContext(edu.vision.se.Testcase1.TestServletContext)
[ERROR]   location: variable handler of type org.springframework.web.servlet.resource.ResourceHttpRequestHandler
[ERROR] -> [Help 1]
[ERROR] 
[ERROR] To see the full stack trace of the errors, re-run Maven with the -e switch.
[ERROR] Re-run Maven using the -X switch to enable full debug logging.
[ERROR] 
[ERROR] For more information about the errors and possible solutions, please read the following articles:
[ERROR] [Help 1] http://cwiki.apache.org/confluence/display/MAVEN/MojoFailureException


current_pom file is:<?xml version='1.0' encoding='utf-8'?>
<project xmlns="http://maven.apache.org/POM/4.0.0" xmlns:xsi="http://www.w3.org/2001/XMLSchema-instance" xsi:schemaLocation="http://maven.apache.org/POM/4.0.0 http://maven.apache.org/xsd/maven-4.0.0.xsd">
    <modelVersion>4.0.0</modelVersion>
    <groupId>edu.vision.se</groupId>
    <artifactId>CVE-2014-3625</artifactId>
    <version>1.0-SNAPSHOT</version>

    <properties>
        <maven.compiler.source>11</maven.compiler.source>
        <maven.compiler.target>11</maven.compiler.target>
    </properties>

    <dependencies>
        
        <dependency>
            <groupId>org.springframework</groupId>
            <artifactId>spring-webmvc</artifactId>
            <version>3.2.1.RELEASE</version>
        </dependency>

        <dependency>
            <groupId>org.springframework</groupId>
            <artifactId>spring-test</artifactId>
            <version>3.2.11.RELEASE</version>
        </dependency>

        
        <dependency>
            <groupId>javax.servlet</groupId>
            <artifactId>javax.servlet-api</artifactId>
            <version>4.0.1</version>
        </dependency>

        <dependency>
            <groupId>javax.activation</groupId>
            <artifactId>activation</artifactId>
            <version>1.1</version>
        </dependency>
    <dependency><groupId>junit</groupId><artifactId>junit</artifactId><version>4.13.2</version></dependency><dependency><groupId>junit</groupId><artifactId>junit</artifactId><version>4.13.2</version></dependency><dependency><groupId>junit</groupId><artifactId>junit</artifactId><version>4.13.2</version></dependency></dependencies>

</project>
---------
---------
[LLMClient] Response: test
---------
[96m[Adapter] LLM response for fix position: test[0m
[96m[Adapter] Fix position is in test code.[0m
---------
[LLMClient] Asking: You are given an error when executing exploit in in 3.2.1.RELEASE:org.springframework:spring-webmvc
This exploit file compiles and reproduced successfully in 3.2.0.RELEASE with an assertion error.

Your task is fix the error.

Only output the modified version of the test file. No explanations. 
### Compilation Errors:
[INFO] Scanning for projects...
[WARNING] 
[WARNING] Some problems were encountered while building the effective model for edu.vision.se:CVE-2014-3625:jar:1.0-SNAPSHOT
[WARNING] 'dependencies.dependency.(groupId:artifactId:type:classifier)' must be unique: junit:junit:jar -> duplicate declaration of version 4.13.2 @ line 39, column 121
[WARNING] 'dependencies.dependency.(groupId:artifactId:type:classifier)' must be unique: junit:junit:jar -> duplicate declaration of version 4.13.2 @ line 39, column 225
[WARNING] 
[WARNING] It is highly recommended to fix these problems because they threaten the stability of your build.
[WARNING] 
[WARNING] For this reason, future Maven versions might no longer support building such malformed projects.
[WARNING] 
[INFO] 
[INFO] --------------------< edu.vision.se:CVE-2014-3625 >---------------------
[INFO] Building CVE-2014-3625 1.0-SNAPSHOT
[INFO]   from pom.xml
[INFO] --------------------------------[ jar ]---------------------------------
[INFO] 
[INFO] --- maven-clean-plugin:2.5:clean (default-clean) @ CVE-2014-3625 ---
[INFO] Deleting /PoCAdaptation/exploit/result/CVE-2014-3625/3.2.1.RELEASE/exploit/target
[INFO] 
[INFO] --- maven-resources-plugin:2.6:resources (default-resources) @ CVE-2014-3625 ---
[WARNING] Using platform encoding (UTF-8 actually) to copy filtered resources, i.e. build is platform dependent!
[INFO] skip non existing resourceDirectory /PoCAdaptation/exploit/result/CVE-2014-3625/3.2.1.RELEASE/exploit/src/main/resources
[INFO] 
[INFO] --- maven-compiler-plugin:3.1:compile (default-compile) @ CVE-2014-3625 ---
[INFO] No sources to compile
[INFO] 
[INFO] --- maven-resources-plugin:2.6:testResources (default-testResources) @ CVE-2014-3625 ---
[WARNING] Using platform encoding (UTF-8 actually) to copy filtered resources, i.e. build is platform dependent!
[INFO] Copying 13 resources
[INFO] 
[INFO] --- maven-compiler-plugin:3.1:testCompile (default-testCompile) @ CVE-2014-3625 ---
[INFO] Changes detected - recompiling the module!
[WARNING] File encoding has not been set, using platform encoding UTF-8, i.e. build is platform dependent!
[INFO] Compiling 1 source file to /PoCAdaptation/exploit/result/CVE-2014-3625/3.2.1.RELEASE/exploit/target/test-classes
[INFO] -------------------------------------------------------------
[ERROR] COMPILATION ERROR : 
[INFO] -------------------------------------------------------------
[ERROR] /PoCAdaptation/exploit/result/CVE-2014-3625/3.2.1.RELEASE/exploit/src/test/java/edu/vision/se/Testcase1.java:[30,16] cannot access org.springframework.web.HttpRequestHandler
  class file for org.springframework.web.HttpRequestHandler not found
[ERROR] /PoCAdaptation/exploit/result/CVE-2014-3625/3.2.1.RELEASE/exploit/src/test/java/edu/vision/se/Testcase1.java:[31,16] cannot access org.springframework.web.context.support.WebApplicationObjectSupport
  class file for org.springframework.web.context.support.WebApplicationObjectSupport not found
[ERROR] /PoCAdaptation/exploit/result/CVE-2014-3625/3.2.1.RELEASE/exploit/src/test/java/edu/vision/se/Testcase1.java:[32,16] cannot find symbol
  symbol:   method setServletContext(edu.vision.se.Testcase1.TestServletContext)
  location: variable handler of type org.springframework.web.servlet.resource.ResourceHttpRequestHandler
[INFO] 3 errors 
[INFO] -------------------------------------------------------------
[INFO] ------------------------------------------------------------------------
[INFO] BUILD FAILURE
[INFO] ------------------------------------------------------------------------
[INFO] Total time:  0.926 s
[INFO] Finished at: 2025-07-14T07:54:35Z
[INFO] ------------------------------------------------------------------------
[ERROR] Failed to execute goal org.apache.maven.plugins:maven-compiler-plugin:3.1:testCompile (default-testCompile) on project CVE-2014-3625: Compilation failure: Compilation failure: 
[ERROR] /PoCAdaptation/exploit/result/CVE-2014-3625/3.2.1.RELEASE/exploit/src/test/java/edu/vision/se/Testcase1.java:[30,16] cannot access org.springframework.web.HttpRequestHandler
[ERROR]   class file for org.springframework.web.HttpRequestHandler not found
[ERROR] /PoCAdaptation/exploit/result/CVE-2014-3625/3.2.1.RELEASE/exploit/src/test/java/edu/vision/se/Testcase1.java:[31,16] cannot access org.springframework.web.context.support.WebApplicationObjectSupport
[ERROR]   class file for org.springframework.web.context.support.WebApplicationObjectSupport not found
[ERROR] /PoCAdaptation/exploit/result/CVE-2014-3625/3.2.1.RELEASE/exploit/src/test/java/edu/vision/se/Testcase1.java:[32,16] cannot find symbol
[ERROR]   symbol:   method setServletContext(edu.vision.se.Testcase1.TestServletContext)
[ERROR]   location: variable handler of type org.springframework.web.servlet.resource.ResourceHttpRequestHandler
[ERROR] -> [Help 1]
[ERROR] 
[ERROR] To see the full stack trace of the errors, re-run Maven with the -e switch.
[ERROR] Re-run Maven using the -X switch to enable full debug logging.
[ERROR] 
[ERROR] For more information about the errors and possible solutions, please read the following articles:
[ERROR] [Help 1] http://cwiki.apache.org/confluence/display/MAVEN/MojoFailureException

### Test File Content:
package edu.vision.se;

import static org.junit.Assert.assertEquals;
import static org.junit.Assert.assertTrue;

import java.util.ArrayList;
import java.util.Arrays;
import java.util.List;

import org.junit.Before;
import org.junit.Test;
import org.springframework.core.io.ClassPathResource;
import org.springframework.core.io.Resource;
import org.springframework.core.io.UrlResource;
import org.springframework.mock.web.MockHttpServletRequest;
import org.springframework.mock.web.MockHttpServletResponse;
import org.springframework.mock.web.MockServletContext;
import org.springframework.web.servlet.HandlerMapping;
import org.springframework.web.servlet.resource.ResourceHttpRequestHandler;

public class Testcase1 {
    private ResourceHttpRequestHandler handler;

    @Before
    public void setUp() {
        List<Resource> resourcePaths = new ArrayList<Resource>();
        resourcePaths.add(new ClassPathResource("test/", getClass()));
        resourcePaths.add(new ClassPathResource("testalternatepath/", getClass()));
        handler = new ResourceHttpRequestHandler();
        handler.setLocations(resourcePaths);
        handler.setCacheSeconds(3600);
        handler.setServletContext(new TestServletContext());
    }

    @Test
    public void invalidPath() throws Exception {
        MockHttpServletRequest request = new MockHttpServletRequest();
        request.setMethod("GET");

        MockHttpServletResponse response = new MockHttpServletResponse();

        Resource location = new ClassPathResource("test/", getClass());
        this.handler.setLocations(Arrays.asList(location));

        testInvalidPath(location, "../testsecret/secret.txt", request, response);
        testInvalidPath(location, "test/../../testsecret/secret.txt", request, response);
        testInvalidPath(location, ":/../../testsecret/secret.txt", request, response);

        location = new UrlResource(getClass().getResource("./test/"));
        this.handler.setLocations(Arrays.asList(location));
        Resource secretResource = new UrlResource(getClass().getResource("testsecret/secret.txt"));
        String secretPath = secretResource.getURL().getPath();

        testInvalidPath(location, "file:" + secretPath, request, response);
        testInvalidPath(location, "/file:" + secretPath, request, response);
        testInvalidPath(location, "url:" + secretPath, request, response);
        testInvalidPath(location, "/url:" + secretPath, request, response);
        testInvalidPath(location, "/" + secretPath, request, response);
        testInvalidPath(location, "////../.." + secretPath, request, response);
        testInvalidPath(location, "/%2E%2E/testsecret/secret.txt", request, response);
        testInvalidPath(location, "/%2e%2e/testsecret/secret.txt", request, response);
        testInvalidPath(location, " " + secretPath, request, response);
        testInvalidPath(location, "/  " + secretPath, request, response);
        testInvalidPath(location, "url:" + secretPath, request, response);
    }

    private void testInvalidPath(Resource location, String requestPath,
            MockHttpServletRequest request, MockHttpServletResponse response) throws Exception {

        request.setAttribute(HandlerMapping.PATH_WITHIN_HANDLER_MAPPING_ATTRIBUTE, requestPath);
        response = new MockHttpServletResponse();
        this.handler.handleRequest(request, response);
        assertTrue(location.createRelative(requestPath).exists());
        assertEquals(404, response.getStatus());
    }

    private static class TestServletContext extends MockServletContext {
        @Override
        public String getMimeType(String filePath) {
            if (filePath.endsWith(".css")) {
                return "text/css";
            } else if (filePath.endsWith(".js")) {
                return "text/javascript";
            } else {
                return super.getMimeType(filePath);
            }
        }
    }
}


---------
---------
[LLMClient] Response: ```java
package edu.vision.se;

import static org.junit.Assert.assertEquals;
import static org.junit.Assert.assertTrue;

import java.util.ArrayList;
import java.util.Arrays;
import java.util.List;

import org.junit.Before;
import org.junit.Test;
import org.springframework.core.io.ClassPathResource;
import org.springframework.core.io.Resource;
import org.springframework.core.io.UrlResource;
import org.springframework.mock.web.MockHttpServletRequest;
import org.springframework.mock.web.MockHttpServletResponse;
import org.springframework.mock.web.MockServletContext;
import org.springframework.web.servlet.HandlerMapping;
import org.springframework.web.servlet.resource.ResourceHttpRequestHandler;

public class Testcase1 {
    private ResourceHttpRequestHandler handler;

    @Before
    public void setUp() {
        List<Resource> resourcePaths = new ArrayList<Resource>();
        resourcePaths.add(new ClassPathResource("test/", getClass()));
        resourcePaths.add(new ClassPathResource("testalternatepath/", getClass()));
        handler = new ResourceHttpRequestHandler();
        handler.setLocations(resourcePaths);
        handler.setCacheSeconds(3600);
        handler.setServletContext(new MockServletContext());
    }

    @Test
    public void invalidPath() throws Exception {
        MockHttpServletRequest request = new MockHttpServletRequest();
        request.setMethod("GET");

        MockHttpServletResponse response = new MockHttpServletResponse();

        Resource location = new ClassPathResource("test/", getClass());
        this.handler.setLocations(Arrays.asList(location));

        testInvalidPath(location, "../testsecret/secret.txt", request, response);
        testInvalidPath(location, "test/../../testsecret/secret.txt", request, response);
        testInvalidPath(location, ":/../../testsecret/secret.txt", request, response);

        location = new UrlResource(getClass().getResource("./test/"));
        this.handler.setLocations(Arrays.asList(location));
        Resource secretResource = new UrlResource(getClass().getResource("testsecret/secret.txt"));
        String secretPath = secretResource.getURL().getPath();

        testInvalidPath(location, "file:" + secretPath, request, response);
        testInvalidPath(location, "/file:" + secretPath, request, response);
        testInvalidPath(location, "url:" + secretPath, request, response);
        testInvalidPath(location, "/url:" + secretPath, request, response);
        testInvalidPath(location, "/" + secretPath, request, response);
        testInvalidPath(location, "////../.." + secretPath, request, response);
        testInvalidPath(location, "/%2E%2E/testsecret/secret.txt", request, response);
        testInvalidPath(location, "/%2e%2e/testsecret/secret.txt", request, response);
        testInvalidPath(location, " " + secretPath, request, response);
        testInvalidPath(location, "/  " + secretPath, request, response);
        testInvalidPath(location, "url:" + secretPath, request, response);
    }

    private void testInvalidPath(Resource location, String requestPath,
            MockHttpServletRequest request, MockHttpServletResponse response) throws Exception {

        request.setAttribute(HandlerMapping.PATH_WITHIN_HANDLER_MAPPING_ATTRIBUTE, requestPath);
        response = new MockHttpServletResponse();
        this.handler.handleRequest(request, response);
        assertTrue(location.createRelative(requestPath).exists());
        assertEquals(404, response.getStatus());
    }

    private static class MockServletContextExtension extends MockServletContext {
        @Override
        public String getMimeType(String filePath) {
            if (filePath.endsWith(".css")) {
                return "text/css";
            } else if (filePath.endsWith(".js")) {
                return "text/javascript";
            } else {
                return super.getMimeType(filePath);
            }
        }
    }
}
```
---------
[96m[RepairModule] Wrote modified code to /PoCAdaptation/exploit/result/CVE-2014-3625/3.2.1.RELEASE/exploit/src/test/java/edu/vision/se/Testcase1.java[0m
[96m[Executor] Executing exploit for CVE-2014-3625 on version 3.2.1.RELEASE...[0m
[INFO] Scanning for projects...
[WARNING] 
[WARNING] Some problems were encountered while building the effective model for edu.vision.se:CVE-2014-3625:jar:1.0-SNAPSHOT
[WARNING] 'dependencies.dependency.(groupId:artifactId:type:classifier)' must be unique: junit:junit:jar -> duplicate declaration of version 4.13.2 @ line 39, column 121
[WARNING] 'dependencies.dependency.(groupId:artifactId:type:classifier)' must be unique: junit:junit:jar -> duplicate declaration of version 4.13.2 @ line 39, column 225
[WARNING] 
[WARNING] It is highly recommended to fix these problems because they threaten the stability of your build.
[WARNING] 
[WARNING] For this reason, future Maven versions might no longer support building such malformed projects.
[WARNING] 
[INFO] 
[INFO] --------------------< edu.vision.se:CVE-2014-3625 >---------------------
[INFO] Building CVE-2014-3625 1.0-SNAPSHOT
[INFO]   from pom.xml
[INFO] --------------------------------[ jar ]---------------------------------
[INFO] 
[INFO] --- maven-clean-plugin:2.5:clean (default-clean) @ CVE-2014-3625 ---
[INFO] Deleting /PoCAdaptation/exploit/result/CVE-2014-3625/3.2.1.RELEASE/exploit/target
[INFO] 
[INFO] --- maven-resources-plugin:2.6:resources (default-resources) @ CVE-2014-3625 ---
[WARNING] Using platform encoding (UTF-8 actually) to copy filtered resources, i.e. build is platform dependent!
[INFO] skip non existing resourceDirectory /PoCAdaptation/exploit/result/CVE-2014-3625/3.2.1.RELEASE/exploit/src/main/resources
[INFO] 
[INFO] --- maven-compiler-plugin:3.1:compile (default-compile) @ CVE-2014-3625 ---
[INFO] No sources to compile
[INFO] 
[INFO] --- maven-resources-plugin:2.6:testResources (default-testResources) @ CVE-2014-3625 ---
[WARNING] Using platform encoding (UTF-8 actually) to copy filtered resources, i.e. build is platform dependent!
[INFO] Copying 13 resources
[INFO] 
[INFO] --- maven-compiler-plugin:3.1:testCompile (default-testCompile) @ CVE-2014-3625 ---
[INFO] Changes detected - recompiling the module!
[WARNING] File encoding has not been set, using platform encoding UTF-8, i.e. build is platform dependent!
[INFO] Compiling 1 source file to /PoCAdaptation/exploit/result/CVE-2014-3625/3.2.1.RELEASE/exploit/target/test-classes
[INFO] -------------------------------------------------------------
[ERROR] COMPILATION ERROR : 
[INFO] -------------------------------------------------------------
[ERROR] /PoCAdaptation/exploit/result/CVE-2014-3625/3.2.1.RELEASE/exploit/src/test/java/edu/vision/se/Testcase1.java:[30,16] cannot access org.springframework.web.HttpRequestHandler
  class file for org.springframework.web.HttpRequestHandler not found
[ERROR] /PoCAdaptation/exploit/result/CVE-2014-3625/3.2.1.RELEASE/exploit/src/test/java/edu/vision/se/Testcase1.java:[31,16] cannot access org.springframework.web.context.support.WebApplicationObjectSupport
  class file for org.springframework.web.context.support.WebApplicationObjectSupport not found
[ERROR] /PoCAdaptation/exploit/result/CVE-2014-3625/3.2.1.RELEASE/exploit/src/test/java/edu/vision/se/Testcase1.java:[32,16] cannot find symbol
  symbol:   method setServletContext(org.springframework.mock.web.MockServletContext)
  location: variable handler of type org.springframework.web.servlet.resource.ResourceHttpRequestHandler
[INFO] 3 errors 
[INFO] -------------------------------------------------------------
[INFO] ------------------------------------------------------------------------
[INFO] BUILD FAILURE
[INFO] ------------------------------------------------------------------------
[INFO] Total time:  1.154 s
[INFO] Finished at: 2025-07-14T07:55:02Z
[INFO] ------------------------------------------------------------------------
[ERROR] Failed to execute goal org.apache.maven.plugins:maven-compiler-plugin:3.1:testCompile (default-testCompile) on project CVE-2014-3625: Compilation failure: Compilation failure: 
[ERROR] /PoCAdaptation/exploit/result/CVE-2014-3625/3.2.1.RELEASE/exploit/src/test/java/edu/vision/se/Testcase1.java:[30,16] cannot access org.springframework.web.HttpRequestHandler
[ERROR]   class file for org.springframework.web.HttpRequestHandler not found
[ERROR] /PoCAdaptation/exploit/result/CVE-2014-3625/3.2.1.RELEASE/exploit/src/test/java/edu/vision/se/Testcase1.java:[31,16] cannot access org.springframework.web.context.support.WebApplicationObjectSupport
[ERROR]   class file for org.springframework.web.context.support.WebApplicationObjectSupport not found
[ERROR] /PoCAdaptation/exploit/result/CVE-2014-3625/3.2.1.RELEASE/exploit/src/test/java/edu/vision/se/Testcase1.java:[32,16] cannot find symbol
[ERROR]   symbol:   method setServletContext(org.springframework.mock.web.MockServletContext)
[ERROR]   location: variable handler of type org.springframework.web.servlet.resource.ResourceHttpRequestHandler
[ERROR] -> [Help 1]
[ERROR] 
[ERROR] To see the full stack trace of the errors, re-run Maven with the -e switch.
[ERROR] Re-run Maven using the -X switch to enable full debug logging.
[ERROR] 
[ERROR] For more information about the errors and possible solutions, please read the following articles:
[ERROR] [Help 1] http://cwiki.apache.org/confluence/display/MAVEN/MojoFailureException


[96m[Verifier] Verifying reproduction...[0m
[91m[Verifier] âœ— Behavior not found: 'java.lang.AssertionError'[0m
[91m[Executor] Reproduction result: Failure[0m
[91m[RepairModule] Repair failed after simulated annealing.[0m
[96m[Adapter] Test code repair attempted.[0m
[96m[Executor] Executing exploit for CVE-2014-3625 on version 3.2.1.RELEASE...[0m
[INFO] Scanning for projects...
[WARNING] 
[WARNING] Some problems were encountered while building the effective model for edu.vision.se:CVE-2014-3625:jar:1.0-SNAPSHOT
[WARNING] 'dependencies.dependency.(groupId:artifactId:type:classifier)' must be unique: junit:junit:jar -> duplicate declaration of version 4.13.2 @ line 39, column 121
[WARNING] 'dependencies.dependency.(groupId:artifactId:type:classifier)' must be unique: junit:junit:jar -> duplicate declaration of version 4.13.2 @ line 39, column 225
[WARNING] 
[WARNING] It is highly recommended to fix these problems because they threaten the stability of your build.
[WARNING] 
[WARNING] For this reason, future Maven versions might no longer support building such malformed projects.
[WARNING] 
[INFO] 
[INFO] --------------------< edu.vision.se:CVE-2014-3625 >---------------------
[INFO] Building CVE-2014-3625 1.0-SNAPSHOT
[INFO]   from pom.xml
[INFO] --------------------------------[ jar ]---------------------------------
[INFO] 
[INFO] --- maven-clean-plugin:2.5:clean (default-clean) @ CVE-2014-3625 ---
[INFO] Deleting /PoCAdaptation/exploit/result/CVE-2014-3625/3.2.1.RELEASE/exploit/target
[INFO] 
[INFO] --- maven-resources-plugin:2.6:resources (default-resources) @ CVE-2014-3625 ---
[WARNING] Using platform encoding (UTF-8 actually) to copy filtered resources, i.e. build is platform dependent!
[INFO] skip non existing resourceDirectory /PoCAdaptation/exploit/result/CVE-2014-3625/3.2.1.RELEASE/exploit/src/main/resources
[INFO] 
[INFO] --- maven-compiler-plugin:3.1:compile (default-compile) @ CVE-2014-3625 ---
[INFO] No sources to compile
[INFO] 
[INFO] --- maven-resources-plugin:2.6:testResources (default-testResources) @ CVE-2014-3625 ---
[WARNING] Using platform encoding (UTF-8 actually) to copy filtered resources, i.e. build is platform dependent!
[INFO] Copying 13 resources
[INFO] 
[INFO] --- maven-compiler-plugin:3.1:testCompile (default-testCompile) @ CVE-2014-3625 ---
[INFO] Changes detected - recompiling the module!
[WARNING] File encoding has not been set, using platform encoding UTF-8, i.e. build is platform dependent!
[INFO] Compiling 1 source file to /PoCAdaptation/exploit/result/CVE-2014-3625/3.2.1.RELEASE/exploit/target/test-classes
[INFO] -------------------------------------------------------------
[ERROR] COMPILATION ERROR : 
[INFO] -------------------------------------------------------------
[ERROR] /PoCAdaptation/exploit/result/CVE-2014-3625/3.2.1.RELEASE/exploit/src/test/java/edu/vision/se/Testcase1.java:[30,16] cannot access org.springframework.web.HttpRequestHandler
  class file for org.springframework.web.HttpRequestHandler not found
[ERROR] /PoCAdaptation/exploit/result/CVE-2014-3625/3.2.1.RELEASE/exploit/src/test/java/edu/vision/se/Testcase1.java:[31,16] cannot access org.springframework.web.context.support.WebApplicationObjectSupport
  class file for org.springframework.web.context.support.WebApplicationObjectSupport not found
[ERROR] /PoCAdaptation/exploit/result/CVE-2014-3625/3.2.1.RELEASE/exploit/src/test/java/edu/vision/se/Testcase1.java:[32,16] cannot find symbol
  symbol:   method setServletContext(edu.vision.se.Testcase1.TestServletContext)
  location: variable handler of type org.springframework.web.servlet.resource.ResourceHttpRequestHandler
[INFO] 3 errors 
[INFO] -------------------------------------------------------------
[INFO] ------------------------------------------------------------------------
[INFO] BUILD FAILURE
[INFO] ------------------------------------------------------------------------
[INFO] Total time:  0.927 s
[INFO] Finished at: 2025-07-14T07:55:03Z
[INFO] ------------------------------------------------------------------------
[ERROR] Failed to execute goal org.apache.maven.plugins:maven-compiler-plugin:3.1:testCompile (default-testCompile) on project CVE-2014-3625: Compilation failure: Compilation failure: 
[ERROR] /PoCAdaptation/exploit/result/CVE-2014-3625/3.2.1.RELEASE/exploit/src/test/java/edu/vision/se/Testcase1.java:[30,16] cannot access org.springframework.web.HttpRequestHandler
[ERROR]   class file for org.springframework.web.HttpRequestHandler not found
[ERROR] /PoCAdaptation/exploit/result/CVE-2014-3625/3.2.1.RELEASE/exploit/src/test/java/edu/vision/se/Testcase1.java:[31,16] cannot access org.springframework.web.context.support.WebApplicationObjectSupport
[ERROR]   class file for org.springframework.web.context.support.WebApplicationObjectSupport not found
[ERROR] /PoCAdaptation/exploit/result/CVE-2014-3625/3.2.1.RELEASE/exploit/src/test/java/edu/vision/se/Testcase1.java:[32,16] cannot find symbol
[ERROR]   symbol:   method setServletContext(edu.vision.se.Testcase1.TestServletContext)
[ERROR]   location: variable handler of type org.springframework.web.servlet.resource.ResourceHttpRequestHandler
[ERROR] -> [Help 1]
[ERROR] 
[ERROR] To see the full stack trace of the errors, re-run Maven with the -e switch.
[ERROR] Re-run Maven using the -X switch to enable full debug logging.
[ERROR] 
[ERROR] For more information about the errors and possible solutions, please read the following articles:
[ERROR] [Help 1] http://cwiki.apache.org/confluence/display/MAVEN/MojoFailureException


[96m[Verifier] Verifying reproduction...[0m
[91m[Verifier] âœ— Behavior not found: 'java.lang.AssertionError'[0m
[91m[Executor] Reproduction result: Failure[0m
[91m[Adapter] Adaptation from 3.2.0.RELEASE to 3.2.1.RELEASE failed.[0m
[96m[Executor] Executing exploit for CVE-2014-3625 on version 3.2.1.RELEASE...[0m
[INFO] Scanning for projects...
[WARNING] 
[WARNING] Some problems were encountered while building the effective model for edu.vision.se:CVE-2014-3625:jar:1.0-SNAPSHOT
[WARNING] 'dependencies.dependency.(groupId:artifactId:type:classifier)' must be unique: junit:junit:jar -> duplicate declaration of version 4.13.2 @ line 39, column 121
[WARNING] 'dependencies.dependency.(groupId:artifactId:type:classifier)' must be unique: junit:junit:jar -> duplicate declaration of version 4.13.2 @ line 39, column 225
[WARNING] 
[WARNING] It is highly recommended to fix these problems because they threaten the stability of your build.
[WARNING] 
[WARNING] For this reason, future Maven versions might no longer support building such malformed projects.
[WARNING] 
[INFO] 
[INFO] --------------------< edu.vision.se:CVE-2014-3625 >---------------------
[INFO] Building CVE-2014-3625 1.0-SNAPSHOT
[INFO]   from pom.xml
[INFO] --------------------------------[ jar ]---------------------------------
[INFO] 
[INFO] --- maven-clean-plugin:2.5:clean (default-clean) @ CVE-2014-3625 ---
[INFO] Deleting /PoCAdaptation/exploit/result/CVE-2014-3625/3.2.1.RELEASE/exploit/target
[INFO] 
[INFO] --- maven-resources-plugin:2.6:resources (default-resources) @ CVE-2014-3625 ---
[WARNING] Using platform encoding (UTF-8 actually) to copy filtered resources, i.e. build is platform dependent!
[INFO] skip non existing resourceDirectory /PoCAdaptation/exploit/result/CVE-2014-3625/3.2.1.RELEASE/exploit/src/main/resources
[INFO] 
[INFO] --- maven-compiler-plugin:3.1:compile (default-compile) @ CVE-2014-3625 ---
[INFO] No sources to compile
[INFO] 
[INFO] --- maven-resources-plugin:2.6:testResources (default-testResources) @ CVE-2014-3625 ---
[WARNING] Using platform encoding (UTF-8 actually) to copy filtered resources, i.e. build is platform dependent!
[INFO] Copying 13 resources
[INFO] 
[INFO] --- maven-compiler-plugin:3.1:testCompile (default-testCompile) @ CVE-2014-3625 ---
[INFO] Changes detected - recompiling the module!
[WARNING] File encoding has not been set, using platform encoding UTF-8, i.e. build is platform dependent!
[INFO] Compiling 1 source file to /PoCAdaptation/exploit/result/CVE-2014-3625/3.2.1.RELEASE/exploit/target/test-classes
[INFO] -------------------------------------------------------------
[ERROR] COMPILATION ERROR : 
[INFO] -------------------------------------------------------------
[ERROR] /PoCAdaptation/exploit/result/CVE-2014-3625/3.2.1.RELEASE/exploit/src/test/java/edu/vision/se/Testcase1.java:[30,16] cannot access org.springframework.web.HttpRequestHandler
  class file for org.springframework.web.HttpRequestHandler not found
[ERROR] /PoCAdaptation/exploit/result/CVE-2014-3625/3.2.1.RELEASE/exploit/src/test/java/edu/vision/se/Testcase1.java:[31,16] cannot access org.springframework.web.context.support.WebApplicationObjectSupport
  class file for org.springframework.web.context.support.WebApplicationObjectSupport not found
[ERROR] /PoCAdaptation/exploit/result/CVE-2014-3625/3.2.1.RELEASE/exploit/src/test/java/edu/vision/se/Testcase1.java:[32,16] cannot find symbol
  symbol:   method setServletContext(edu.vision.se.Testcase1.TestServletContext)
  location: variable handler of type org.springframework.web.servlet.resource.ResourceHttpRequestHandler
[INFO] 3 errors 
[INFO] -------------------------------------------------------------
[INFO] ------------------------------------------------------------------------
[INFO] BUILD FAILURE
[INFO] ------------------------------------------------------------------------
[INFO] Total time:  1.140 s
[INFO] Finished at: 2025-07-14T07:55:05Z
[INFO] ------------------------------------------------------------------------
[ERROR] Failed to execute goal org.apache.maven.plugins:maven-compiler-plugin:3.1:testCompile (default-testCompile) on project CVE-2014-3625: Compilation failure: Compilation failure: 
[ERROR] /PoCAdaptation/exploit/result/CVE-2014-3625/3.2.1.RELEASE/exploit/src/test/java/edu/vision/se/Testcase1.java:[30,16] cannot access org.springframework.web.HttpRequestHandler
[ERROR]   class file for org.springframework.web.HttpRequestHandler not found
[ERROR] /PoCAdaptation/exploit/result/CVE-2014-3625/3.2.1.RELEASE/exploit/src/test/java/edu/vision/se/Testcase1.java:[31,16] cannot access org.springframework.web.context.support.WebApplicationObjectSupport
[ERROR]   class file for org.springframework.web.context.support.WebApplicationObjectSupport not found
[ERROR] /PoCAdaptation/exploit/result/CVE-2014-3625/3.2.1.RELEASE/exploit/src/test/java/edu/vision/se/Testcase1.java:[32,16] cannot find symbol
[ERROR]   symbol:   method setServletContext(edu.vision.se.Testcase1.TestServletContext)
[ERROR]   location: variable handler of type org.springframework.web.servlet.resource.ResourceHttpRequestHandler
[ERROR] -> [Help 1]
[ERROR] 
[ERROR] To see the full stack trace of the errors, re-run Maven with the -e switch.
[ERROR] Re-run Maven using the -X switch to enable full debug logging.
[ERROR] 
[ERROR] For more information about the errors and possible solutions, please read the following articles:
[ERROR] [Help 1] http://cwiki.apache.org/confluence/display/MAVEN/MojoFailureException


[96m[Verifier] Verifying reproduction...[0m
[91m[Verifier] âœ— Behavior not found: 'java.lang.AssertionError'[0m
[91m[Executor] Reproduction result: Failure[0m
[96m[ErrorManager] Ignoring line: [ERROR] Failed to execute goal org.apache.maven.plugins:maven-compiler-plugin:3.1:testCompile (default-testCompile) on project CVE-2014-3625: Compilation failure: Compilation failure:[0m
[92m[ErrorManager] Processing line: [ERROR] /PoCAdaptation/exploit/result/CVE-2014-3625/3.2.1.RELEASE/exploit/src/test/java/edu/vision/se/Testcase1.java:[30,16] cannot access org.springframework.web.HttpRequestHandler[0m
[92m[ErrorManager] Processing line: [ERROR]   class file for org.springframework.web.HttpRequestHandler not found[0m
[92m[ErrorManager] Processing line: [ERROR] /PoCAdaptation/exploit/result/CVE-2014-3625/3.2.1.RELEASE/exploit/src/test/java/edu/vision/se/Testcase1.java:[31,16] cannot access org.springframework.web.context.support.WebApplicationObjectSupport[0m
[92m[ErrorManager] Processing line: [ERROR]   class file for org.springframework.web.context.support.WebApplicationObjectSupport not found[0m
[92m[ErrorManager] Processing line: [ERROR] /PoCAdaptation/exploit/result/CVE-2014-3625/3.2.1.RELEASE/exploit/src/test/java/edu/vision/se/Testcase1.java:[32,16] cannot find symbol[0m
[92m[ErrorManager] Processing line: [ERROR]   symbol:   method setServletContext(edu.vision.se.Testcase1.TestServletContext)[0m
[92m[ErrorManager] Processing line: [ERROR]   location: variable handler of type org.springframework.web.servlet.resource.ResourceHttpRequestHandler[0m
[96m[ErrorManager] Ignoring line: [ERROR] -> [Help 1][0m
[96m[ErrorManager] Ignoring line: [ERROR][0m
[96m[ErrorManager] Ignoring line: [ERROR] To see the full stack trace of the errors, re-run Maven with the -e switch.[0m
[96m[ErrorManager] Ignoring line: [ERROR] Re-run Maven using the -X switch to enable full debug logging.[0m
[96m[ErrorManager] Ignoring line: [ERROR][0m
[96m[ErrorManager] Ignoring line: [ERROR] For more information about the errors and possible solutions, please read the following articles:[0m
[96m[ErrorManager] Ignoring line: [ERROR] [Help 1] http://cwiki.apache.org/confluence/display/MAVEN/MojoFailureException[0m
[96m[Adapter] Locating fix position in error log.[0m
---------
[LLMClient] Asking: You are given a Java error log when executing 'mvn test' in a project with dependency version 3.2.1.RELEASE:org.springframework:spring-webmvc.
This test file compiles and runs successfully with version 3.2.0.RELEASE.

Your task is to:
output the location in the project that should be modified to fix the problem **without updating this library**.

Please return 'pom' if the fix is in the pom.xml file, or 'test' if the fix is in the test code.
Do not return any other text, just 'pom' or 'test'.

The error log is:
[INFO] Scanning for projects...
[WARNING] 
[WARNING] Some problems were encountered while building the effective model for edu.vision.se:CVE-2014-3625:jar:1.0-SNAPSHOT
[WARNING] 'dependencies.dependency.(groupId:artifactId:type:classifier)' must be unique: junit:junit:jar -> duplicate declaration of version 4.13.2 @ line 39, column 121
[WARNING] 'dependencies.dependency.(groupId:artifactId:type:classifier)' must be unique: junit:junit:jar -> duplicate declaration of version 4.13.2 @ line 39, column 225
[WARNING] 
[WARNING] It is highly recommended to fix these problems because they threaten the stability of your build.
[WARNING] 
[WARNING] For this reason, future Maven versions might no longer support building such malformed projects.
[WARNING] 
[INFO] 
[INFO] --------------------< edu.vision.se:CVE-2014-3625 >---------------------
[INFO] Building CVE-2014-3625 1.0-SNAPSHOT
[INFO]   from pom.xml
[INFO] --------------------------------[ jar ]---------------------------------
[INFO] 
[INFO] --- maven-clean-plugin:2.5:clean (default-clean) @ CVE-2014-3625 ---
[INFO] Deleting /PoCAdaptation/exploit/result/CVE-2014-3625/3.2.1.RELEASE/exploit/target
[INFO] 
[INFO] --- maven-resources-plugin:2.6:resources (default-resources) @ CVE-2014-3625 ---
[WARNING] Using platform encoding (UTF-8 actually) to copy filtered resources, i.e. build is platform dependent!
[INFO] skip non existing resourceDirectory /PoCAdaptation/exploit/result/CVE-2014-3625/3.2.1.RELEASE/exploit/src/main/resources
[INFO] 
[INFO] --- maven-compiler-plugin:3.1:compile (default-compile) @ CVE-2014-3625 ---
[INFO] No sources to compile
[INFO] 
[INFO] --- maven-resources-plugin:2.6:testResources (default-testResources) @ CVE-2014-3625 ---
[WARNING] Using platform encoding (UTF-8 actually) to copy filtered resources, i.e. build is platform dependent!
[INFO] Copying 13 resources
[INFO] 
[INFO] --- maven-compiler-plugin:3.1:testCompile (default-testCompile) @ CVE-2014-3625 ---
[INFO] Changes detected - recompiling the module!
[WARNING] File encoding has not been set, using platform encoding UTF-8, i.e. build is platform dependent!
[INFO] Compiling 1 source file to /PoCAdaptation/exploit/result/CVE-2014-3625/3.2.1.RELEASE/exploit/target/test-classes
[INFO] -------------------------------------------------------------
[ERROR] COMPILATION ERROR : 
[INFO] -------------------------------------------------------------
[ERROR] /PoCAdaptation/exploit/result/CVE-2014-3625/3.2.1.RELEASE/exploit/src/test/java/edu/vision/se/Testcase1.java:[30,16] cannot access org.springframework.web.HttpRequestHandler
  class file for org.springframework.web.HttpRequestHandler not found
[ERROR] /PoCAdaptation/exploit/result/CVE-2014-3625/3.2.1.RELEASE/exploit/src/test/java/edu/vision/se/Testcase1.java:[31,16] cannot access org.springframework.web.context.support.WebApplicationObjectSupport
  class file for org.springframework.web.context.support.WebApplicationObjectSupport not found
[ERROR] /PoCAdaptation/exploit/result/CVE-2014-3625/3.2.1.RELEASE/exploit/src/test/java/edu/vision/se/Testcase1.java:[32,16] cannot find symbol
  symbol:   method setServletContext(edu.vision.se.Testcase1.TestServletContext)
  location: variable handler of type org.springframework.web.servlet.resource.ResourceHttpRequestHandler
[INFO] 3 errors 
[INFO] -------------------------------------------------------------
[INFO] ------------------------------------------------------------------------
[INFO] BUILD FAILURE
[INFO] ------------------------------------------------------------------------
[INFO] Total time:  1.140 s
[INFO] Finished at: 2025-07-14T07:55:05Z
[INFO] ------------------------------------------------------------------------
[ERROR] Failed to execute goal org.apache.maven.plugins:maven-compiler-plugin:3.1:testCompile (default-testCompile) on project CVE-2014-3625: Compilation failure: Compilation failure: 
[ERROR] /PoCAdaptation/exploit/result/CVE-2014-3625/3.2.1.RELEASE/exploit/src/test/java/edu/vision/se/Testcase1.java:[30,16] cannot access org.springframework.web.HttpRequestHandler
[ERROR]   class file for org.springframework.web.HttpRequestHandler not found
[ERROR] /PoCAdaptation/exploit/result/CVE-2014-3625/3.2.1.RELEASE/exploit/src/test/java/edu/vision/se/Testcase1.java:[31,16] cannot access org.springframework.web.context.support.WebApplicationObjectSupport
[ERROR]   class file for org.springframework.web.context.support.WebApplicationObjectSupport not found
[ERROR] /PoCAdaptation/exploit/result/CVE-2014-3625/3.2.1.RELEASE/exploit/src/test/java/edu/vision/se/Testcase1.java:[32,16] cannot find symbol
[ERROR]   symbol:   method setServletContext(edu.vision.se.Testcase1.TestServletContext)
[ERROR]   location: variable handler of type org.springframework.web.servlet.resource.ResourceHttpRequestHandler
[ERROR] -> [Help 1]
[ERROR] 
[ERROR] To see the full stack trace of the errors, re-run Maven with the -e switch.
[ERROR] Re-run Maven using the -X switch to enable full debug logging.
[ERROR] 
[ERROR] For more information about the errors and possible solutions, please read the following articles:
[ERROR] [Help 1] http://cwiki.apache.org/confluence/display/MAVEN/MojoFailureException


current_pom file is:<?xml version='1.0' encoding='utf-8'?>
<project xmlns="http://maven.apache.org/POM/4.0.0" xmlns:xsi="http://www.w3.org/2001/XMLSchema-instance" xsi:schemaLocation="http://maven.apache.org/POM/4.0.0 http://maven.apache.org/xsd/maven-4.0.0.xsd">
    <modelVersion>4.0.0</modelVersion>
    <groupId>edu.vision.se</groupId>
    <artifactId>CVE-2014-3625</artifactId>
    <version>1.0-SNAPSHOT</version>

    <properties>
        <maven.compiler.source>11</maven.compiler.source>
        <maven.compiler.target>11</maven.compiler.target>
    </properties>

    <dependencies>
        
        <dependency>
            <groupId>org.springframework</groupId>
            <artifactId>spring-webmvc</artifactId>
            <version>3.2.1.RELEASE</version>
        </dependency>

        <dependency>
            <groupId>org.springframework</groupId>
            <artifactId>spring-test</artifactId>
            <version>3.2.11.RELEASE</version>
        </dependency>

        
        <dependency>
            <groupId>javax.servlet</groupId>
            <artifactId>javax.servlet-api</artifactId>
            <version>4.0.1</version>
        </dependency>

        <dependency>
            <groupId>javax.activation</groupId>
            <artifactId>activation</artifactId>
            <version>1.1</version>
        </dependency>
    <dependency><groupId>junit</groupId><artifactId>junit</artifactId><version>4.13.2</version></dependency><dependency><groupId>junit</groupId><artifactId>junit</artifactId><version>4.13.2</version></dependency><dependency><groupId>junit</groupId><artifactId>junit</artifactId><version>4.13.2</version></dependency></dependencies>

</project>
---------
---------
[LLMClient] Response: pom
---------
[96m[Adapter] LLM response for fix position: pom[0m
[96m[Adapter] Fix position is in pom.xml.[0m
[96m[RepairModule] Start repair[0m
---------
[LLMClient] Asking: You are given an error when executing exploit in in 3.2.1.RELEASE:org.springframework:spring-webmvc
This exploit file compiles and reproduced successfully in 3.2.0.RELEASE with an assertion error.

Your task is fix the error.

Current pom file is <?xml version='1.0' encoding='utf-8'?>
<project xmlns="http://maven.apache.org/POM/4.0.0" xmlns:xsi="http://www.w3.org/2001/XMLSchema-instance" xsi:schemaLocation="http://maven.apache.org/POM/4.0.0 http://maven.apache.org/xsd/maven-4.0.0.xsd">
    <modelVersion>4.0.0</modelVersion>
    <groupId>edu.vision.se</groupId>
    <artifactId>CVE-2014-3625</artifactId>
    <version>1.0-SNAPSHOT</version>

    <properties>
        <maven.compiler.source>11</maven.compiler.source>
        <maven.compiler.target>11</maven.compiler.target>
    </properties>

    <dependencies>
        
        <dependency>
            <groupId>org.springframework</groupId>
            <artifactId>spring-webmvc</artifactId>
            <version>3.2.1.RELEASE</version>
        </dependency>

        <dependency>
            <groupId>org.springframework</groupId>
            <artifactId>spring-test</artifactId>
            <version>3.2.11.RELEASE</version>
        </dependency>

        
        <dependency>
            <groupId>javax.servlet</groupId>
            <artifactId>javax.servlet-api</artifactId>
            <version>4.0.1</version>
        </dependency>

        <dependency>
            <groupId>javax.activation</groupId>
            <artifactId>activation</artifactId>
            <version>1.1</version>
        </dependency>
    <dependency><groupId>junit</groupId><artifactId>junit</artifactId><version>4.13.2</version></dependency><dependency><groupId>junit</groupId><artifactId>junit</artifactId><version>4.13.2</version></dependency><dependency><groupId>junit</groupId><artifactId>junit</artifactId><version>4.13.2</version></dependency></dependencies>

</project>
Output only the updated partion of pom.xml entries without explanation or irrlevant tags like <project>

### Compilation Errors:
[INFO] Scanning for projects...
[WARNING] 
[WARNING] Some problems were encountered while building the effective model for edu.vision.se:CVE-2014-3625:jar:1.0-SNAPSHOT
[WARNING] 'dependencies.dependency.(groupId:artifactId:type:classifier)' must be unique: junit:junit:jar -> duplicate declaration of version 4.13.2 @ line 39, column 121
[WARNING] 'dependencies.dependency.(groupId:artifactId:type:classifier)' must be unique: junit:junit:jar -> duplicate declaration of version 4.13.2 @ line 39, column 225
[WARNING] 
[WARNING] It is highly recommended to fix these problems because they threaten the stability of your build.
[WARNING] 
[WARNING] For this reason, future Maven versions might no longer support building such malformed projects.
[WARNING] 
[INFO] 
[INFO] --------------------< edu.vision.se:CVE-2014-3625 >---------------------
[INFO] Building CVE-2014-3625 1.0-SNAPSHOT
[INFO]   from pom.xml
[INFO] --------------------------------[ jar ]---------------------------------
[INFO] 
[INFO] --- maven-clean-plugin:2.5:clean (default-clean) @ CVE-2014-3625 ---
[INFO] Deleting /PoCAdaptation/exploit/result/CVE-2014-3625/3.2.1.RELEASE/exploit/target
[INFO] 
[INFO] --- maven-resources-plugin:2.6:resources (default-resources) @ CVE-2014-3625 ---
[WARNING] Using platform encoding (UTF-8 actually) to copy filtered resources, i.e. build is platform dependent!
[INFO] skip non existing resourceDirectory /PoCAdaptation/exploit/result/CVE-2014-3625/3.2.1.RELEASE/exploit/src/main/resources
[INFO] 
[INFO] --- maven-compiler-plugin:3.1:compile (default-compile) @ CVE-2014-3625 ---
[INFO] No sources to compile
[INFO] 
[INFO] --- maven-resources-plugin:2.6:testResources (default-testResources) @ CVE-2014-3625 ---
[WARNING] Using platform encoding (UTF-8 actually) to copy filtered resources, i.e. build is platform dependent!
[INFO] Copying 13 resources
[INFO] 
[INFO] --- maven-compiler-plugin:3.1:testCompile (default-testCompile) @ CVE-2014-3625 ---
[INFO] Changes detected - recompiling the module!
[WARNING] File encoding has not been set, using platform encoding UTF-8, i.e. build is platform dependent!
[INFO] Compiling 1 source file to /PoCAdaptation/exploit/result/CVE-2014-3625/3.2.1.RELEASE/exploit/target/test-classes
[INFO] -------------------------------------------------------------
[ERROR] COMPILATION ERROR : 
[INFO] -------------------------------------------------------------
[ERROR] /PoCAdaptation/exploit/result/CVE-2014-3625/3.2.1.RELEASE/exploit/src/test/java/edu/vision/se/Testcase1.java:[30,16] cannot access org.springframework.web.HttpRequestHandler
  class file for org.springframework.web.HttpRequestHandler not found
[ERROR] /PoCAdaptation/exploit/result/CVE-2014-3625/3.2.1.RELEASE/exploit/src/test/java/edu/vision/se/Testcase1.java:[31,16] cannot access org.springframework.web.context.support.WebApplicationObjectSupport
  class file for org.springframework.web.context.support.WebApplicationObjectSupport not found
[ERROR] /PoCAdaptation/exploit/result/CVE-2014-3625/3.2.1.RELEASE/exploit/src/test/java/edu/vision/se/Testcase1.java:[32,16] cannot find symbol
  symbol:   method setServletContext(edu.vision.se.Testcase1.TestServletContext)
  location: variable handler of type org.springframework.web.servlet.resource.ResourceHttpRequestHandler
[INFO] 3 errors 
[INFO] -------------------------------------------------------------
[INFO] ------------------------------------------------------------------------
[INFO] BUILD FAILURE
[INFO] ------------------------------------------------------------------------
[INFO] Total time:  1.140 s
[INFO] Finished at: 2025-07-14T07:55:05Z
[INFO] ------------------------------------------------------------------------
[ERROR] Failed to execute goal org.apache.maven.plugins:maven-compiler-plugin:3.1:testCompile (default-testCompile) on project CVE-2014-3625: Compilation failure: Compilation failure: 
[ERROR] /PoCAdaptation/exploit/result/CVE-2014-3625/3.2.1.RELEASE/exploit/src/test/java/edu/vision/se/Testcase1.java:[30,16] cannot access org.springframework.web.HttpRequestHandler
[ERROR]   class file for org.springframework.web.HttpRequestHandler not found
[ERROR] /PoCAdaptation/exploit/result/CVE-2014-3625/3.2.1.RELEASE/exploit/src/test/java/edu/vision/se/Testcase1.java:[31,16] cannot access org.springframework.web.context.support.WebApplicationObjectSupport
[ERROR]   class file for org.springframework.web.context.support.WebApplicationObjectSupport not found
[ERROR] /PoCAdaptation/exploit/result/CVE-2014-3625/3.2.1.RELEASE/exploit/src/test/java/edu/vision/se/Testcase1.java:[32,16] cannot find symbol
[ERROR]   symbol:   method setServletContext(edu.vision.se.Testcase1.TestServletContext)
[ERROR]   location: variable handler of type org.springframework.web.servlet.resource.ResourceHttpRequestHandler
[ERROR] -> [Help 1]
[ERROR] 
[ERROR] To see the full stack trace of the errors, re-run Maven with the -e switch.
[ERROR] Re-run Maven using the -X switch to enable full debug logging.
[ERROR] 
[ERROR] For more information about the errors and possible solutions, please read the following articles:
[ERROR] [Help 1] http://cwiki.apache.org/confluence/display/MAVEN/MojoFailureException


---------
---------
[LLMClient] Response: ```xml
<dependencies>
    <dependency>
        <groupId>org.springframework</groupId>
        <artifactId>spring-webmvc</artifactId>
        <version>3.2.1.RELEASE</version>
    </dependency>
    <dependency>
        <groupId>org.springframework</groupId>
        <artifactId>spring-web</artifactId>
        <version>3.2.1.RELEASE</version>
    </dependency>
    <dependency>
        <groupId>org.springframework</groupId>
        <artifactId>spring-test</artifactId>
        <version>3.2.11.RELEASE</version>
    </dependency>
    <dependency>
        <groupId>javax.servlet</groupId>
        <artifactId>javax.servlet-api</artifactId>
        <version>4.0.1</version>
    </dependency>
    <dependency>
        <groupId>javax.activation</groupId>
        <artifactId>activation</artifactId>
        <version>1.1</version>
    </dependency>
    <dependency>
        <groupId>junit</groupId>
        <artifactId>junit</artifactId>
        <version>4.13.2</version>
    </dependency>
</dependencies>
```
---------
[Adapter] âš  Skipped updating avoided dependency: org.springframework:spring-webmvc
[Adapter] + Adding new dependency org.springframework:spring-web:3.2.1.RELEASE
[Adapter] ~ Updating version of org.springframework:spring-test to 3.2.11.RELEASE
[Adapter] ~ Updating version of javax.servlet:javax.servlet-api to 4.0.1
[Adapter] ~ Updating version of javax.activation:activation to 1.1
[Adapter] ~ Updating version of junit:junit to 4.13.2
[Adapter] âœ“ pom.xml successfully updated.
[96m[Executor] Executing exploit for CVE-2014-3625 on version 3.2.1.RELEASE...[0m
[INFO] Scanning for projects...
[WARNING] 
[WARNING] Some problems were encountered while building the effective model for edu.vision.se:CVE-2014-3625:jar:1.0-SNAPSHOT
[WARNING] 'dependencies.dependency.(groupId:artifactId:type:classifier)' must be unique: junit:junit:jar -> duplicate declaration of version 4.13.2 @ line 39, column 121
[WARNING] 'dependencies.dependency.(groupId:artifactId:type:classifier)' must be unique: junit:junit:jar -> duplicate declaration of version 4.13.2 @ line 39, column 225
[WARNING] 
[WARNING] It is highly recommended to fix these problems because they threaten the stability of your build.
[WARNING] 
[WARNING] For this reason, future Maven versions might no longer support building such malformed projects.
[WARNING] 
[INFO] 
[INFO] --------------------< edu.vision.se:CVE-2014-3625 >---------------------
[INFO] Building CVE-2014-3625 1.0-SNAPSHOT
[INFO]   from pom.xml
[INFO] --------------------------------[ jar ]---------------------------------
[INFO] 
[INFO] --- maven-clean-plugin:2.5:clean (default-clean) @ CVE-2014-3625 ---
[INFO] Deleting /PoCAdaptation/exploit/result/CVE-2014-3625/3.2.1.RELEASE/exploit/target
[INFO] 
[INFO] --- maven-resources-plugin:2.6:resources (default-resources) @ CVE-2014-3625 ---
[WARNING] Using platform encoding (UTF-8 actually) to copy filtered resources, i.e. build is platform dependent!
[INFO] skip non existing resourceDirectory /PoCAdaptation/exploit/result/CVE-2014-3625/3.2.1.RELEASE/exploit/src/main/resources
[INFO] 
[INFO] --- maven-compiler-plugin:3.1:compile (default-compile) @ CVE-2014-3625 ---
[INFO] No sources to compile
[INFO] 
[INFO] --- maven-resources-plugin:2.6:testResources (default-testResources) @ CVE-2014-3625 ---
[WARNING] Using platform encoding (UTF-8 actually) to copy filtered resources, i.e. build is platform dependent!
[INFO] Copying 13 resources
[INFO] 
[INFO] --- maven-compiler-plugin:3.1:testCompile (default-testCompile) @ CVE-2014-3625 ---
[INFO] Changes detected - recompiling the module!
[WARNING] File encoding has not been set, using platform encoding UTF-8, i.e. build is platform dependent!
[INFO] Compiling 1 source file to /PoCAdaptation/exploit/result/CVE-2014-3625/3.2.1.RELEASE/exploit/target/test-classes
[INFO] 
[INFO] --- maven-surefire-plugin:2.12.4:test (default-test) @ CVE-2014-3625 ---
[INFO] Surefire report directory: /PoCAdaptation/exploit/result/CVE-2014-3625/3.2.1.RELEASE/exploit/target/surefire-reports

-------------------------------------------------------
 T E S T S
-------------------------------------------------------
Running edu.vision.se.Testcase1
Tests run: 1, Failures: 1, Errors: 0, Skipped: 0, Time elapsed: 0.092 sec <<< FAILURE!
invalidPath(edu.vision.se.Testcase1)  Time elapsed: 0.075 sec  <<< FAILURE!
java.lang.AssertionError: expected:<404> but was:<200>
	at org.junit.Assert.fail(Assert.java:89)
	at org.junit.Assert.failNotEquals(Assert.java:835)
	at org.junit.Assert.assertEquals(Assert.java:647)
	at org.junit.Assert.assertEquals(Assert.java:633)
	at edu.vision.se.Testcase1.testInvalidPath(Testcase1.java:74)
	at edu.vision.se.Testcase1.invalidPath(Testcase1.java:47)
	at java.base/jdk.internal.reflect.NativeMethodAccessorImpl.invoke0(Native Method)
	at java.base/jdk.internal.reflect.NativeMethodAccessorImpl.invoke(NativeMethodAccessorImpl.java:62)
	at java.base/jdk.internal.reflect.DelegatingMethodAccessorImpl.invoke(DelegatingMethodAccessorImpl.java:43)
	at java.base/java.lang.reflect.Method.invoke(Method.java:566)
	at org.junit.runners.model.FrameworkMethod$1.runReflectiveCall(FrameworkMethod.java:59)
	at org.junit.internal.runners.model.ReflectiveCallable.run(ReflectiveCallable.java:12)
	at org.junit.runners.model.FrameworkMethod.invokeExplosively(FrameworkMethod.java:56)
	at org.junit.internal.runners.statements.InvokeMethod.evaluate(InvokeMethod.java:17)
	at org.junit.internal.runners.statements.RunBefores.evaluate(RunBefores.java:26)
	at org.junit.runners.ParentRunner$3.evaluate(ParentRunner.java:306)
	at org.junit.runners.BlockJUnit4ClassRunner$1.evaluate(BlockJUnit4ClassRunner.java:100)
	at org.junit.runners.ParentRunner.runLeaf(ParentRunner.java:366)
	at org.junit.runners.BlockJUnit4ClassRunner.runChild(BlockJUnit4ClassRunner.java:103)
	at org.junit.runners.BlockJUnit4ClassRunner.runChild(BlockJUnit4ClassRunner.java:63)
	at org.junit.runners.ParentRunner$4.run(ParentRunner.java:331)
	at org.junit.runners.ParentRunner$1.schedule(ParentRunner.java:79)
	at org.junit.runners.ParentRunner.runChildren(ParentRunner.java:329)
	at org.junit.runners.ParentRunner.access$100(ParentRunner.java:66)
	at org.junit.runners.ParentRunner$2.evaluate(ParentRunner.java:293)
	at org.junit.runners.ParentRunner$3.evaluate(ParentRunner.java:306)
	at org.junit.runners.ParentRunner.run(ParentRunner.java:413)
	at org.apache.maven.surefire.junit4.JUnit4Provider.execute(JUnit4Provider.java:252)
	at org.apache.maven.surefire.junit4.JUnit4Provider.executeTestSet(JUnit4Provider.java:141)
	at org.apache.maven.surefire.junit4.JUnit4Provider.invoke(JUnit4Provider.java:112)
	at java.base/jdk.internal.reflect.NativeMethodAccessorImpl.invoke0(Native Method)
	at java.base/jdk.internal.reflect.NativeMethodAccessorImpl.invoke(NativeMethodAccessorImpl.java:62)
	at java.base/jdk.internal.reflect.DelegatingMethodAccessorImpl.invoke(DelegatingMethodAccessorImpl.java:43)
	at java.base/java.lang.reflect.Method.invoke(Method.java:566)
	at org.apache.maven.surefire.util.ReflectionUtils.invokeMethodWithArray(ReflectionUtils.java:189)
	at org.apache.maven.surefire.booter.ProviderFactory$ProviderProxy.invoke(ProviderFactory.java:165)
	at org.apache.maven.surefire.booter.ProviderFactory.invokeProvider(ProviderFactory.java:85)
	at org.apache.maven.surefire.booter.ForkedBooter.runSuitesInProcess(ForkedBooter.java:115)
	at org.apache.maven.surefire.booter.ForkedBooter.main(ForkedBooter.java:75)


Results :

Failed tests:   invalidPath(edu.vision.se.Testcase1): expected:<404> but was:<200>

Tests run: 1, Failures: 1, Errors: 0, Skipped: 0

[INFO] ------------------------------------------------------------------------
[INFO] BUILD FAILURE
[INFO] ------------------------------------------------------------------------
[INFO] Total time:  1.460 s
[INFO] Finished at: 2025-07-14T07:55:34Z
[INFO] ------------------------------------------------------------------------
[ERROR] Failed to execute goal org.apache.maven.plugins:maven-surefire-plugin:2.12.4:test (default-test) on project CVE-2014-3625: There are test failures.
[ERROR] 
[ERROR] Please refer to /PoCAdaptation/exploit/result/CVE-2014-3625/3.2.1.RELEASE/exploit/target/surefire-reports for the individual test results.
[ERROR] -> [Help 1]
[ERROR] 
[ERROR] To see the full stack trace of the errors, re-run Maven with the -e switch.
[ERROR] Re-run Maven using the -X switch to enable full debug logging.
[ERROR] 
[ERROR] For more information about the errors and possible solutions, please read the following articles:
[ERROR] [Help 1] http://cwiki.apache.org/confluence/display/MAVEN/MojoFailureException


[96m[Verifier] Verifying reproduction...[0m
[92m[Verifier] âœ“ Behavior matched: 'java.lang.AssertionError'[0m
[92m[Verifier] âœ“ Detail matched: '200'[0m
[92m[Verifier] âœ“ All reproduction indicators matched.[0m
[92m[Executor] Reproduction result: Success[0m
[96m[Executor] Executing exploit for CVE-2014-3625 on version 3.2.1.RELEASE...[0m
[INFO] Scanning for projects...
[WARNING] 
[WARNING] Some problems were encountered while building the effective model for edu.vision.se:CVE-2014-3625:jar:1.0-SNAPSHOT
[WARNING] 'dependencies.dependency.(groupId:artifactId:type:classifier)' must be unique: junit:junit:jar -> duplicate declaration of version 4.13.2 @ line 39, column 121
[WARNING] 'dependencies.dependency.(groupId:artifactId:type:classifier)' must be unique: junit:junit:jar -> duplicate declaration of version 4.13.2 @ line 39, column 225
[WARNING] 
[WARNING] It is highly recommended to fix these problems because they threaten the stability of your build.
[WARNING] 
[WARNING] For this reason, future Maven versions might no longer support building such malformed projects.
[WARNING] 
[INFO] 
[INFO] --------------------< edu.vision.se:CVE-2014-3625 >---------------------
[INFO] Building CVE-2014-3625 1.0-SNAPSHOT
[INFO]   from pom.xml
[INFO] --------------------------------[ jar ]---------------------------------
[INFO] 
[INFO] --- maven-clean-plugin:2.5:clean (default-clean) @ CVE-2014-3625 ---
[INFO] Deleting /PoCAdaptation/exploit/result/CVE-2014-3625/3.2.1.RELEASE/exploit/target
[INFO] 
[INFO] --- maven-resources-plugin:2.6:resources (default-resources) @ CVE-2014-3625 ---
[WARNING] Using platform encoding (UTF-8 actually) to copy filtered resources, i.e. build is platform dependent!
[INFO] skip non existing resourceDirectory /PoCAdaptation/exploit/result/CVE-2014-3625/3.2.1.RELEASE/exploit/src/main/resources
[INFO] 
[INFO] --- maven-compiler-plugin:3.1:compile (default-compile) @ CVE-2014-3625 ---
[INFO] No sources to compile
[INFO] 
[INFO] --- maven-resources-plugin:2.6:testResources (default-testResources) @ CVE-2014-3625 ---
[WARNING] Using platform encoding (UTF-8 actually) to copy filtered resources, i.e. build is platform dependent!
[INFO] Copying 13 resources
[INFO] 
[INFO] --- maven-compiler-plugin:3.1:testCompile (default-testCompile) @ CVE-2014-3625 ---
[INFO] Changes detected - recompiling the module!
[WARNING] File encoding has not been set, using platform encoding UTF-8, i.e. build is platform dependent!
[INFO] Compiling 1 source file to /PoCAdaptation/exploit/result/CVE-2014-3625/3.2.1.RELEASE/exploit/target/test-classes
[INFO] 
[INFO] --- maven-surefire-plugin:2.12.4:test (default-test) @ CVE-2014-3625 ---
[INFO] Surefire report directory: /PoCAdaptation/exploit/result/CVE-2014-3625/3.2.1.RELEASE/exploit/target/surefire-reports

-------------------------------------------------------
 T E S T S
-------------------------------------------------------
Running edu.vision.se.Testcase1
Tests run: 1, Failures: 1, Errors: 0, Skipped: 0, Time elapsed: 0.087 sec <<< FAILURE!
invalidPath(edu.vision.se.Testcase1)  Time elapsed: 0.071 sec  <<< FAILURE!
java.lang.AssertionError: expected:<404> but was:<200>
	at org.junit.Assert.fail(Assert.java:89)
	at org.junit.Assert.failNotEquals(Assert.java:835)
	at org.junit.Assert.assertEquals(Assert.java:647)
	at org.junit.Assert.assertEquals(Assert.java:633)
	at edu.vision.se.Testcase1.testInvalidPath(Testcase1.java:74)
	at edu.vision.se.Testcase1.invalidPath(Testcase1.java:47)
	at java.base/jdk.internal.reflect.NativeMethodAccessorImpl.invoke0(Native Method)
	at java.base/jdk.internal.reflect.NativeMethodAccessorImpl.invoke(NativeMethodAccessorImpl.java:62)
	at java.base/jdk.internal.reflect.DelegatingMethodAccessorImpl.invoke(DelegatingMethodAccessorImpl.java:43)
	at java.base/java.lang.reflect.Method.invoke(Method.java:566)
	at org.junit.runners.model.FrameworkMethod$1.runReflectiveCall(FrameworkMethod.java:59)
	at org.junit.internal.runners.model.ReflectiveCallable.run(ReflectiveCallable.java:12)
	at org.junit.runners.model.FrameworkMethod.invokeExplosively(FrameworkMethod.java:56)
	at org.junit.internal.runners.statements.InvokeMethod.evaluate(InvokeMethod.java:17)
	at org.junit.internal.runners.statements.RunBefores.evaluate(RunBefores.java:26)
	at org.junit.runners.ParentRunner$3.evaluate(ParentRunner.java:306)
	at org.junit.runners.BlockJUnit4ClassRunner$1.evaluate(BlockJUnit4ClassRunner.java:100)
	at org.junit.runners.ParentRunner.runLeaf(ParentRunner.java:366)
	at org.junit.runners.BlockJUnit4ClassRunner.runChild(BlockJUnit4ClassRunner.java:103)
	at org.junit.runners.BlockJUnit4ClassRunner.runChild(BlockJUnit4ClassRunner.java:63)
	at org.junit.runners.ParentRunner$4.run(ParentRunner.java:331)
	at org.junit.runners.ParentRunner$1.schedule(ParentRunner.java:79)
	at org.junit.runners.ParentRunner.runChildren(ParentRunner.java:329)
	at org.junit.runners.ParentRunner.access$100(ParentRunner.java:66)
	at org.junit.runners.ParentRunner$2.evaluate(ParentRunner.java:293)
	at org.junit.runners.ParentRunner$3.evaluate(ParentRunner.java:306)
	at org.junit.runners.ParentRunner.run(ParentRunner.java:413)
	at org.apache.maven.surefire.junit4.JUnit4Provider.execute(JUnit4Provider.java:252)
	at org.apache.maven.surefire.junit4.JUnit4Provider.executeTestSet(JUnit4Provider.java:141)
	at org.apache.maven.surefire.junit4.JUnit4Provider.invoke(JUnit4Provider.java:112)
	at java.base/jdk.internal.reflect.NativeMethodAccessorImpl.invoke0(Native Method)
	at java.base/jdk.internal.reflect.NativeMethodAccessorImpl.invoke(NativeMethodAccessorImpl.java:62)
	at java.base/jdk.internal.reflect.DelegatingMethodAccessorImpl.invoke(DelegatingMethodAccessorImpl.java:43)
	at java.base/java.lang.reflect.Method.invoke(Method.java:566)
	at org.apache.maven.surefire.util.ReflectionUtils.invokeMethodWithArray(ReflectionUtils.java:189)
	at org.apache.maven.surefire.booter.ProviderFactory$ProviderProxy.invoke(ProviderFactory.java:165)
	at org.apache.maven.surefire.booter.ProviderFactory.invokeProvider(ProviderFactory.java:85)
	at org.apache.maven.surefire.booter.ForkedBooter.runSuitesInProcess(ForkedBooter.java:115)
	at org.apache.maven.surefire.booter.ForkedBooter.main(ForkedBooter.java:75)


Results :

Failed tests:   invalidPath(edu.vision.se.Testcase1): expected:<404> but was:<200>

Tests run: 1, Failures: 1, Errors: 0, Skipped: 0

[INFO] ------------------------------------------------------------------------
[INFO] BUILD FAILURE
[INFO] ------------------------------------------------------------------------
[INFO] Total time:  1.437 s
[INFO] Finished at: 2025-07-14T07:55:37Z
[INFO] ------------------------------------------------------------------------
[ERROR] Failed to execute goal org.apache.maven.plugins:maven-surefire-plugin:2.12.4:test (default-test) on project CVE-2014-3625: There are test failures.
[ERROR] 
[ERROR] Please refer to /PoCAdaptation/exploit/result/CVE-2014-3625/3.2.1.RELEASE/exploit/target/surefire-reports for the individual test results.
[ERROR] -> [Help 1]
[ERROR] 
[ERROR] To see the full stack trace of the errors, re-run Maven with the -e switch.
[ERROR] Re-run Maven using the -X switch to enable full debug logging.
[ERROR] 
[ERROR] For more information about the errors and possible solutions, please read the following articles:
[ERROR] [Help 1] http://cwiki.apache.org/confluence/display/MAVEN/MojoFailureException


[96m[Verifier] Verifying reproduction...[0m
[92m[Verifier] âœ“ Behavior matched: 'java.lang.AssertionError'[0m
[92m[Verifier] âœ“ Detail matched: '200'[0m
[92m[Verifier] âœ“ All reproduction indicators matched.[0m
[92m[Executor] Reproduction result: Success[0m
[Adapt] âœ“ Completed: True
[96m[Adapter] Adaptation complete. Retesting exploit on 3.2.1.RELEASE...[0m
[92m[Executor] Adaptation + reproduction successful on 3.2.1.RELEASE[0m
[96m[Adapter] Copied successful adaptation to /PoCAdaptation/exploit/valid/CVE-2014-3625/3.2.1.RELEASE[0m

[Executor] â–¶ Summary of return codes:
  - Version 3.2.1.RELEASE: âœ“ Success (exit code 0)
